[INFO] Scanning for projects...
[WARNING] 
[WARNING] Some problems were encountered while building the effective model for com.google.code.gson:gson:jar:2.8.8-SNAPSHOT
[WARNING] 'build.plugins.plugin.version' for org.apache.maven.plugins:maven-jar-plugin is missing. @ com.google.code.gson:gson:[unknown-version], /tmp/v1/gson/pom.xml, line 46, column 15
[WARNING] 
[WARNING] It is highly recommended to fix these problems because they threaten the stability of your build.
[WARNING] 
[WARNING] For this reason, future Maven versions might no longer support building such malformed projects.
[WARNING] 
[INFO] 
[INFO] ---------------------< com.google.code.gson:gson >----------------------
[INFO] Building Gson 2.8.8-SNAPSHOT
[INFO] --------------------------------[ jar ]---------------------------------
[INFO] 
[INFO] --- maven-clean-plugin:2.5:clean (default-clean) @ gson ---
[INFO] Deleting /tmp/v1/gson/target
[INFO] 
[INFO] --- diff-jjoules:0.0.1-SNAPSHOT:diff-jjoules (default-cli) @ gson ---
[INFO] Running on:
[INFO] /tmp/v1/gson
[INFO] /tmp/v2/gson/
[INFO] Enable JUnit4 mode
[WARNING] No path to diff file has been specified.
[WARNING] I'll compute a diff file using the UNIX diff command
[WARNING] You may encounter troubles.
[WARNING] If so, please specify a path to a correct diff file
[WARNING] or implement a new way to compute a diff file.
[INFO] Computing the diff with diff commnd line
[INFO] The diff will be computed between:
[INFO] /tmp/v1/gson/src and 
[INFO] /tmp/v2/gson/src
[INFO] Executing: diff -ru /tmp/v1/gson/src /tmp/v2/gson/src from /tmp/v1/gson/src
[INFO] Run DiffJJoules - Configuration{pathToFirstVersion='/tmp/v1/gson', pathToSecondVersion='/tmp/v2/gson/', pathToTestListAsCSV='/tmp/v1/gson/testsThatExecuteTheChange.csv', junit4=true, iterations=5, output='/tmp/v1/gson/diff-jjoules', pathToJSONDelta='deltas.json', pathToJSONDataV1='data_v1.json', pathToJSONDataV2='data_v2.json', diff='diff -ru /tmp/v1/gson/src/main/java/com/google/gson/internal/bind/TypeAdapters.java /tmp/v2/gson/src/main/java/com/google/gson/internal/bind/TypeAdapters.java
--- /tmp/v1/gson/src/main/java/com/google/gson/internal/bind/TypeAdapters.java	2021-09-24 14:54:10.479774139 +0200
+++ /tmp/v2/gson/src/main/java/com/google/gson/internal/bind/TypeAdapters.java	2021-09-24 14:32:40.605599957 +0200
@@ -17,12 +17,15 @@
 package com.google.gson.internal.bind;
 
 import java.io.IOException;
+import java.lang.reflect.Field;
 import java.math.BigDecimal;
 import java.math.BigInteger;
 import java.net.InetAddress;
 import java.net.URI;
 import java.net.URISyntaxException;
 import java.net.URL;
+import java.security.AccessController;
+import java.security.PrivilegedAction;
 import java.sql.Timestamp;
 import java.util.ArrayList;
 import java.util.BitSet;
@@ -776,9 +779,20 @@
 
     public EnumTypeAdapter(Class<T> classOfT) {
       try {
-        for (T constant : classOfT.getEnumConstants()) {
+        for (final Field field : classOfT.getDeclaredFields()) {
+          if (!field.isEnumConstant()) {
+            continue;
+          }
+          AccessController.doPrivileged(new PrivilegedAction<Void>() {
+            @Override public Void run() {
+              field.setAccessible(true);
+              return null;
+            }
+          });
+          @SuppressWarnings("unchecked")
+          T constant = (T)(field.get(null));
           String name = constant.name();
-          SerializedName annotation = classOfT.getField(name).getAnnotation(SerializedName.class);
+          SerializedName annotation = field.getAnnotation(SerializedName.class);
           if (annotation != null) {
             name = annotation.value();
             for (String alternate : annotation.alternate()) {
@@ -788,7 +802,7 @@
           nameToConstant.put(name, constant);
           constantToName.put(constant, name);
         }
-      } catch (NoSuchFieldException e) {
+      } catch (IllegalAccessException e) {
         throw new AssertionError(e);
       }
     }
diff -ru /tmp/v1/gson/src/main/java/com/google/gson/internal/$Gson$Types.java /tmp/v2/gson/src/main/java/com/google/gson/internal/$Gson$Types.java
--- /tmp/v1/gson/src/main/java/com/google/gson/internal/$Gson$Types.java	2021-09-24 14:54:10.479774139 +0200
+++ /tmp/v2/gson/src/main/java/com/google/gson/internal/$Gson$Types.java	2021-09-24 14:32:40.605599957 +0200
@@ -25,7 +25,12 @@
 import java.lang.reflect.Type;
 import java.lang.reflect.TypeVariable;
 import java.lang.reflect.WildcardType;
-import java.util.*;
+import java.util.Arrays;
+import java.util.Collection;
+import java.util.HashMap;
+import java.util.Map;
+import java.util.NoSuchElementException;
+import java.util.Properties;
 
 import static com.google.gson.internal.$Gson$Preconditions.checkArgument;
 import static com.google.gson.internal.$Gson$Preconditions.checkNotNull;
@@ -334,52 +339,61 @@
   }
 
   public static Type resolve(Type context, Class<?> contextRawType, Type toResolve) {
-    return resolve(context, contextRawType, toResolve, new HashSet<TypeVariable>());
+    return resolve(context, contextRawType, toResolve, new HashMap<TypeVariable<?>, Type>());
   }
 
   private static Type resolve(Type context, Class<?> contextRawType, Type toResolve,
-                              Collection<TypeVariable> visitedTypeVariables) {
+                              Map<TypeVariable<?>, Type> visitedTypeVariables) {
     // this implementation is made a little more complicated in an attempt to avoid object-creation
+    TypeVariable<?> resolving = null;
     while (true) {
       if (toResolve instanceof TypeVariable) {
         TypeVariable<?> typeVariable = (TypeVariable<?>) toResolve;
-        if (visitedTypeVariables.contains(typeVariable)) {
+        Type previouslyResolved = visitedTypeVariables.get(typeVariable);
+        if (previouslyResolved != null) {
           // cannot reduce due to infinite recursion
-          return toResolve;
-        } else {
-          visitedTypeVariables.add(typeVariable);
+          return (previouslyResolved == Void.TYPE) ? toResolve : previouslyResolved;
         }
+
+        // Insert a placeholder to mark the fact that we are in the process of resolving this type
+        visitedTypeVariables.put(typeVariable, Void.TYPE);
+        if (resolving == null) {
+          resolving = typeVariable;
+        }
+
         toResolve = resolveTypeVariable(context, contextRawType, typeVariable);
         if (toResolve == typeVariable) {
-          return toResolve;
+          break;
         }
 
       } else if (toResolve instanceof Class && ((Class<?>) toResolve).isArray()) {
         Class<?> original = (Class<?>) toResolve;
         Type componentType = original.getComponentType();
         Type newComponentType = resolve(context, contextRawType, componentType, visitedTypeVariables);
-        return componentType == newComponentType
+        toResolve = equal(componentType, newComponentType)
             ? original
             : arrayOf(newComponentType);
+        break;
 
       } else if (toResolve instanceof GenericArrayType) {
         GenericArrayType original = (GenericArrayType) toResolve;
         Type componentType = original.getGenericComponentType();
         Type newComponentType = resolve(context, contextRawType, componentType, visitedTypeVariables);
-        return componentType == newComponentType
+        toResolve = equal(componentType, newComponentType)
             ? original
             : arrayOf(newComponentType);
+        break;
 
       } else if (toResolve instanceof ParameterizedType) {
         ParameterizedType original = (ParameterizedType) toResolve;
         Type ownerType = original.getOwnerType();
         Type newOwnerType = resolve(context, contextRawType, ownerType, visitedTypeVariables);
-        boolean changed = newOwnerType != ownerType;
+        boolean changed = !equal(newOwnerType, ownerType);
 
         Type[] args = original.getActualTypeArguments();
         for (int t = 0, length = args.length; t < length; t++) {
           Type resolvedTypeArgument = resolve(context, contextRawType, args[t], visitedTypeVariables);
-          if (resolvedTypeArgument != args[t]) {
+          if (!equal(resolvedTypeArgument, args[t])) {
             if (!changed) {
               args = args.clone();
               changed = true;
@@ -388,9 +402,10 @@
           }
         }
 
-        return changed
+        toResolve = changed
             ? newParameterizedTypeWithOwner(newOwnerType, original.getRawType(), args)
             : original;
+        break;
 
       } else if (toResolve instanceof WildcardType) {
         WildcardType original = (WildcardType) toResolve;
@@ -400,20 +415,28 @@
         if (originalLowerBound.length == 1) {
           Type lowerBound = resolve(context, contextRawType, originalLowerBound[0], visitedTypeVariables);
           if (lowerBound != originalLowerBound[0]) {
-            return supertypeOf(lowerBound);
+            toResolve = supertypeOf(lowerBound);
+            break;
           }
         } else if (originalUpperBound.length == 1) {
           Type upperBound = resolve(context, contextRawType, originalUpperBound[0], visitedTypeVariables);
           if (upperBound != originalUpperBound[0]) {
-            return subtypeOf(upperBound);
+            toResolve = subtypeOf(upperBound);
+            break;
           }
         }
-        return original;
+        toResolve = original;
+        break;
 
       } else {
-        return toResolve;
+        break;
       }
     }
+    // ensure that any in-process resolution gets updated with the final result
+    if (resolving != null) {
+      visitedTypeVariables.put(resolving, toResolve);
+    }
+    return toResolve;
   }
 
   static Type resolveTypeVariable(Type context, Class<?> contextRawType, TypeVariable<?> unknown) {
diff -ru /tmp/v1/gson/src/main/java/com/google/gson/internal/reflect/UnsafeReflectionAccessor.java /tmp/v2/gson/src/main/java/com/google/gson/internal/reflect/UnsafeReflectionAccessor.java
--- /tmp/v1/gson/src/main/java/com/google/gson/internal/reflect/UnsafeReflectionAccessor.java	2021-09-24 14:54:10.479774139 +0200
+++ /tmp/v2/gson/src/main/java/com/google/gson/internal/reflect/UnsafeReflectionAccessor.java	2021-09-24 13:30:29.001718904 +0200
@@ -79,7 +79,7 @@
   private static Field getOverrideField() {
     try {
       return AccessibleObject.class.getDeclaredField("override");
-    } catch (NoSuchFieldException e) {
+    } catch (Exception e) {
       return null;
     }
   }
Only in /tmp/v2/gson/src/test/java/com/google/gson/functional: EnumWithObfuscatedTest.java
Only in /tmp/v2/gson/src/test/java/com/google/gson/functional: ReusedTypeVariablesFullyResolveTest.java
diff -ru /tmp/v1/gson/src/test/java/com/google/gson/internal/reflect/UnsafeReflectionAccessorTest.java /tmp/v2/gson/src/test/java/com/google/gson/internal/reflect/UnsafeReflectionAccessorTest.java
--- /tmp/v1/gson/src/test/java/com/google/gson/internal/reflect/UnsafeReflectionAccessorTest.java	2021-09-24 14:54:10.479774139 +0200
+++ /tmp/v2/gson/src/test/java/com/google/gson/internal/reflect/UnsafeReflectionAccessorTest.java	2021-09-24 13:30:29.009718868 +0200
@@ -15,10 +15,12 @@
  */
 package com.google.gson.internal.reflect;
 
+import static org.junit.Assert.assertFalse;
 import static org.junit.Assert.assertTrue;
 import static org.junit.Assert.fail;
 
 import java.lang.reflect.Field;
+import java.security.Permission;
 
 import org.junit.Test;
 
@@ -41,6 +43,30 @@
     }
   }
 
+  @Test
+  public void testMakeAccessibleWithRestrictiveSecurityManager() throws Exception {
+    final Permission accessDeclaredMembers = new RuntimePermission("accessDeclaredMembers");
+    final SecurityManager original = System.getSecurityManager();
+    SecurityManager restrictiveManager = new SecurityManager() {
+      @Override
+      public void checkPermission(Permission perm) {
+        if (accessDeclaredMembers.equals(perm)) {
+          throw new SecurityException("nope");
+        }
+      }
+    };
+    System.setSecurityManager(restrictiveManager);
+
+    try {
+      UnsafeReflectionAccessor accessor = new UnsafeReflectionAccessor();
+      Field field = ClassWithPrivateFinalFields.class.getDeclaredField("a");
+      assertFalse("override field should have been inaccessible", accessor.makeAccessibleWithUnsafe(field));
+      accessor.makeAccessible(field);
+    } finally {
+      System.setSecurityManager(original);
+    }
+  }
+
   @SuppressWarnings("unused")
   private static final class ClassWithPrivateFinalFields {
     private final String a;
Only in /tmp/v2/gson/src/test: resources
', pathToJSONDeltaOmega='deltaOmega.json', pathToRepositoryV1='/tmp/v1', pathToRepositoryV2='/tmp/v2', pathToJSONConsideredTestMethodNames='consideredTestMethods.json', pathToExecLinesAdditions='exec_additions.json', pathToExecLinesDeletions='exec_deletions.json', pathToJSONSuspiciousV1='suspicious_v1.json', pathToJSONSuspiciousV2='suspicious_v2.json', pathToReport='.github/workflows/template.md', classpathV1=[/home/spino/.m2/repository/junit/junit/4.13.2/junit-4.13.2.jar, /home/spino/.m2/repository/org/hamcrest/hamcrest-core/1.3/hamcrest-core-1.3.jar], classpathV2=[/home/spino/.m2/repository/junit/junit/4.13.2/junit-4.13.2.jar, /home/spino/.m2/repository/org/hamcrest/hamcrest-core/1.3/hamcrest-core-1.3.jar, /home/spino/.m2/repository/com/github/wvengen/proguard-maven-plugin/2.4.0/proguard-maven-plugin-2.4.0.jar, /home/spino/.m2/repository/org/apache/ant/ant/1.10.9/ant-1.10.9.jar, /home/spino/.m2/repository/org/apache/ant/ant-launcher/1.10.9/ant-launcher-1.10.9.jar, /home/spino/.m2/repository/org/apache/maven/maven-archiver/2.4/maven-archiver-2.4.jar, /home/spino/.m2/repository/org/apache/maven/maven-artifact/2.0/maven-artifact-2.0.jar, /home/spino/.m2/repository/org/apache/maven/maven-model/2.0/maven-model-2.0.jar, /home/spino/.m2/repository/org/apache/maven/maven-project/2.0/maven-project-2.0.jar, /home/spino/.m2/repository/org/apache/maven/maven-profile/2.0/maven-profile-2.0.jar, /home/spino/.m2/repository/org/apache/maven/maven-artifact-manager/2.0/maven-artifact-manager-2.0.jar, /home/spino/.m2/repository/org/apache/maven/maven-repository-metadata/2.0/maven-repository-metadata-2.0.jar, /home/spino/.m2/repository/org/apache/maven/wagon/wagon-provider-api/1.0-alpha-5/wagon-provider-api-1.0-alpha-5.jar, /home/spino/.m2/repository/org/codehaus/plexus/plexus-container-default/1.0-alpha-8/plexus-container-default-1.0-alpha-8.jar, /home/spino/.m2/repository/classworlds/classworlds/1.1-alpha-2/classworlds-1.1-alpha-2.jar, /home/spino/.m2/repository/org/codehaus/plexus/plexus-archiver/1.0-alpha-11/plexus-archiver-1.0-alpha-11.jar, /home/spino/.m2/repository/org/codehaus/plexus/plexus-component-api/1.0-alpha-15/plexus-component-api-1.0-alpha-15.jar, /home/spino/.m2/repository/org/codehaus/plexus/plexus-io/1.0-alpha-3/plexus-io-1.0-alpha-3.jar, /home/spino/.m2/repository/org/codehaus/plexus/plexus-utils/1.4.9/plexus-utils-1.4.9.jar, /home/spino/.m2/repository/org/codehaus/plexus/plexus-interpolation/1.6/plexus-interpolation-1.6.jar, /home/spino/.m2/repository/commons-io/commons-io/2.7/commons-io-2.7.jar, /home/spino/.m2/repository/org/apache/maven/maven-plugin-api/3.1.1/maven-plugin-api-3.1.1.jar, /home/spino/.m2/repository/org/eclipse/sisu/org.eclipse.sisu.plexus/0.0.0.M5/org.eclipse.sisu.plexus-0.0.0.M5.jar, /home/spino/.m2/repository/javax/enterprise/cdi-api/1.0/cdi-api-1.0.jar, /home/spino/.m2/repository/javax/annotation/jsr250-api/1.0/jsr250-api-1.0.jar, /home/spino/.m2/repository/javax/inject/javax.inject/1/javax.inject-1.jar, /home/spino/.m2/repository/com/google/guava/guava/10.0.1/guava-10.0.1.jar, /home/spino/.m2/repository/com/google/code/findbugs/jsr305/1.3.9/jsr305-1.3.9.jar, /home/spino/.m2/repository/org/sonatype/sisu/sisu-guice/3.1.0/sisu-guice-3.1.0-no_aop.jar, /home/spino/.m2/repository/aopalliance/aopalliance/1.0/aopalliance-1.0.jar, /home/spino/.m2/repository/org/eclipse/sisu/org.eclipse.sisu.inject/0.0.0.M5/org.eclipse.sisu.inject-0.0.0.M5.jar, /home/spino/.m2/repository/org/codehaus/plexus/plexus-component-annotations/1.5.5/plexus-component-annotations-1.5.5.jar, /home/spino/.m2/repository/org/codehaus/plexus/plexus-classworlds/2.4/plexus-classworlds-2.4.jar], classpathV1AsString='/home/spino/.m2/repository/junit/junit/4.13.2/junit-4.13.2.jar:/home/spino/.m2/repository/org/hamcrest/hamcrest-core/1.3/hamcrest-core-1.3.jar', classpathV2AsString='/home/spino/.m2/repository/junit/junit/4.13.2/junit-4.13.2.jar:/home/spino/.m2/repository/org/hamcrest/hamcrest-core/1.3/hamcrest-core-1.3.jar:/home/spino/.m2/repository/com/github/wvengen/proguard-maven-plugin/2.4.0/proguard-maven-plugin-2.4.0.jar:/home/spino/.m2/repository/org/apache/ant/ant/1.10.9/ant-1.10.9.jar:/home/spino/.m2/repository/org/apache/ant/ant-launcher/1.10.9/ant-launcher-1.10.9.jar:/home/spino/.m2/repository/org/apache/maven/maven-archiver/2.4/maven-archiver-2.4.jar:/home/spino/.m2/repository/org/apache/maven/maven-artifact/2.0/maven-artifact-2.0.jar:/home/spino/.m2/repository/org/apache/maven/maven-model/2.0/maven-model-2.0.jar:/home/spino/.m2/repository/org/apache/maven/maven-project/2.0/maven-project-2.0.jar:/home/spino/.m2/repository/org/apache/maven/maven-profile/2.0/maven-profile-2.0.jar:/home/spino/.m2/repository/org/apache/maven/maven-artifact-manager/2.0/maven-artifact-manager-2.0.jar:/home/spino/.m2/repository/org/apache/maven/maven-repository-metadata/2.0/maven-repository-metadata-2.0.jar:/home/spino/.m2/repository/org/apache/maven/wagon/wagon-provider-api/1.0-alpha-5/wagon-provider-api-1.0-alpha-5.jar:/home/spino/.m2/repository/org/codehaus/plexus/plexus-container-default/1.0-alpha-8/plexus-container-default-1.0-alpha-8.jar:/home/spino/.m2/repository/classworlds/classworlds/1.1-alpha-2/classworlds-1.1-alpha-2.jar:/home/spino/.m2/repository/org/codehaus/plexus/plexus-archiver/1.0-alpha-11/plexus-archiver-1.0-alpha-11.jar:/home/spino/.m2/repository/org/codehaus/plexus/plexus-component-api/1.0-alpha-15/plexus-component-api-1.0-alpha-15.jar:/home/spino/.m2/repository/org/codehaus/plexus/plexus-io/1.0-alpha-3/plexus-io-1.0-alpha-3.jar:/home/spino/.m2/repository/org/codehaus/plexus/plexus-utils/1.4.9/plexus-utils-1.4.9.jar:/home/spino/.m2/repository/org/codehaus/plexus/plexus-interpolation/1.6/plexus-interpolation-1.6.jar:/home/spino/.m2/repository/commons-io/commons-io/2.7/commons-io-2.7.jar:/home/spino/.m2/repository/org/apache/maven/maven-plugin-api/3.1.1/maven-plugin-api-3.1.1.jar:/home/spino/.m2/repository/org/eclipse/sisu/org.eclipse.sisu.plexus/0.0.0.M5/org.eclipse.sisu.plexus-0.0.0.M5.jar:/home/spino/.m2/repository/javax/enterprise/cdi-api/1.0/cdi-api-1.0.jar:/home/spino/.m2/repository/javax/annotation/jsr250-api/1.0/jsr250-api-1.0.jar:/home/spino/.m2/repository/javax/inject/javax.inject/1/javax.inject-1.jar:/home/spino/.m2/repository/com/google/guava/guava/10.0.1/guava-10.0.1.jar:/home/spino/.m2/repository/com/google/code/findbugs/jsr305/1.3.9/jsr305-1.3.9.jar:/home/spino/.m2/repository/org/sonatype/sisu/sisu-guice/3.1.0/sisu-guice-3.1.0-no_aop.jar:/home/spino/.m2/repository/aopalliance/aopalliance/1.0/aopalliance-1.0.jar:/home/spino/.m2/repository/org/eclipse/sisu/org.eclipse.sisu.inject/0.0.0.M5/org.eclipse.sisu.inject-0.0.0.M5.jar:/home/spino/.m2/repository/org/codehaus/plexus/plexus-component-annotations/1.5.5/plexus-component-annotations-1.5.5.jar:/home/spino/.m2/repository/org/codehaus/plexus/plexus-classworlds/2.4/plexus-classworlds-2.4.jar', testsList=null, dataV1=null, dataV2=null, deltas=null, consideredTestsNames=null, execLinesAdditions=null, execLinesDeletions=null, deltaOmega=null, scorePerLineV1=null, scorePerLineV2=null, ownConsumptionReports={}, reportEnum=NONE}
[INFO] mvn -f /tmp/v1/gson clean test -DskipTests dependency:build-classpath --quiet -Dcobertura.skip=true -Dlicense.skip=true -Dfindbugs.skip=true -Danimal.sniffer.skip=true -Djacoco.skip=true -Dcheckstyle.skip=true -Dproguard.skip=true -Dmdep.outputFile=classpath -DskipITs=true -Drat.skip=true -Denforcer.skip=true -Dgpg.skip=true
[WARN] Maven will be executed in interactive mode, but no input stream has been configured for this MavenInvoker instance.
WARNING: An illegal reflective access operation has occurred
WARNING: Illegal reflective access by com.google.inject.internal.cglib.core.$ReflectUtils$1 (file:/usr/share/maven/lib/guice.jar) to method java.lang.ClassLoader.defineClass(java.lang.String,byte[],int,int,java.security.ProtectionDomain)
WARNING: Please consider reporting this to the maintainers of com.google.inject.internal.cglib.core.$ReflectUtils$1
WARNING: Use --illegal-access=warn to enable warnings of further illegal reflective access operations
WARNING: All illegal access operations will be denied in a future release
[INFO] mvn -f /tmp/v2/gson/ clean test -DskipTests dependency:build-classpath --quiet -Dcobertura.skip=true -Dlicense.skip=true -Dfindbugs.skip=true -Danimal.sniffer.skip=true -Djacoco.skip=true -Dcheckstyle.skip=true -Dproguard.skip=true -Dmdep.outputFile=classpath -DskipITs=true -Drat.skip=true -Denforcer.skip=true -Dgpg.skip=true
[WARN] Maven will be executed in interactive mode, but no input stream has been configured for this MavenInvoker instance.
WARNING: An illegal reflective access operation has occurred
WARNING: Illegal reflective access by com.google.inject.internal.cglib.core.$ReflectUtils$1 (file:/usr/share/maven/lib/guice.jar) to method java.lang.ClassLoader.defineClass(java.lang.String,byte[],int,int,java.security.ProtectionDomain)
WARNING: Please consider reporting this to the maintainers of com.google.inject.internal.cglib.core.$ReflectUtils$1
WARNING: Use --illegal-access=warn to enable warnings of further illegal reflective access operations
WARNING: All illegal access operations will be denied in a future release
[INFO] mvn -f /tmp/v1/gson clean eu.stamp-project:dspot-diff-test-selection:3.1.1-SNAPSHOT:list -Dcobertura.skip=true -Dlicense.skip=true -Dfindbugs.skip=true -Danimal.sniffer.skip=true -Djacoco.skip=true -Dcheckstyle.skip=true -Dproguard.skip=true -Dpath-dir-second-version=/tmp/v2/gson/ -DskipITs=true -Drat.skip=true -Denforcer.skip=true -Dgpg.skip=true
[WARN] Maven will be executed in interactive mode, but no input stream has been configured for this MavenInvoker instance.
WARNING: An illegal reflective access operation has occurred
WARNING: Illegal reflective access by com.google.inject.internal.cglib.core.$ReflectUtils$1 (file:/usr/share/maven/lib/guice.jar) to method java.lang.ClassLoader.defineClass(java.lang.String,byte[],int,int,java.security.ProtectionDomain)
WARNING: Please consider reporting this to the maintainers of com.google.inject.internal.cglib.core.$ReflectUtils$1
WARNING: Use --illegal-access=warn to enable warnings of further illegal reflective access operations
WARNING: All illegal access operations will be denied in a future release
[[1;34mINFO[m] Scanning for projects...
[[1;33mWARNING[m] 
[[1;33mWARNING[m] Some problems were encountered while building the effective model for com.google.code.gson:gson:jar:2.8.8-SNAPSHOT
[[1;33mWARNING[m] 'build.plugins.plugin.version' for org.apache.maven.plugins:maven-jar-plugin is missing. @ com.google.code.gson:gson:[unknown-version], /tmp/v1/gson/pom.xml, line 46, column 15
[[1;33mWARNING[m] 
[[1;33mWARNING[m] It is highly recommended to fix these problems because they threaten the stability of your build.
[[1;33mWARNING[m] 
[[1;33mWARNING[m] For this reason, future Maven versions might no longer support building such malformed projects.
[[1;33mWARNING[m] 
[[1;34mINFO[m] 
[[1;34mINFO[m] [1m---------------------< [0;36mcom.google.code.gson:gson[0;1m >----------------------[m
[[1;34mINFO[m] [1mBuilding Gson 2.8.8-SNAPSHOT[m
[[1;34mINFO[m] [1m--------------------------------[ jar ]---------------------------------[m
[[1;34mINFO[m] 
[[1;34mINFO[m] [1m--- [0;32mmaven-clean-plugin:2.5:clean[m [1m(default-clean)[m @ [36mgson[0;1m ---[m
[[1;34mINFO[m] Deleting /tmp/v1/gson/target
[[1;34mINFO[m] 
[[1;34mINFO[m] [1m--- [0;32mdspot-diff-test-selection:3.1.1-SNAPSHOT:list[m [1m(default-cli)[m @ [36mgson[0;1m ---[m
[[1;34mINFO[m] Running on:
[[1;34mINFO[m] /tmp/v1/gson
[[1;33mWARNING[m] No path to diff file has been specified.
[[1;33mWARNING[m] I'll compute a diff file using the UNIX diff command
[[1;33mWARNING[m] You may encounter troubles.
[[1;33mWARNING[m] If so, please specify a path to a correct diff file
[[1;33mWARNING[m] or implement a new way to compute a diff file.
[[1;34mINFO[m] Computing the diff with diff commnd line
[[1;34mINFO[m] The diff will be computed between:
[[1;34mINFO[m] /tmp/v1/gson/src and 
[[1;34mINFO[m] /tmp/v2/gson/src
[[1;34mINFO[m] Executing: diff -ru /tmp/v1/gson/src /tmp/v2/gson/src from /tmp/v1/gson/src
[[1;34mINFO[m] Running in enhanced mode...
[[1;34mINFO[m] Computing coverage for /tmp/v1/gson
[WARN] Maven will be executed in interactive mode, but no input stream has been configured for this MavenInvoker instance.
WARNING: An illegal reflective access operation has occurred
WARNING: Illegal reflective access by com.google.inject.internal.cglib.core.$ReflectUtils$1 (file:/usr/share/maven/lib/guice.jar) to method java.lang.ClassLoader.defineClass(java.lang.String,byte[],int,int,java.security.ProtectionDomain)
WARNING: Please consider reporting this to the maintainers of com.google.inject.internal.cglib.core.$ReflectUtils$1
WARNING: Use --illegal-access=warn to enable warnings of further illegal reflective access operations
WARNING: All illegal access operations will be denied in a future release
[[1;34mINFO[m] Scanning for projects...
[[1;33mWARNING[m] 
[[1;33mWARNING[m] Some problems were encountered while building the effective model for com.google.code.gson:gson:jar:2.8.8-SNAPSHOT
[[1;33mWARNING[m] 'build.plugins.plugin.version' for org.apache.maven.plugins:maven-jar-plugin is missing. @ com.google.code.gson:gson:[unknown-version], /tmp/v1/gson/pom.xml, line 46, column 15
[[1;33mWARNING[m] 
[[1;33mWARNING[m] It is highly recommended to fix these problems because they threaten the stability of your build.
[[1;33mWARNING[m] 
[[1;33mWARNING[m] For this reason, future Maven versions might no longer support building such malformed projects.
[[1;33mWARNING[m] 
[[1;34mINFO[m] 
[[1;34mINFO[m] [1m---------------------< [0;36mcom.google.code.gson:gson[0;1m >----------------------[m
[[1;34mINFO[m] [1mBuilding Gson 2.8.8-SNAPSHOT[m
[[1;34mINFO[m] [1m--------------------------------[ jar ]---------------------------------[m
[[1;34mINFO[m] 
[[1;34mINFO[m] [1m--- [0;32mmaven-clean-plugin:2.5:clean[m [1m(default-clean)[m @ [36mgson[0;1m ---[m
[[1;34mINFO[m] 
[[1;34mINFO[m] [1m--- [0;32mclover-maven-plugin:4.4.1:setup[m [1m(default-cli)[m @ [36mgson[0;1m ---[m
[[1;34mINFO[m] OpenClover Version 4.4.1, built on October 11 2019 (build-1020)
[[1;34mINFO[m] Creating new database at '/tmp/v1/gson/target/clover/clover.db'.
[[1;34mINFO[m] Processing files at 1.9 source level.
[[1;34mINFO[m] Clover all over. Instrumented 72 files (8 packages).
[[1;34mINFO[m] OpenClover Version 4.4.1, built on October 11 2019 (build-1020)
[[1;34mINFO[m] Updating existing database at '/tmp/v1/gson/target/clover/clover.db'.
[[1;34mINFO[m] Processing files at 1.9 source level.
[[1;34mINFO[m] Clover all over. Instrumented 102 files (11 packages).
[[1;34mINFO[m] 1054 test methods detected.
[[1;34mINFO[m] 
[[1;34mINFO[m] [1m--- [0;32mmaven-enforcer-plugin:1.0:enforce[m [1m(enforce-maven)[m @ [36mgson[0;1m ---[m
[[1;34mINFO[m] Skipping Rule Enforcement.
[[1;34mINFO[m] 
[[1;34mINFO[m] [1m--- [0;32mtemplating-maven-plugin:1.0.0:filter-sources[m [1m(filtering-java-templates)[m @ [36mgson[0;1m ---[m
[[1;34mINFO[m] Coping files with filtering to temporary directory.
[[1;34mINFO[m] Using 'UTF-8' encoding to copy filtered resources.
[[1;34mINFO[m] Copying 1 resource
[[1;34mINFO[m] Copied 1 files to output directory: /tmp/v1/gson/target/generated-sources/java-templates
[[1;34mINFO[m] Source directory: /tmp/v1/gson/target/generated-sources/java-templates added.
[[1;34mINFO[m] 
[[1;34mINFO[m] [1m--- [0;32mmaven-resources-plugin:2.6:resources[m [1m(default-resources)[m @ [36mgson[0;1m ---[m
[[1;34mINFO[m] Using 'UTF-8' encoding to copy filtered resources.
[[1;34mINFO[m] skip non existing resourceDirectory /tmp/v1/gson/src/main/resources
[[1;34mINFO[m] Copying 1 resource
[[1;34mINFO[m] 
[[1;34mINFO[m] [1m--- [0;32mmaven-compiler-plugin:3.8.1:compile[m [1m(default-compile)[m @ [36mgson[0;1m ---[m
[[1;34mINFO[m] Changes detected - recompiling the module!
[[1;34mINFO[m] Compiling 73 source files to /tmp/v1/gson/target/classes
[[1;34mINFO[m] /tmp/v1/gson/target/clover/src-instrumented/com/google/gson/internal/ConstructorConstructor.java: Some input files use or override a deprecated API.
[[1;34mINFO[m] /tmp/v1/gson/target/clover/src-instrumented/com/google/gson/internal/ConstructorConstructor.java: Recompile with -Xlint:deprecation for details.
[[1;34mINFO[m] 
[[1;34mINFO[m] [1m--- [0;32mmaven-compiler-plugin:3.8.1:compile[m [1m(base-compile)[m @ [36mgson[0;1m ---[m
[[1;34mINFO[m] Changes detected - recompiling the module!
[[1;34mINFO[m] Compiling 73 source files to /tmp/v1/gson/target/classes
[[1;34mINFO[m] /tmp/v1/gson/target/clover/src-instrumented/com/google/gson/internal/ConstructorConstructor.java: Some input files use or override a deprecated API.
[[1;34mINFO[m] /tmp/v1/gson/target/clover/src-instrumented/com/google/gson/internal/ConstructorConstructor.java: Recompile with -Xlint:deprecation for details.
[[1;34mINFO[m] 
[[1;34mINFO[m] [1m--- [0;32mbnd-maven-plugin:5.3.0:bnd-process[m [1m(default)[m @ [36mgson[0;1m ---[m
[[1;33mWARNING[m] /tmp/v1/gson/bnd.bnd [0:0]: Export com.google.gson,  has 1,  private references [com.google.gson.internal]
[[1;34mINFO[m] 
[[1;34mINFO[m] [1m--- [0;32mmaven-resources-plugin:2.6:testResources[m [1m(default-testResources)[m @ [36mgson[0;1m ---[m
[[1;34mINFO[m] Using 'UTF-8' encoding to copy filtered resources.
[[1;34mINFO[m] skip non existing resourceDirectory /tmp/v1/gson/src/test/resources
[[1;34mINFO[m] 
[[1;34mINFO[m] [1m--- [0;32mmaven-compiler-plugin:3.8.1:testCompile[m [1m(default-testCompile)[m @ [36mgson[0;1m ---[m
[[1;34mINFO[m] Changes detected - recompiling the module!
[[1;34mINFO[m] Compiling 102 source files to /tmp/v1/gson/target/test-classes
[[1;34mINFO[m] /tmp/v1/gson/target/clover/src-test-instrumented/com/google/gson/functional/DefaultTypeAdaptersTest.java: Some input files use or override a deprecated API.
[[1;34mINFO[m] /tmp/v1/gson/target/clover/src-test-instrumented/com/google/gson/functional/DefaultTypeAdaptersTest.java: Recompile with -Xlint:deprecation for details.
[[1;34mINFO[m] /tmp/v1/gson/target/clover/src-test-instrumented/com/google/gson/functional/MapTest.java: Some input files use unchecked or unsafe operations.
[[1;34mINFO[m] /tmp/v1/gson/target/clover/src-test-instrumented/com/google/gson/functional/MapTest.java: Recompile with -Xlint:unchecked for details.
[[1;34mINFO[m] 
[[1;34mINFO[m] [1m--- [0;32mmaven-surefire-plugin:2.12.4:test[m [1m(default-test)[m @ [36mgson[0;1m ---[m
[[1;34mINFO[m] Surefire report directory: /tmp/v1/gson/target/surefire-reports

-------------------------------------------------------
 T E S T S
-------------------------------------------------------
Running com.google.gson.DefaultDateTypeAdapterTest
Tests run: 11, Failures: 0, Errors: 0, Skipped: 0, Time elapsed: 0.621 sec
Running com.google.gson.InnerClassExclusionStrategyTest
Tests run: 4, Failures: 0, Errors: 0, Skipped: 0, Time elapsed: 0.022 sec
Running com.google.gson.GsonTypeAdapterTest
Tests run: 5, Failures: 0, Errors: 0, Skipped: 0, Time elapsed: 0.15 sec
Running com.google.gson.internal.LinkedHashTreeMapTest
Tests run: 15, Failures: 0, Errors: 0, Skipped: 0, Time elapsed: 0.123 sec
Running com.google.gson.internal.GsonBuildConfigTest
Tests run: 1, Failures: 0, Errors: 0, Skipped: 0, Time elapsed: 0.065 sec
Running com.google.gson.internal.LazilyParsedNumberTest
Tests run: 2, Failures: 0, Errors: 0, Skipped: 0, Time elapsed: 0.015 sec
Running com.google.gson.internal.reflect.UnsafeReflectionAccessorTest
Tests run: 1, Failures: 0, Errors: 0, Skipped: 0, Time elapsed: 0.006 sec
Running com.google.gson.internal.UnsafeAllocatorInstantiationTest
Tests run: 3, Failures: 0, Errors: 0, Skipped: 0, Time elapsed: 0.021 sec
Running com.google.gson.internal.GsonTypesTest
Tests run: 2, Failures: 0, Errors: 0, Skipped: 0, Time elapsed: 0.018 sec
Running com.google.gson.internal.JavaVersionTest
Tests run: 7, Failures: 0, Errors: 0, Skipped: 0, Time elapsed: 0.026 sec
Running com.google.gson.internal.bind.util.ISO8601UtilsTest
Tests run: 7, Failures: 0, Errors: 0, Skipped: 0, Time elapsed: 0.067 sec
Running com.google.gson.internal.bind.RecursiveTypesResolveTest
Tests run: 9, Failures: 0, Errors: 0, Skipped: 0, Time elapsed: 0.107 sec
Running com.google.gson.internal.bind.JsonTreeWriterTest
Tests run: 17, Failures: 0, Errors: 0, Skipped: 0, Time elapsed: 0.069 sec
Running com.google.gson.internal.bind.JsonElementReaderTest
Tests run: 17, Failures: 0, Errors: 0, Skipped: 0, Time elapsed: 0.041 sec
Running com.google.gson.internal.bind.JsonTreeReaderTest
Tests run: 2, Failures: 0, Errors: 0, Skipped: 0, Time elapsed: 0.01 sec
Running com.google.gson.internal.LinkedTreeMapTest
Tests run: 11, Failures: 0, Errors: 0, Skipped: 0, Time elapsed: 0.073 sec
Running com.google.gson.ParameterizedTypeTest
Tests run: 2, Failures: 0, Errors: 0, Skipped: 0, Time elapsed: 0.009 sec
Running com.google.gson.GsonBuilderTest
Tests run: 4, Failures: 0, Errors: 0, Skipped: 0, Time elapsed: 0.023 sec
Running com.google.gson.reflect.TypeTokenTest
Tests run: 6, Failures: 0, Errors: 0, Skipped: 0, Time elapsed: 0.018 sec
Running com.google.gson.DefaultInetAddressTypeAdapterTest
Tests run: 1, Failures: 0, Errors: 0, Skipped: 0, Time elapsed: 0.013 sec
Running com.google.gson.ExposeAnnotationExclusionStrategyTest
Tests run: 6, Failures: 0, Errors: 0, Skipped: 0, Time elapsed: 0.019 sec
Running com.google.gson.FieldAttributesTest
Tests run: 6, Failures: 0, Errors: 0, Skipped: 0, Time elapsed: 0.026 sec
Running com.google.gson.CommentsTest
Tests run: 1, Failures: 0, Errors: 0, Skipped: 0, Time elapsed: 0.005 sec
Running com.google.gson.regression.JsonAdapterNullSafeTest
Tests run: 2, Failures: 0, Errors: 0, Skipped: 0, Time elapsed: 0.017 sec
Running com.google.gson.JsonNullTest
Tests run: 2, Failures: 0, Errors: 0, Skipped: 0, Time elapsed: 0.007 sec
Running com.google.gson.JsonObjectTest
Tests run: 14, Failures: 0, Errors: 0, Skipped: 0, Time elapsed: 0.029 sec
Running com.google.gson.stream.JsonReaderPathTest
Tests run: 20, Failures: 0, Errors: 0, Skipped: 1, Time elapsed: 0.103 sec
Running com.google.gson.stream.JsonWriterTest
Tests run: 39, Failures: 0, Errors: 0, Skipped: 0, Time elapsed: 0.105 sec
Running com.google.gson.stream.JsonReaderTest
Tests run: 120, Failures: 0, Errors: 0, Skipped: 0, Time elapsed: 0.355 sec
Running com.google.gson.metrics.PerformanceTest
Tests run: 1, Failures: 0, Errors: 0, Skipped: 0, Time elapsed: 0.006 sec
Running com.google.gson.MixedStreamTest
Tests run: 12, Failures: 0, Errors: 0, Skipped: 0, Time elapsed: 0.044 sec
Running com.google.gson.DefaultMapJsonSerializerTest
Tests run: 3, Failures: 0, Errors: 0, Skipped: 0, Time elapsed: 0.012 sec
Running com.google.gson.VersionExclusionStrategyTest
Tests run: 3, Failures: 0, Errors: 0, Skipped: 0, Time elapsed: 0.016 sec
Running com.google.gson.functional.InternationalizationTest
Tests run: 4, Failures: 0, Errors: 0, Skipped: 0, Time elapsed: 0.009 sec
Running com.google.gson.functional.JsonAdapterAnnotationOnFieldsTest
Tests run: 10, Failures: 0, Errors: 0, Skipped: 0, Time elapsed: 0.041 sec
Running com.google.gson.functional.SecurityTest
Tests run: 5, Failures: 0, Errors: 0, Skipped: 0, Time elapsed: 0.014 sec
Running com.google.gson.functional.EnumTest
Tests run: 12, Failures: 0, Errors: 0, Skipped: 0, Time elapsed: 0.046 sec
Running com.google.gson.functional.ObjectTest
Tests run: 44, Failures: 0, Errors: 0, Skipped: 0, Time elapsed: 0.139 sec
Running com.google.gson.functional.RuntimeTypeAdapterFactoryFunctionalTest
Tests run: 1, Failures: 0, Errors: 0, Skipped: 0, Time elapsed: 0.014 sec
Running com.google.gson.functional.FieldExclusionTest
Tests run: 3, Failures: 0, Errors: 0, Skipped: 0, Time elapsed: 0.01 sec
Running com.google.gson.functional.ExposeFieldsTest
Tests run: 8, Failures: 0, Errors: 0, Skipped: 0, Time elapsed: 0.031 sec
Running com.google.gson.functional.SerializedNameTest
Tests run: 3, Failures: 0, Errors: 0, Skipped: 0, Time elapsed: 0.013 sec
Running com.google.gson.functional.GsonVersionDiagnosticsTest
Tests run: 3, Failures: 0, Errors: 0, Skipped: 0, Time elapsed: 0.015 sec
Running com.google.gson.functional.ThrowableFunctionalTest
Tests run: 5, Failures: 0, Errors: 0, Skipped: 0, Time elapsed: 0.028 sec
Running com.google.gson.functional.ParameterizedTypesTest
Tests run: 17, Failures: 0, Errors: 0, Skipped: 0, Time elapsed: 0.082 sec
Running com.google.gson.functional.PrettyPrintingTest
Tests run: 8, Failures: 0, Errors: 0, Skipped: 0, Time elapsed: 0.023 sec
Running com.google.gson.functional.CustomTypeAdaptersTest
Tests run: 19, Failures: 0, Errors: 0, Skipped: 0, Time elapsed: 0.049 sec
Running com.google.gson.functional.ReadersWritersTest
Tests run: 10, Failures: 0, Errors: 0, Skipped: 0, Time elapsed: 0.023 sec
Running com.google.gson.functional.CircularReferenceTest
Tests run: 6, Failures: 0, Errors: 0, Skipped: 0, Time elapsed: 0.071 sec
Running com.google.gson.functional.JsonAdapterSerializerDeserializerTest
Tests run: 3, Failures: 0, Errors: 0, Skipped: 0, Time elapsed: 0.018 sec
Running com.google.gson.functional.LeniencyTest
Tests run: 1, Failures: 0, Errors: 0, Skipped: 0, Time elapsed: 0.007 sec
Running com.google.gson.functional.RawSerializationTest
Tests run: 5, Failures: 0, Errors: 0, Skipped: 0, Time elapsed: 0.016 sec
Running com.google.gson.functional.CustomDeserializerTest
Tests run: 7, Failures: 0, Errors: 0, Skipped: 0, Time elapsed: 0.024 sec
Running com.google.gson.functional.TypeAdapterPrecedenceTest
Tests run: 8, Failures: 0, Errors: 0, Skipped: 0, Time elapsed: 0.015 sec
Running com.google.gson.functional.MoreSpecificTypeSerializationTest
Tests run: 6, Failures: 0, Errors: 0, Skipped: 0, Time elapsed: 0.028 sec
Running com.google.gson.functional.InterfaceTest
Tests run: 2, Failures: 0, Errors: 0, Skipped: 0, Time elapsed: 0.01 sec
Running com.google.gson.functional.TypeVariableTest
Tests run: 3, Failures: 0, Errors: 0, Skipped: 0, Time elapsed: 0.019 sec
Running com.google.gson.functional.ExclusionStrategyFunctionalTest
Tests run: 9, Failures: 0, Errors: 0, Skipped: 0, Time elapsed: 0.04 sec
Running com.google.gson.functional.DefaultTypeAdaptersTest
Tests run: 65, Failures: 0, Errors: 0, Skipped: 0, Time elapsed: 0.206 sec
Running com.google.gson.functional.NullObjectAndFieldTest
Tests run: 16, Failures: 0, Errors: 0, Skipped: 0, Time elapsed: 0.054 sec
Running com.google.gson.functional.MapAsArrayTypeAdapterTest
Tests run: 5, Failures: 0, Errors: 0, Skipped: 0, Time elapsed: 0.03 sec
Running com.google.gson.functional.InstanceCreatorTest
Tests run: 5, Failures: 0, Errors: 0, Skipped: 0, Time elapsed: 0.032 sec
Running com.google.gson.functional.PrimitiveCharacterTest
Tests run: 2, Failures: 0, Errors: 0, Skipped: 0, Time elapsed: 0.012 sec
Running com.google.gson.functional.MapTest
Tests run: 48, Failures: 0, Errors: 0, Skipped: 0, Time elapsed: 0.196 sec
Running com.google.gson.functional.FieldNamingTest
Tests run: 5, Failures: 0, Errors: 0, Skipped: 0, Time elapsed: 0.021 sec
Running com.google.gson.functional.VersioningTest
Tests run: 10, Failures: 0, Errors: 0, Skipped: 0, Time elapsed: 0.044 sec
Running com.google.gson.functional.DelegateTypeAdapterTest
Tests run: 2, Failures: 0, Errors: 0, Skipped: 0, Time elapsed: 0.015 sec
Running com.google.gson.functional.InheritanceTest
Tests run: 13, Failures: 0, Errors: 0, Skipped: 0, Time elapsed: 0.039 sec
Running com.google.gson.functional.TypeHierarchyAdapterTest
Tests run: 3, Failures: 0, Errors: 0, Skipped: 0, Time elapsed: 0.024 sec
Running com.google.gson.functional.CustomSerializerTest
Tests run: 5, Failures: 0, Errors: 0, Skipped: 0, Time elapsed: 0.013 sec
Running com.google.gson.functional.StreamingTypeAdaptersTest
Tests run: 17, Failures: 0, Errors: 0, Skipped: 0, Time elapsed: 0.086 sec
Running com.google.gson.functional.EscapingTest
Tests run: 5, Failures: 0, Errors: 0, Skipped: 0, Time elapsed: 0.022 sec
Running com.google.gson.functional.CollectionTest
Tests run: 29, Failures: 0, Errors: 0, Skipped: 0, Time elapsed: 0.099 sec
Running com.google.gson.functional.JsonTreeTest
Tests run: 4, Failures: 0, Errors: 0, Skipped: 0, Time elapsed: 0.017 sec
Running com.google.gson.functional.ArrayTest
Tests run: 26, Failures: 0, Errors: 0, Skipped: 0, Time elapsed: 0.071 sec
Running com.google.gson.functional.PrintFormattingTest
Tests run: 3, Failures: 0, Errors: 0, Skipped: 0, Time elapsed: 0.013 sec
Running com.google.gson.functional.StringTest
Tests run: 18, Failures: 0, Errors: 0, Skipped: 0, Time elapsed: 0.035 sec
Running com.google.gson.functional.JavaUtilConcurrentAtomicTest
Tests run: 7, Failures: 0, Errors: 0, Skipped: 0, Time elapsed: 0.032 sec
Running com.google.gson.functional.UncategorizedTest
Tests run: 6, Failures: 0, Errors: 0, Skipped: 0, Time elapsed: 0.024 sec
Running com.google.gson.functional.JsonArrayTest
Tests run: 8, Failures: 0, Errors: 0, Skipped: 0, Time elapsed: 0.016 sec
Running com.google.gson.functional.JsonParserTest
Tests run: 8, Failures: 0, Errors: 0, Skipped: 0, Time elapsed: 0.027 sec
Running com.google.gson.functional.JsonAdapterAnnotationOnClassesTest
Tests run: 9, Failures: 0, Errors: 0, Skipped: 0, Time elapsed: 0.037 sec
Running com.google.gson.functional.NamingPolicyTest
Tests run: 16, Failures: 0, Errors: 0, Skipped: 0, Time elapsed: 0.047 sec
Running com.google.gson.functional.ConcurrencyTest
Tests run: 4, Failures: 0, Errors: 0, Skipped: 0, Time elapsed: 0.13 sec
Running com.google.gson.functional.PrimitiveTest
Tests run: 99, Failures: 0, Errors: 0, Skipped: 0, Time elapsed: 0.181 sec
Running com.google.gson.functional.TreeTypeAdaptersTest
Tests run: 2, Failures: 0, Errors: 0, Skipped: 0, Time elapsed: 0.016 sec
Running com.google.gson.functional.JavaUtilTest
Tests run: 2, Failures: 0, Errors: 0, Skipped: 0, Time elapsed: 0.011 sec
Running com.google.gson.ObjectTypeAdapterTest
Tests run: 5, Failures: 0, Errors: 0, Skipped: 0, Time elapsed: 0.009 sec
Running com.google.gson.JsonStreamParserTest
Tests run: 4, Failures: 0, Errors: 0, Skipped: 0, Time elapsed: 0.006 sec
Running com.google.gson.JavaSerializationTest
Tests run: 3, Failures: 0, Errors: 0, Skipped: 0, Time elapsed: 0.058 sec
Running com.google.gson.GenericArrayTypeTest
Tests run: 2, Failures: 0, Errors: 0, Skipped: 0, Time elapsed: 0.006 sec
Running com.google.gson.GsonTest
Tests run: 2, Failures: 0, Errors: 0, Skipped: 0, Time elapsed: 0.005 sec
Running com.google.gson.JsonArrayTest
Tests run: 6, Failures: 0, Errors: 0, Skipped: 0, Time elapsed: 0.009 sec
Running com.google.gson.JsonParserTest
Tests run: 10, Failures: 0, Errors: 0, Skipped: 0, Time elapsed: 0.024 sec
Running com.google.gson.JsonPrimitiveTest
Tests run: 25, Failures: 0, Errors: 0, Skipped: 0, Time elapsed: 0.029 sec
Running com.google.gson.LongSerializationPolicyTest
Tests run: 4, Failures: 0, Errors: 0, Skipped: 0, Time elapsed: 0.008 sec
Running com.google.gson.OverrideCoreTypeAdaptersTest
Tests run: 3, Failures: 0, Errors: 0, Skipped: 0, Time elapsed: 0.008 sec

Results :

Tests run: 1064, Failures: 0, Errors: 0, Skipped: 1

[[1;34mINFO[m] [1m------------------------------------------------------------------------[m
[[1;34mINFO[m] [1;32mBUILD SUCCESS[m
[[1;34mINFO[m] [1m------------------------------------------------------------------------[m
[[1;34mINFO[m] Total time:  31.048 s
[[1;34mINFO[m] Finished at: 2021-09-24T14:56:11+02:00
[[1;34mINFO[m] [1m------------------------------------------------------------------------[m
Reading Clover data /tmp/v1/gson/target/clover
Writing HTML report to '/tmp/v1/gson/target/clover/report'
ERROR: Invalid Java source found or Clover failed to parse it: /tmp/v1/gson/src/main/java/com/google/gson/internal/$Gson$Types.java
ERROR: Invalid Java source found or Clover failed to parse it: /tmp/v1/gson/src/main/java/com/google/gson/internal/LinkedHashTreeMap.java
ERROR: Invalid Java source found or Clover failed to parse it: /tmp/v1/gson/src/main/java/com/google/gson/internal/LinkedTreeMap.java
ERROR: Invalid Java source found or Clover failed to parse it: /tmp/v1/gson/src/main/java/com/google/gson/internal/bind/CollectionTypeAdapterFactory.java
ERROR: Invalid Java source found or Clover failed to parse it: /tmp/v1/gson/src/main/java/com/google/gson/internal/bind/MapTypeAdapterFactory.java
ERROR: Invalid Java source found or Clover failed to parse it: /tmp/v1/gson/src/main/java/com/google/gson/internal/bind/ReflectiveTypeAdapterFactory.java
ERROR: Invalid Java source found or Clover failed to parse it: /tmp/v1/gson/src/main/java/com/google/gson/internal/bind/TreeTypeAdapter.java
ERROR: Invalid Java source found or Clover failed to parse it: /tmp/v1/gson/src/main/java/com/google/gson/internal/bind/TypeAdapters.java
ERROR: Invalid Java source found or Clover failed to parse it: /tmp/v1/gson/src/test/java/com/google/gson/stream/JsonReaderPathTest.java
ERROR: Invalid Java source found or Clover failed to parse it: /tmp/v1/gson/src/test/java/com/google/gson/stream/JsonReaderTest.java
ERROR: Invalid Java source found or Clover failed to parse it: /tmp/v1/gson/src/main/java/com/google/gson/Gson.java
ERROR: Invalid Java source found or Clover failed to parse it: /tmp/v1/gson/src/test/java/com/google/gson/GsonTypeAdapterTest.java
ERROR: Invalid Java source found or Clover failed to parse it: /tmp/v1/gson/src/test/java/com/google/gson/MixedStreamTest.java
ERROR: Invalid Java source found or Clover failed to parse it: /tmp/v1/gson/src/test/java/com/google/gson/ParameterizedTypeFixtures.java
ERROR: Invalid Java source found or Clover failed to parse it: /tmp/v1/gson/src/test/java/com/google/gson/regression/JsonAdapterNullSafeTest.java
ERROR: Invalid Java source found or Clover failed to parse it: /tmp/v1/gson/src/test/java/com/google/gson/functional/CollectionTest.java
ERROR: Invalid Java source found or Clover failed to parse it: /tmp/v1/gson/src/test/java/com/google/gson/functional/ConcurrencyTest.java
ERROR: Invalid Java source found or Clover failed to parse it: /tmp/v1/gson/src/test/java/com/google/gson/functional/CustomDeserializerTest.java
ERROR: Invalid Java source found or Clover failed to parse it: /tmp/v1/gson/src/test/java/com/google/gson/functional/CustomTypeAdaptersTest.java
ERROR: Invalid Java source found or Clover failed to parse it: /tmp/v1/gson/src/test/java/com/google/gson/functional/DefaultTypeAdaptersTest.java
ERROR: Invalid Java source found or Clover failed to parse it: /tmp/v1/gson/src/test/java/com/google/gson/functional/DelegateTypeAdapterTest.java
ERROR: Invalid Java source found or Clover failed to parse it: /tmp/v1/gson/src/test/java/com/google/gson/functional/EnumTest.java
ERROR: Invalid Java source found or Clover failed to parse it: /tmp/v1/gson/src/test/java/com/google/gson/functional/ExclusionStrategyFunctionalTest.java
ERROR: Invalid Java source found or Clover failed to parse it: /tmp/v1/gson/src/test/java/com/google/gson/functional/ExposeFieldsTest.java
ERROR: Invalid Java source found or Clover failed to parse it: /tmp/v1/gson/src/test/java/com/google/gson/functional/FieldExclusionTest.java
ERROR: Invalid Java source found or Clover failed to parse it: /tmp/v1/gson/src/test/java/com/google/gson/functional/InheritanceTest.java
ERROR: Invalid Java source found or Clover failed to parse it: /tmp/v1/gson/src/test/java/com/google/gson/functional/InterfaceTest.java
ERROR: Invalid Java source found or Clover failed to parse it: /tmp/v1/gson/src/test/java/com/google/gson/functional/JsonAdapterAnnotationOnClassesTest.java
ERROR: Invalid Java source found or Clover failed to parse it: /tmp/v1/gson/src/test/java/com/google/gson/functional/JsonAdapterAnnotationOnFieldsTest.java
ERROR: Invalid Java source found or Clover failed to parse it: /tmp/v1/gson/src/test/java/com/google/gson/functional/JsonAdapterSerializerDeserializerTest.java
ERROR: Invalid Java source found or Clover failed to parse it: /tmp/v1/gson/src/test/java/com/google/gson/functional/JsonTreeTest.java
ERROR: Invalid Java source found or Clover failed to parse it: /tmp/v1/gson/src/test/java/com/google/gson/functional/MapAsArrayTypeAdapterTest.java
ERROR: Invalid Java source found or Clover failed to parse it: /tmp/v1/gson/src/test/java/com/google/gson/functional/MapTest.java
ERROR: Invalid Java source found or Clover failed to parse it: /tmp/v1/gson/src/test/java/com/google/gson/functional/MoreSpecificTypeSerializationTest.java
ERROR: Invalid Java source found or Clover failed to parse it: /tmp/v1/gson/src/test/java/com/google/gson/functional/NamingPolicyTest.java
ERROR: Invalid Java source found or Clover failed to parse it: /tmp/v1/gson/src/test/java/com/google/gson/functional/NullObjectAndFieldTest.java
ERROR: Invalid Java source found or Clover failed to parse it: /tmp/v1/gson/src/test/java/com/google/gson/functional/ObjectTest.java
ERROR: Invalid Java source found or Clover failed to parse it: /tmp/v1/gson/src/test/java/com/google/gson/functional/ParameterizedTypesTest.java
ERROR: Invalid Java source found or Clover failed to parse it: /tmp/v1/gson/src/test/java/com/google/gson/functional/RawSerializationTest.java
ERROR: Invalid Java source found or Clover failed to parse it: /tmp/v1/gson/src/test/java/com/google/gson/functional/RuntimeTypeAdapterFactoryFunctionalTest.java
ERROR: Invalid Java source found or Clover failed to parse it: /tmp/v1/gson/src/test/java/com/google/gson/functional/SerializedNameTest.java
ERROR: Invalid Java source found or Clover failed to parse it: /tmp/v1/gson/src/test/java/com/google/gson/functional/StreamingTypeAdaptersTest.java
ERROR: Invalid Java source found or Clover failed to parse it: /tmp/v1/gson/src/test/java/com/google/gson/functional/TreeTypeAdaptersTest.java
ERROR: Invalid Java source found or Clover failed to parse it: /tmp/v1/gson/src/test/java/com/google/gson/functional/TypeAdapterPrecedenceTest.java
ERROR: Invalid Java source found or Clover failed to parse it: /tmp/v1/gson/src/test/java/com/google/gson/functional/TypeHierarchyAdapterTest.java
ERROR: Invalid Java source found or Clover failed to parse it: /tmp/v1/gson/src/test/java/com/google/gson/functional/TypeVariableTest.java
ERROR: Invalid Java source found or Clover failed to parse it: /tmp/v1/gson/src/test/java/com/google/gson/functional/UncategorizedTest.java
ERROR: Invalid Java source found or Clover failed to parse it: /tmp/v1/gson/src/test/java/com/google/gson/common/TestTypes.java
Done. Processed 12 packages in 13161ms (1096ms per package).
[[1;34mINFO[m] Computing coverage for /tmp/v2/gson/
[WARN] Maven will be executed in interactive mode, but no input stream has been configured for this MavenInvoker instance.
WARNING: An illegal reflective access operation has occurred
WARNING: Illegal reflective access by com.google.inject.internal.cglib.core.$ReflectUtils$1 (file:/usr/share/maven/lib/guice.jar) to method java.lang.ClassLoader.defineClass(java.lang.String,byte[],int,int,java.security.ProtectionDomain)
WARNING: Please consider reporting this to the maintainers of com.google.inject.internal.cglib.core.$ReflectUtils$1
WARNING: Use --illegal-access=warn to enable warnings of further illegal reflective access operations
WARNING: All illegal access operations will be denied in a future release
[[1;34mINFO[m] Scanning for projects...
[[1;33mWARNING[m] 
[[1;33mWARNING[m] Some problems were encountered while building the effective model for com.google.code.gson:gson:jar:2.8.8-SNAPSHOT
[[1;33mWARNING[m] 'build.plugins.plugin.version' for org.apache.maven.plugins:maven-jar-plugin is missing. @ com.google.code.gson:gson:[unknown-version], /tmp/v2/gson/pom.xml, line 52, column 15
[[1;33mWARNING[m] 'build.plugins.plugin.version' for com.github.wvengen:proguard-maven-plugin is missing. @ com.google.code.gson:gson:[unknown-version], /tmp/v2/gson/pom.xml, line 104, column 15
[[1;33mWARNING[m] 
[[1;33mWARNING[m] It is highly recommended to fix these problems because they threaten the stability of your build.
[[1;33mWARNING[m] 
[[1;33mWARNING[m] For this reason, future Maven versions might no longer support building such malformed projects.
[[1;33mWARNING[m] 
[[1;34mINFO[m] 
[[1;34mINFO[m] [1m---------------------< [0;36mcom.google.code.gson:gson[0;1m >----------------------[m
[[1;34mINFO[m] [1mBuilding Gson 2.8.8-SNAPSHOT[m
[[1;34mINFO[m] [1m--------------------------------[ jar ]---------------------------------[m
[[1;34mINFO[m] 
[[1;34mINFO[m] [1m--- [0;32mmaven-clean-plugin:2.5:clean[m [1m(default-clean)[m @ [36mgson[0;1m ---[m
[[1;34mINFO[m] Deleting /tmp/v2/gson/target
[[1;34mINFO[m] 
[[1;34mINFO[m] [1m--- [0;32mclover-maven-plugin:4.4.1:setup[m [1m(default-cli)[m @ [36mgson[0;1m ---[m
[[1;34mINFO[m] OpenClover Version 4.4.1, built on October 11 2019 (build-1020)
[[1;34mINFO[m] Creating new database at '/tmp/v2/gson/target/clover/clover.db'.
[[1;34mINFO[m] Processing files at 1.9 source level.
[[1;34mINFO[m] Clover all over. Instrumented 72 files (8 packages).
[[1;34mINFO[m] OpenClover Version 4.4.1, built on October 11 2019 (build-1020)
[[1;34mINFO[m] Updating existing database at '/tmp/v2/gson/target/clover/clover.db'.
[[1;34mINFO[m] Processing files at 1.9 source level.
[[1;34mINFO[m] Clover all over. Instrumented 104 files (11 packages).
[[1;34mINFO[m] 1057 test methods detected.
[[1;34mINFO[m] 
[[1;34mINFO[m] [1m--- [0;32mmaven-enforcer-plugin:1.0:enforce[m [1m(enforce-maven)[m @ [36mgson[0;1m ---[m
[[1;34mINFO[m] Skipping Rule Enforcement.
[[1;34mINFO[m] 
[[1;34mINFO[m] [1m--- [0;32mtemplating-maven-plugin:1.0.0:filter-sources[m [1m(filtering-java-templates)[m @ [36mgson[0;1m ---[m
[[1;34mINFO[m] Coping files with filtering to temporary directory.
[[1;34mINFO[m] Using 'UTF-8' encoding to copy filtered resources.
[[1;34mINFO[m] Copying 1 resource
[[1;34mINFO[m] Copied 1 files to output directory: /tmp/v2/gson/target/generated-sources/java-templates
[[1;34mINFO[m] Source directory: /tmp/v2/gson/target/generated-sources/java-templates added.
[[1;34mINFO[m] 
[[1;34mINFO[m] [1m--- [0;32mmaven-resources-plugin:3.2.0:resources[m [1m(default-resources)[m @ [36mgson[0;1m ---[m
[[1;34mINFO[m] Using 'UTF-8' encoding to copy filtered resources.
[[1;34mINFO[m] Using 'UTF-8' encoding to copy filtered properties files.
[[1;34mINFO[m] skip non existing resourceDirectory /tmp/v2/gson/src/main/resources
[[1;34mINFO[m] Copying 1 resource
[[1;34mINFO[m] 
[[1;34mINFO[m] [1m--- [0;32mmaven-compiler-plugin:3.8.1:compile[m [1m(default-compile)[m @ [36mgson[0;1m ---[m
[[1;34mINFO[m] Changes detected - recompiling the module!
[[1;34mINFO[m] Compiling 73 source files to /tmp/v2/gson/target/classes
[[1;34mINFO[m] /tmp/v2/gson/target/clover/src-instrumented/com/google/gson/JsonArray.java: Some input files use or override a deprecated API.
[[1;34mINFO[m] /tmp/v2/gson/target/clover/src-instrumented/com/google/gson/JsonArray.java: Recompile with -Xlint:deprecation for details.
[[1;34mINFO[m] 
[[1;34mINFO[m] [1m--- [0;32mmaven-compiler-plugin:3.8.1:compile[m [1m(base-compile)[m @ [36mgson[0;1m ---[m
[[1;34mINFO[m] Changes detected - recompiling the module!
[[1;34mINFO[m] Compiling 73 source files to /tmp/v2/gson/target/classes
[[1;34mINFO[m] /tmp/v2/gson/target/clover/src-instrumented/com/google/gson/JsonArray.java: Some input files use or override a deprecated API.
[[1;34mINFO[m] /tmp/v2/gson/target/clover/src-instrumented/com/google/gson/JsonArray.java: Recompile with -Xlint:deprecation for details.
[[1;34mINFO[m] 
[[1;34mINFO[m] [1m--- [0;32mbnd-maven-plugin:5.3.0:bnd-process[m [1m(default)[m @ [36mgson[0;1m ---[m
[[1;33mWARNING[m] /tmp/v2/gson/bnd.bnd [0:0]: Export com.google.gson,  has 1,  private references [com.google.gson.internal]
[[1;34mINFO[m] 
[[1;34mINFO[m] [1m--- [0;32mmaven-resources-plugin:3.2.0:testResources[m [1m(default-testResources)[m @ [36mgson[0;1m ---[m
[[1;34mINFO[m] Using 'UTF-8' encoding to copy filtered resources.
[[1;34mINFO[m] Using 'UTF-8' encoding to copy filtered properties files.
[[1;34mINFO[m] Copying 1 resource
[[1;34mINFO[m] 
[[1;34mINFO[m] [1m--- [0;32mmaven-compiler-plugin:3.8.1:testCompile[m [1m(default-testCompile)[m @ [36mgson[0;1m ---[m
[[1;34mINFO[m] Changes detected - recompiling the module!
[[1;34mINFO[m] Compiling 104 source files to /tmp/v2/gson/target/test-classes
[[1;34mINFO[m] /tmp/v2/gson/target/clover/src-test-instrumented/com/google/gson/internal/bind/util/ISO8601UtilsTest.java: Some input files use or override a deprecated API.
[[1;34mINFO[m] /tmp/v2/gson/target/clover/src-test-instrumented/com/google/gson/internal/bind/util/ISO8601UtilsTest.java: Recompile with -Xlint:deprecation for details.
[[1;34mINFO[m] /tmp/v2/gson/target/clover/src-test-instrumented/com/google/gson/functional/ParameterizedTypesTest.java: Some input files use unchecked or unsafe operations.
[[1;34mINFO[m] /tmp/v2/gson/target/clover/src-test-instrumented/com/google/gson/functional/ParameterizedTypesTest.java: Recompile with -Xlint:unchecked for details.
[[1;34mINFO[m] 
[[1;34mINFO[m] [1m--- [0;32mcopy-rename-maven-plugin:1.0.1:rename[m [1m(pre-obfuscate-class)[m @ [36mgson[0;1m ---[m
[[1;34mINFO[m] Renamed /tmp/v2/gson/target/test-classes/com/google/gson/functional/EnumWithObfuscatedTest.class to /tmp/v2/gson/target/test-classes-obfuscated-injar/com/google/gson/functional/EnumWithObfuscatedTest.class
[[1;34mINFO[m] Renamed /tmp/v2/gson/target/test-classes/com/google/gson/functional/EnumWithObfuscatedTest$Gender.class to /tmp/v2/gson/target/test-classes-obfuscated-injar/com/google/gson/functional/EnumWithObfuscatedTest$Gender.class
[[1;34mINFO[m] 
[[1;34mINFO[m] [1m--- [0;32mproguard-maven-plugin:2.4.0:proguard[m [1m(default)[m @ [36mgson[0;1m ---[m
[[1;34mINFO[m] Bypass ProGuard processing because "proguard.skip=true"
[[1;34mINFO[m] 
[[1;34mINFO[m] [1m--- [0;32mmaven-resources-plugin:3.2.0:copy-resources[m [1m(post-obfuscate-class)[m @ [36mgson[0;1m ---[m
[[1;34mINFO[m] Using 'UTF-8' encoding to copy filtered resources.
[[1;34mINFO[m] Using 'UTF-8' encoding to copy filtered properties files.
[[1;34mINFO[m] skip non existing resourceDirectory /tmp/v2/gson/target/test-classes-obfuscated-outjar/com/google/gson/functional
[[1;34mINFO[m] 
[[1;34mINFO[m] [1m--- [0;32mmaven-surefire-plugin:2.12.4:test[m [1m(default-test)[m @ [36mgson[0;1m ---[m
[[1;34mINFO[m] Surefire report directory: /tmp/v2/gson/target/surefire-reports

-------------------------------------------------------
 T E S T S
-------------------------------------------------------
Running com.google.gson.DefaultDateTypeAdapterTest
Tests run: 11, Failures: 0, Errors: 0, Skipped: 0, Time elapsed: 0.66 sec
Running com.google.gson.InnerClassExclusionStrategyTest
Tests run: 4, Failures: 0, Errors: 0, Skipped: 0, Time elapsed: 0.033 sec
Running com.google.gson.GsonTypeAdapterTest
Tests run: 5, Failures: 0, Errors: 0, Skipped: 0, Time elapsed: 0.147 sec
Running com.google.gson.internal.LinkedHashTreeMapTest
Tests run: 15, Failures: 0, Errors: 0, Skipped: 0, Time elapsed: 0.111 sec
Running com.google.gson.internal.GsonBuildConfigTest
Tests run: 1, Failures: 0, Errors: 0, Skipped: 0, Time elapsed: 0.05 sec
Running com.google.gson.internal.LazilyParsedNumberTest
Tests run: 2, Failures: 0, Errors: 0, Skipped: 0, Time elapsed: 0.012 sec
Running com.google.gson.internal.reflect.UnsafeReflectionAccessorTest
Tests run: 2, Failures: 0, Errors: 0, Skipped: 0, Time elapsed: 0.067 sec
Running com.google.gson.internal.UnsafeAllocatorInstantiationTest
Tests run: 3, Failures: 0, Errors: 0, Skipped: 0, Time elapsed: 0.016 sec
Running com.google.gson.internal.GsonTypesTest
Tests run: 2, Failures: 0, Errors: 0, Skipped: 0, Time elapsed: 0.018 sec
Running com.google.gson.internal.JavaVersionTest
Tests run: 7, Failures: 0, Errors: 0, Skipped: 0, Time elapsed: 0.03 sec
Running com.google.gson.internal.bind.util.ISO8601UtilsTest
Tests run: 7, Failures: 0, Errors: 0, Skipped: 0, Time elapsed: 0.073 sec
Running com.google.gson.internal.bind.RecursiveTypesResolveTest
Tests run: 9, Failures: 0, Errors: 0, Skipped: 0, Time elapsed: 0.099 sec
Running com.google.gson.internal.bind.JsonTreeWriterTest
Tests run: 17, Failures: 0, Errors: 0, Skipped: 0, Time elapsed: 0.079 sec
Running com.google.gson.internal.bind.JsonElementReaderTest
Tests run: 17, Failures: 0, Errors: 0, Skipped: 0, Time elapsed: 0.051 sec
Running com.google.gson.internal.bind.JsonTreeReaderTest
Tests run: 2, Failures: 0, Errors: 0, Skipped: 0, Time elapsed: 0.012 sec
Running com.google.gson.internal.LinkedTreeMapTest
Tests run: 11, Failures: 0, Errors: 0, Skipped: 0, Time elapsed: 0.094 sec
Running com.google.gson.ParameterizedTypeTest
Tests run: 2, Failures: 0, Errors: 0, Skipped: 0, Time elapsed: 0.016 sec
Running com.google.gson.GsonBuilderTest
Tests run: 4, Failures: 0, Errors: 0, Skipped: 0, Time elapsed: 0.029 sec
Running com.google.gson.reflect.TypeTokenTest
Tests run: 6, Failures: 0, Errors: 0, Skipped: 0, Time elapsed: 0.02 sec
Running com.google.gson.DefaultInetAddressTypeAdapterTest
Tests run: 1, Failures: 0, Errors: 0, Skipped: 0, Time elapsed: 0.014 sec
Running com.google.gson.ExposeAnnotationExclusionStrategyTest
Tests run: 6, Failures: 0, Errors: 0, Skipped: 0, Time elapsed: 0.024 sec
Running com.google.gson.FieldAttributesTest
Tests run: 6, Failures: 0, Errors: 0, Skipped: 0, Time elapsed: 0.033 sec
Running com.google.gson.CommentsTest
Tests run: 1, Failures: 0, Errors: 0, Skipped: 0, Time elapsed: 0.012 sec
Running com.google.gson.regression.JsonAdapterNullSafeTest
Tests run: 2, Failures: 0, Errors: 0, Skipped: 0, Time elapsed: 0.016 sec
Running com.google.gson.JsonNullTest
Tests run: 2, Failures: 0, Errors: 0, Skipped: 0, Time elapsed: 0.013 sec
Running com.google.gson.JsonObjectTest
Tests run: 14, Failures: 0, Errors: 0, Skipped: 0, Time elapsed: 0.034 sec
Running com.google.gson.stream.JsonReaderPathTest
Tests run: 20, Failures: 0, Errors: 0, Skipped: 1, Time elapsed: 0.122 sec
Running com.google.gson.stream.JsonWriterTest
Tests run: 39, Failures: 0, Errors: 0, Skipped: 0, Time elapsed: 0.112 sec
Running com.google.gson.stream.JsonReaderTest
Tests run: 120, Failures: 0, Errors: 0, Skipped: 0, Time elapsed: 0.305 sec
Running com.google.gson.metrics.PerformanceTest
Tests run: 1, Failures: 0, Errors: 0, Skipped: 0, Time elapsed: 0.006 sec
Running com.google.gson.MixedStreamTest
Tests run: 12, Failures: 0, Errors: 0, Skipped: 0, Time elapsed: 0.039 sec
Running com.google.gson.DefaultMapJsonSerializerTest
Tests run: 3, Failures: 0, Errors: 0, Skipped: 0, Time elapsed: 0.013 sec
Running com.google.gson.VersionExclusionStrategyTest
Tests run: 3, Failures: 0, Errors: 0, Skipped: 0, Time elapsed: 0.02 sec
Running com.google.gson.functional.InternationalizationTest
Tests run: 4, Failures: 0, Errors: 0, Skipped: 0, Time elapsed: 0.012 sec
Running com.google.gson.functional.JsonAdapterAnnotationOnFieldsTest
Tests run: 10, Failures: 0, Errors: 0, Skipped: 0, Time elapsed: 0.049 sec
Running com.google.gson.functional.SecurityTest
Tests run: 5, Failures: 0, Errors: 0, Skipped: 0, Time elapsed: 0.018 sec
Running com.google.gson.functional.EnumTest
Tests run: 12, Failures: 0, Errors: 0, Skipped: 0, Time elapsed: 0.048 sec
Running com.google.gson.functional.ObjectTest
Tests run: 44, Failures: 0, Errors: 0, Skipped: 0, Time elapsed: 0.144 sec
Running com.google.gson.functional.RuntimeTypeAdapterFactoryFunctionalTest
Tests run: 1, Failures: 0, Errors: 0, Skipped: 0, Time elapsed: 0.014 sec
Running com.google.gson.functional.FieldExclusionTest
Tests run: 3, Failures: 0, Errors: 0, Skipped: 0, Time elapsed: 0.01 sec
Running com.google.gson.functional.ExposeFieldsTest
Tests run: 8, Failures: 0, Errors: 0, Skipped: 0, Time elapsed: 0.017 sec
Running com.google.gson.functional.SerializedNameTest
Tests run: 3, Failures: 0, Errors: 0, Skipped: 0, Time elapsed: 0.015 sec
Running com.google.gson.functional.GsonVersionDiagnosticsTest
Tests run: 3, Failures: 0, Errors: 0, Skipped: 0, Time elapsed: 0.01 sec
Running com.google.gson.functional.ThrowableFunctionalTest
Tests run: 5, Failures: 0, Errors: 0, Skipped: 0, Time elapsed: 0.025 sec
Running com.google.gson.functional.ParameterizedTypesTest
Tests run: 17, Failures: 0, Errors: 0, Skipped: 0, Time elapsed: 0.08 sec
Running com.google.gson.functional.PrettyPrintingTest
Tests run: 8, Failures: 0, Errors: 0, Skipped: 0, Time elapsed: 0.024 sec
Running com.google.gson.functional.CustomTypeAdaptersTest
Tests run: 19, Failures: 0, Errors: 0, Skipped: 0, Time elapsed: 0.06 sec
Running com.google.gson.functional.ReadersWritersTest
Tests run: 10, Failures: 0, Errors: 0, Skipped: 0, Time elapsed: 0.021 sec
Running com.google.gson.functional.CircularReferenceTest
Tests run: 6, Failures: 0, Errors: 0, Skipped: 0, Time elapsed: 0.078 sec
Running com.google.gson.functional.JsonAdapterSerializerDeserializerTest
Tests run: 3, Failures: 0, Errors: 0, Skipped: 0, Time elapsed: 0.016 sec
Running com.google.gson.functional.LeniencyTest
Tests run: 1, Failures: 0, Errors: 0, Skipped: 0, Time elapsed: 0.002 sec
Running com.google.gson.functional.RawSerializationTest
Tests run: 5, Failures: 0, Errors: 0, Skipped: 0, Time elapsed: 0.018 sec
Running com.google.gson.functional.CustomDeserializerTest
Tests run: 7, Failures: 0, Errors: 0, Skipped: 0, Time elapsed: 0.023 sec
Running com.google.gson.functional.TypeAdapterPrecedenceTest
Tests run: 8, Failures: 0, Errors: 0, Skipped: 0, Time elapsed: 0.016 sec
Running com.google.gson.functional.MoreSpecificTypeSerializationTest
Tests run: 6, Failures: 0, Errors: 0, Skipped: 0, Time elapsed: 0.031 sec
Running com.google.gson.functional.InterfaceTest
Tests run: 2, Failures: 0, Errors: 0, Skipped: 0, Time elapsed: 0.01 sec
Running com.google.gson.functional.TypeVariableTest
Tests run: 3, Failures: 0, Errors: 0, Skipped: 0, Time elapsed: 0.017 sec
Running com.google.gson.functional.ExclusionStrategyFunctionalTest
Tests run: 9, Failures: 0, Errors: 0, Skipped: 0, Time elapsed: 0.051 sec
Running com.google.gson.functional.DefaultTypeAdaptersTest
Tests run: 65, Failures: 0, Errors: 0, Skipped: 0, Time elapsed: 0.217 sec
Running com.google.gson.functional.NullObjectAndFieldTest
Tests run: 16, Failures: 0, Errors: 0, Skipped: 0, Time elapsed: 0.056 sec
Running com.google.gson.functional.MapAsArrayTypeAdapterTest
Tests run: 5, Failures: 0, Errors: 0, Skipped: 0, Time elapsed: 0.028 sec
Running com.google.gson.functional.InstanceCreatorTest
Tests run: 5, Failures: 0, Errors: 0, Skipped: 0, Time elapsed: 0.028 sec
Running com.google.gson.functional.PrimitiveCharacterTest
Tests run: 2, Failures: 0, Errors: 0, Skipped: 0, Time elapsed: 0.016 sec
Running com.google.gson.functional.MapTest
Tests run: 48, Failures: 0, Errors: 0, Skipped: 0, Time elapsed: 0.195 sec
Running com.google.gson.functional.FieldNamingTest
Tests run: 5, Failures: 0, Errors: 0, Skipped: 0, Time elapsed: 0.023 sec
Running com.google.gson.functional.VersioningTest
Tests run: 10, Failures: 0, Errors: 0, Skipped: 0, Time elapsed: 0.045 sec
Running com.google.gson.functional.DelegateTypeAdapterTest
Tests run: 2, Failures: 0, Errors: 0, Skipped: 0, Time elapsed: 0.016 sec
Running com.google.gson.functional.InheritanceTest
Tests run: 13, Failures: 0, Errors: 0, Skipped: 0, Time elapsed: 0.047 sec
Running com.google.gson.functional.TypeHierarchyAdapterTest
Tests run: 3, Failures: 0, Errors: 0, Skipped: 0, Time elapsed: 0.027 sec
Running com.google.gson.functional.CustomSerializerTest
Tests run: 5, Failures: 0, Errors: 0, Skipped: 0, Time elapsed: 0.018 sec
Running com.google.gson.functional.StreamingTypeAdaptersTest
Tests run: 17, Failures: 0, Errors: 0, Skipped: 0, Time elapsed: 0.081 sec
Running com.google.gson.functional.EscapingTest
Tests run: 5, Failures: 0, Errors: 0, Skipped: 0, Time elapsed: 0.019 sec
Running com.google.gson.functional.CollectionTest
Tests run: 29, Failures: 0, Errors: 0, Skipped: 0, Time elapsed: 0.105 sec
Running com.google.gson.functional.JsonTreeTest
Tests run: 4, Failures: 0, Errors: 0, Skipped: 0, Time elapsed: 0.021 sec
Running com.google.gson.functional.ArrayTest
Tests run: 26, Failures: 0, Errors: 0, Skipped: 0, Time elapsed: 0.064 sec
Running com.google.gson.functional.PrintFormattingTest
Tests run: 3, Failures: 0, Errors: 0, Skipped: 0, Time elapsed: 0.012 sec
Running com.google.gson.functional.StringTest
Tests run: 18, Failures: 0, Errors: 0, Skipped: 0, Time elapsed: 0.035 sec
Running com.google.gson.functional.JavaUtilConcurrentAtomicTest
Tests run: 7, Failures: 0, Errors: 0, Skipped: 0, Time elapsed: 0.03 sec
Running com.google.gson.functional.UncategorizedTest
Tests run: 6, Failures: 0, Errors: 0, Skipped: 0, Time elapsed: 0.024 sec
Running com.google.gson.functional.ReusedTypeVariablesFullyResolveTest
Tests run: 1, Failures: 0, Errors: 0, Skipped: 0, Time elapsed: 0.006 sec
Running com.google.gson.functional.JsonArrayTest
Tests run: 8, Failures: 0, Errors: 0, Skipped: 0, Time elapsed: 0.022 sec
Running com.google.gson.functional.JsonParserTest
Tests run: 8, Failures: 0, Errors: 0, Skipped: 0, Time elapsed: 0.024 sec
Running com.google.gson.functional.JsonAdapterAnnotationOnClassesTest
Tests run: 9, Failures: 0, Errors: 0, Skipped: 0, Time elapsed: 0.036 sec
Running com.google.gson.functional.NamingPolicyTest
Tests run: 16, Failures: 0, Errors: 0, Skipped: 0, Time elapsed: 0.034 sec
Running com.google.gson.functional.ConcurrencyTest
Tests run: 4, Failures: 0, Errors: 0, Skipped: 0, Time elapsed: 0.095 sec
Running com.google.gson.functional.PrimitiveTest
Tests run: 99, Failures: 0, Errors: 0, Skipped: 0, Time elapsed: 0.118 sec
Running com.google.gson.functional.TreeTypeAdaptersTest
Tests run: 2, Failures: 0, Errors: 0, Skipped: 0, Time elapsed: 0.012 sec
Running com.google.gson.functional.JavaUtilTest
Tests run: 2, Failures: 0, Errors: 0, Skipped: 0, Time elapsed: 0.008 sec
Running com.google.gson.ObjectTypeAdapterTest
Tests run: 5, Failures: 0, Errors: 0, Skipped: 0, Time elapsed: 0.006 sec
Running com.google.gson.JsonStreamParserTest
Tests run: 4, Failures: 0, Errors: 0, Skipped: 0, Time elapsed: 0.008 sec
Running com.google.gson.JavaSerializationTest
Tests run: 3, Failures: 0, Errors: 0, Skipped: 0, Time elapsed: 0.052 sec
Running com.google.gson.GenericArrayTypeTest
Tests run: 2, Failures: 0, Errors: 0, Skipped: 0, Time elapsed: 0.005 sec
Running com.google.gson.GsonTest
Tests run: 2, Failures: 0, Errors: 0, Skipped: 0, Time elapsed: 0.003 sec
Running com.google.gson.JsonArrayTest
Tests run: 6, Failures: 0, Errors: 0, Skipped: 0, Time elapsed: 0.012 sec
Running com.google.gson.JsonParserTest
Tests run: 10, Failures: 0, Errors: 0, Skipped: 0, Time elapsed: 0.023 sec
Running com.google.gson.JsonPrimitiveTest
Tests run: 25, Failures: 0, Errors: 0, Skipped: 0, Time elapsed: 0.036 sec
Running com.google.gson.LongSerializationPolicyTest
Tests run: 4, Failures: 0, Errors: 0, Skipped: 0, Time elapsed: 0.011 sec
Running com.google.gson.OverrideCoreTypeAdaptersTest
Tests run: 3, Failures: 0, Errors: 0, Skipped: 0, Time elapsed: 0.019 sec

Results :

Tests run: 1066, Failures: 0, Errors: 0, Skipped: 1

[[1;34mINFO[m] [1m------------------------------------------------------------------------[m
[[1;34mINFO[m] [1;32mBUILD SUCCESS[m
[[1;34mINFO[m] [1m------------------------------------------------------------------------[m
[[1;34mINFO[m] Total time:  31.714 s
[[1;34mINFO[m] Finished at: 2021-09-24T14:57:01+02:00
[[1;34mINFO[m] [1m------------------------------------------------------------------------[m
Reading Clover data /tmp/v2/gson/target/clover
Writing HTML report to '/tmp/v2/gson/target/clover/report'
ERROR: Invalid Java source found or Clover failed to parse it: /tmp/v2/gson/src/main/java/com/google/gson/internal/$Gson$Types.java
ERROR: Invalid Java source found or Clover failed to parse it: /tmp/v2/gson/src/main/java/com/google/gson/internal/LinkedHashTreeMap.java
ERROR: Invalid Java source found or Clover failed to parse it: /tmp/v2/gson/src/main/java/com/google/gson/internal/LinkedTreeMap.java
ERROR: Invalid Java source found or Clover failed to parse it: /tmp/v2/gson/src/main/java/com/google/gson/internal/bind/CollectionTypeAdapterFactory.java
ERROR: Invalid Java source found or Clover failed to parse it: /tmp/v2/gson/src/main/java/com/google/gson/internal/bind/MapTypeAdapterFactory.java
ERROR: Invalid Java source found or Clover failed to parse it: /tmp/v2/gson/src/main/java/com/google/gson/internal/bind/ReflectiveTypeAdapterFactory.java
ERROR: Invalid Java source found or Clover failed to parse it: /tmp/v2/gson/src/main/java/com/google/gson/internal/bind/TreeTypeAdapter.java
ERROR: Invalid Java source found or Clover failed to parse it: /tmp/v2/gson/src/main/java/com/google/gson/internal/bind/TypeAdapters.java
ERROR: Invalid Java source found or Clover failed to parse it: /tmp/v2/gson/src/test/java/com/google/gson/stream/JsonReaderPathTest.java
ERROR: Invalid Java source found or Clover failed to parse it: /tmp/v2/gson/src/main/java/com/google/gson/Gson.java
ERROR: Invalid Java source found or Clover failed to parse it: /tmp/v2/gson/src/test/java/com/google/gson/GsonTypeAdapterTest.java
ERROR: Invalid Java source found or Clover failed to parse it: /tmp/v2/gson/src/test/java/com/google/gson/MixedStreamTest.java
ERROR: Invalid Java source found or Clover failed to parse it: /tmp/v2/gson/src/test/java/com/google/gson/ParameterizedTypeFixtures.java
ERROR: Invalid Java source found or Clover failed to parse it: /tmp/v2/gson/src/test/java/com/google/gson/regression/JsonAdapterNullSafeTest.java
ERROR: Invalid Java source found or Clover failed to parse it: /tmp/v2/gson/src/test/java/com/google/gson/functional/CollectionTest.java
ERROR: Invalid Java source found or Clover failed to parse it: /tmp/v2/gson/src/test/java/com/google/gson/functional/ConcurrencyTest.java
ERROR: Invalid Java source found or Clover failed to parse it: /tmp/v2/gson/src/test/java/com/google/gson/functional/CustomDeserializerTest.java
ERROR: Invalid Java source found or Clover failed to parse it: /tmp/v2/gson/src/test/java/com/google/gson/functional/CustomTypeAdaptersTest.java
ERROR: Invalid Java source found or Clover failed to parse it: /tmp/v2/gson/src/test/java/com/google/gson/functional/DefaultTypeAdaptersTest.java
ERROR: Invalid Java source found or Clover failed to parse it: /tmp/v2/gson/src/test/java/com/google/gson/functional/DelegateTypeAdapterTest.java
ERROR: Invalid Java source found or Clover failed to parse it: /tmp/v2/gson/src/test/java/com/google/gson/functional/EnumTest.java
ERROR: Invalid Java source found or Clover failed to parse it: /tmp/v2/gson/src/test/java/com/google/gson/functional/ExclusionStrategyFunctionalTest.java
ERROR: Invalid Java source found or Clover failed to parse it: /tmp/v2/gson/src/test/java/com/google/gson/functional/ExposeFieldsTest.java
ERROR: Invalid Java source found or Clover failed to parse it: /tmp/v2/gson/src/test/java/com/google/gson/functional/FieldExclusionTest.java
ERROR: Invalid Java source found or Clover failed to parse it: /tmp/v2/gson/src/test/java/com/google/gson/functional/InheritanceTest.java
ERROR: Invalid Java source found or Clover failed to parse it: /tmp/v2/gson/src/test/java/com/google/gson/functional/InterfaceTest.java
ERROR: Invalid Java source found or Clover failed to parse it: /tmp/v2/gson/src/test/java/com/google/gson/functional/JsonAdapterAnnotationOnClassesTest.java
ERROR: Invalid Java source found or Clover failed to parse it: /tmp/v2/gson/src/test/java/com/google/gson/functional/JsonAdapterAnnotationOnFieldsTest.java
ERROR: Invalid Java source found or Clover failed to parse it: /tmp/v2/gson/src/test/java/com/google/gson/functional/JsonAdapterSerializerDeserializerTest.java
ERROR: Invalid Java source found or Clover failed to parse it: /tmp/v2/gson/src/test/java/com/google/gson/functional/JsonTreeTest.java
ERROR: Invalid Java source found or Clover failed to parse it: /tmp/v2/gson/src/test/java/com/google/gson/functional/MapAsArrayTypeAdapterTest.java
ERROR: Invalid Java source found or Clover failed to parse it: /tmp/v2/gson/src/test/java/com/google/gson/functional/MapTest.java
ERROR: Invalid Java source found or Clover failed to parse it: /tmp/v2/gson/src/test/java/com/google/gson/functional/MoreSpecificTypeSerializationTest.java
ERROR: Invalid Java source found or Clover failed to parse it: /tmp/v2/gson/src/test/java/com/google/gson/functional/NamingPolicyTest.java
ERROR: Invalid Java source found or Clover failed to parse it: /tmp/v2/gson/src/test/java/com/google/gson/functional/NullObjectAndFieldTest.java
ERROR: Invalid Java source found or Clover failed to parse it: /tmp/v2/gson/src/test/java/com/google/gson/functional/ObjectTest.java
ERROR: Invalid Java source found or Clover failed to parse it: /tmp/v2/gson/src/test/java/com/google/gson/functional/ParameterizedTypesTest.java
ERROR: Invalid Java source found or Clover failed to parse it: /tmp/v2/gson/src/test/java/com/google/gson/functional/RawSerializationTest.java
ERROR: Invalid Java source found or Clover failed to parse it: /tmp/v2/gson/src/test/java/com/google/gson/functional/RuntimeTypeAdapterFactoryFunctionalTest.java
ERROR: Invalid Java source found or Clover failed to parse it: /tmp/v2/gson/src/test/java/com/google/gson/functional/SerializedNameTest.java
ERROR: Invalid Java source found or Clover failed to parse it: /tmp/v2/gson/src/test/java/com/google/gson/functional/StreamingTypeAdaptersTest.java
ERROR: Invalid Java source found or Clover failed to parse it: /tmp/v2/gson/src/test/java/com/google/gson/functional/TreeTypeAdaptersTest.java
ERROR: Invalid Java source found or Clover failed to parse it: /tmp/v2/gson/src/test/java/com/google/gson/functional/TypeAdapterPrecedenceTest.java
ERROR: Invalid Java source found or Clover failed to parse it: /tmp/v2/gson/src/test/java/com/google/gson/functional/TypeHierarchyAdapterTest.java
ERROR: Invalid Java source found or Clover failed to parse it: /tmp/v2/gson/src/test/java/com/google/gson/functional/TypeVariableTest.java
ERROR: Invalid Java source found or Clover failed to parse it: /tmp/v2/gson/src/test/java/com/google/gson/functional/UncategorizedTest.java
ERROR: Invalid Java source found or Clover failed to parse it: /tmp/v2/gson/src/test/java/com/google/gson/common/TestTypes.java
Done. Processed 12 packages in 8392ms (699ms per package).
[[1;34mINFO[m] /tmp/v1/gson/src/main/java/com/google/gson/internal/bind/TypeAdapters.java
[[1;34mINFO[m] /tmp/v2/gson/src/main/java/com/google/gson/internal/bind/TypeAdapters.java
[[1;34mINFO[m] com.google.gson.internal.bind.TypeAdapters:[783, 783, 806, 796, 781] are modified.
[[1;34mINFO[m] com.google.gson.internal.bind.TypeAdapters:[780, 783, 780, 783, 786, 793, 792, 783, 784, 786, 793, 782, 783, 787, 788, 788, 789] are modified.
[[1;34mINFO[m] /tmp/v1/gson/src/main/java/com/google/gson/internal/$Gson$Types.java
[[1;34mINFO[m] /tmp/v2/gson/src/main/java/com/google/gson/internal/$Gson$Types.java
[[1;34mINFO[m] com.google.gson.internal.$Gson$Types:[343, 347, 343, 365, 360, 366, 353, 373, 391, 396, 417, 423, 348, 350, 361, 369, 377, 391, 403, 408, 411, 411] are modified.
[[1;34mINFO[m] com.google.gson.internal.$Gson$Types:343 covered.
[[1;34mINFO[m] com.google.gson.internal.$Gson$Types:365 covered.
[[1;34mINFO[m] com.google.gson.internal.$Gson$Types:373 covered.
[[1;34mINFO[m] com.google.gson.internal.$Gson$Types:391 covered.
[[1;34mINFO[m] com.google.gson.internal.$Gson$Types:377 covered.
[[1;34mINFO[m] com.google.gson.internal.$Gson$Types:[348, 415, 338, 342, 348, 436, 338, 353, 437, 437, 352, 353, 347, 351, 360, 354, 347, 361, 366, 373, 355, 361, 361, 373, 363, 372, 382, 373, 382, 405, 377, 391, 405, 392, 391, 382, 396, 428, 391, 396, 428, 396, 383, 402, 418, 418, 404, 407, 424, 424, 409] are modified.
[[1;34mINFO[m] com.google.gson.internal.$Gson$Types:348 covered.
[[1;34mINFO[m] com.google.gson.internal.$Gson$Types:342 covered.
[[1;34mINFO[m] com.google.gson.internal.$Gson$Types:436 covered.
[[1;34mINFO[m] com.google.gson.internal.$Gson$Types:353 covered.
[[1;34mINFO[m] com.google.gson.internal.$Gson$Types:437 covered.
[[1;34mINFO[m] com.google.gson.internal.$Gson$Types:352 covered.
[[1;34mINFO[m] com.google.gson.internal.$Gson$Types:351 covered.
[[1;34mINFO[m] com.google.gson.internal.$Gson$Types:360 covered.
[[1;34mINFO[m] com.google.gson.internal.$Gson$Types:361 covered.
[[1;34mINFO[m] com.google.gson.internal.$Gson$Types:366 covered.
[[1;34mINFO[m] com.google.gson.internal.$Gson$Types:405 covered.
[[1;34mINFO[m] com.google.gson.internal.$Gson$Types:396 covered.
[[1;34mINFO[m] /tmp/v1/gson/src/main/java/com/google/gson/internal/reflect/UnsafeReflectionAccessor.java
[[1;34mINFO[m] /tmp/v2/gson/src/main/java/com/google/gson/internal/reflect/UnsafeReflectionAccessor.java
[[1;34mINFO[m] com.google.gson.internal.reflect.UnsafeReflectionAccessor:[83] are modified.
[[1;34mINFO[m] com.google.gson.internal.reflect.UnsafeReflectionAccessor:[83] are modified.
[[1;34mINFO[m] /tmp/v1/gson/src/test/java/com/google/gson/internal/reflect/UnsafeReflectionAccessorTest.java
[[1;34mINFO[m] /tmp/v2/gson/src/test/java/com/google/gson/internal/reflect/UnsafeReflectionAccessorTest.java
[[1;34mINFO[m] Build modified Tests /tmp/v2/gson/src/test/java/com/google/gson/internal/reflect/UnsafeReflectionAccessorTest.java
[[1;34mINFO[m] Saving result in /tmp/v1/gson/testsThatExecuteTheChange.csv ...
[[1;34mINFO[m] com.google.gson.functional.MapTest;testInterfaceTypeMap
com.google.gson.functional.CollectionTest;testCollectionOfBagOfPrimitivesSerialization
[[1;34mINFO[m] Writing Coverage in /tmp/v1/gson/testsThatExecuteTheChange_coverage.csv
[[1;34mINFO[m] com.google.gson.internal.$Gson$Types;17;41

[[1;34mINFO[m] total;17;41

[[1;34mINFO[m] [1m------------------------------------------------------------------------[m
[[1;34mINFO[m] [1;32mBUILD SUCCESS[m
[[1;34mINFO[m] [1m------------------------------------------------------------------------[m
[[1;34mINFO[m] Total time:  01:42 min
[[1;34mINFO[m] Finished at: 2021-09-24T14:57:17+02:00
[[1;34mINFO[m] [1m------------------------------------------------------------------------[m
[INFO] mvn -f /tmp/v1/gson clean test -DskipTests dependency:build-classpath --quiet -Dcobertura.skip=true -Dlicense.skip=true -Dfindbugs.skip=true -Danimal.sniffer.skip=true -Djacoco.skip=true -Dcheckstyle.skip=true -Dproguard.skip=true -Dmdep.outputFile=classpath -DskipITs=true -Drat.skip=true -Denforcer.skip=true -Dgpg.skip=true
[WARN] Maven will be executed in interactive mode, but no input stream has been configured for this MavenInvoker instance.
WARNING: An illegal reflective access operation has occurred
WARNING: Illegal reflective access by com.google.inject.internal.cglib.core.$ReflectUtils$1 (file:/usr/share/maven/lib/guice.jar) to method java.lang.ClassLoader.defineClass(java.lang.String,byte[],int,int,java.security.ProtectionDomain)
WARNING: Please consider reporting this to the maintainers of com.google.inject.internal.cglib.core.$ReflectUtils$1
WARNING: Use --illegal-access=warn to enable warnings of further illegal reflective access operations
WARNING: All illegal access operations will be denied in a future release
[INFO] mvn -f /tmp/v2/gson/ clean test -DskipTests dependency:build-classpath --quiet -Dcobertura.skip=true -Dlicense.skip=true -Dfindbugs.skip=true -Danimal.sniffer.skip=true -Djacoco.skip=true -Dcheckstyle.skip=true -Dproguard.skip=true -Dmdep.outputFile=classpath -DskipITs=true -Drat.skip=true -Denforcer.skip=true -Dgpg.skip=true
[WARN] Maven will be executed in interactive mode, but no input stream has been configured for this MavenInvoker instance.
WARNING: An illegal reflective access operation has occurred
WARNING: Illegal reflective access by com.google.inject.internal.cglib.core.$ReflectUtils$1 (file:/usr/share/maven/lib/guice.jar) to method java.lang.ClassLoader.defineClass(java.lang.String,byte[],int,int,java.security.ProtectionDomain)
WARNING: Please consider reporting this to the maintainers of com.google.inject.internal.cglib.core.$ReflectUtils$1
WARNING: Use --illegal-access=warn to enable warnings of further illegal reflective access operations
WARNING: All illegal access operations will be denied in a future release
[info] Run Instrumentation - Configuration{pathToFirstVersion='/tmp/v1/gson', pathToSecondVersion='/tmp/v2/gson/', pathToTestListAsCSV='/tmp/v1/gson/testsThatExecuteTheChange.csv', junit4=true, iterations=5, output='/tmp/v1/gson/diff-jjoules', pathToJSONDelta='deltas.json', pathToJSONDataV1='data_v1.json', pathToJSONDataV2='data_v2.json', diff='diff -ru /tmp/v1/gson/src/main/java/com/google/gson/internal/bind/TypeAdapters.java /tmp/v2/gson/src/main/java/com/google/gson/internal/bind/TypeAdapters.java
--- /tmp/v1/gson/src/main/java/com/google/gson/internal/bind/TypeAdapters.java	2021-09-24 14:54:10.479774139 +0200
+++ /tmp/v2/gson/src/main/java/com/google/gson/internal/bind/TypeAdapters.java	2021-09-24 14:32:40.605599957 +0200
@@ -17,12 +17,15 @@
 package com.google.gson.internal.bind;
 
 import java.io.IOException;
+import java.lang.reflect.Field;
 import java.math.BigDecimal;
 import java.math.BigInteger;
 import java.net.InetAddress;
 import java.net.URI;
 import java.net.URISyntaxException;
 import java.net.URL;
+import java.security.AccessController;
+import java.security.PrivilegedAction;
 import java.sql.Timestamp;
 import java.util.ArrayList;
 import java.util.BitSet;
@@ -776,9 +779,20 @@
 
     public EnumTypeAdapter(Class<T> classOfT) {
       try {
-        for (T constant : classOfT.getEnumConstants()) {
+        for (final Field field : classOfT.getDeclaredFields()) {
+          if (!field.isEnumConstant()) {
+            continue;
+          }
+          AccessController.doPrivileged(new PrivilegedAction<Void>() {
+            @Override public Void run() {
+              field.setAccessible(true);
+              return null;
+            }
+          });
+          @SuppressWarnings("unchecked")
+          T constant = (T)(field.get(null));
           String name = constant.name();
-          SerializedName annotation = classOfT.getField(name).getAnnotation(SerializedName.class);
+          SerializedName annotation = field.getAnnotation(SerializedName.class);
           if (annotation != null) {
             name = annotation.value();
             for (String alternate : annotation.alternate()) {
@@ -788,7 +802,7 @@
           nameToConstant.put(name, constant);
           constantToName.put(constant, name);
         }
-      } catch (NoSuchFieldException e) {
+      } catch (IllegalAccessException e) {
         throw new AssertionError(e);
       }
     }
diff -ru /tmp/v1/gson/src/main/java/com/google/gson/internal/$Gson$Types.java /tmp/v2/gson/src/main/java/com/google/gson/internal/$Gson$Types.java
--- /tmp/v1/gson/src/main/java/com/google/gson/internal/$Gson$Types.java	2021-09-24 14:54:10.479774139 +0200
+++ /tmp/v2/gson/src/main/java/com/google/gson/internal/$Gson$Types.java	2021-09-24 14:32:40.605599957 +0200
@@ -25,7 +25,12 @@
 import java.lang.reflect.Type;
 import java.lang.reflect.TypeVariable;
 import java.lang.reflect.WildcardType;
-import java.util.*;
+import java.util.Arrays;
+import java.util.Collection;
+import java.util.HashMap;
+import java.util.Map;
+import java.util.NoSuchElementException;
+import java.util.Properties;
 
 import static com.google.gson.internal.$Gson$Preconditions.checkArgument;
 import static com.google.gson.internal.$Gson$Preconditions.checkNotNull;
@@ -334,52 +339,61 @@
   }
 
   public static Type resolve(Type context, Class<?> contextRawType, Type toResolve) {
-    return resolve(context, contextRawType, toResolve, new HashSet<TypeVariable>());
+    return resolve(context, contextRawType, toResolve, new HashMap<TypeVariable<?>, Type>());
   }
 
   private static Type resolve(Type context, Class<?> contextRawType, Type toResolve,
-                              Collection<TypeVariable> visitedTypeVariables) {
+                              Map<TypeVariable<?>, Type> visitedTypeVariables) {
     // this implementation is made a little more complicated in an attempt to avoid object-creation
+    TypeVariable<?> resolving = null;
     while (true) {
       if (toResolve instanceof TypeVariable) {
         TypeVariable<?> typeVariable = (TypeVariable<?>) toResolve;
-        if (visitedTypeVariables.contains(typeVariable)) {
+        Type previouslyResolved = visitedTypeVariables.get(typeVariable);
+        if (previouslyResolved != null) {
           // cannot reduce due to infinite recursion
-          return toResolve;
-        } else {
-          visitedTypeVariables.add(typeVariable);
+          return (previouslyResolved == Void.TYPE) ? toResolve : previouslyResolved;
         }
+
+        // Insert a placeholder to mark the fact that we are in the process of resolving this type
+        visitedTypeVariables.put(typeVariable, Void.TYPE);
+        if (resolving == null) {
+          resolving = typeVariable;
+        }
+
         toResolve = resolveTypeVariable(context, contextRawType, typeVariable);
         if (toResolve == typeVariable) {
-          return toResolve;
+          break;
         }
 
       } else if (toResolve instanceof Class && ((Class<?>) toResolve).isArray()) {
         Class<?> original = (Class<?>) toResolve;
         Type componentType = original.getComponentType();
         Type newComponentType = resolve(context, contextRawType, componentType, visitedTypeVariables);
-        return componentType == newComponentType
+        toResolve = equal(componentType, newComponentType)
             ? original
             : arrayOf(newComponentType);
+        break;
 
       } else if (toResolve instanceof GenericArrayType) {
         GenericArrayType original = (GenericArrayType) toResolve;
         Type componentType = original.getGenericComponentType();
         Type newComponentType = resolve(context, contextRawType, componentType, visitedTypeVariables);
-        return componentType == newComponentType
+        toResolve = equal(componentType, newComponentType)
             ? original
             : arrayOf(newComponentType);
+        break;
 
       } else if (toResolve instanceof ParameterizedType) {
         ParameterizedType original = (ParameterizedType) toResolve;
         Type ownerType = original.getOwnerType();
         Type newOwnerType = resolve(context, contextRawType, ownerType, visitedTypeVariables);
-        boolean changed = newOwnerType != ownerType;
+        boolean changed = !equal(newOwnerType, ownerType);
 
         Type[] args = original.getActualTypeArguments();
         for (int t = 0, length = args.length; t < length; t++) {
           Type resolvedTypeArgument = resolve(context, contextRawType, args[t], visitedTypeVariables);
-          if (resolvedTypeArgument != args[t]) {
+          if (!equal(resolvedTypeArgument, args[t])) {
             if (!changed) {
               args = args.clone();
               changed = true;
@@ -388,9 +402,10 @@
           }
         }
 
-        return changed
+        toResolve = changed
             ? newParameterizedTypeWithOwner(newOwnerType, original.getRawType(), args)
             : original;
+        break;
 
       } else if (toResolve instanceof WildcardType) {
         WildcardType original = (WildcardType) toResolve;
@@ -400,20 +415,28 @@
         if (originalLowerBound.length == 1) {
           Type lowerBound = resolve(context, contextRawType, originalLowerBound[0], visitedTypeVariables);
           if (lowerBound != originalLowerBound[0]) {
-            return supertypeOf(lowerBound);
+            toResolve = supertypeOf(lowerBound);
+            break;
           }
         } else if (originalUpperBound.length == 1) {
           Type upperBound = resolve(context, contextRawType, originalUpperBound[0], visitedTypeVariables);
           if (upperBound != originalUpperBound[0]) {
-            return subtypeOf(upperBound);
+            toResolve = subtypeOf(upperBound);
+            break;
           }
         }
-        return original;
+        toResolve = original;
+        break;
 
       } else {
-        return toResolve;
+        break;
       }
     }
+    // ensure that any in-process resolution gets updated with the final result
+    if (resolving != null) {
+      visitedTypeVariables.put(resolving, toResolve);
+    }
+    return toResolve;
   }
 
   static Type resolveTypeVariable(Type context, Class<?> contextRawType, TypeVariable<?> unknown) {
diff -ru /tmp/v1/gson/src/main/java/com/google/gson/internal/reflect/UnsafeReflectionAccessor.java /tmp/v2/gson/src/main/java/com/google/gson/internal/reflect/UnsafeReflectionAccessor.java
--- /tmp/v1/gson/src/main/java/com/google/gson/internal/reflect/UnsafeReflectionAccessor.java	2021-09-24 14:54:10.479774139 +0200
+++ /tmp/v2/gson/src/main/java/com/google/gson/internal/reflect/UnsafeReflectionAccessor.java	2021-09-24 13:30:29.001718904 +0200
@@ -79,7 +79,7 @@
   private static Field getOverrideField() {
     try {
       return AccessibleObject.class.getDeclaredField("override");
-    } catch (NoSuchFieldException e) {
+    } catch (Exception e) {
       return null;
     }
   }
Only in /tmp/v2/gson/src/test/java/com/google/gson/functional: EnumWithObfuscatedTest.java
Only in /tmp/v2/gson/src/test/java/com/google/gson/functional: ReusedTypeVariablesFullyResolveTest.java
diff -ru /tmp/v1/gson/src/test/java/com/google/gson/internal/reflect/UnsafeReflectionAccessorTest.java /tmp/v2/gson/src/test/java/com/google/gson/internal/reflect/UnsafeReflectionAccessorTest.java
--- /tmp/v1/gson/src/test/java/com/google/gson/internal/reflect/UnsafeReflectionAccessorTest.java	2021-09-24 14:54:10.479774139 +0200
+++ /tmp/v2/gson/src/test/java/com/google/gson/internal/reflect/UnsafeReflectionAccessorTest.java	2021-09-24 13:30:29.009718868 +0200
@@ -15,10 +15,12 @@
  */
 package com.google.gson.internal.reflect;
 
+import static org.junit.Assert.assertFalse;
 import static org.junit.Assert.assertTrue;
 import static org.junit.Assert.fail;
 
 import java.lang.reflect.Field;
+import java.security.Permission;
 
 import org.junit.Test;
 
@@ -41,6 +43,30 @@
     }
   }
 
+  @Test
+  public void testMakeAccessibleWithRestrictiveSecurityManager() throws Exception {
+    final Permission accessDeclaredMembers = new RuntimePermission("accessDeclaredMembers");
+    final SecurityManager original = System.getSecurityManager();
+    SecurityManager restrictiveManager = new SecurityManager() {
+      @Override
+      public void checkPermission(Permission perm) {
+        if (accessDeclaredMembers.equals(perm)) {
+          throw new SecurityException("nope");
+        }
+      }
+    };
+    System.setSecurityManager(restrictiveManager);
+
+    try {
+      UnsafeReflectionAccessor accessor = new UnsafeReflectionAccessor();
+      Field field = ClassWithPrivateFinalFields.class.getDeclaredField("a");
+      assertFalse("override field should have been inaccessible", accessor.makeAccessibleWithUnsafe(field));
+      accessor.makeAccessible(field);
+    } finally {
+      System.setSecurityManager(original);
+    }
+  }
+
   @SuppressWarnings("unused")
   private static final class ClassWithPrivateFinalFields {
     private final String a;
Only in /tmp/v2/gson/src/test: resources
', pathToJSONDeltaOmega='deltaOmega.json', pathToRepositoryV1='/tmp/v1', pathToRepositoryV2='/tmp/v2', pathToJSONConsideredTestMethodNames='consideredTestMethods.json', pathToExecLinesAdditions='exec_additions.json', pathToExecLinesDeletions='exec_deletions.json', pathToJSONSuspiciousV1='suspicious_v1.json', pathToJSONSuspiciousV2='suspicious_v2.json', pathToReport='.github/workflows/template.md', classpathV1=[/home/spino/.m2/repository/junit/junit/4.13.2/junit-4.13.2.jar, /home/spino/.m2/repository/org/hamcrest/hamcrest-core/1.3/hamcrest-core-1.3.jar], classpathV2=[/home/spino/.m2/repository/junit/junit/4.13.2/junit-4.13.2.jar, /home/spino/.m2/repository/org/hamcrest/hamcrest-core/1.3/hamcrest-core-1.3.jar, /home/spino/.m2/repository/com/github/wvengen/proguard-maven-plugin/2.4.0/proguard-maven-plugin-2.4.0.jar, /home/spino/.m2/repository/org/apache/ant/ant/1.10.9/ant-1.10.9.jar, /home/spino/.m2/repository/org/apache/ant/ant-launcher/1.10.9/ant-launcher-1.10.9.jar, /home/spino/.m2/repository/org/apache/maven/maven-archiver/2.4/maven-archiver-2.4.jar, /home/spino/.m2/repository/org/apache/maven/maven-artifact/2.0/maven-artifact-2.0.jar, /home/spino/.m2/repository/org/apache/maven/maven-model/2.0/maven-model-2.0.jar, /home/spino/.m2/repository/org/apache/maven/maven-project/2.0/maven-project-2.0.jar, /home/spino/.m2/repository/org/apache/maven/maven-profile/2.0/maven-profile-2.0.jar, /home/spino/.m2/repository/org/apache/maven/maven-artifact-manager/2.0/maven-artifact-manager-2.0.jar, /home/spino/.m2/repository/org/apache/maven/maven-repository-metadata/2.0/maven-repository-metadata-2.0.jar, /home/spino/.m2/repository/org/apache/maven/wagon/wagon-provider-api/1.0-alpha-5/wagon-provider-api-1.0-alpha-5.jar, /home/spino/.m2/repository/org/codehaus/plexus/plexus-container-default/1.0-alpha-8/plexus-container-default-1.0-alpha-8.jar, /home/spino/.m2/repository/classworlds/classworlds/1.1-alpha-2/classworlds-1.1-alpha-2.jar, /home/spino/.m2/repository/org/codehaus/plexus/plexus-archiver/1.0-alpha-11/plexus-archiver-1.0-alpha-11.jar, /home/spino/.m2/repository/org/codehaus/plexus/plexus-component-api/1.0-alpha-15/plexus-component-api-1.0-alpha-15.jar, /home/spino/.m2/repository/org/codehaus/plexus/plexus-io/1.0-alpha-3/plexus-io-1.0-alpha-3.jar, /home/spino/.m2/repository/org/codehaus/plexus/plexus-utils/1.4.9/plexus-utils-1.4.9.jar, /home/spino/.m2/repository/org/codehaus/plexus/plexus-interpolation/1.6/plexus-interpolation-1.6.jar, /home/spino/.m2/repository/commons-io/commons-io/2.7/commons-io-2.7.jar, /home/spino/.m2/repository/org/apache/maven/maven-plugin-api/3.1.1/maven-plugin-api-3.1.1.jar, /home/spino/.m2/repository/org/eclipse/sisu/org.eclipse.sisu.plexus/0.0.0.M5/org.eclipse.sisu.plexus-0.0.0.M5.jar, /home/spino/.m2/repository/javax/enterprise/cdi-api/1.0/cdi-api-1.0.jar, /home/spino/.m2/repository/javax/annotation/jsr250-api/1.0/jsr250-api-1.0.jar, /home/spino/.m2/repository/javax/inject/javax.inject/1/javax.inject-1.jar, /home/spino/.m2/repository/com/google/guava/guava/10.0.1/guava-10.0.1.jar, /home/spino/.m2/repository/com/google/code/findbugs/jsr305/1.3.9/jsr305-1.3.9.jar, /home/spino/.m2/repository/org/sonatype/sisu/sisu-guice/3.1.0/sisu-guice-3.1.0-no_aop.jar, /home/spino/.m2/repository/aopalliance/aopalliance/1.0/aopalliance-1.0.jar, /home/spino/.m2/repository/org/eclipse/sisu/org.eclipse.sisu.inject/0.0.0.M5/org.eclipse.sisu.inject-0.0.0.M5.jar, /home/spino/.m2/repository/org/codehaus/plexus/plexus-component-annotations/1.5.5/plexus-component-annotations-1.5.5.jar, /home/spino/.m2/repository/org/codehaus/plexus/plexus-classworlds/2.4/plexus-classworlds-2.4.jar], classpathV1AsString='/home/spino/.m2/repository/junit/junit/4.13.2/junit-4.13.2.jar:/home/spino/.m2/repository/org/hamcrest/hamcrest-core/1.3/hamcrest-core-1.3.jar', classpathV2AsString='/home/spino/.m2/repository/junit/junit/4.13.2/junit-4.13.2.jar:/home/spino/.m2/repository/org/hamcrest/hamcrest-core/1.3/hamcrest-core-1.3.jar:/home/spino/.m2/repository/com/github/wvengen/proguard-maven-plugin/2.4.0/proguard-maven-plugin-2.4.0.jar:/home/spino/.m2/repository/org/apache/ant/ant/1.10.9/ant-1.10.9.jar:/home/spino/.m2/repository/org/apache/ant/ant-launcher/1.10.9/ant-launcher-1.10.9.jar:/home/spino/.m2/repository/org/apache/maven/maven-archiver/2.4/maven-archiver-2.4.jar:/home/spino/.m2/repository/org/apache/maven/maven-artifact/2.0/maven-artifact-2.0.jar:/home/spino/.m2/repository/org/apache/maven/maven-model/2.0/maven-model-2.0.jar:/home/spino/.m2/repository/org/apache/maven/maven-project/2.0/maven-project-2.0.jar:/home/spino/.m2/repository/org/apache/maven/maven-profile/2.0/maven-profile-2.0.jar:/home/spino/.m2/repository/org/apache/maven/maven-artifact-manager/2.0/maven-artifact-manager-2.0.jar:/home/spino/.m2/repository/org/apache/maven/maven-repository-metadata/2.0/maven-repository-metadata-2.0.jar:/home/spino/.m2/repository/org/apache/maven/wagon/wagon-provider-api/1.0-alpha-5/wagon-provider-api-1.0-alpha-5.jar:/home/spino/.m2/repository/org/codehaus/plexus/plexus-container-default/1.0-alpha-8/plexus-container-default-1.0-alpha-8.jar:/home/spino/.m2/repository/classworlds/classworlds/1.1-alpha-2/classworlds-1.1-alpha-2.jar:/home/spino/.m2/repository/org/codehaus/plexus/plexus-archiver/1.0-alpha-11/plexus-archiver-1.0-alpha-11.jar:/home/spino/.m2/repository/org/codehaus/plexus/plexus-component-api/1.0-alpha-15/plexus-component-api-1.0-alpha-15.jar:/home/spino/.m2/repository/org/codehaus/plexus/plexus-io/1.0-alpha-3/plexus-io-1.0-alpha-3.jar:/home/spino/.m2/repository/org/codehaus/plexus/plexus-utils/1.4.9/plexus-utils-1.4.9.jar:/home/spino/.m2/repository/org/codehaus/plexus/plexus-interpolation/1.6/plexus-interpolation-1.6.jar:/home/spino/.m2/repository/commons-io/commons-io/2.7/commons-io-2.7.jar:/home/spino/.m2/repository/org/apache/maven/maven-plugin-api/3.1.1/maven-plugin-api-3.1.1.jar:/home/spino/.m2/repository/org/eclipse/sisu/org.eclipse.sisu.plexus/0.0.0.M5/org.eclipse.sisu.plexus-0.0.0.M5.jar:/home/spino/.m2/repository/javax/enterprise/cdi-api/1.0/cdi-api-1.0.jar:/home/spino/.m2/repository/javax/annotation/jsr250-api/1.0/jsr250-api-1.0.jar:/home/spino/.m2/repository/javax/inject/javax.inject/1/javax.inject-1.jar:/home/spino/.m2/repository/com/google/guava/guava/10.0.1/guava-10.0.1.jar:/home/spino/.m2/repository/com/google/code/findbugs/jsr305/1.3.9/jsr305-1.3.9.jar:/home/spino/.m2/repository/org/sonatype/sisu/sisu-guice/3.1.0/sisu-guice-3.1.0-no_aop.jar:/home/spino/.m2/repository/aopalliance/aopalliance/1.0/aopalliance-1.0.jar:/home/spino/.m2/repository/org/eclipse/sisu/org.eclipse.sisu.inject/0.0.0.M5/org.eclipse.sisu.inject-0.0.0.M5.jar:/home/spino/.m2/repository/org/codehaus/plexus/plexus-component-annotations/1.5.5/plexus-component-annotations-1.5.5.jar:/home/spino/.m2/repository/org/codehaus/plexus/plexus-classworlds/2.4/plexus-classworlds-2.4.jar', testsList={com.google.gson.functional.CollectionTest=[testCollectionOfBagOfPrimitivesSerialization], com.google.gson.functional.MapTest=[testInterfaceTypeMap]}, dataV1=null, dataV2=null, deltas=null, consideredTestsNames=null, execLinesAdditions=null, execLinesDeletions=null, deltaOmega=null, scorePerLineV1=null, scorePerLineV2=null, ownConsumptionReports={selection={instructions=2184887, package-0/dram|uJ=156819676, package-0|uJ=2178731849, cycles=3707108, duration|ns=105610872995, branches=404781, dram|mW=1484, cache-misses=18195, device|mW=22114, package|uJ=2178731849, branch-misses=29139, package-0/dram|mW=1484, dram|uJ=156819676, cache-reference=91012, device|uJ=2335551525, package-0|mW=20629, package|mW=20629}}, reportEnum=NONE}
[info] Instrument version before commit...
[info] Run on /tmp/v1/gson
[INFO] fr.davidson.diff.jjoules.instrumentation.process.junit4.JJoulesProcessor
[INFO] 2 instrumented test classes have been printed!
[INFO] Injecting JUnit-Jjoules in /tmp/v1/gson/pom.xml
[INFO] Output new POM file in /tmp/v1/gson/pom.xml
[info] Instrument version after commit...
[info] Run on /tmp/v2/gson/
[INFO] fr.davidson.diff.jjoules.instrumentation.process.junit4.JJoulesProcessor
[INFO] 2 instrumented test classes have been printed!
[INFO] Injecting JUnit-Jjoules in /tmp/v2/gson//pom.xml
[INFO] Output new POM file in /tmp/v2/gson//pom.xml
[INFO] mvn -f /tmp/v2/gson/ clean test -DskipTests dependency:build-classpath --quiet -Dcobertura.skip=true -Dlicense.skip=true -Dfindbugs.skip=true -Danimal.sniffer.skip=true -Djacoco.skip=true -Dcheckstyle.skip=true -Dproguard.skip=true -Dmdep.outputFile=classpath -DskipITs=true -Drat.skip=true -Denforcer.skip=true -Dgpg.skip=true
[WARN] Maven will be executed in interactive mode, but no input stream has been configured for this MavenInvoker instance.
WARNING: An illegal reflective access operation has occurred
WARNING: Illegal reflective access by com.google.inject.internal.cglib.core.$ReflectUtils$1 (file:/usr/share/maven/lib/guice.jar) to method java.lang.ClassLoader.defineClass(java.lang.String,byte[],int,int,java.security.ProtectionDomain)
WARNING: Please consider reporting this to the maintainers of com.google.inject.internal.cglib.core.$ReflectUtils$1
WARNING: Use --illegal-access=warn to enable warnings of further illegal reflective access operations
WARNING: All illegal access operations will be denied in a future release
[INFO] mvn -f /tmp/v1/gson/pom.xml clean test -DskipTests dependency:build-classpath --quiet -Dcobertura.skip=true -Dlicense.skip=true -Dfindbugs.skip=true -Danimal.sniffer.skip=true -Djacoco.skip=true -Dcheckstyle.skip=true -Dproguard.skip=true -Dmdep.outputFile=classpath -DskipITs=true -Drat.skip=true -Denforcer.skip=true -Dgpg.skip=true
[WARN] Specified base directory (/tmp/v1/gson/pom.xml) is a file. Using its parent directory...
[WARN] Maven will be executed in interactive mode, but no input stream has been configured for this MavenInvoker instance.
WARNING: An illegal reflective access operation has occurred
WARNING: Illegal reflective access by com.google.inject.internal.cglib.core.$ReflectUtils$1 (file:/usr/share/maven/lib/guice.jar) to method java.lang.ClassLoader.defineClass(java.lang.String,byte[],int,int,java.security.ProtectionDomain)
WARNING: Please consider reporting this to the maintainers of com.google.inject.internal.cglib.core.$ReflectUtils$1
WARNING: Use --illegal-access=warn to enable warnings of further illegal reflective access operations
WARNING: All illegal access operations will be denied in a future release
[info] Run Delta - Configuration{pathToFirstVersion='/tmp/v1/gson', pathToSecondVersion='/tmp/v2/gson/', pathToTestListAsCSV='/tmp/v1/gson/testsThatExecuteTheChange.csv', junit4=true, iterations=5, output='/tmp/v1/gson/diff-jjoules', pathToJSONDelta='deltas.json', pathToJSONDataV1='data_v1.json', pathToJSONDataV2='data_v2.json', diff='diff -ru /tmp/v1/gson/src/main/java/com/google/gson/internal/bind/TypeAdapters.java /tmp/v2/gson/src/main/java/com/google/gson/internal/bind/TypeAdapters.java
--- /tmp/v1/gson/src/main/java/com/google/gson/internal/bind/TypeAdapters.java	2021-09-24 14:54:10.479774139 +0200
+++ /tmp/v2/gson/src/main/java/com/google/gson/internal/bind/TypeAdapters.java	2021-09-24 14:32:40.605599957 +0200
@@ -17,12 +17,15 @@
 package com.google.gson.internal.bind;
 
 import java.io.IOException;
+import java.lang.reflect.Field;
 import java.math.BigDecimal;
 import java.math.BigInteger;
 import java.net.InetAddress;
 import java.net.URI;
 import java.net.URISyntaxException;
 import java.net.URL;
+import java.security.AccessController;
+import java.security.PrivilegedAction;
 import java.sql.Timestamp;
 import java.util.ArrayList;
 import java.util.BitSet;
@@ -776,9 +779,20 @@
 
     public EnumTypeAdapter(Class<T> classOfT) {
       try {
-        for (T constant : classOfT.getEnumConstants()) {
+        for (final Field field : classOfT.getDeclaredFields()) {
+          if (!field.isEnumConstant()) {
+            continue;
+          }
+          AccessController.doPrivileged(new PrivilegedAction<Void>() {
+            @Override public Void run() {
+              field.setAccessible(true);
+              return null;
+            }
+          });
+          @SuppressWarnings("unchecked")
+          T constant = (T)(field.get(null));
           String name = constant.name();
-          SerializedName annotation = classOfT.getField(name).getAnnotation(SerializedName.class);
+          SerializedName annotation = field.getAnnotation(SerializedName.class);
           if (annotation != null) {
             name = annotation.value();
             for (String alternate : annotation.alternate()) {
@@ -788,7 +802,7 @@
           nameToConstant.put(name, constant);
           constantToName.put(constant, name);
         }
-      } catch (NoSuchFieldException e) {
+      } catch (IllegalAccessException e) {
         throw new AssertionError(e);
       }
     }
diff -ru /tmp/v1/gson/src/main/java/com/google/gson/internal/$Gson$Types.java /tmp/v2/gson/src/main/java/com/google/gson/internal/$Gson$Types.java
--- /tmp/v1/gson/src/main/java/com/google/gson/internal/$Gson$Types.java	2021-09-24 14:54:10.479774139 +0200
+++ /tmp/v2/gson/src/main/java/com/google/gson/internal/$Gson$Types.java	2021-09-24 14:32:40.605599957 +0200
@@ -25,7 +25,12 @@
 import java.lang.reflect.Type;
 import java.lang.reflect.TypeVariable;
 import java.lang.reflect.WildcardType;
-import java.util.*;
+import java.util.Arrays;
+import java.util.Collection;
+import java.util.HashMap;
+import java.util.Map;
+import java.util.NoSuchElementException;
+import java.util.Properties;
 
 import static com.google.gson.internal.$Gson$Preconditions.checkArgument;
 import static com.google.gson.internal.$Gson$Preconditions.checkNotNull;
@@ -334,52 +339,61 @@
   }
 
   public static Type resolve(Type context, Class<?> contextRawType, Type toResolve) {
-    return resolve(context, contextRawType, toResolve, new HashSet<TypeVariable>());
+    return resolve(context, contextRawType, toResolve, new HashMap<TypeVariable<?>, Type>());
   }
 
   private static Type resolve(Type context, Class<?> contextRawType, Type toResolve,
-                              Collection<TypeVariable> visitedTypeVariables) {
+                              Map<TypeVariable<?>, Type> visitedTypeVariables) {
     // this implementation is made a little more complicated in an attempt to avoid object-creation
+    TypeVariable<?> resolving = null;
     while (true) {
       if (toResolve instanceof TypeVariable) {
         TypeVariable<?> typeVariable = (TypeVariable<?>) toResolve;
-        if (visitedTypeVariables.contains(typeVariable)) {
+        Type previouslyResolved = visitedTypeVariables.get(typeVariable);
+        if (previouslyResolved != null) {
           // cannot reduce due to infinite recursion
-          return toResolve;
-        } else {
-          visitedTypeVariables.add(typeVariable);
+          return (previouslyResolved == Void.TYPE) ? toResolve : previouslyResolved;
         }
+
+        // Insert a placeholder to mark the fact that we are in the process of resolving this type
+        visitedTypeVariables.put(typeVariable, Void.TYPE);
+        if (resolving == null) {
+          resolving = typeVariable;
+        }
+
         toResolve = resolveTypeVariable(context, contextRawType, typeVariable);
         if (toResolve == typeVariable) {
-          return toResolve;
+          break;
         }
 
       } else if (toResolve instanceof Class && ((Class<?>) toResolve).isArray()) {
         Class<?> original = (Class<?>) toResolve;
         Type componentType = original.getComponentType();
         Type newComponentType = resolve(context, contextRawType, componentType, visitedTypeVariables);
-        return componentType == newComponentType
+        toResolve = equal(componentType, newComponentType)
             ? original
             : arrayOf(newComponentType);
+        break;
 
       } else if (toResolve instanceof GenericArrayType) {
         GenericArrayType original = (GenericArrayType) toResolve;
         Type componentType = original.getGenericComponentType();
         Type newComponentType = resolve(context, contextRawType, componentType, visitedTypeVariables);
-        return componentType == newComponentType
+        toResolve = equal(componentType, newComponentType)
             ? original
             : arrayOf(newComponentType);
+        break;
 
       } else if (toResolve instanceof ParameterizedType) {
         ParameterizedType original = (ParameterizedType) toResolve;
         Type ownerType = original.getOwnerType();
         Type newOwnerType = resolve(context, contextRawType, ownerType, visitedTypeVariables);
-        boolean changed = newOwnerType != ownerType;
+        boolean changed = !equal(newOwnerType, ownerType);
 
         Type[] args = original.getActualTypeArguments();
         for (int t = 0, length = args.length; t < length; t++) {
           Type resolvedTypeArgument = resolve(context, contextRawType, args[t], visitedTypeVariables);
-          if (resolvedTypeArgument != args[t]) {
+          if (!equal(resolvedTypeArgument, args[t])) {
             if (!changed) {
               args = args.clone();
               changed = true;
@@ -388,9 +402,10 @@
           }
         }
 
-        return changed
+        toResolve = changed
             ? newParameterizedTypeWithOwner(newOwnerType, original.getRawType(), args)
             : original;
+        break;
 
       } else if (toResolve instanceof WildcardType) {
         WildcardType original = (WildcardType) toResolve;
@@ -400,20 +415,28 @@
         if (originalLowerBound.length == 1) {
           Type lowerBound = resolve(context, contextRawType, originalLowerBound[0], visitedTypeVariables);
           if (lowerBound != originalLowerBound[0]) {
-            return supertypeOf(lowerBound);
+            toResolve = supertypeOf(lowerBound);
+            break;
           }
         } else if (originalUpperBound.length == 1) {
           Type upperBound = resolve(context, contextRawType, originalUpperBound[0], visitedTypeVariables);
           if (upperBound != originalUpperBound[0]) {
-            return subtypeOf(upperBound);
+            toResolve = subtypeOf(upperBound);
+            break;
           }
         }
-        return original;
+        toResolve = original;
+        break;
 
       } else {
-        return toResolve;
+        break;
       }
     }
+    // ensure that any in-process resolution gets updated with the final result
+    if (resolving != null) {
+      visitedTypeVariables.put(resolving, toResolve);
+    }
+    return toResolve;
   }
 
   static Type resolveTypeVariable(Type context, Class<?> contextRawType, TypeVariable<?> unknown) {
diff -ru /tmp/v1/gson/src/main/java/com/google/gson/internal/reflect/UnsafeReflectionAccessor.java /tmp/v2/gson/src/main/java/com/google/gson/internal/reflect/UnsafeReflectionAccessor.java
--- /tmp/v1/gson/src/main/java/com/google/gson/internal/reflect/UnsafeReflectionAccessor.java	2021-09-24 14:54:10.479774139 +0200
+++ /tmp/v2/gson/src/main/java/com/google/gson/internal/reflect/UnsafeReflectionAccessor.java	2021-09-24 13:30:29.001718904 +0200
@@ -79,7 +79,7 @@
   private static Field getOverrideField() {
     try {
       return AccessibleObject.class.getDeclaredField("override");
-    } catch (NoSuchFieldException e) {
+    } catch (Exception e) {
       return null;
     }
   }
Only in /tmp/v2/gson/src/test/java/com/google/gson/functional: EnumWithObfuscatedTest.java
Only in /tmp/v2/gson/src/test/java/com/google/gson/functional: ReusedTypeVariablesFullyResolveTest.java
diff -ru /tmp/v1/gson/src/test/java/com/google/gson/internal/reflect/UnsafeReflectionAccessorTest.java /tmp/v2/gson/src/test/java/com/google/gson/internal/reflect/UnsafeReflectionAccessorTest.java
--- /tmp/v1/gson/src/test/java/com/google/gson/internal/reflect/UnsafeReflectionAccessorTest.java	2021-09-24 14:54:10.479774139 +0200
+++ /tmp/v2/gson/src/test/java/com/google/gson/internal/reflect/UnsafeReflectionAccessorTest.java	2021-09-24 13:30:29.009718868 +0200
@@ -15,10 +15,12 @@
  */
 package com.google.gson.internal.reflect;
 
+import static org.junit.Assert.assertFalse;
 import static org.junit.Assert.assertTrue;
 import static org.junit.Assert.fail;
 
 import java.lang.reflect.Field;
+import java.security.Permission;
 
 import org.junit.Test;
 
@@ -41,6 +43,30 @@
     }
   }
 
+  @Test
+  public void testMakeAccessibleWithRestrictiveSecurityManager() throws Exception {
+    final Permission accessDeclaredMembers = new RuntimePermission("accessDeclaredMembers");
+    final SecurityManager original = System.getSecurityManager();
+    SecurityManager restrictiveManager = new SecurityManager() {
+      @Override
+      public void checkPermission(Permission perm) {
+        if (accessDeclaredMembers.equals(perm)) {
+          throw new SecurityException("nope");
+        }
+      }
+    };
+    System.setSecurityManager(restrictiveManager);
+
+    try {
+      UnsafeReflectionAccessor accessor = new UnsafeReflectionAccessor();
+      Field field = ClassWithPrivateFinalFields.class.getDeclaredField("a");
+      assertFalse("override field should have been inaccessible", accessor.makeAccessibleWithUnsafe(field));
+      accessor.makeAccessible(field);
+    } finally {
+      System.setSecurityManager(original);
+    }
+  }
+
   @SuppressWarnings("unused")
   private static final class ClassWithPrivateFinalFields {
     private final String a;
Only in /tmp/v2/gson/src/test: resources
', pathToJSONDeltaOmega='deltaOmega.json', pathToRepositoryV1='/tmp/v1', pathToRepositoryV2='/tmp/v2', pathToJSONConsideredTestMethodNames='consideredTestMethods.json', pathToExecLinesAdditions='exec_additions.json', pathToExecLinesDeletions='exec_deletions.json', pathToJSONSuspiciousV1='suspicious_v1.json', pathToJSONSuspiciousV2='suspicious_v2.json', pathToReport='.github/workflows/template.md', classpathV1=[/home/spino/.m2/repository/junit/junit/4.13.2/junit-4.13.2.jar, /home/spino/.m2/repository/org/hamcrest/hamcrest-core/1.3/hamcrest-core-1.3.jar, /home/spino/.m2/repository/org/powerapi/jjoules/junit-jjoules/1.0-SNAPSHOT/junit-jjoules-1.0-SNAPSHOT.jar, /home/spino/.m2/repository/org/junit/jupiter/junit-jupiter-api/5.6.2/junit-jupiter-api-5.6.2.jar, /home/spino/.m2/repository/org/apiguardian/apiguardian-api/1.1.0/apiguardian-api-1.1.0.jar, /home/spino/.m2/repository/org/opentest4j/opentest4j/1.2.0/opentest4j-1.2.0.jar, /home/spino/.m2/repository/org/junit/platform/junit-platform-commons/1.6.2/junit-platform-commons-1.6.2.jar, /home/spino/.m2/repository/org/powerapi/jjoules/j-joules/1.0-SNAPSHOT/j-joules-1.0-SNAPSHOT.jar], classpathV2=[/home/spino/.m2/repository/junit/junit/4.13.2/junit-4.13.2.jar, /home/spino/.m2/repository/org/hamcrest/hamcrest-core/1.3/hamcrest-core-1.3.jar, /home/spino/.m2/repository/com/github/wvengen/proguard-maven-plugin/2.4.0/proguard-maven-plugin-2.4.0.jar, /home/spino/.m2/repository/org/apache/ant/ant/1.10.9/ant-1.10.9.jar, /home/spino/.m2/repository/org/apache/ant/ant-launcher/1.10.9/ant-launcher-1.10.9.jar, /home/spino/.m2/repository/org/apache/maven/maven-archiver/2.4/maven-archiver-2.4.jar, /home/spino/.m2/repository/org/apache/maven/maven-artifact/2.0/maven-artifact-2.0.jar, /home/spino/.m2/repository/org/apache/maven/maven-model/2.0/maven-model-2.0.jar, /home/spino/.m2/repository/org/apache/maven/maven-project/2.0/maven-project-2.0.jar, /home/spino/.m2/repository/org/apache/maven/maven-profile/2.0/maven-profile-2.0.jar, /home/spino/.m2/repository/org/apache/maven/maven-artifact-manager/2.0/maven-artifact-manager-2.0.jar, /home/spino/.m2/repository/org/apache/maven/maven-repository-metadata/2.0/maven-repository-metadata-2.0.jar, /home/spino/.m2/repository/org/apache/maven/wagon/wagon-provider-api/1.0-alpha-5/wagon-provider-api-1.0-alpha-5.jar, /home/spino/.m2/repository/org/codehaus/plexus/plexus-container-default/1.0-alpha-8/plexus-container-default-1.0-alpha-8.jar, /home/spino/.m2/repository/classworlds/classworlds/1.1-alpha-2/classworlds-1.1-alpha-2.jar, /home/spino/.m2/repository/org/codehaus/plexus/plexus-archiver/1.0-alpha-11/plexus-archiver-1.0-alpha-11.jar, /home/spino/.m2/repository/org/codehaus/plexus/plexus-component-api/1.0-alpha-15/plexus-component-api-1.0-alpha-15.jar, /home/spino/.m2/repository/org/codehaus/plexus/plexus-io/1.0-alpha-3/plexus-io-1.0-alpha-3.jar, /home/spino/.m2/repository/org/codehaus/plexus/plexus-utils/1.4.9/plexus-utils-1.4.9.jar, /home/spino/.m2/repository/org/codehaus/plexus/plexus-interpolation/1.6/plexus-interpolation-1.6.jar, /home/spino/.m2/repository/commons-io/commons-io/2.7/commons-io-2.7.jar, /home/spino/.m2/repository/org/apache/maven/maven-plugin-api/3.1.1/maven-plugin-api-3.1.1.jar, /home/spino/.m2/repository/org/eclipse/sisu/org.eclipse.sisu.plexus/0.0.0.M5/org.eclipse.sisu.plexus-0.0.0.M5.jar, /home/spino/.m2/repository/javax/enterprise/cdi-api/1.0/cdi-api-1.0.jar, /home/spino/.m2/repository/javax/annotation/jsr250-api/1.0/jsr250-api-1.0.jar, /home/spino/.m2/repository/javax/inject/javax.inject/1/javax.inject-1.jar, /home/spino/.m2/repository/com/google/guava/guava/10.0.1/guava-10.0.1.jar, /home/spino/.m2/repository/com/google/code/findbugs/jsr305/1.3.9/jsr305-1.3.9.jar, /home/spino/.m2/repository/org/sonatype/sisu/sisu-guice/3.1.0/sisu-guice-3.1.0-no_aop.jar, /home/spino/.m2/repository/aopalliance/aopalliance/1.0/aopalliance-1.0.jar, /home/spino/.m2/repository/org/eclipse/sisu/org.eclipse.sisu.inject/0.0.0.M5/org.eclipse.sisu.inject-0.0.0.M5.jar, /home/spino/.m2/repository/org/codehaus/plexus/plexus-component-annotations/1.5.5/plexus-component-annotations-1.5.5.jar, /home/spino/.m2/repository/org/codehaus/plexus/plexus-classworlds/2.4/plexus-classworlds-2.4.jar, /home/spino/.m2/repository/org/powerapi/jjoules/junit-jjoules/1.0-SNAPSHOT/junit-jjoules-1.0-SNAPSHOT.jar, /home/spino/.m2/repository/org/junit/jupiter/junit-jupiter-api/5.6.2/junit-jupiter-api-5.6.2.jar, /home/spino/.m2/repository/org/apiguardian/apiguardian-api/1.1.0/apiguardian-api-1.1.0.jar, /home/spino/.m2/repository/org/opentest4j/opentest4j/1.2.0/opentest4j-1.2.0.jar, /home/spino/.m2/repository/org/junit/platform/junit-platform-commons/1.6.2/junit-platform-commons-1.6.2.jar, /home/spino/.m2/repository/org/powerapi/jjoules/j-joules/1.0-SNAPSHOT/j-joules-1.0-SNAPSHOT.jar], classpathV1AsString='/home/spino/.m2/repository/junit/junit/4.13.2/junit-4.13.2.jar:/home/spino/.m2/repository/org/hamcrest/hamcrest-core/1.3/hamcrest-core-1.3.jar:/home/spino/.m2/repository/org/powerapi/jjoules/junit-jjoules/1.0-SNAPSHOT/junit-jjoules-1.0-SNAPSHOT.jar:/home/spino/.m2/repository/org/junit/jupiter/junit-jupiter-api/5.6.2/junit-jupiter-api-5.6.2.jar:/home/spino/.m2/repository/org/apiguardian/apiguardian-api/1.1.0/apiguardian-api-1.1.0.jar:/home/spino/.m2/repository/org/opentest4j/opentest4j/1.2.0/opentest4j-1.2.0.jar:/home/spino/.m2/repository/org/junit/platform/junit-platform-commons/1.6.2/junit-platform-commons-1.6.2.jar:/home/spino/.m2/repository/org/powerapi/jjoules/j-joules/1.0-SNAPSHOT/j-joules-1.0-SNAPSHOT.jar', classpathV2AsString='/home/spino/.m2/repository/junit/junit/4.13.2/junit-4.13.2.jar:/home/spino/.m2/repository/org/hamcrest/hamcrest-core/1.3/hamcrest-core-1.3.jar:/home/spino/.m2/repository/com/github/wvengen/proguard-maven-plugin/2.4.0/proguard-maven-plugin-2.4.0.jar:/home/spino/.m2/repository/org/apache/ant/ant/1.10.9/ant-1.10.9.jar:/home/spino/.m2/repository/org/apache/ant/ant-launcher/1.10.9/ant-launcher-1.10.9.jar:/home/spino/.m2/repository/org/apache/maven/maven-archiver/2.4/maven-archiver-2.4.jar:/home/spino/.m2/repository/org/apache/maven/maven-artifact/2.0/maven-artifact-2.0.jar:/home/spino/.m2/repository/org/apache/maven/maven-model/2.0/maven-model-2.0.jar:/home/spino/.m2/repository/org/apache/maven/maven-project/2.0/maven-project-2.0.jar:/home/spino/.m2/repository/org/apache/maven/maven-profile/2.0/maven-profile-2.0.jar:/home/spino/.m2/repository/org/apache/maven/maven-artifact-manager/2.0/maven-artifact-manager-2.0.jar:/home/spino/.m2/repository/org/apache/maven/maven-repository-metadata/2.0/maven-repository-metadata-2.0.jar:/home/spino/.m2/repository/org/apache/maven/wagon/wagon-provider-api/1.0-alpha-5/wagon-provider-api-1.0-alpha-5.jar:/home/spino/.m2/repository/org/codehaus/plexus/plexus-container-default/1.0-alpha-8/plexus-container-default-1.0-alpha-8.jar:/home/spino/.m2/repository/classworlds/classworlds/1.1-alpha-2/classworlds-1.1-alpha-2.jar:/home/spino/.m2/repository/org/codehaus/plexus/plexus-archiver/1.0-alpha-11/plexus-archiver-1.0-alpha-11.jar:/home/spino/.m2/repository/org/codehaus/plexus/plexus-component-api/1.0-alpha-15/plexus-component-api-1.0-alpha-15.jar:/home/spino/.m2/repository/org/codehaus/plexus/plexus-io/1.0-alpha-3/plexus-io-1.0-alpha-3.jar:/home/spino/.m2/repository/org/codehaus/plexus/plexus-utils/1.4.9/plexus-utils-1.4.9.jar:/home/spino/.m2/repository/org/codehaus/plexus/plexus-interpolation/1.6/plexus-interpolation-1.6.jar:/home/spino/.m2/repository/commons-io/commons-io/2.7/commons-io-2.7.jar:/home/spino/.m2/repository/org/apache/maven/maven-plugin-api/3.1.1/maven-plugin-api-3.1.1.jar:/home/spino/.m2/repository/org/eclipse/sisu/org.eclipse.sisu.plexus/0.0.0.M5/org.eclipse.sisu.plexus-0.0.0.M5.jar:/home/spino/.m2/repository/javax/enterprise/cdi-api/1.0/cdi-api-1.0.jar:/home/spino/.m2/repository/javax/annotation/jsr250-api/1.0/jsr250-api-1.0.jar:/home/spino/.m2/repository/javax/inject/javax.inject/1/javax.inject-1.jar:/home/spino/.m2/repository/com/google/guava/guava/10.0.1/guava-10.0.1.jar:/home/spino/.m2/repository/com/google/code/findbugs/jsr305/1.3.9/jsr305-1.3.9.jar:/home/spino/.m2/repository/org/sonatype/sisu/sisu-guice/3.1.0/sisu-guice-3.1.0-no_aop.jar:/home/spino/.m2/repository/aopalliance/aopalliance/1.0/aopalliance-1.0.jar:/home/spino/.m2/repository/org/eclipse/sisu/org.eclipse.sisu.inject/0.0.0.M5/org.eclipse.sisu.inject-0.0.0.M5.jar:/home/spino/.m2/repository/org/codehaus/plexus/plexus-component-annotations/1.5.5/plexus-component-annotations-1.5.5.jar:/home/spino/.m2/repository/org/codehaus/plexus/plexus-classworlds/2.4/plexus-classworlds-2.4.jar:/home/spino/.m2/repository/org/powerapi/jjoules/junit-jjoules/1.0-SNAPSHOT/junit-jjoules-1.0-SNAPSHOT.jar:/home/spino/.m2/repository/org/junit/jupiter/junit-jupiter-api/5.6.2/junit-jupiter-api-5.6.2.jar:/home/spino/.m2/repository/org/apiguardian/apiguardian-api/1.1.0/apiguardian-api-1.1.0.jar:/home/spino/.m2/repository/org/opentest4j/opentest4j/1.2.0/opentest4j-1.2.0.jar:/home/spino/.m2/repository/org/junit/platform/junit-platform-commons/1.6.2/junit-platform-commons-1.6.2.jar:/home/spino/.m2/repository/org/powerapi/jjoules/j-joules/1.0-SNAPSHOT/j-joules-1.0-SNAPSHOT.jar', testsList={com.google.gson.functional.CollectionTest=[testCollectionOfBagOfPrimitivesSerialization], com.google.gson.functional.MapTest=[testInterfaceTypeMap]}, dataV1=null, dataV2=null, deltas=null, consideredTestsNames=null, execLinesAdditions=null, execLinesDeletions=null, deltaOmega=null, scorePerLineV1=null, scorePerLineV2=null, ownConsumptionReports={selection={instructions=2184887, package-0/dram|uJ=156819676, package-0|uJ=2178731849, cycles=3707108, duration|ns=105610872995, branches=404781, dram|mW=1484, cache-misses=18195, device|mW=22114, package|uJ=2178731849, branch-misses=29139, package-0/dram|mW=1484, dram|uJ=156819676, cache-reference=91012, device|uJ=2335551525, package-0|mW=20629, package|mW=20629}, instrumentation={instructions=18721303333, package-0/dram|uJ=24360186, package-0|uJ=322243926, cycles=14497228656, duration|ns=15596411232, branches=3508084614, dram|mW=1561, cache-misses=14861880, device|mW=22223, package|uJ=322243926, branch-misses=93220585, package-0/dram|mW=1561, dram|uJ=24360186, cache-reference=290843148, device|uJ=346604112, package-0|mW=20661, package|mW=20661}}, reportEnum=NONE}
[INFO] Path to runner Classes: /home/spino/.m2/repository/com/github/spoonlabs/flacoco/1.0.0/flacoco-1.0.0-jar-with-dependencies.jar
[INFO] /home/spino/.m2/repository/com/github/spoonlabs/flacoco/1.0.0/flacoco-1.0.0-jar-with-dependencies.jar
[INFO] /home/spino/.m2/repository/com/github/spoonlabs/flacoco/1.0.0/flacoco-1.0.0-jar-with-dependencies.jar
[INFO] /home/spino/.m2/repository/commons-io/commons-io/2.11.0/commons-io-2.11.0.jar
[INFO] /home/spino/.m2/repository/com/github/spoonlabs/flacoco/1.0.0/flacoco-1.0.0-jar-with-dependencies.jar
[INFO] /home/spino/.m2/repository/com/github/spoonlabs/flacoco/1.0.0/flacoco-1.0.0-jar-with-dependencies.jar
[INFO] /home/spino/.m2/repository/com/github/spoonlabs/flacoco/1.0.0/flacoco-1.0.0-jar-with-dependencies.jar
[INFO] /home/spino/.m2/repository/com/github/spoonlabs/flacoco/1.0.0/flacoco-1.0.0-jar-with-dependencies.jar
[INFO] /home/spino/.m2/repository/com/github/spoonlabs/flacoco/1.0.0/flacoco-1.0.0-jar-with-dependencies.jar
[INFO] /home/spino/.m2/repository/com/github/spoonlabs/flacoco/1.0.0/flacoco-1.0.0-jar-with-dependencies.jar
[INFO] /home/spino/.m2/repository/org/junit/jupiter/junit-jupiter-api/5.5.2/junit-jupiter-api-5.5.2.jar
[INFO] /home/spino/.m2/repository/org/opentest4j/opentest4j/1.2.0/opentest4j-1.2.0.jar
[INFO] /tmp/v1/gson
[INFO] Run: [java, -classpath, /home/spino/.m2/repository/junit/junit/4.13.2/junit-4.13.2.jar:/home/spino/.m2/repository/org/hamcrest/hamcrest-core/1.3/hamcrest-core-1.3.jar:/home/spino/.m2/repository/org/powerapi/jjoules/junit-jjoules/1.0-SNAPSHOT/junit-jjoules-1.0-SNAPSHOT.jar:/home/spino/.m2/repository/org/junit/jupiter/junit-jupiter-api/5.6.2/junit-jupiter-api-5.6.2.jar:/home/spino/.m2/repository/org/apiguardian/apiguardian-api/1.1.0/apiguardian-api-1.1.0.jar:/home/spino/.m2/repository/org/opentest4j/opentest4j/1.2.0/opentest4j-1.2.0.jar:/home/spino/.m2/repository/org/junit/platform/junit-platform-commons/1.6.2/junit-platform-commons-1.6.2.jar:/home/spino/.m2/repository/org/powerapi/jjoules/j-joules/1.0-SNAPSHOT/j-joules-1.0-SNAPSHOT.jar:/tmp/v1/gson/target/classes:/tmp/v1/gson/target/test-classes:/home/spino/.m2/repository/com/github/spoonlabs/flacoco/1.0.0/flacoco-1.0.0-jar-with-dependencies.jar, eu.stamp_project.testrunner.runner.JUnit4Runner, --class, com.google.gson.functional.CollectionTest:com.google.gson.functional.MapTest, --tests, testCollectionOfBagOfPrimitivesSerialization:testInterfaceTypeMap]
[INFO] Test has been run: com.google.gson.functional.MapTest#testInterfaceTypeMap,com.google.gson.functional.CollectionTest#testCollectionOfBagOfPrimitivesSerialization
[INFO] Reading json file from /tmp/v1/gson/target/jjoules-reports(/tmp/v1/gson/target/jjoules-reports/com.google.gson.functional.MapTest-testInterfaceTypeMap.json,/tmp/v1/gson/target/jjoules-reports/com.google.gson.functional.CollectionTest-testCollectionOfBagOfPrimitivesSerialization.json)
[INFO] /tmp/v2/gson
[INFO] Run: [java, -classpath, /home/spino/.m2/repository/junit/junit/4.13.2/junit-4.13.2.jar:/home/spino/.m2/repository/org/hamcrest/hamcrest-core/1.3/hamcrest-core-1.3.jar:/home/spino/.m2/repository/com/github/wvengen/proguard-maven-plugin/2.4.0/proguard-maven-plugin-2.4.0.jar:/home/spino/.m2/repository/org/apache/ant/ant/1.10.9/ant-1.10.9.jar:/home/spino/.m2/repository/org/apache/ant/ant-launcher/1.10.9/ant-launcher-1.10.9.jar:/home/spino/.m2/repository/org/apache/maven/maven-archiver/2.4/maven-archiver-2.4.jar:/home/spino/.m2/repository/org/apache/maven/maven-artifact/2.0/maven-artifact-2.0.jar:/home/spino/.m2/repository/org/apache/maven/maven-model/2.0/maven-model-2.0.jar:/home/spino/.m2/repository/org/apache/maven/maven-project/2.0/maven-project-2.0.jar:/home/spino/.m2/repository/org/apache/maven/maven-profile/2.0/maven-profile-2.0.jar:/home/spino/.m2/repository/org/apache/maven/maven-artifact-manager/2.0/maven-artifact-manager-2.0.jar:/home/spino/.m2/repository/org/apache/maven/maven-repository-metadata/2.0/maven-repository-metadata-2.0.jar:/home/spino/.m2/repository/org/apache/maven/wagon/wagon-provider-api/1.0-alpha-5/wagon-provider-api-1.0-alpha-5.jar:/home/spino/.m2/repository/org/codehaus/plexus/plexus-container-default/1.0-alpha-8/plexus-container-default-1.0-alpha-8.jar:/home/spino/.m2/repository/classworlds/classworlds/1.1-alpha-2/classworlds-1.1-alpha-2.jar:/home/spino/.m2/repository/org/codehaus/plexus/plexus-archiver/1.0-alpha-11/plexus-archiver-1.0-alpha-11.jar:/home/spino/.m2/repository/org/codehaus/plexus/plexus-component-api/1.0-alpha-15/plexus-component-api-1.0-alpha-15.jar:/home/spino/.m2/repository/org/codehaus/plexus/plexus-io/1.0-alpha-3/plexus-io-1.0-alpha-3.jar:/home/spino/.m2/repository/org/codehaus/plexus/plexus-utils/1.4.9/plexus-utils-1.4.9.jar:/home/spino/.m2/repository/org/codehaus/plexus/plexus-interpolation/1.6/plexus-interpolation-1.6.jar:/home/spino/.m2/repository/commons-io/commons-io/2.7/commons-io-2.7.jar:/home/spino/.m2/repository/org/apache/maven/maven-plugin-api/3.1.1/maven-plugin-api-3.1.1.jar:/home/spino/.m2/repository/org/eclipse/sisu/org.eclipse.sisu.plexus/0.0.0.M5/org.eclipse.sisu.plexus-0.0.0.M5.jar:/home/spino/.m2/repository/javax/enterprise/cdi-api/1.0/cdi-api-1.0.jar:/home/spino/.m2/repository/javax/annotation/jsr250-api/1.0/jsr250-api-1.0.jar:/home/spino/.m2/repository/javax/inject/javax.inject/1/javax.inject-1.jar:/home/spino/.m2/repository/com/google/guava/guava/10.0.1/guava-10.0.1.jar:/home/spino/.m2/repository/com/google/code/findbugs/jsr305/1.3.9/jsr305-1.3.9.jar:/home/spino/.m2/repository/org/sonatype/sisu/sisu-guice/3.1.0/sisu-guice-3.1.0-no_aop.jar:/home/spino/.m2/repository/aopalliance/aopalliance/1.0/aopalliance-1.0.jar:/home/spino/.m2/repository/org/eclipse/sisu/org.eclipse.sisu.inject/0.0.0.M5/org.eclipse.sisu.inject-0.0.0.M5.jar:/home/spino/.m2/repository/org/codehaus/plexus/plexus-component-annotations/1.5.5/plexus-component-annotations-1.5.5.jar:/home/spino/.m2/repository/org/codehaus/plexus/plexus-classworlds/2.4/plexus-classworlds-2.4.jar:/home/spino/.m2/repository/org/powerapi/jjoules/junit-jjoules/1.0-SNAPSHOT/junit-jjoules-1.0-SNAPSHOT.jar:/home/spino/.m2/repository/org/junit/jupiter/junit-jupiter-api/5.6.2/junit-jupiter-api-5.6.2.jar:/home/spino/.m2/repository/org/apiguardian/apiguardian-api/1.1.0/apiguardian-api-1.1.0.jar:/home/spino/.m2/repository/org/opentest4j/opentest4j/1.2.0/opentest4j-1.2.0.jar:/home/spino/.m2/repository/org/junit/platform/junit-platform-commons/1.6.2/junit-platform-commons-1.6.2.jar:/home/spino/.m2/repository/org/powerapi/jjoules/j-joules/1.0-SNAPSHOT/j-joules-1.0-SNAPSHOT.jar:/tmp/v2/gson//target/classes:/tmp/v2/gson//target/test-classes:/home/spino/.m2/repository/com/github/spoonlabs/flacoco/1.0.0/flacoco-1.0.0-jar-with-dependencies.jar, eu.stamp_project.testrunner.runner.JUnit4Runner, --class, com.google.gson.functional.CollectionTest:com.google.gson.functional.MapTest, --tests, testCollectionOfBagOfPrimitivesSerialization:testInterfaceTypeMap]
[INFO] Test has been run: com.google.gson.functional.MapTest#testInterfaceTypeMap,com.google.gson.functional.CollectionTest#testCollectionOfBagOfPrimitivesSerialization
[INFO] Reading json file from /tmp/v2/gson/target/jjoules-reports(/tmp/v2/gson/target/jjoules-reports/com.google.gson.functional.MapTest-testInterfaceTypeMap.json,/tmp/v2/gson/target/jjoules-reports/com.google.gson.functional.CollectionTest-testCollectionOfBagOfPrimitivesSerialization.json)
[INFO] /tmp/v1/gson
[INFO] Run: [java, -classpath, /home/spino/.m2/repository/junit/junit/4.13.2/junit-4.13.2.jar:/home/spino/.m2/repository/org/hamcrest/hamcrest-core/1.3/hamcrest-core-1.3.jar:/home/spino/.m2/repository/org/powerapi/jjoules/junit-jjoules/1.0-SNAPSHOT/junit-jjoules-1.0-SNAPSHOT.jar:/home/spino/.m2/repository/org/junit/jupiter/junit-jupiter-api/5.6.2/junit-jupiter-api-5.6.2.jar:/home/spino/.m2/repository/org/apiguardian/apiguardian-api/1.1.0/apiguardian-api-1.1.0.jar:/home/spino/.m2/repository/org/opentest4j/opentest4j/1.2.0/opentest4j-1.2.0.jar:/home/spino/.m2/repository/org/junit/platform/junit-platform-commons/1.6.2/junit-platform-commons-1.6.2.jar:/home/spino/.m2/repository/org/powerapi/jjoules/j-joules/1.0-SNAPSHOT/j-joules-1.0-SNAPSHOT.jar:/tmp/v1/gson/target/classes:/tmp/v1/gson/target/test-classes:/home/spino/.m2/repository/com/github/spoonlabs/flacoco/1.0.0/flacoco-1.0.0-jar-with-dependencies.jar, eu.stamp_project.testrunner.runner.JUnit4Runner, --class, com.google.gson.functional.CollectionTest:com.google.gson.functional.MapTest, --tests, testCollectionOfBagOfPrimitivesSerialization:testInterfaceTypeMap]
[INFO] Test has been run: com.google.gson.functional.MapTest#testInterfaceTypeMap,com.google.gson.functional.CollectionTest#testCollectionOfBagOfPrimitivesSerialization
[INFO] Reading json file from /tmp/v1/gson/target/jjoules-reports(/tmp/v1/gson/target/jjoules-reports/com.google.gson.functional.MapTest-testInterfaceTypeMap.json,/tmp/v1/gson/target/jjoules-reports/com.google.gson.functional.CollectionTest-testCollectionOfBagOfPrimitivesSerialization.json)
[INFO] /tmp/v2/gson
[INFO] Run: [java, -classpath, /home/spino/.m2/repository/junit/junit/4.13.2/junit-4.13.2.jar:/home/spino/.m2/repository/org/hamcrest/hamcrest-core/1.3/hamcrest-core-1.3.jar:/home/spino/.m2/repository/com/github/wvengen/proguard-maven-plugin/2.4.0/proguard-maven-plugin-2.4.0.jar:/home/spino/.m2/repository/org/apache/ant/ant/1.10.9/ant-1.10.9.jar:/home/spino/.m2/repository/org/apache/ant/ant-launcher/1.10.9/ant-launcher-1.10.9.jar:/home/spino/.m2/repository/org/apache/maven/maven-archiver/2.4/maven-archiver-2.4.jar:/home/spino/.m2/repository/org/apache/maven/maven-artifact/2.0/maven-artifact-2.0.jar:/home/spino/.m2/repository/org/apache/maven/maven-model/2.0/maven-model-2.0.jar:/home/spino/.m2/repository/org/apache/maven/maven-project/2.0/maven-project-2.0.jar:/home/spino/.m2/repository/org/apache/maven/maven-profile/2.0/maven-profile-2.0.jar:/home/spino/.m2/repository/org/apache/maven/maven-artifact-manager/2.0/maven-artifact-manager-2.0.jar:/home/spino/.m2/repository/org/apache/maven/maven-repository-metadata/2.0/maven-repository-metadata-2.0.jar:/home/spino/.m2/repository/org/apache/maven/wagon/wagon-provider-api/1.0-alpha-5/wagon-provider-api-1.0-alpha-5.jar:/home/spino/.m2/repository/org/codehaus/plexus/plexus-container-default/1.0-alpha-8/plexus-container-default-1.0-alpha-8.jar:/home/spino/.m2/repository/classworlds/classworlds/1.1-alpha-2/classworlds-1.1-alpha-2.jar:/home/spino/.m2/repository/org/codehaus/plexus/plexus-archiver/1.0-alpha-11/plexus-archiver-1.0-alpha-11.jar:/home/spino/.m2/repository/org/codehaus/plexus/plexus-component-api/1.0-alpha-15/plexus-component-api-1.0-alpha-15.jar:/home/spino/.m2/repository/org/codehaus/plexus/plexus-io/1.0-alpha-3/plexus-io-1.0-alpha-3.jar:/home/spino/.m2/repository/org/codehaus/plexus/plexus-utils/1.4.9/plexus-utils-1.4.9.jar:/home/spino/.m2/repository/org/codehaus/plexus/plexus-interpolation/1.6/plexus-interpolation-1.6.jar:/home/spino/.m2/repository/commons-io/commons-io/2.7/commons-io-2.7.jar:/home/spino/.m2/repository/org/apache/maven/maven-plugin-api/3.1.1/maven-plugin-api-3.1.1.jar:/home/spino/.m2/repository/org/eclipse/sisu/org.eclipse.sisu.plexus/0.0.0.M5/org.eclipse.sisu.plexus-0.0.0.M5.jar:/home/spino/.m2/repository/javax/enterprise/cdi-api/1.0/cdi-api-1.0.jar:/home/spino/.m2/repository/javax/annotation/jsr250-api/1.0/jsr250-api-1.0.jar:/home/spino/.m2/repository/javax/inject/javax.inject/1/javax.inject-1.jar:/home/spino/.m2/repository/com/google/guava/guava/10.0.1/guava-10.0.1.jar:/home/spino/.m2/repository/com/google/code/findbugs/jsr305/1.3.9/jsr305-1.3.9.jar:/home/spino/.m2/repository/org/sonatype/sisu/sisu-guice/3.1.0/sisu-guice-3.1.0-no_aop.jar:/home/spino/.m2/repository/aopalliance/aopalliance/1.0/aopalliance-1.0.jar:/home/spino/.m2/repository/org/eclipse/sisu/org.eclipse.sisu.inject/0.0.0.M5/org.eclipse.sisu.inject-0.0.0.M5.jar:/home/spino/.m2/repository/org/codehaus/plexus/plexus-component-annotations/1.5.5/plexus-component-annotations-1.5.5.jar:/home/spino/.m2/repository/org/codehaus/plexus/plexus-classworlds/2.4/plexus-classworlds-2.4.jar:/home/spino/.m2/repository/org/powerapi/jjoules/junit-jjoules/1.0-SNAPSHOT/junit-jjoules-1.0-SNAPSHOT.jar:/home/spino/.m2/repository/org/junit/jupiter/junit-jupiter-api/5.6.2/junit-jupiter-api-5.6.2.jar:/home/spino/.m2/repository/org/apiguardian/apiguardian-api/1.1.0/apiguardian-api-1.1.0.jar:/home/spino/.m2/repository/org/opentest4j/opentest4j/1.2.0/opentest4j-1.2.0.jar:/home/spino/.m2/repository/org/junit/platform/junit-platform-commons/1.6.2/junit-platform-commons-1.6.2.jar:/home/spino/.m2/repository/org/powerapi/jjoules/j-joules/1.0-SNAPSHOT/j-joules-1.0-SNAPSHOT.jar:/tmp/v2/gson//target/classes:/tmp/v2/gson//target/test-classes:/home/spino/.m2/repository/com/github/spoonlabs/flacoco/1.0.0/flacoco-1.0.0-jar-with-dependencies.jar, eu.stamp_project.testrunner.runner.JUnit4Runner, --class, com.google.gson.functional.CollectionTest:com.google.gson.functional.MapTest, --tests, testCollectionOfBagOfPrimitivesSerialization:testInterfaceTypeMap]
[INFO] Test has been run: com.google.gson.functional.MapTest#testInterfaceTypeMap,com.google.gson.functional.CollectionTest#testCollectionOfBagOfPrimitivesSerialization
[INFO] Reading json file from /tmp/v2/gson/target/jjoules-reports(/tmp/v2/gson/target/jjoules-reports/com.google.gson.functional.MapTest-testInterfaceTypeMap.json,/tmp/v2/gson/target/jjoules-reports/com.google.gson.functional.CollectionTest-testCollectionOfBagOfPrimitivesSerialization.json)
[INFO] /tmp/v1/gson
[INFO] Run: [java, -classpath, /home/spino/.m2/repository/junit/junit/4.13.2/junit-4.13.2.jar:/home/spino/.m2/repository/org/hamcrest/hamcrest-core/1.3/hamcrest-core-1.3.jar:/home/spino/.m2/repository/org/powerapi/jjoules/junit-jjoules/1.0-SNAPSHOT/junit-jjoules-1.0-SNAPSHOT.jar:/home/spino/.m2/repository/org/junit/jupiter/junit-jupiter-api/5.6.2/junit-jupiter-api-5.6.2.jar:/home/spino/.m2/repository/org/apiguardian/apiguardian-api/1.1.0/apiguardian-api-1.1.0.jar:/home/spino/.m2/repository/org/opentest4j/opentest4j/1.2.0/opentest4j-1.2.0.jar:/home/spino/.m2/repository/org/junit/platform/junit-platform-commons/1.6.2/junit-platform-commons-1.6.2.jar:/home/spino/.m2/repository/org/powerapi/jjoules/j-joules/1.0-SNAPSHOT/j-joules-1.0-SNAPSHOT.jar:/tmp/v1/gson/target/classes:/tmp/v1/gson/target/test-classes:/home/spino/.m2/repository/com/github/spoonlabs/flacoco/1.0.0/flacoco-1.0.0-jar-with-dependencies.jar, eu.stamp_project.testrunner.runner.JUnit4Runner, --class, com.google.gson.functional.CollectionTest:com.google.gson.functional.MapTest, --tests, testCollectionOfBagOfPrimitivesSerialization:testInterfaceTypeMap]
[INFO] Test has been run: com.google.gson.functional.MapTest#testInterfaceTypeMap,com.google.gson.functional.CollectionTest#testCollectionOfBagOfPrimitivesSerialization
[INFO] Reading json file from /tmp/v1/gson/target/jjoules-reports(/tmp/v1/gson/target/jjoules-reports/com.google.gson.functional.MapTest-testInterfaceTypeMap.json,/tmp/v1/gson/target/jjoules-reports/com.google.gson.functional.CollectionTest-testCollectionOfBagOfPrimitivesSerialization.json)
[INFO] /tmp/v2/gson
[INFO] Run: [java, -classpath, /home/spino/.m2/repository/junit/junit/4.13.2/junit-4.13.2.jar:/home/spino/.m2/repository/org/hamcrest/hamcrest-core/1.3/hamcrest-core-1.3.jar:/home/spino/.m2/repository/com/github/wvengen/proguard-maven-plugin/2.4.0/proguard-maven-plugin-2.4.0.jar:/home/spino/.m2/repository/org/apache/ant/ant/1.10.9/ant-1.10.9.jar:/home/spino/.m2/repository/org/apache/ant/ant-launcher/1.10.9/ant-launcher-1.10.9.jar:/home/spino/.m2/repository/org/apache/maven/maven-archiver/2.4/maven-archiver-2.4.jar:/home/spino/.m2/repository/org/apache/maven/maven-artifact/2.0/maven-artifact-2.0.jar:/home/spino/.m2/repository/org/apache/maven/maven-model/2.0/maven-model-2.0.jar:/home/spino/.m2/repository/org/apache/maven/maven-project/2.0/maven-project-2.0.jar:/home/spino/.m2/repository/org/apache/maven/maven-profile/2.0/maven-profile-2.0.jar:/home/spino/.m2/repository/org/apache/maven/maven-artifact-manager/2.0/maven-artifact-manager-2.0.jar:/home/spino/.m2/repository/org/apache/maven/maven-repository-metadata/2.0/maven-repository-metadata-2.0.jar:/home/spino/.m2/repository/org/apache/maven/wagon/wagon-provider-api/1.0-alpha-5/wagon-provider-api-1.0-alpha-5.jar:/home/spino/.m2/repository/org/codehaus/plexus/plexus-container-default/1.0-alpha-8/plexus-container-default-1.0-alpha-8.jar:/home/spino/.m2/repository/classworlds/classworlds/1.1-alpha-2/classworlds-1.1-alpha-2.jar:/home/spino/.m2/repository/org/codehaus/plexus/plexus-archiver/1.0-alpha-11/plexus-archiver-1.0-alpha-11.jar:/home/spino/.m2/repository/org/codehaus/plexus/plexus-component-api/1.0-alpha-15/plexus-component-api-1.0-alpha-15.jar:/home/spino/.m2/repository/org/codehaus/plexus/plexus-io/1.0-alpha-3/plexus-io-1.0-alpha-3.jar:/home/spino/.m2/repository/org/codehaus/plexus/plexus-utils/1.4.9/plexus-utils-1.4.9.jar:/home/spino/.m2/repository/org/codehaus/plexus/plexus-interpolation/1.6/plexus-interpolation-1.6.jar:/home/spino/.m2/repository/commons-io/commons-io/2.7/commons-io-2.7.jar:/home/spino/.m2/repository/org/apache/maven/maven-plugin-api/3.1.1/maven-plugin-api-3.1.1.jar:/home/spino/.m2/repository/org/eclipse/sisu/org.eclipse.sisu.plexus/0.0.0.M5/org.eclipse.sisu.plexus-0.0.0.M5.jar:/home/spino/.m2/repository/javax/enterprise/cdi-api/1.0/cdi-api-1.0.jar:/home/spino/.m2/repository/javax/annotation/jsr250-api/1.0/jsr250-api-1.0.jar:/home/spino/.m2/repository/javax/inject/javax.inject/1/javax.inject-1.jar:/home/spino/.m2/repository/com/google/guava/guava/10.0.1/guava-10.0.1.jar:/home/spino/.m2/repository/com/google/code/findbugs/jsr305/1.3.9/jsr305-1.3.9.jar:/home/spino/.m2/repository/org/sonatype/sisu/sisu-guice/3.1.0/sisu-guice-3.1.0-no_aop.jar:/home/spino/.m2/repository/aopalliance/aopalliance/1.0/aopalliance-1.0.jar:/home/spino/.m2/repository/org/eclipse/sisu/org.eclipse.sisu.inject/0.0.0.M5/org.eclipse.sisu.inject-0.0.0.M5.jar:/home/spino/.m2/repository/org/codehaus/plexus/plexus-component-annotations/1.5.5/plexus-component-annotations-1.5.5.jar:/home/spino/.m2/repository/org/codehaus/plexus/plexus-classworlds/2.4/plexus-classworlds-2.4.jar:/home/spino/.m2/repository/org/powerapi/jjoules/junit-jjoules/1.0-SNAPSHOT/junit-jjoules-1.0-SNAPSHOT.jar:/home/spino/.m2/repository/org/junit/jupiter/junit-jupiter-api/5.6.2/junit-jupiter-api-5.6.2.jar:/home/spino/.m2/repository/org/apiguardian/apiguardian-api/1.1.0/apiguardian-api-1.1.0.jar:/home/spino/.m2/repository/org/opentest4j/opentest4j/1.2.0/opentest4j-1.2.0.jar:/home/spino/.m2/repository/org/junit/platform/junit-platform-commons/1.6.2/junit-platform-commons-1.6.2.jar:/home/spino/.m2/repository/org/powerapi/jjoules/j-joules/1.0-SNAPSHOT/j-joules-1.0-SNAPSHOT.jar:/tmp/v2/gson//target/classes:/tmp/v2/gson//target/test-classes:/home/spino/.m2/repository/com/github/spoonlabs/flacoco/1.0.0/flacoco-1.0.0-jar-with-dependencies.jar, eu.stamp_project.testrunner.runner.JUnit4Runner, --class, com.google.gson.functional.CollectionTest:com.google.gson.functional.MapTest, --tests, testCollectionOfBagOfPrimitivesSerialization:testInterfaceTypeMap]
[INFO] Test has been run: com.google.gson.functional.MapTest#testInterfaceTypeMap,com.google.gson.functional.CollectionTest#testCollectionOfBagOfPrimitivesSerialization
[INFO] Reading json file from /tmp/v2/gson/target/jjoules-reports(/tmp/v2/gson/target/jjoules-reports/com.google.gson.functional.MapTest-testInterfaceTypeMap.json,/tmp/v2/gson/target/jjoules-reports/com.google.gson.functional.CollectionTest-testCollectionOfBagOfPrimitivesSerialization.json)
[INFO] /tmp/v1/gson
[INFO] Run: [java, -classpath, /home/spino/.m2/repository/junit/junit/4.13.2/junit-4.13.2.jar:/home/spino/.m2/repository/org/hamcrest/hamcrest-core/1.3/hamcrest-core-1.3.jar:/home/spino/.m2/repository/org/powerapi/jjoules/junit-jjoules/1.0-SNAPSHOT/junit-jjoules-1.0-SNAPSHOT.jar:/home/spino/.m2/repository/org/junit/jupiter/junit-jupiter-api/5.6.2/junit-jupiter-api-5.6.2.jar:/home/spino/.m2/repository/org/apiguardian/apiguardian-api/1.1.0/apiguardian-api-1.1.0.jar:/home/spino/.m2/repository/org/opentest4j/opentest4j/1.2.0/opentest4j-1.2.0.jar:/home/spino/.m2/repository/org/junit/platform/junit-platform-commons/1.6.2/junit-platform-commons-1.6.2.jar:/home/spino/.m2/repository/org/powerapi/jjoules/j-joules/1.0-SNAPSHOT/j-joules-1.0-SNAPSHOT.jar:/tmp/v1/gson/target/classes:/tmp/v1/gson/target/test-classes:/home/spino/.m2/repository/com/github/spoonlabs/flacoco/1.0.0/flacoco-1.0.0-jar-with-dependencies.jar, eu.stamp_project.testrunner.runner.JUnit4Runner, --class, com.google.gson.functional.CollectionTest:com.google.gson.functional.MapTest, --tests, testCollectionOfBagOfPrimitivesSerialization:testInterfaceTypeMap]
[INFO] Test has been run: com.google.gson.functional.MapTest#testInterfaceTypeMap,com.google.gson.functional.CollectionTest#testCollectionOfBagOfPrimitivesSerialization
[INFO] Reading json file from /tmp/v1/gson/target/jjoules-reports(/tmp/v1/gson/target/jjoules-reports/com.google.gson.functional.MapTest-testInterfaceTypeMap.json,/tmp/v1/gson/target/jjoules-reports/com.google.gson.functional.CollectionTest-testCollectionOfBagOfPrimitivesSerialization.json)
[INFO] /tmp/v2/gson
[INFO] Run: [java, -classpath, /home/spino/.m2/repository/junit/junit/4.13.2/junit-4.13.2.jar:/home/spino/.m2/repository/org/hamcrest/hamcrest-core/1.3/hamcrest-core-1.3.jar:/home/spino/.m2/repository/com/github/wvengen/proguard-maven-plugin/2.4.0/proguard-maven-plugin-2.4.0.jar:/home/spino/.m2/repository/org/apache/ant/ant/1.10.9/ant-1.10.9.jar:/home/spino/.m2/repository/org/apache/ant/ant-launcher/1.10.9/ant-launcher-1.10.9.jar:/home/spino/.m2/repository/org/apache/maven/maven-archiver/2.4/maven-archiver-2.4.jar:/home/spino/.m2/repository/org/apache/maven/maven-artifact/2.0/maven-artifact-2.0.jar:/home/spino/.m2/repository/org/apache/maven/maven-model/2.0/maven-model-2.0.jar:/home/spino/.m2/repository/org/apache/maven/maven-project/2.0/maven-project-2.0.jar:/home/spino/.m2/repository/org/apache/maven/maven-profile/2.0/maven-profile-2.0.jar:/home/spino/.m2/repository/org/apache/maven/maven-artifact-manager/2.0/maven-artifact-manager-2.0.jar:/home/spino/.m2/repository/org/apache/maven/maven-repository-metadata/2.0/maven-repository-metadata-2.0.jar:/home/spino/.m2/repository/org/apache/maven/wagon/wagon-provider-api/1.0-alpha-5/wagon-provider-api-1.0-alpha-5.jar:/home/spino/.m2/repository/org/codehaus/plexus/plexus-container-default/1.0-alpha-8/plexus-container-default-1.0-alpha-8.jar:/home/spino/.m2/repository/classworlds/classworlds/1.1-alpha-2/classworlds-1.1-alpha-2.jar:/home/spino/.m2/repository/org/codehaus/plexus/plexus-archiver/1.0-alpha-11/plexus-archiver-1.0-alpha-11.jar:/home/spino/.m2/repository/org/codehaus/plexus/plexus-component-api/1.0-alpha-15/plexus-component-api-1.0-alpha-15.jar:/home/spino/.m2/repository/org/codehaus/plexus/plexus-io/1.0-alpha-3/plexus-io-1.0-alpha-3.jar:/home/spino/.m2/repository/org/codehaus/plexus/plexus-utils/1.4.9/plexus-utils-1.4.9.jar:/home/spino/.m2/repository/org/codehaus/plexus/plexus-interpolation/1.6/plexus-interpolation-1.6.jar:/home/spino/.m2/repository/commons-io/commons-io/2.7/commons-io-2.7.jar:/home/spino/.m2/repository/org/apache/maven/maven-plugin-api/3.1.1/maven-plugin-api-3.1.1.jar:/home/spino/.m2/repository/org/eclipse/sisu/org.eclipse.sisu.plexus/0.0.0.M5/org.eclipse.sisu.plexus-0.0.0.M5.jar:/home/spino/.m2/repository/javax/enterprise/cdi-api/1.0/cdi-api-1.0.jar:/home/spino/.m2/repository/javax/annotation/jsr250-api/1.0/jsr250-api-1.0.jar:/home/spino/.m2/repository/javax/inject/javax.inject/1/javax.inject-1.jar:/home/spino/.m2/repository/com/google/guava/guava/10.0.1/guava-10.0.1.jar:/home/spino/.m2/repository/com/google/code/findbugs/jsr305/1.3.9/jsr305-1.3.9.jar:/home/spino/.m2/repository/org/sonatype/sisu/sisu-guice/3.1.0/sisu-guice-3.1.0-no_aop.jar:/home/spino/.m2/repository/aopalliance/aopalliance/1.0/aopalliance-1.0.jar:/home/spino/.m2/repository/org/eclipse/sisu/org.eclipse.sisu.inject/0.0.0.M5/org.eclipse.sisu.inject-0.0.0.M5.jar:/home/spino/.m2/repository/org/codehaus/plexus/plexus-component-annotations/1.5.5/plexus-component-annotations-1.5.5.jar:/home/spino/.m2/repository/org/codehaus/plexus/plexus-classworlds/2.4/plexus-classworlds-2.4.jar:/home/spino/.m2/repository/org/powerapi/jjoules/junit-jjoules/1.0-SNAPSHOT/junit-jjoules-1.0-SNAPSHOT.jar:/home/spino/.m2/repository/org/junit/jupiter/junit-jupiter-api/5.6.2/junit-jupiter-api-5.6.2.jar:/home/spino/.m2/repository/org/apiguardian/apiguardian-api/1.1.0/apiguardian-api-1.1.0.jar:/home/spino/.m2/repository/org/opentest4j/opentest4j/1.2.0/opentest4j-1.2.0.jar:/home/spino/.m2/repository/org/junit/platform/junit-platform-commons/1.6.2/junit-platform-commons-1.6.2.jar:/home/spino/.m2/repository/org/powerapi/jjoules/j-joules/1.0-SNAPSHOT/j-joules-1.0-SNAPSHOT.jar:/tmp/v2/gson//target/classes:/tmp/v2/gson//target/test-classes:/home/spino/.m2/repository/com/github/spoonlabs/flacoco/1.0.0/flacoco-1.0.0-jar-with-dependencies.jar, eu.stamp_project.testrunner.runner.JUnit4Runner, --class, com.google.gson.functional.CollectionTest:com.google.gson.functional.MapTest, --tests, testCollectionOfBagOfPrimitivesSerialization:testInterfaceTypeMap]
[INFO] Test has been run: com.google.gson.functional.MapTest#testInterfaceTypeMap,com.google.gson.functional.CollectionTest#testCollectionOfBagOfPrimitivesSerialization
[INFO] Reading json file from /tmp/v2/gson/target/jjoules-reports(/tmp/v2/gson/target/jjoules-reports/com.google.gson.functional.MapTest-testInterfaceTypeMap.json,/tmp/v2/gson/target/jjoules-reports/com.google.gson.functional.CollectionTest-testCollectionOfBagOfPrimitivesSerialization.json)
[INFO] /tmp/v1/gson
[INFO] Run: [java, -classpath, /home/spino/.m2/repository/junit/junit/4.13.2/junit-4.13.2.jar:/home/spino/.m2/repository/org/hamcrest/hamcrest-core/1.3/hamcrest-core-1.3.jar:/home/spino/.m2/repository/org/powerapi/jjoules/junit-jjoules/1.0-SNAPSHOT/junit-jjoules-1.0-SNAPSHOT.jar:/home/spino/.m2/repository/org/junit/jupiter/junit-jupiter-api/5.6.2/junit-jupiter-api-5.6.2.jar:/home/spino/.m2/repository/org/apiguardian/apiguardian-api/1.1.0/apiguardian-api-1.1.0.jar:/home/spino/.m2/repository/org/opentest4j/opentest4j/1.2.0/opentest4j-1.2.0.jar:/home/spino/.m2/repository/org/junit/platform/junit-platform-commons/1.6.2/junit-platform-commons-1.6.2.jar:/home/spino/.m2/repository/org/powerapi/jjoules/j-joules/1.0-SNAPSHOT/j-joules-1.0-SNAPSHOT.jar:/tmp/v1/gson/target/classes:/tmp/v1/gson/target/test-classes:/home/spino/.m2/repository/com/github/spoonlabs/flacoco/1.0.0/flacoco-1.0.0-jar-with-dependencies.jar, eu.stamp_project.testrunner.runner.JUnit4Runner, --class, com.google.gson.functional.CollectionTest:com.google.gson.functional.MapTest, --tests, testCollectionOfBagOfPrimitivesSerialization:testInterfaceTypeMap]
[INFO] Test has been run: com.google.gson.functional.MapTest#testInterfaceTypeMap,com.google.gson.functional.CollectionTest#testCollectionOfBagOfPrimitivesSerialization
[INFO] Reading json file from /tmp/v1/gson/target/jjoules-reports(/tmp/v1/gson/target/jjoules-reports/com.google.gson.functional.MapTest-testInterfaceTypeMap.json,/tmp/v1/gson/target/jjoules-reports/com.google.gson.functional.CollectionTest-testCollectionOfBagOfPrimitivesSerialization.json)
[INFO] /tmp/v2/gson
[INFO] Run: [java, -classpath, /home/spino/.m2/repository/junit/junit/4.13.2/junit-4.13.2.jar:/home/spino/.m2/repository/org/hamcrest/hamcrest-core/1.3/hamcrest-core-1.3.jar:/home/spino/.m2/repository/com/github/wvengen/proguard-maven-plugin/2.4.0/proguard-maven-plugin-2.4.0.jar:/home/spino/.m2/repository/org/apache/ant/ant/1.10.9/ant-1.10.9.jar:/home/spino/.m2/repository/org/apache/ant/ant-launcher/1.10.9/ant-launcher-1.10.9.jar:/home/spino/.m2/repository/org/apache/maven/maven-archiver/2.4/maven-archiver-2.4.jar:/home/spino/.m2/repository/org/apache/maven/maven-artifact/2.0/maven-artifact-2.0.jar:/home/spino/.m2/repository/org/apache/maven/maven-model/2.0/maven-model-2.0.jar:/home/spino/.m2/repository/org/apache/maven/maven-project/2.0/maven-project-2.0.jar:/home/spino/.m2/repository/org/apache/maven/maven-profile/2.0/maven-profile-2.0.jar:/home/spino/.m2/repository/org/apache/maven/maven-artifact-manager/2.0/maven-artifact-manager-2.0.jar:/home/spino/.m2/repository/org/apache/maven/maven-repository-metadata/2.0/maven-repository-metadata-2.0.jar:/home/spino/.m2/repository/org/apache/maven/wagon/wagon-provider-api/1.0-alpha-5/wagon-provider-api-1.0-alpha-5.jar:/home/spino/.m2/repository/org/codehaus/plexus/plexus-container-default/1.0-alpha-8/plexus-container-default-1.0-alpha-8.jar:/home/spino/.m2/repository/classworlds/classworlds/1.1-alpha-2/classworlds-1.1-alpha-2.jar:/home/spino/.m2/repository/org/codehaus/plexus/plexus-archiver/1.0-alpha-11/plexus-archiver-1.0-alpha-11.jar:/home/spino/.m2/repository/org/codehaus/plexus/plexus-component-api/1.0-alpha-15/plexus-component-api-1.0-alpha-15.jar:/home/spino/.m2/repository/org/codehaus/plexus/plexus-io/1.0-alpha-3/plexus-io-1.0-alpha-3.jar:/home/spino/.m2/repository/org/codehaus/plexus/plexus-utils/1.4.9/plexus-utils-1.4.9.jar:/home/spino/.m2/repository/org/codehaus/plexus/plexus-interpolation/1.6/plexus-interpolation-1.6.jar:/home/spino/.m2/repository/commons-io/commons-io/2.7/commons-io-2.7.jar:/home/spino/.m2/repository/org/apache/maven/maven-plugin-api/3.1.1/maven-plugin-api-3.1.1.jar:/home/spino/.m2/repository/org/eclipse/sisu/org.eclipse.sisu.plexus/0.0.0.M5/org.eclipse.sisu.plexus-0.0.0.M5.jar:/home/spino/.m2/repository/javax/enterprise/cdi-api/1.0/cdi-api-1.0.jar:/home/spino/.m2/repository/javax/annotation/jsr250-api/1.0/jsr250-api-1.0.jar:/home/spino/.m2/repository/javax/inject/javax.inject/1/javax.inject-1.jar:/home/spino/.m2/repository/com/google/guava/guava/10.0.1/guava-10.0.1.jar:/home/spino/.m2/repository/com/google/code/findbugs/jsr305/1.3.9/jsr305-1.3.9.jar:/home/spino/.m2/repository/org/sonatype/sisu/sisu-guice/3.1.0/sisu-guice-3.1.0-no_aop.jar:/home/spino/.m2/repository/aopalliance/aopalliance/1.0/aopalliance-1.0.jar:/home/spino/.m2/repository/org/eclipse/sisu/org.eclipse.sisu.inject/0.0.0.M5/org.eclipse.sisu.inject-0.0.0.M5.jar:/home/spino/.m2/repository/org/codehaus/plexus/plexus-component-annotations/1.5.5/plexus-component-annotations-1.5.5.jar:/home/spino/.m2/repository/org/codehaus/plexus/plexus-classworlds/2.4/plexus-classworlds-2.4.jar:/home/spino/.m2/repository/org/powerapi/jjoules/junit-jjoules/1.0-SNAPSHOT/junit-jjoules-1.0-SNAPSHOT.jar:/home/spino/.m2/repository/org/junit/jupiter/junit-jupiter-api/5.6.2/junit-jupiter-api-5.6.2.jar:/home/spino/.m2/repository/org/apiguardian/apiguardian-api/1.1.0/apiguardian-api-1.1.0.jar:/home/spino/.m2/repository/org/opentest4j/opentest4j/1.2.0/opentest4j-1.2.0.jar:/home/spino/.m2/repository/org/junit/platform/junit-platform-commons/1.6.2/junit-platform-commons-1.6.2.jar:/home/spino/.m2/repository/org/powerapi/jjoules/j-joules/1.0-SNAPSHOT/j-joules-1.0-SNAPSHOT.jar:/tmp/v2/gson//target/classes:/tmp/v2/gson//target/test-classes:/home/spino/.m2/repository/com/github/spoonlabs/flacoco/1.0.0/flacoco-1.0.0-jar-with-dependencies.jar, eu.stamp_project.testrunner.runner.JUnit4Runner, --class, com.google.gson.functional.CollectionTest:com.google.gson.functional.MapTest, --tests, testCollectionOfBagOfPrimitivesSerialization:testInterfaceTypeMap]
[INFO] Test has been run: com.google.gson.functional.MapTest#testInterfaceTypeMap,com.google.gson.functional.CollectionTest#testCollectionOfBagOfPrimitivesSerialization
[INFO] Reading json file from /tmp/v2/gson/target/jjoules-reports(/tmp/v2/gson/target/jjoules-reports/com.google.gson.functional.MapTest-testInterfaceTypeMap.json,/tmp/v2/gson/target/jjoules-reports/com.google.gson.functional.CollectionTest-testCollectionOfBagOfPrimitivesSerialization.json)
[INFO] mvn -f /tmp/v1/gson clean test -DskipTests dependency:build-classpath --quiet -Dcobertura.skip=true -Dlicense.skip=true -Dfindbugs.skip=true -Danimal.sniffer.skip=true -Djacoco.skip=true -Dcheckstyle.skip=true -Dproguard.skip=true -Dmdep.outputFile=classpath -DskipITs=true -Drat.skip=true -Denforcer.skip=true -Dgpg.skip=true
[WARN] Maven will be executed in interactive mode, but no input stream has been configured for this MavenInvoker instance.
WARNING: An illegal reflective access operation has occurred
WARNING: Illegal reflective access by com.google.inject.internal.cglib.core.$ReflectUtils$1 (file:/usr/share/maven/lib/guice.jar) to method java.lang.ClassLoader.defineClass(java.lang.String,byte[],int,int,java.security.ProtectionDomain)
WARNING: Please consider reporting this to the maintainers of com.google.inject.internal.cglib.core.$ReflectUtils$1
WARNING: Use --illegal-access=warn to enable warnings of further illegal reflective access operations
WARNING: All illegal access operations will be denied in a future release
[INFO] mvn -f /tmp/v2/gson/ clean test -DskipTests dependency:build-classpath --quiet -Dcobertura.skip=true -Dlicense.skip=true -Dfindbugs.skip=true -Danimal.sniffer.skip=true -Djacoco.skip=true -Dcheckstyle.skip=true -Dproguard.skip=true -Dmdep.outputFile=classpath -DskipITs=true -Drat.skip=true -Denforcer.skip=true -Dgpg.skip=true
[WARN] Maven will be executed in interactive mode, but no input stream has been configured for this MavenInvoker instance.
WARNING: An illegal reflective access operation has occurred
WARNING: Illegal reflective access by com.google.inject.internal.cglib.core.$ReflectUtils$1 (file:/usr/share/maven/lib/guice.jar) to method java.lang.ClassLoader.defineClass(java.lang.String,byte[],int,int,java.security.ProtectionDomain)
WARNING: Please consider reporting this to the maintainers of com.google.inject.internal.cglib.core.$ReflectUtils$1
WARNING: Use --illegal-access=warn to enable warnings of further illegal reflective access operations
WARNING: All illegal access operations will be denied in a future release
[info] Run Mark - Configuration{pathToFirstVersion='/tmp/v1/gson', pathToSecondVersion='/tmp/v2/gson/', pathToTestListAsCSV='/tmp/v1/gson/testsThatExecuteTheChange.csv', junit4=true, iterations=5, output='/tmp/v1/gson/diff-jjoules', pathToJSONDelta='deltas.json', pathToJSONDataV1='data_v1.json', pathToJSONDataV2='data_v2.json', diff='diff -ru /tmp/v1/gson/src/main/java/com/google/gson/internal/bind/TypeAdapters.java /tmp/v2/gson/src/main/java/com/google/gson/internal/bind/TypeAdapters.java
--- /tmp/v1/gson/src/main/java/com/google/gson/internal/bind/TypeAdapters.java	2021-09-24 14:54:10.479774139 +0200
+++ /tmp/v2/gson/src/main/java/com/google/gson/internal/bind/TypeAdapters.java	2021-09-24 14:32:40.605599957 +0200
@@ -17,12 +17,15 @@
 package com.google.gson.internal.bind;
 
 import java.io.IOException;
+import java.lang.reflect.Field;
 import java.math.BigDecimal;
 import java.math.BigInteger;
 import java.net.InetAddress;
 import java.net.URI;
 import java.net.URISyntaxException;
 import java.net.URL;
+import java.security.AccessController;
+import java.security.PrivilegedAction;
 import java.sql.Timestamp;
 import java.util.ArrayList;
 import java.util.BitSet;
@@ -776,9 +779,20 @@
 
     public EnumTypeAdapter(Class<T> classOfT) {
       try {
-        for (T constant : classOfT.getEnumConstants()) {
+        for (final Field field : classOfT.getDeclaredFields()) {
+          if (!field.isEnumConstant()) {
+            continue;
+          }
+          AccessController.doPrivileged(new PrivilegedAction<Void>() {
+            @Override public Void run() {
+              field.setAccessible(true);
+              return null;
+            }
+          });
+          @SuppressWarnings("unchecked")
+          T constant = (T)(field.get(null));
           String name = constant.name();
-          SerializedName annotation = classOfT.getField(name).getAnnotation(SerializedName.class);
+          SerializedName annotation = field.getAnnotation(SerializedName.class);
           if (annotation != null) {
             name = annotation.value();
             for (String alternate : annotation.alternate()) {
@@ -788,7 +802,7 @@
           nameToConstant.put(name, constant);
           constantToName.put(constant, name);
         }
-      } catch (NoSuchFieldException e) {
+      } catch (IllegalAccessException e) {
         throw new AssertionError(e);
       }
     }
diff -ru /tmp/v1/gson/src/main/java/com/google/gson/internal/$Gson$Types.java /tmp/v2/gson/src/main/java/com/google/gson/internal/$Gson$Types.java
--- /tmp/v1/gson/src/main/java/com/google/gson/internal/$Gson$Types.java	2021-09-24 14:54:10.479774139 +0200
+++ /tmp/v2/gson/src/main/java/com/google/gson/internal/$Gson$Types.java	2021-09-24 14:32:40.605599957 +0200
@@ -25,7 +25,12 @@
 import java.lang.reflect.Type;
 import java.lang.reflect.TypeVariable;
 import java.lang.reflect.WildcardType;
-import java.util.*;
+import java.util.Arrays;
+import java.util.Collection;
+import java.util.HashMap;
+import java.util.Map;
+import java.util.NoSuchElementException;
+import java.util.Properties;
 
 import static com.google.gson.internal.$Gson$Preconditions.checkArgument;
 import static com.google.gson.internal.$Gson$Preconditions.checkNotNull;
@@ -334,52 +339,61 @@
   }
 
   public static Type resolve(Type context, Class<?> contextRawType, Type toResolve) {
-    return resolve(context, contextRawType, toResolve, new HashSet<TypeVariable>());
+    return resolve(context, contextRawType, toResolve, new HashMap<TypeVariable<?>, Type>());
   }
 
   private static Type resolve(Type context, Class<?> contextRawType, Type toResolve,
-                              Collection<TypeVariable> visitedTypeVariables) {
+                              Map<TypeVariable<?>, Type> visitedTypeVariables) {
     // this implementation is made a little more complicated in an attempt to avoid object-creation
+    TypeVariable<?> resolving = null;
     while (true) {
       if (toResolve instanceof TypeVariable) {
         TypeVariable<?> typeVariable = (TypeVariable<?>) toResolve;
-        if (visitedTypeVariables.contains(typeVariable)) {
+        Type previouslyResolved = visitedTypeVariables.get(typeVariable);
+        if (previouslyResolved != null) {
           // cannot reduce due to infinite recursion
-          return toResolve;
-        } else {
-          visitedTypeVariables.add(typeVariable);
+          return (previouslyResolved == Void.TYPE) ? toResolve : previouslyResolved;
         }
+
+        // Insert a placeholder to mark the fact that we are in the process of resolving this type
+        visitedTypeVariables.put(typeVariable, Void.TYPE);
+        if (resolving == null) {
+          resolving = typeVariable;
+        }
+
         toResolve = resolveTypeVariable(context, contextRawType, typeVariable);
         if (toResolve == typeVariable) {
-          return toResolve;
+          break;
         }
 
       } else if (toResolve instanceof Class && ((Class<?>) toResolve).isArray()) {
         Class<?> original = (Class<?>) toResolve;
         Type componentType = original.getComponentType();
         Type newComponentType = resolve(context, contextRawType, componentType, visitedTypeVariables);
-        return componentType == newComponentType
+        toResolve = equal(componentType, newComponentType)
             ? original
             : arrayOf(newComponentType);
+        break;
 
       } else if (toResolve instanceof GenericArrayType) {
         GenericArrayType original = (GenericArrayType) toResolve;
         Type componentType = original.getGenericComponentType();
         Type newComponentType = resolve(context, contextRawType, componentType, visitedTypeVariables);
-        return componentType == newComponentType
+        toResolve = equal(componentType, newComponentType)
             ? original
             : arrayOf(newComponentType);
+        break;
 
       } else if (toResolve instanceof ParameterizedType) {
         ParameterizedType original = (ParameterizedType) toResolve;
         Type ownerType = original.getOwnerType();
         Type newOwnerType = resolve(context, contextRawType, ownerType, visitedTypeVariables);
-        boolean changed = newOwnerType != ownerType;
+        boolean changed = !equal(newOwnerType, ownerType);
 
         Type[] args = original.getActualTypeArguments();
         for (int t = 0, length = args.length; t < length; t++) {
           Type resolvedTypeArgument = resolve(context, contextRawType, args[t], visitedTypeVariables);
-          if (resolvedTypeArgument != args[t]) {
+          if (!equal(resolvedTypeArgument, args[t])) {
             if (!changed) {
               args = args.clone();
               changed = true;
@@ -388,9 +402,10 @@
           }
         }
 
-        return changed
+        toResolve = changed
             ? newParameterizedTypeWithOwner(newOwnerType, original.getRawType(), args)
             : original;
+        break;
 
       } else if (toResolve instanceof WildcardType) {
         WildcardType original = (WildcardType) toResolve;
@@ -400,20 +415,28 @@
         if (originalLowerBound.length == 1) {
           Type lowerBound = resolve(context, contextRawType, originalLowerBound[0], visitedTypeVariables);
           if (lowerBound != originalLowerBound[0]) {
-            return supertypeOf(lowerBound);
+            toResolve = supertypeOf(lowerBound);
+            break;
           }
         } else if (originalUpperBound.length == 1) {
           Type upperBound = resolve(context, contextRawType, originalUpperBound[0], visitedTypeVariables);
           if (upperBound != originalUpperBound[0]) {
-            return subtypeOf(upperBound);
+            toResolve = subtypeOf(upperBound);
+            break;
           }
         }
-        return original;
+        toResolve = original;
+        break;
 
       } else {
-        return toResolve;
+        break;
       }
     }
+    // ensure that any in-process resolution gets updated with the final result
+    if (resolving != null) {
+      visitedTypeVariables.put(resolving, toResolve);
+    }
+    return toResolve;
   }
 
   static Type resolveTypeVariable(Type context, Class<?> contextRawType, TypeVariable<?> unknown) {
diff -ru /tmp/v1/gson/src/main/java/com/google/gson/internal/reflect/UnsafeReflectionAccessor.java /tmp/v2/gson/src/main/java/com/google/gson/internal/reflect/UnsafeReflectionAccessor.java
--- /tmp/v1/gson/src/main/java/com/google/gson/internal/reflect/UnsafeReflectionAccessor.java	2021-09-24 14:54:10.479774139 +0200
+++ /tmp/v2/gson/src/main/java/com/google/gson/internal/reflect/UnsafeReflectionAccessor.java	2021-09-24 13:30:29.001718904 +0200
@@ -79,7 +79,7 @@
   private static Field getOverrideField() {
     try {
       return AccessibleObject.class.getDeclaredField("override");
-    } catch (NoSuchFieldException e) {
+    } catch (Exception e) {
       return null;
     }
   }
Only in /tmp/v2/gson/src/test/java/com/google/gson/functional: EnumWithObfuscatedTest.java
Only in /tmp/v2/gson/src/test/java/com/google/gson/functional: ReusedTypeVariablesFullyResolveTest.java
diff -ru /tmp/v1/gson/src/test/java/com/google/gson/internal/reflect/UnsafeReflectionAccessorTest.java /tmp/v2/gson/src/test/java/com/google/gson/internal/reflect/UnsafeReflectionAccessorTest.java
--- /tmp/v1/gson/src/test/java/com/google/gson/internal/reflect/UnsafeReflectionAccessorTest.java	2021-09-24 14:54:10.479774139 +0200
+++ /tmp/v2/gson/src/test/java/com/google/gson/internal/reflect/UnsafeReflectionAccessorTest.java	2021-09-24 13:30:29.009718868 +0200
@@ -15,10 +15,12 @@
  */
 package com.google.gson.internal.reflect;
 
+import static org.junit.Assert.assertFalse;
 import static org.junit.Assert.assertTrue;
 import static org.junit.Assert.fail;
 
 import java.lang.reflect.Field;
+import java.security.Permission;
 
 import org.junit.Test;
 
@@ -41,6 +43,30 @@
     }
   }
 
+  @Test
+  public void testMakeAccessibleWithRestrictiveSecurityManager() throws Exception {
+    final Permission accessDeclaredMembers = new RuntimePermission("accessDeclaredMembers");
+    final SecurityManager original = System.getSecurityManager();
+    SecurityManager restrictiveManager = new SecurityManager() {
+      @Override
+      public void checkPermission(Permission perm) {
+        if (accessDeclaredMembers.equals(perm)) {
+          throw new SecurityException("nope");
+        }
+      }
+    };
+    System.setSecurityManager(restrictiveManager);
+
+    try {
+      UnsafeReflectionAccessor accessor = new UnsafeReflectionAccessor();
+      Field field = ClassWithPrivateFinalFields.class.getDeclaredField("a");
+      assertFalse("override field should have been inaccessible", accessor.makeAccessibleWithUnsafe(field));
+      accessor.makeAccessible(field);
+    } finally {
+      System.setSecurityManager(original);
+    }
+  }
+
   @SuppressWarnings("unused")
   private static final class ClassWithPrivateFinalFields {
     private final String a;
Only in /tmp/v2/gson/src/test: resources
', pathToJSONDeltaOmega='deltaOmega.json', pathToRepositoryV1='/tmp/v1', pathToRepositoryV2='/tmp/v2', pathToJSONConsideredTestMethodNames='consideredTestMethods.json', pathToExecLinesAdditions='exec_additions.json', pathToExecLinesDeletions='exec_deletions.json', pathToJSONSuspiciousV1='suspicious_v1.json', pathToJSONSuspiciousV2='suspicious_v2.json', pathToReport='.github/workflows/template.md', classpathV1=[/home/spino/.m2/repository/junit/junit/4.13.2/junit-4.13.2.jar, /home/spino/.m2/repository/org/hamcrest/hamcrest-core/1.3/hamcrest-core-1.3.jar], classpathV2=[/home/spino/.m2/repository/junit/junit/4.13.2/junit-4.13.2.jar, /home/spino/.m2/repository/org/hamcrest/hamcrest-core/1.3/hamcrest-core-1.3.jar, /home/spino/.m2/repository/com/github/wvengen/proguard-maven-plugin/2.4.0/proguard-maven-plugin-2.4.0.jar, /home/spino/.m2/repository/org/apache/ant/ant/1.10.9/ant-1.10.9.jar, /home/spino/.m2/repository/org/apache/ant/ant-launcher/1.10.9/ant-launcher-1.10.9.jar, /home/spino/.m2/repository/org/apache/maven/maven-archiver/2.4/maven-archiver-2.4.jar, /home/spino/.m2/repository/org/apache/maven/maven-artifact/2.0/maven-artifact-2.0.jar, /home/spino/.m2/repository/org/apache/maven/maven-model/2.0/maven-model-2.0.jar, /home/spino/.m2/repository/org/apache/maven/maven-project/2.0/maven-project-2.0.jar, /home/spino/.m2/repository/org/apache/maven/maven-profile/2.0/maven-profile-2.0.jar, /home/spino/.m2/repository/org/apache/maven/maven-artifact-manager/2.0/maven-artifact-manager-2.0.jar, /home/spino/.m2/repository/org/apache/maven/maven-repository-metadata/2.0/maven-repository-metadata-2.0.jar, /home/spino/.m2/repository/org/apache/maven/wagon/wagon-provider-api/1.0-alpha-5/wagon-provider-api-1.0-alpha-5.jar, /home/spino/.m2/repository/org/codehaus/plexus/plexus-container-default/1.0-alpha-8/plexus-container-default-1.0-alpha-8.jar, /home/spino/.m2/repository/classworlds/classworlds/1.1-alpha-2/classworlds-1.1-alpha-2.jar, /home/spino/.m2/repository/org/codehaus/plexus/plexus-archiver/1.0-alpha-11/plexus-archiver-1.0-alpha-11.jar, /home/spino/.m2/repository/org/codehaus/plexus/plexus-component-api/1.0-alpha-15/plexus-component-api-1.0-alpha-15.jar, /home/spino/.m2/repository/org/codehaus/plexus/plexus-io/1.0-alpha-3/plexus-io-1.0-alpha-3.jar, /home/spino/.m2/repository/org/codehaus/plexus/plexus-utils/1.4.9/plexus-utils-1.4.9.jar, /home/spino/.m2/repository/org/codehaus/plexus/plexus-interpolation/1.6/plexus-interpolation-1.6.jar, /home/spino/.m2/repository/commons-io/commons-io/2.7/commons-io-2.7.jar, /home/spino/.m2/repository/org/apache/maven/maven-plugin-api/3.1.1/maven-plugin-api-3.1.1.jar, /home/spino/.m2/repository/org/eclipse/sisu/org.eclipse.sisu.plexus/0.0.0.M5/org.eclipse.sisu.plexus-0.0.0.M5.jar, /home/spino/.m2/repository/javax/enterprise/cdi-api/1.0/cdi-api-1.0.jar, /home/spino/.m2/repository/javax/annotation/jsr250-api/1.0/jsr250-api-1.0.jar, /home/spino/.m2/repository/javax/inject/javax.inject/1/javax.inject-1.jar, /home/spino/.m2/repository/com/google/guava/guava/10.0.1/guava-10.0.1.jar, /home/spino/.m2/repository/com/google/code/findbugs/jsr305/1.3.9/jsr305-1.3.9.jar, /home/spino/.m2/repository/org/sonatype/sisu/sisu-guice/3.1.0/sisu-guice-3.1.0-no_aop.jar, /home/spino/.m2/repository/aopalliance/aopalliance/1.0/aopalliance-1.0.jar, /home/spino/.m2/repository/org/eclipse/sisu/org.eclipse.sisu.inject/0.0.0.M5/org.eclipse.sisu.inject-0.0.0.M5.jar, /home/spino/.m2/repository/org/codehaus/plexus/plexus-component-annotations/1.5.5/plexus-component-annotations-1.5.5.jar, /home/spino/.m2/repository/org/codehaus/plexus/plexus-classworlds/2.4/plexus-classworlds-2.4.jar], classpathV1AsString='/home/spino/.m2/repository/junit/junit/4.13.2/junit-4.13.2.jar:/home/spino/.m2/repository/org/hamcrest/hamcrest-core/1.3/hamcrest-core-1.3.jar', classpathV2AsString='/home/spino/.m2/repository/junit/junit/4.13.2/junit-4.13.2.jar:/home/spino/.m2/repository/org/hamcrest/hamcrest-core/1.3/hamcrest-core-1.3.jar:/home/spino/.m2/repository/com/github/wvengen/proguard-maven-plugin/2.4.0/proguard-maven-plugin-2.4.0.jar:/home/spino/.m2/repository/org/apache/ant/ant/1.10.9/ant-1.10.9.jar:/home/spino/.m2/repository/org/apache/ant/ant-launcher/1.10.9/ant-launcher-1.10.9.jar:/home/spino/.m2/repository/org/apache/maven/maven-archiver/2.4/maven-archiver-2.4.jar:/home/spino/.m2/repository/org/apache/maven/maven-artifact/2.0/maven-artifact-2.0.jar:/home/spino/.m2/repository/org/apache/maven/maven-model/2.0/maven-model-2.0.jar:/home/spino/.m2/repository/org/apache/maven/maven-project/2.0/maven-project-2.0.jar:/home/spino/.m2/repository/org/apache/maven/maven-profile/2.0/maven-profile-2.0.jar:/home/spino/.m2/repository/org/apache/maven/maven-artifact-manager/2.0/maven-artifact-manager-2.0.jar:/home/spino/.m2/repository/org/apache/maven/maven-repository-metadata/2.0/maven-repository-metadata-2.0.jar:/home/spino/.m2/repository/org/apache/maven/wagon/wagon-provider-api/1.0-alpha-5/wagon-provider-api-1.0-alpha-5.jar:/home/spino/.m2/repository/org/codehaus/plexus/plexus-container-default/1.0-alpha-8/plexus-container-default-1.0-alpha-8.jar:/home/spino/.m2/repository/classworlds/classworlds/1.1-alpha-2/classworlds-1.1-alpha-2.jar:/home/spino/.m2/repository/org/codehaus/plexus/plexus-archiver/1.0-alpha-11/plexus-archiver-1.0-alpha-11.jar:/home/spino/.m2/repository/org/codehaus/plexus/plexus-component-api/1.0-alpha-15/plexus-component-api-1.0-alpha-15.jar:/home/spino/.m2/repository/org/codehaus/plexus/plexus-io/1.0-alpha-3/plexus-io-1.0-alpha-3.jar:/home/spino/.m2/repository/org/codehaus/plexus/plexus-utils/1.4.9/plexus-utils-1.4.9.jar:/home/spino/.m2/repository/org/codehaus/plexus/plexus-interpolation/1.6/plexus-interpolation-1.6.jar:/home/spino/.m2/repository/commons-io/commons-io/2.7/commons-io-2.7.jar:/home/spino/.m2/repository/org/apache/maven/maven-plugin-api/3.1.1/maven-plugin-api-3.1.1.jar:/home/spino/.m2/repository/org/eclipse/sisu/org.eclipse.sisu.plexus/0.0.0.M5/org.eclipse.sisu.plexus-0.0.0.M5.jar:/home/spino/.m2/repository/javax/enterprise/cdi-api/1.0/cdi-api-1.0.jar:/home/spino/.m2/repository/javax/annotation/jsr250-api/1.0/jsr250-api-1.0.jar:/home/spino/.m2/repository/javax/inject/javax.inject/1/javax.inject-1.jar:/home/spino/.m2/repository/com/google/guava/guava/10.0.1/guava-10.0.1.jar:/home/spino/.m2/repository/com/google/code/findbugs/jsr305/1.3.9/jsr305-1.3.9.jar:/home/spino/.m2/repository/org/sonatype/sisu/sisu-guice/3.1.0/sisu-guice-3.1.0-no_aop.jar:/home/spino/.m2/repository/aopalliance/aopalliance/1.0/aopalliance-1.0.jar:/home/spino/.m2/repository/org/eclipse/sisu/org.eclipse.sisu.inject/0.0.0.M5/org.eclipse.sisu.inject-0.0.0.M5.jar:/home/spino/.m2/repository/org/codehaus/plexus/plexus-component-annotations/1.5.5/plexus-component-annotations-1.5.5.jar:/home/spino/.m2/repository/org/codehaus/plexus/plexus-classworlds/2.4/plexus-classworlds-2.4.jar', testsList={com.google.gson.functional.CollectionTest=[testCollectionOfBagOfPrimitivesSerialization], com.google.gson.functional.MapTest=[testInterfaceTypeMap]}, dataV1={com.google.gson.functional.MapTest#testInterfaceTypeMap=[Data{energy=596556.0, instructions=2.0760135E7, durations=2.9799265E7, cycles=2.5706364E7, caches=755852.0, cacheMisses=6873.0, branches=3979978.0, branchMisses=258138.0}, Data{energy=534423.0, instructions=2.1078074E7, durations=2.6776004E7, cycles=2.5410123E7, caches=717114.0, cacheMisses=6186.0, branches=4051704.0, branchMisses=255477.0}, Data{energy=572996.0, instructions=2.0831726E7, durations=2.7996065E7, cycles=2.4825714E7, caches=697607.0, cacheMisses=6243.0, branches=3992172.0, branchMisses=246636.0}, Data{energy=471923.0, instructions=2.1004751E7, durations=2.6984338E7, cycles=2.5083288E7, caches=706182.0, cacheMisses=6033.0, branches=4038750.0, branchMisses=252034.0}, Data{energy=515135.0, instructions=2.0969053E7, durations=2.5616997E7, cycles=2.4740133E7, caches=679451.0, cacheMisses=6235.0, branches=4032706.0, branchMisses=245649.0}], com.google.gson.functional.CollectionTest#testCollectionOfBagOfPrimitivesSerialization=[Data{energy=615294.0, instructions=2.2339218E7, durations=3.0439341E7, cycles=2.8817962E7, caches=783906.0, cacheMisses=21193.0, branches=4313211.0, branchMisses=287230.0}, Data{energy=511108.0, instructions=2.1921197E7, durations=2.835161E7, cycles=2.7769655E7, caches=745519.0, cacheMisses=18886.0, branches=4240107.0, branchMisses=275313.0}, Data{energy=715696.0, instructions=2.2860656E7, durations=3.6847115E7, cycles=2.8886124E7, caches=773380.0, cacheMisses=20694.0, branches=4399796.0, branchMisses=287694.0}, Data{energy=656492.0, instructions=2.2389308E7, durations=3.3156418E7, cycles=2.8250529E7, caches=766016.0, cacheMisses=18609.0, branches=4320537.0, branchMisses=282148.0}, Data{energy=530272.0, instructions=2.2074171E7, durations=3.4069043E7, cycles=2.8440524E7, caches=788044.0, cacheMisses=19477.0, branches=4262746.0, branchMisses=280380.0}]}, dataV2={com.google.gson.functional.MapTest#testInterfaceTypeMap=[Data{energy=756407.0, instructions=2.2105417E7, durations=3.7329619E7, cycles=2.6943259E7, caches=802237.0, cacheMisses=8000.0, branches=4167694.0, branchMisses=256213.0}, Data{energy=635741.0, instructions=2.1526665E7, durations=3.2572722E7, cycles=2.5928795E7, caches=787597.0, cacheMisses=8577.0, branches=4065674.0, branchMisses=247505.0}, Data{energy=674925.0, instructions=2.0805402E7, durations=3.373808E7, cycles=2.5660878E7, caches=769531.0, cacheMisses=8094.0, branches=3936699.0, branchMisses=253453.0}, Data{energy=594054.0, instructions=2.1094707E7, durations=2.9645805E7, cycles=2.5341705E7, caches=722266.0, cacheMisses=8308.0, branches=3989586.0, branchMisses=242231.0}, Data{energy=552062.0, instructions=2.2348399E7, durations=2.918561E7, cycles=2.610402E7, caches=727349.0, cacheMisses=8197.0, branches=4239564.0, branchMisses=245498.0}], com.google.gson.functional.CollectionTest#testCollectionOfBagOfPrimitivesSerialization=[Data{energy=739805.0, instructions=2.2562246E7, durations=3.7056199E7, cycles=2.8276256E7, caches=743937.0, cacheMisses=20873.0, branches=4347804.0, branchMisses=275562.0}, Data{energy=822630.0, instructions=2.2624523E7, durations=4.0614656E7, cycles=2.8169801E7, caches=774617.0, cacheMisses=21205.0, branches=4350530.0, branchMisses=271892.0}, Data{energy=782042.0, instructions=2.262023E7, durations=3.8883114E7, cycles=2.7920347E7, caches=737199.0, cacheMisses=20589.0, branches=4356999.0, branchMisses=275558.0}, Data{energy=721678.0, instructions=2.2783189E7, durations=4.1314254E7, cycles=2.7995412E7, caches=708770.0, cacheMisses=20229.0, branches=4388974.0, branchMisses=276891.0}, Data{energy=676756.0, instructions=2.2713039E7, durations=3.4245767E7, cycles=2.7369432E7, caches=687636.0, cacheMisses=20157.0, branches=4368236.0, branchMisses=263224.0}]}, deltas={com.google.gson.functional.MapTest#testInterfaceTypeMap=Data{energy=101318.0, instructions=557612.0, durations=5588384.0, cycles=845507.0, caches=63349.0, cacheMisses=1962.0, branches=32968.0, branchMisses=-4529.0}, com.google.gson.functional.CollectionTest#testCollectionOfBagOfPrimitivesSerialization=Data{energy=124511.0, instructions=285305.0, durations=5726696.0, cycles=-445112.0, caches=-36181.0, cacheMisses=1112.0, branches=43788.0, branchMisses=-6590.0}}, consideredTestsNames={}, execLinesAdditions=null, execLinesDeletions=null, deltaOmega=null, scorePerLineV1=null, scorePerLineV2=null, ownConsumptionReports={selection={instructions=2184887, package-0/dram|uJ=156819676, package-0|uJ=2178731849, cycles=3707108, duration|ns=105610872995, branches=404781, dram|mW=1484, cache-misses=18195, device|mW=22114, package|uJ=2178731849, branch-misses=29139, package-0/dram|mW=1484, dram|uJ=156819676, cache-reference=91012, device|uJ=2335551525, package-0|mW=20629, package|mW=20629}, instrumentation={instructions=18721303333, package-0/dram|uJ=24360186, package-0|uJ=322243926, cycles=14497228656, duration|ns=15596411232, branches=3508084614, dram|mW=1561, cache-misses=14861880, device|mW=22223, package|uJ=322243926, branch-misses=93220585, package-0/dram|mW=1561, dram|uJ=24360186, cache-reference=290843148, device|uJ=346604112, package-0|mW=20661, package|mW=20661}, delta={instructions=95711439, package-0/dram|uJ=8437965, package-0|uJ=140056344, cycles=126588835, duration|ns=6882032096, branches=18420264, dram|mW=1226, cache-misses=396943, device|mW=21577, package|uJ=140056344, branch-misses=1086280, package-0/dram|mW=1226, dram|uJ=8437965, cache-reference=3108534, device|uJ=148494309, package-0|mW=20351, package|mW=20351}}, reportEnum=NONE}
[INFO] /tmp/v1/gson/src/main/java/com/google/gson/internal/bind/TypeAdapters.java
[INFO] /tmp/v2/gson/src/main/java/com/google/gson/internal/bind/TypeAdapters.java
{com.google.gson.internal.bind.TypeAdapters=[783, 783, 806, 796, 781]}
{com.google.gson.internal.bind.TypeAdapters=[780, 783, 780, 783, 786, 793, 792, 783, 784, 786, 793, 782, 783, 787, 788, 788, 789]}
[INFO] /tmp/v1/gson/src/main/java/com/google/gson/internal/$Gson$Types.java
[INFO] /tmp/v2/gson/src/main/java/com/google/gson/internal/$Gson$Types.java
{com.google.gson.internal.$Gson$Types=[343, 347, 343, 365, 360, 366, 353, 373, 391, 396, 417, 423, 348, 350, 361, 369, 377, 391, 403, 408, 411, 411]}
{com.google.gson.internal.$Gson$Types=[348, 415, 338, 342, 348, 436, 338, 353, 437, 437, 352, 353, 347, 351, 360, 354, 347, 361, 366, 373, 355, 361, 361, 373, 363, 372, 382, 373, 382, 405, 377, 391, 405, 392, 391, 382, 396, 428, 391, 396, 428, 396, 383, 402, 418, 418, 404, 407, 424, 424, 409]}
[INFO] /tmp/v1/gson/src/main/java/com/google/gson/internal/reflect/UnsafeReflectionAccessor.java
[INFO] /tmp/v2/gson/src/main/java/com/google/gson/internal/reflect/UnsafeReflectionAccessor.java
{com.google.gson.internal.reflect.UnsafeReflectionAccessor=[83]}
{com.google.gson.internal.reflect.UnsafeReflectionAccessor=[83]}
[INFO] /tmp/v1/gson/src/test/java/com/google/gson/internal/reflect/UnsafeReflectionAccessorTest.java
[INFO] /tmp/v2/gson/src/test/java/com/google/gson/internal/reflect/UnsafeReflectionAccessorTest.java
[INFO] Build modified Tests /tmp/v2/gson/src/test/java/com/google/gson/internal/reflect/UnsafeReflectionAccessorTest.java
[info] DeltaOmega Data{energy=0.0, instructions=0.0, durations=0.0, cycles=0.0, caches=0.0, cacheMisses=0.0, branches=0.0, branchMisses=0.0}
java.lang.NullPointerException
	at org.powerapi.jjoules.EnergySample.buildReport(EnergySample.java:103)
	at org.powerapi.jjoules.EnergySample.stop(EnergySample.java:135)
	at fr.davidson.diff.jjoules.DiffJJoulesMojo.stopMonitoring(DiffJJoulesMojo.java:246)
	at fr.davidson.diff.jjoules.DiffJJoulesMojo.stopMonitoring(DiffJJoulesMojo.java:242)
	at fr.davidson.diff.jjoules.DiffJJoulesMojo.end(DiffJJoulesMojo.java:363)
	at fr.davidson.diff.jjoules.DiffJJoulesMojo.end(DiffJJoulesMojo.java:359)
	at fr.davidson.diff.jjoules.DiffJJoulesMojo.commitMarking(DiffJJoulesMojo.java:313)
	at fr.davidson.diff.jjoules.DiffJJoulesMojo._run(DiffJJoulesMojo.java:263)
	at fr.davidson.diff.jjoules.DiffJJoulesMojo.execute(DiffJJoulesMojo.java:224)
	at org.apache.maven.plugin.DefaultBuildPluginManager.executeMojo(DefaultBuildPluginManager.java:137)
	at org.apache.maven.lifecycle.internal.MojoExecutor.execute(MojoExecutor.java:210)
	at org.apache.maven.lifecycle.internal.MojoExecutor.execute(MojoExecutor.java:156)
	at org.apache.maven.lifecycle.internal.MojoExecutor.execute(MojoExecutor.java:148)
	at org.apache.maven.lifecycle.internal.LifecycleModuleBuilder.buildProject(LifecycleModuleBuilder.java:117)
	at org.apache.maven.lifecycle.internal.LifecycleModuleBuilder.buildProject(LifecycleModuleBuilder.java:81)
	at org.apache.maven.lifecycle.internal.builder.singlethreaded.SingleThreadedBuilder.build(SingleThreadedBuilder.java:56)
	at org.apache.maven.lifecycle.internal.LifecycleStarter.execute(LifecycleStarter.java:128)
	at org.apache.maven.DefaultMaven.doExecute(DefaultMaven.java:305)
	at org.apache.maven.DefaultMaven.doExecute(DefaultMaven.java:192)
	at org.apache.maven.DefaultMaven.execute(DefaultMaven.java:105)
	at org.apache.maven.cli.MavenCli.execute(MavenCli.java:956)
	at org.apache.maven.cli.MavenCli.doMain(MavenCli.java:288)
	at org.apache.maven.cli.MavenCli.main(MavenCli.java:192)
	at java.base/jdk.internal.reflect.NativeMethodAccessorImpl.invoke0(Native Method)
	at java.base/jdk.internal.reflect.NativeMethodAccessorImpl.invoke(NativeMethodAccessorImpl.java:62)
	at java.base/jdk.internal.reflect.DelegatingMethodAccessorImpl.invoke(DelegatingMethodAccessorImpl.java:43)
	at java.base/java.lang.reflect.Method.invoke(Method.java:566)
	at org.codehaus.plexus.classworlds.launcher.Launcher.launchEnhanced(Launcher.java:289)
	at org.codehaus.plexus.classworlds.launcher.Launcher.launch(Launcher.java:229)
	at org.codehaus.plexus.classworlds.launcher.Launcher.mainWithExitCode(Launcher.java:415)
	at org.codehaus.plexus.classworlds.launcher.Launcher.main(Launcher.java:356)
[INFO] ------------------------------------------------------------------------
[INFO] BUILD SUCCESS
[INFO] ------------------------------------------------------------------------
[INFO] Total time:  04:43 min
[INFO] Finished at: 2021-09-24T14:59:34+02:00
[INFO] ------------------------------------------------------------------------
