[INFO] Scanning for projects...
[INFO] 
[INFO] -----------------------< commons-io:commons-io >------------------------
[INFO] Building Apache Commons IO 2.7-SNAPSHOT
[INFO] --------------------------------[ jar ]---------------------------------
[INFO] 
[INFO] --- maven-clean-plugin:3.1.0:clean (default-clean) @ commons-io ---
[INFO] Deleting /tmp/v1/target
[INFO] 
[INFO] --- dspot-diff-test-selection:3.1.1-SNAPSHOT:list (default-cli) @ commons-io ---
[INFO] Running on:
[INFO] /tmp/v1
[INFO] /tmp/v2/
[WARNING] No path to diff file has been specified.
[WARNING] I'll compute a diff file using the UNIX diff command
[WARNING] You may encounter troubles.
[WARNING] If so, please specify a path to a correct diff file
[WARNING] or implement a new way to compute a diff file.
[INFO] Computing the diff with diff commnd line
[INFO] The diff will be computed between:
[INFO] /tmp/v1/src and 
[INFO] /tmp/v2/src
[INFO] Executing: diff -ru /tmp/v1/src /tmp/v2/src from /tmp/v1/src
[INFO] Running in enhanced mode...
[INFO] Computing coverage for /tmp/v1
[WARN] Maven will be executed in interactive mode, but no input stream has been configured for this MavenInvoker instance.
WARNING: An illegal reflective access operation has occurred
WARNING: Illegal reflective access by com.google.inject.internal.cglib.core.$ReflectUtils$1 (file:/usr/share/maven/lib/guice.jar) to method java.lang.ClassLoader.defineClass(java.lang.String,byte[],int,int,java.security.ProtectionDomain)
WARNING: Please consider reporting this to the maintainers of com.google.inject.internal.cglib.core.$ReflectUtils$1
WARNING: Use --illegal-access=warn to enable warnings of further illegal reflective access operations
WARNING: All illegal access operations will be denied in a future release
[[1;34mINFO[m] Scanning for projects...
[[1;34mINFO[m] 
[[1;34mINFO[m] [1m-----------------------< [0;36mcommons-io:commons-io[0;1m >------------------------[m
[[1;34mINFO[m] [1mBuilding Apache Commons IO 2.7-SNAPSHOT[m
[[1;34mINFO[m] [1m--------------------------------[ jar ]---------------------------------[m
[[1;34mINFO[m] 
[[1;34mINFO[m] [1m--- [0;32mmaven-clean-plugin:3.1.0:clean[m [1m(default-clean)[m @ [36mcommons-io[0;1m ---[m
[[1;34mINFO[m] 
[[1;34mINFO[m] [1m--- [0;32mclover-maven-plugin:4.4.1:setup[m [1m(default-cli)[m @ [36mcommons-io[0;1m ---[m
[[1;34mINFO[m] OpenClover Version 4.4.1, built on October 11 2019 (build-1020)
[[1;34mINFO[m] Creating new database at '/tmp/v1/target/clover/clover.db'.
[[1;34mINFO[m] Processing files at 1.9 source level.
[[1;34mINFO[m] Clover all over. Instrumented 143 files (8 packages).
[[1;34mINFO[m] OpenClover Version 4.4.1, built on October 11 2019 (build-1020)
[[1;34mINFO[m] Updating existing database at '/tmp/v1/target/clover/clover.db'.
[[1;34mINFO[m] Processing files at 1.9 source level.
[[1;34mINFO[m] Clover all over. Instrumented 140 files (10 packages).
[[1;34mINFO[m] 1182 test methods detected.
[[1;34mINFO[m] 
[[1;34mINFO[m] [1m--- [0;32mmaven-enforcer-plugin:3.0.0-M2:enforce[m [1m(enforce-maven-version)[m @ [36mcommons-io[0;1m ---[m
[[1;34mINFO[m] Skipping Rule Enforcement.
[[1;34mINFO[m] 
[[1;34mINFO[m] [1m--- [0;32mmaven-enforcer-plugin:3.0.0-M2:enforce[m [1m(enforce-maven-3)[m @ [36mcommons-io[0;1m ---[m
[[1;34mINFO[m] Skipping Rule Enforcement.
[[1;34mINFO[m] 
[[1;34mINFO[m] [1m--- [0;32mapache-rat-plugin:0.13:check[m [1m(rat-check)[m @ [36mcommons-io[0;1m ---[m
[[1;34mINFO[m] RAT will not execute since it is configured to be skipped via system property 'rat.skip'.
[[1;34mINFO[m] 
[[1;34mINFO[m] [1m--- [0;32mbuild-helper-maven-plugin:3.0.0:parse-version[m [1m(parse-version)[m @ [36mcommons-io[0;1m ---[m
[[1;34mINFO[m] 
[[1;34mINFO[m] [1m--- [0;32mmaven-antrun-plugin:1.8:run[m [1m(javadoc.resources)[m @ [36mcommons-io[0;1m ---[m
[[1;34mINFO[m] Executing tasks

main:
     [copy] Copying 2 files to /tmp/v1/target/apidocs/META-INF
[[1;34mINFO[m] Executed tasks
[[1;34mINFO[m] 
[[1;34mINFO[m] [1m--- [0;32mmaven-remote-resources-plugin:1.5:process[m [1m(process-resource-bundles)[m @ [36mcommons-io[0;1m ---[m
[[1;34mINFO[m] 
[[1;34mINFO[m] [1m--- [0;32mbuildnumber-maven-plugin:1.4:create[m [1m(default)[m @ [36mcommons-io[0;1m ---[m
[[1;34mINFO[m] Executing: /bin/sh -c cd '/tmp/v1' && 'git' 'rev-parse' '--verify' 'HEAD'
[[1;34mINFO[m] Working directory: /tmp/v1
[[1;34mINFO[m] Storing buildNumber: 93a62774063f2ad3bab43920445abf088cbd1ad1 at timestamp: 1610470531712
[[1;34mINFO[m] Storing buildScmBranch: master
[[1;34mINFO[m] 
[[1;34mINFO[m] [1m--- [0;32mmaven-resources-plugin:3.1.0:resources[m [1m(default-resources)[m @ [36mcommons-io[0;1m ---[m
[[1;34mINFO[m] Using 'iso-8859-1' encoding to copy filtered resources.
[[1;34mINFO[m] skip non existing resourceDirectory /tmp/v1/src/main/resources
[[1;34mINFO[m] Copying 2 resources to META-INF
[[1;34mINFO[m] Copying 1 resource
[[1;34mINFO[m] 
[[1;34mINFO[m] [1m--- [0;32mmaven-compiler-plugin:3.8.0:compile[m [1m(default-compile)[m @ [36mcommons-io[0;1m ---[m
[[1;34mINFO[m] Changes detected - recompiling the module!
[[1;34mINFO[m] Compiling 143 source files to /tmp/v1/target/classes
[[1;34mINFO[m] /tmp/v1/target/clover/src-instrumented/org/apache/commons/io/input/ClassLoaderObjectInputStream.java: Some input files use or override a deprecated API.
[[1;34mINFO[m] /tmp/v1/target/clover/src-instrumented/org/apache/commons/io/input/ClassLoaderObjectInputStream.java: Recompile with -Xlint:deprecation for details.
[[1;34mINFO[m] /tmp/v1/target/clover/src-instrumented/org/apache/commons/io/IOExceptionList.java: /tmp/v1/target/clover/src-instrumented/org/apache/commons/io/IOExceptionList.java uses unchecked or unsafe operations.
[[1;34mINFO[m] /tmp/v1/target/clover/src-instrumented/org/apache/commons/io/IOExceptionList.java: Recompile with -Xlint:unchecked for details.
[[1;34mINFO[m] 
[[1;34mINFO[m] [1m--- [0;32mmaven-bundle-plugin:4.1.0:manifest[m [1m(bundle-manifest)[m @ [36mcommons-io[0;1m ---[m
[[1;34mINFO[m] 
[[1;34mINFO[m] [1m--- [0;32manimal-sniffer-maven-plugin:1.17:check[m [1m(checkAPIcompatibility)[m @ [36mcommons-io[0;1m ---[m
[[1;34mINFO[m] Signature checking is skipped.
[[1;34mINFO[m] 
[[1;34mINFO[m] [1m--- [0;32mmaven-resources-plugin:3.1.0:testResources[m [1m(default-testResources)[m @ [36mcommons-io[0;1m ---[m
[[1;34mINFO[m] Using 'iso-8859-1' encoding to copy filtered resources.
[[1;34mINFO[m] Copying 20 resources
[[1;34mINFO[m] Copying 2 resources to META-INF
[[1;34mINFO[m] 
[[1;34mINFO[m] [1m--- [0;32mmaven-compiler-plugin:3.8.0:testCompile[m [1m(default-testCompile)[m @ [36mcommons-io[0;1m ---[m
[[1;34mINFO[m] Changes detected - recompiling the module!
[[1;34mINFO[m] Compiling 140 source files to /tmp/v1/target/test-classes
[[1;34mINFO[m] /tmp/v1/target/clover/src-test-instrumented/org/apache/commons/io/IOUtilsCopyTestCase.java: Some input files use or override a deprecated API.
[[1;34mINFO[m] /tmp/v1/target/clover/src-test-instrumented/org/apache/commons/io/IOUtilsCopyTestCase.java: Recompile with -Xlint:deprecation for details.
[[1;34mINFO[m] 
[[1;34mINFO[m] [1m--- [0;32mjacoco-maven-plugin:0.8.4:prepare-agent[m [1m(prepare-agent)[m @ [36mcommons-io[0;1m ---[m
[[1;34mINFO[m] Skipping JaCoCo execution because property jacoco.skip is set.
[[1;34mINFO[m] argLine set to empty
[[1;34mINFO[m] 
[[1;34mINFO[m] [1m--- [0;32mmaven-surefire-plugin:2.22.2:test[m [1m(default-test)[m @ [36mcommons-io[0;1m ---[m
[[1;34mINFO[m] 
[[1;34mINFO[m] -------------------------------------------------------
[[1;34mINFO[m]  T E S T S
[[1;34mINFO[m] -------------------------------------------------------
[[1;34mINFO[m] Running org.apache.commons.io.[1mByteOrderParserTest[m
[[1;34mINFO[m] [1;32mTests run: [0;1;32m3[m, Failures: 0, Errors: 0, Skipped: 0, Time elapsed: 0.067 s - in org.apache.commons.io.[1mByteOrderParserTest[m
[[1;34mINFO[m] Running org.apache.commons.io.[1mFileUtilsFileNewerTestCase[m
[[1;34mINFO[m] [1;32mTests run: [0;1;32m5[m, Failures: 0, Errors: 0, Skipped: 0, Time elapsed: 0.101 s - in org.apache.commons.io.[1mFileUtilsFileNewerTestCase[m
[[1;34mINFO[m] Running org.apache.commons.io.serialization.[1mValidatingObjectInputStreamTest[m
[[1;34mINFO[m] [1;32mTests run: [0;1;32m18[m, Failures: 0, Errors: 0, Skipped: 0, Time elapsed: 0.123 s - in org.apache.commons.io.serialization.[1mValidatingObjectInputStreamTest[m
[[1;34mINFO[m] Running org.apache.commons.io.serialization.[1mMoreComplexObjectTest[m
[[1;34mINFO[m] [1;32mTests run: [0;1;32m3[m, Failures: 0, Errors: 0, Skipped: 0, Time elapsed: 0.101 s - in org.apache.commons.io.serialization.[1mMoreComplexObjectTest[m
[[1;34mINFO[m] Running org.apache.commons.io.serialization.[1mWildcardClassNameMatcherTest[m
[[1;34mINFO[m] [1;32mTests run: [0;1;32m3[m, Failures: 0, Errors: 0, Skipped: 0, Time elapsed: 0.077 s - in org.apache.commons.io.serialization.[1mWildcardClassNameMatcherTest[m
[[1;34mINFO[m] Running org.apache.commons.io.serialization.[1mRegexpClassNameMatcherTest[m
[[1;34mINFO[m] [1;32mTests run: [0;1;32m5[m, Failures: 0, Errors: 0, Skipped: 0, Time elapsed: 0.088 s - in org.apache.commons.io.serialization.[1mRegexpClassNameMatcherTest[m
[[1;34mINFO[m] Running org.apache.commons.io.serialization.[1mFullClassNameMatcherTest[m
[[1;34mINFO[m] [1;32mTests run: [0;1;32m2[m, Failures: 0, Errors: 0, Skipped: 0, Time elapsed: 0.081 s - in org.apache.commons.io.serialization.[1mFullClassNameMatcherTest[m
[[1;34mINFO[m] Running org.apache.commons.io.[1mCopyUtilsTest[m
[[1;34mINFO[m] [1;32mTests run: [0;1;32m11[m, Failures: 0, Errors: 0, Skipped: 0, Time elapsed: 0.123 s - in org.apache.commons.io.[1mCopyUtilsTest[m
[[1;34mINFO[m] Running org.apache.commons.io.[1mLineIteratorTestCase[m
[[1;34mINFO[m] [1;32mTests run: [0;1;32m16[m, Failures: 0, Errors: 0, Skipped: 0, Time elapsed: 0.164 s - in org.apache.commons.io.[1mLineIteratorTestCase[m
[[1;34mINFO[m] Running org.apache.commons.io.[1mThreadMonitorTestCase[m
[[1;34mINFO[m] [1;32mTests run: [0;1;32m3[m, Failures: 0, Errors: 0, Skipped: 0, Time elapsed: 0.479 s - in org.apache.commons.io.[1mThreadMonitorTestCase[m
[[1;34mINFO[m] Running org.apache.commons.io.[1mFileUtilsCleanSymlinksTestCase[m
[[1;34mINFO[m] [1;32mTests run: [0;1;32m8[m, Failures: 0, Errors: 0, Skipped: 0, Time elapsed: 0.121 s - in org.apache.commons.io.[1mFileUtilsCleanSymlinksTestCase[m
[[1;34mINFO[m] Running org.apache.commons.io.[1mEndianUtilsTest[m
[[1;34mINFO[m] [1;32mTests run: [0;1;32m22[m, Failures: 0, Errors: 0, Skipped: 0, Time elapsed: 0.096 s - in org.apache.commons.io.[1mEndianUtilsTest[m
[[1;34mINFO[m] Running org.apache.commons.io.[1mHexDumpTest[m
[[1;34mINFO[m] [1;32mTests run: [0;1;32m1[m, Failures: 0, Errors: 0, Skipped: 0, Time elapsed: 0.081 s - in org.apache.commons.io.[1mHexDumpTest[m
[[1;34mINFO[m] Running org.apache.commons.io.[1mDirectoryWalkerTestCase[m
[[1;34mINFO[m] [1;32mTests run: [0;1;32m15[m, Failures: 0, Errors: 0, Skipped: 0, Time elapsed: 0.118 s - in org.apache.commons.io.[1mDirectoryWalkerTestCase[m
[[1;34mINFO[m] Running org.apache.commons.io.[1mIOUtilsCopyTestCase[m
[[1;34mINFO[m] [1;32mTests run: [0;1;32m27[m, Failures: 0, Errors: 0, Skipped: 0, Time elapsed: 1.112 s - in org.apache.commons.io.[1mIOUtilsCopyTestCase[m
[[1;34mINFO[m] Running org.apache.commons.io.[1mFilenameUtilsWildcardTestCase[m
[[1;34mINFO[m] [1;32mTests run: [0;1;32m7[m, Failures: 0, Errors: 0, Skipped: 0, Time elapsed: 0.164 s - in org.apache.commons.io.[1mFilenameUtilsWildcardTestCase[m
[[1;34mINFO[m] Running org.apache.commons.io.[1mFileUtilsCleanDirectoryTestCase[m
[[1;34mINFO[m] [1;32mTests run: [0;1;32m5[m, Failures: 0, Errors: 0, Skipped: 0, Time elapsed: 0.108 s - in org.apache.commons.io.[1mFileUtilsCleanDirectoryTestCase[m
[[1;34mINFO[m] Running org.apache.commons.io.[1mFilenameUtilsTestCase[m
[[1;34mINFO[m] [1;32mTests run: [0;1;32m38[m, Failures: 0, Errors: 0, Skipped: 0, Time elapsed: 0.154 s - in org.apache.commons.io.[1mFilenameUtilsTestCase[m
[[1;34mINFO[m] Running org.apache.commons.io.[1mIOExceptionListTestCase[m
org.apache.commons.io.IOExceptionList: 1 exceptions: [java.io.EOFException]
	at org.apache.commons.io.IOExceptionListTestCase.__CLR4_4_1657rzzaal(IOExceptionListTestCase.java:55)
	at org.apache.commons.io.IOExceptionListTestCase.testPrintStackTrace(IOExceptionListTestCase.java:52)
	at java.base/jdk.internal.reflect.NativeMethodAccessorImpl.invoke0(Native Method)
	at java.base/jdk.internal.reflect.NativeMethodAccessorImpl.invoke(NativeMethodAccessorImpl.java:62)
	at java.base/jdk.internal.reflect.DelegatingMethodAccessorImpl.invoke(DelegatingMethodAccessorImpl.java:43)
	at java.base/java.lang.reflect.Method.invoke(Method.java:566)
	at org.junit.runners.model.FrameworkMethod$1.runReflectiveCall(FrameworkMethod.java:50)
	at org.junit.internal.runners.model.ReflectiveCallable.run(ReflectiveCallable.java:12)
	at org.junit.runners.model.FrameworkMethod.invokeExplosively(FrameworkMethod.java:47)
	at org.junit.internal.runners.statements.InvokeMethod.evaluate(InvokeMethod.java:17)
	at org.junit.runners.ParentRunner.runLeaf(ParentRunner.java:325)
	at org.junit.runners.BlockJUnit4ClassRunner.runChild(BlockJUnit4ClassRunner.java:78)
	at org.junit.runners.BlockJUnit4ClassRunner.runChild(BlockJUnit4ClassRunner.java:57)
	at org.junit.runners.ParentRunner$3.run(ParentRunner.java:290)
	at org.junit.runners.ParentRunner$1.schedule(ParentRunner.java:71)
	at org.junit.runners.ParentRunner.runChildren(ParentRunner.java:288)
	at org.junit.runners.ParentRunner.access$000(ParentRunner.java:58)
	at org.junit.runners.ParentRunner$2.evaluate(ParentRunner.java:268)
	at org.junit.runners.ParentRunner.run(ParentRunner.java:363)
	at org.apache.maven.surefire.junit4.JUnit4Provider.execute(JUnit4Provider.java:365)
	at org.apache.maven.surefire.junit4.JUnit4Provider.executeWithRerun(JUnit4Provider.java:273)
	at org.apache.maven.surefire.junit4.JUnit4Provider.executeTestSet(JUnit4Provider.java:238)
	at org.apache.maven.surefire.junit4.JUnit4Provider.invoke(JUnit4Provider.java:159)
	at org.apache.maven.surefire.booter.ForkedBooter.invokeProviderInSameClassLoader(ForkedBooter.java:384)
	at org.apache.maven.surefire.booter.ForkedBooter.runSuitesInProcess(ForkedBooter.java:345)
	at org.apache.maven.surefire.booter.ForkedBooter.execute(ForkedBooter.java:126)
	at org.apache.maven.surefire.booter.ForkedBooter.main(ForkedBooter.java:418)
Caused by: java.io.EOFException
	at org.apache.commons.io.IOExceptionListTestCase.__CLR4_4_1657rzzaal(IOExceptionListTestCase.java:53)
	... 26 more
[[1;34mINFO[m] [1;32mTests run: [0;1;32m3[m, Failures: 0, Errors: 0, Skipped: 0, Time elapsed: 0.077 s - in org.apache.commons.io.[1mIOExceptionListTestCase[m
[[1;34mINFO[m] Running org.apache.commons.io.[1mCharsetsTestCase[m
[[1;34mINFO[m] [1;32mTests run: [0;1;32m8[m, Failures: 0, Errors: 0, Skipped: 0, Time elapsed: 0.087 s - in org.apache.commons.io.[1mCharsetsTestCase[m
[[1;34mINFO[m] Running org.apache.commons.io.[1mFileUtilsWaitForTestCase[m
[[1;34mINFO[m] [1;32mTests run: [0;1;32m2[m, Failures: 0, Errors: 0, Skipped: 0, Time elapsed: 4.084 s - in org.apache.commons.io.[1mFileUtilsWaitForTestCase[m
[[1;34mINFO[m] Running org.apache.commons.io.[1mDirectoryWalkerTestCaseJava4[m
[[1;34mINFO[m] [1;32mTests run: [0;1;32m14[m, Failures: 0, Errors: 0, Skipped: 0, Time elapsed: 0.115 s - in org.apache.commons.io.[1mDirectoryWalkerTestCaseJava4[m
[[1;34mINFO[m] Running org.apache.commons.io.[1mIOUtilsWriteTestCase[m
[[1;34mINFO[m] [1;32mTests run: [0;1;32m53[m, Failures: 0, Errors: 0, Skipped: 0, Time elapsed: 0.194 s - in org.apache.commons.io.[1mIOUtilsWriteTestCase[m
[[1;34mINFO[m] Running org.apache.commons.io.[1mFileUtilsTestCase[m
[[1;33mWARNING[m] [1;33mTests [0;1mrun: [0;1m142[m, Failures: 0, Errors: 0, [1;33mSkipped: [0;1;33m1[m, Time elapsed: 2.398 s - in org.apache.commons.io.[1mFileUtilsTestCase[m
[[1;34mINFO[m] Running org.apache.commons.io.[1mDemuxTestCase[m
[[1;34mINFO[m] [1;32mTests run: [0;1;32m2[m, Failures: 0, Errors: 0, Skipped: 0, Time elapsed: 0.267 s - in org.apache.commons.io.[1mDemuxTestCase[m
[[1;34mINFO[m] Running org.apache.commons.io.[1mIOCaseTestCase[m
[[1;34mINFO[m] [1;32mTests run: [0;1;32m17[m, Failures: 0, Errors: 0, Skipped: 0, Time elapsed: 0.108 s - in org.apache.commons.io.[1mIOCaseTestCase[m
[[1;34mINFO[m] Running org.apache.commons.io.filefilter.[1mOrFileFilterTestCase[m
[[1;34mINFO[m] [1;32mTests run: [0;1;32m5[m, Failures: 0, Errors: 0, Skipped: 0, Time elapsed: 0.092 s - in org.apache.commons.io.filefilter.[1mOrFileFilterTestCase[m
[[1;34mINFO[m] Running org.apache.commons.io.filefilter.[1mRegexFileFilterTestCase[m
[[1;34mINFO[m] [1;32mTests run: [0;1;32m1[m, Failures: 0, Errors: 0, Skipped: 0, Time elapsed: 0.091 s - in org.apache.commons.io.filefilter.[1mRegexFileFilterTestCase[m
[[1;34mINFO[m] Running org.apache.commons.io.filefilter.[1mAndFileFilterTestCase[m
[[1;34mINFO[m] [1;32mTests run: [0;1;32m5[m, Failures: 0, Errors: 0, Skipped: 0, Time elapsed: 0.08 s - in org.apache.commons.io.filefilter.[1mAndFileFilterTestCase[m
[[1;34mINFO[m] Running org.apache.commons.io.filefilter.[1mFileFilterTestCase[m
[[1;33mWARNING[m] [1;33mTests [0;1mrun: [0;1m48[m, Failures: 0, Errors: 0, [1;33mSkipped: [0;1;33m1[m, Time elapsed: 2.211 s - in org.apache.commons.io.filefilter.[1mFileFilterTestCase[m
[[1;34mINFO[m] Running org.apache.commons.io.[1mByteOrderMarkTestCase[m
[[1;34mINFO[m] [1;32mTests run: [0;1;32m9[m, Failures: 0, Errors: 0, Skipped: 0, Time elapsed: 0.082 s - in org.apache.commons.io.[1mByteOrderMarkTestCase[m
[[1;34mINFO[m] Running org.apache.commons.io.monitor.[1mFileAlterationObserverTestCase[m
[[1;34mINFO[m] [1;32mTests run: [0;1;32m7[m, Failures: 0, Errors: 0, Skipped: 0, Time elapsed: 4.669 s - in org.apache.commons.io.monitor.[1mFileAlterationObserverTestCase[m
[[1;34mINFO[m] Running org.apache.commons.io.monitor.[1mFileAlterationMonitorTestCase[m
[[1;34mINFO[m] [1;32mTests run: [0;1;32m5[m, Failures: 0, Errors: 0, Skipped: 0, Time elapsed: 0.65 s - in org.apache.commons.io.monitor.[1mFileAlterationMonitorTestCase[m
[[1;34mINFO[m] Running org.apache.commons.io.[1mIOIndexedExceptionTestCase[m
[[1;34mINFO[m] [1;32mTests run: [0;1;32m2[m, Failures: 0, Errors: 0, Skipped: 0, Time elapsed: 0.075 s - in org.apache.commons.io.[1mIOIndexedExceptionTestCase[m
[[1;34mINFO[m] Running org.apache.commons.io.[1mIOUtilsTestCase[m
[[1;34mINFO[m] [1;32mTests run: [0;1;32m110[m, Failures: 0, Errors: 0, Skipped: 0, Time elapsed: 0.304 s - in org.apache.commons.io.[1mIOUtilsTestCase[m
[[1;34mINFO[m] Running org.apache.commons.io.[1mFileCleaningTrackerTestCase[m
[[1;34mINFO[m] [1;32mTests run: [0;1;32m9[m, Failures: 0, Errors: 0, Skipped: 0, Time elapsed: 4.216 s - in org.apache.commons.io.[1mFileCleaningTrackerTestCase[m
[[1;34mINFO[m] Running org.apache.commons.io.[1mFileDeleteStrategyTestCase[m
[[1;34mINFO[m] [1;32mTests run: [0;1;32m5[m, Failures: 0, Errors: 0, Skipped: 0, Time elapsed: 0.113 s - in org.apache.commons.io.[1mFileDeleteStrategyTestCase[m
[[1;34mINFO[m] Running org.apache.commons.io.[1mFileSystemUtilsTestCase[m
[[1;34mINFO[m] [1;32mTests run: [0;1;32m30[m, Failures: 0, Errors: 0, Skipped: 0, Time elapsed: 0.147 s - in org.apache.commons.io.[1mFileSystemUtilsTestCase[m
[[1;34mINFO[m] Running org.apache.commons.io.[1mIOExceptionWithCauseTestCase[m
[[1;34mINFO[m] [1;32mTests run: [0;1;32m2[m, Failures: 0, Errors: 0, Skipped: 0, Time elapsed: 0.095 s - in org.apache.commons.io.[1mIOExceptionWithCauseTestCase[m
[[1;34mINFO[m] Running org.apache.commons.io.[1mFileCleanerTestCase[m
[[1;34mINFO[m] [1;32mTests run: [0;1;32m9[m, Failures: 0, Errors: 0, Skipped: 0, Time elapsed: 4.213 s - in org.apache.commons.io.[1mFileCleanerTestCase[m
[[1;34mINFO[m] Running org.apache.commons.io.comparator.[1mLastModifiedFileComparatorTest[m
[[1;34mINFO[m] [1;32mTests run: [0;1;32m7[m, Failures: 0, Errors: 0, Skipped: 0, Time elapsed: 4.317 s - in org.apache.commons.io.comparator.[1mLastModifiedFileComparatorTest[m
[[1;34mINFO[m] Running org.apache.commons.io.comparator.[1mCompositeFileComparatorTest[m
[[1;34mINFO[m] [1;32mTests run: [0;1;32m10[m, Failures: 0, Errors: 0, Skipped: 0, Time elapsed: 0.106 s - in org.apache.commons.io.comparator.[1mCompositeFileComparatorTest[m
[[1;34mINFO[m] Running org.apache.commons.io.comparator.[1mSizeFileComparatorTest[m
[[1;34mINFO[m] [1;32mTests run: [0;1;32m9[m, Failures: 0, Errors: 0, Skipped: 0, Time elapsed: 0.124 s - in org.apache.commons.io.comparator.[1mSizeFileComparatorTest[m
[[1;34mINFO[m] Running org.apache.commons.io.comparator.[1mPathFileComparatorTest[m
[[1;34mINFO[m] [1;32mTests run: [0;1;32m8[m, Failures: 0, Errors: 0, Skipped: 0, Time elapsed: 0.112 s - in org.apache.commons.io.comparator.[1mPathFileComparatorTest[m
[[1;34mINFO[m] Running org.apache.commons.io.comparator.[1mDefaultFileComparatorTest[m
[[1;34mINFO[m] [1;32mTests run: [0;1;32m7[m, Failures: 0, Errors: 0, Skipped: 0, Time elapsed: 0.104 s - in org.apache.commons.io.comparator.[1mDefaultFileComparatorTest[m
[[1;34mINFO[m] Running org.apache.commons.io.comparator.[1mDirectoryFileComparatorTest[m
[[1;34mINFO[m] [1;32mTests run: [0;1;32m7[m, Failures: 0, Errors: 0, Skipped: 0, Time elapsed: 0.104 s - in org.apache.commons.io.comparator.[1mDirectoryFileComparatorTest[m
[[1;34mINFO[m] Running org.apache.commons.io.comparator.[1mNameFileComparatorTest[m
[[1;34mINFO[m] [1;32mTests run: [0;1;32m8[m, Failures: 0, Errors: 0, Skipped: 0, Time elapsed: 0.095 s - in org.apache.commons.io.comparator.[1mNameFileComparatorTest[m
[[1;34mINFO[m] Running org.apache.commons.io.comparator.[1mExtensionFileComparatorTest[m
[[1;34mINFO[m] [1;32mTests run: [0;1;32m8[m, Failures: 0, Errors: 0, Skipped: 0, Time elapsed: 0.093 s - in org.apache.commons.io.comparator.[1mExtensionFileComparatorTest[m
[[1;34mINFO[m] Running org.apache.commons.io.[1mFileUtilsCopyToFileTestCase[m
[[1;34mINFO[m] [1;32mTests run: [0;1;32m2[m, Failures: 0, Errors: 0, Skipped: 0, Time elapsed: 0.102 s - in org.apache.commons.io.[1mFileUtilsCopyToFileTestCase[m
[[1;34mINFO[m] Running org.apache.commons.io.[1mFileUtilsListFilesTestCase[m
[[1;34mINFO[m] [1;32mTests run: [0;1;32m3[m, Failures: 0, Errors: 0, Skipped: 0, Time elapsed: 0.112 s - in org.apache.commons.io.[1mFileUtilsListFilesTestCase[m
[[1;34mINFO[m] Running org.apache.commons.io.[1mTaggedIOExceptionTest[m
[[1;34mINFO[m] [1;32mTests run: [0;1;32m1[m, Failures: 0, Errors: 0, Skipped: 0, Time elapsed: 0.079 s - in org.apache.commons.io.[1mTaggedIOExceptionTest[m
[[1;34mINFO[m] Running org.apache.commons.io.input.[1mCharSequenceInputStreamTest[m
[[1;33mWARNING[m] [1;33mTests [0;1mrun: [0;1m30[m, Failures: 0, Errors: 0, [1;33mSkipped: [0;1;33m2[m, Time elapsed: 0.415 s - in org.apache.commons.io.input.[1mCharSequenceInputStreamTest[m
[[1;34mINFO[m] Running org.apache.commons.io.input.[1mXmlStreamReaderTest[m
[[1;34mINFO[m] [1;32mTests run: [0;1;32m16[m, Failures: 0, Errors: 0, Skipped: 0, Time elapsed: 0.443 s - in org.apache.commons.io.input.[1mXmlStreamReaderTest[m
[[1;34mINFO[m] Running org.apache.commons.io.input.[1mCharacterSetFilterReaderTest[m
[[1;34mINFO[m] [1;32mTests run: [0;1;32m10[m, Failures: 0, Errors: 0, Skipped: 0, Time elapsed: 0.085 s - in org.apache.commons.io.input.[1mCharacterSetFilterReaderTest[m
[[1;34mINFO[m] Running org.apache.commons.io.input.[1mCloseShieldReaderTest[m
[[1;34mINFO[m] [1;32mTests run: [0;1;32m1[m, Failures: 0, Errors: 0, Skipped: 0, Time elapsed: 0.441 s - in org.apache.commons.io.input.[1mCloseShieldReaderTest[m
[[1;34mINFO[m] Running org.apache.commons.io.input.[1mInfiniteCircularInputStreamTest[m
[[1;34mINFO[m] [1;32mTests run: [0;1;32m2[m, Failures: 0, Errors: 0, Skipped: 0, Time elapsed: 0.082 s - in org.apache.commons.io.input.[1mInfiniteCircularInputStreamTest[m
[[1;34mINFO[m] Running org.apache.commons.io.input.[1mClosedReaderTest[m
[[1;34mINFO[m] [1;32mTests run: [0;1;32m1[m, Failures: 0, Errors: 0, Skipped: 0, Time elapsed: 0.071 s - in org.apache.commons.io.input.[1mClosedReaderTest[m
[[1;34mINFO[m] Running org.apache.commons.io.input.[1mWindowsLineEndingInputStreamTest[m
[[1;34mINFO[m] [1;32mTests run: [0;1;32m7[m, Failures: 0, Errors: 0, Skipped: 0, Time elapsed: 0.08 s - in org.apache.commons.io.input.[1mWindowsLineEndingInputStreamTest[m
[[1;34mINFO[m] Running org.apache.commons.io.input.[1mBoundedInputStreamTest[m
[[1;34mINFO[m] [1;32mTests run: [0;1;32m2[m, Failures: 0, Errors: 0, Skipped: 0, Time elapsed: 0.079 s - in org.apache.commons.io.input.[1mBoundedInputStreamTest[m
[[1;34mINFO[m] Running org.apache.commons.io.input.[1mTeeInputStreamTest[m
[[1;34mINFO[m] [1;32mTests run: [0;1;32m9[m, Failures: 0, Errors: 0, Skipped: 0, Time elapsed: 0.566 s - in org.apache.commons.io.input.[1mTeeInputStreamTest[m
[[1;34mINFO[m] Running org.apache.commons.io.input.[1mBoundedReaderTest[m
[[1;34mINFO[m] [1;32mTests run: [0;1;32m16[m, Failures: 0, Errors: 0, Skipped: 0, Time elapsed: 0.145 s - in org.apache.commons.io.input.[1mBoundedReaderTest[m
[[1;34mINFO[m] Running org.apache.commons.io.input.[1mAutoCloseInputStreamTest[m
[[1;34mINFO[m] [1;32mTests run: [0;1;32m4[m, Failures: 0, Errors: 0, Skipped: 0, Time elapsed: 0.097 s - in org.apache.commons.io.input.[1mAutoCloseInputStreamTest[m
[[1;34mINFO[m] Running org.apache.commons.io.input.[1mSwappedDataInputStreamTest[m
[[1;34mINFO[m] [1;32mTests run: [0;1;32m14[m, Failures: 0, Errors: 0, Skipped: 0, Time elapsed: 0.092 s - in org.apache.commons.io.input.[1mSwappedDataInputStreamTest[m
[[1;34mINFO[m] Running org.apache.commons.io.input.[1mBrokenReaderTest[m
[[1;34mINFO[m] [1;32mTests run: [0;1;32m6[m, Failures: 0, Errors: 0, Skipped: 0, Time elapsed: 0.082 s - in org.apache.commons.io.input.[1mBrokenReaderTest[m
[[1;34mINFO[m] Running org.apache.commons.io.input.[1mTeeReaderTest[m
[[1;34mINFO[m] [1;32mTests run: [0;1;32m10[m, Failures: 0, Errors: 0, Skipped: 0, Time elapsed: 0.501 s - in org.apache.commons.io.input.[1mTeeReaderTest[m
[[1;34mINFO[m] Running org.apache.commons.io.input.[1mBOMInputStreamTest[m
[[1;33mWARNING[m] [1;33mTests [0;1mrun: [0;1m44[m, Failures: 0, Errors: 0, [1;33mSkipped: [0;1;33m1[m, Time elapsed: 0.246 s - in org.apache.commons.io.input.[1mBOMInputStreamTest[m
[[1;34mINFO[m] Running org.apache.commons.io.input.[1mTailerTest[m
[[1;34mINFO[m] [1;32mTests run: [0;1;32m10[m, Failures: 0, Errors: 0, Skipped: 0, Time elapsed: 10.368 s - in org.apache.commons.io.input.[1mTailerTest[m
[[1;34mINFO[m] Running org.apache.commons.io.input.[1mCharSequenceReaderTest[m
[[1;34mINFO[m] [1;32mTests run: [0;1;32m7[m, Failures: 0, Errors: 0, Skipped: 0, Time elapsed: 0.101 s - in org.apache.commons.io.input.[1mCharSequenceReaderTest[m
[[1;34mINFO[m] Running org.apache.commons.io.input.[1mNullReaderTest[m
[[1;34mINFO[m] [1;32mTests run: [0;1;32m6[m, Failures: 0, Errors: 0, Skipped: 0, Time elapsed: 0.077 s - in org.apache.commons.io.input.[1mNullReaderTest[m
[[1;34mINFO[m] Running org.apache.commons.io.input.[1mCountingInputStreamTest[m
[[1;34mINFO[m] [1;32mTests run: [0;1;32m10[m, Failures: 0, Errors: 0, Skipped: 0, Time elapsed: 0.305 s - in org.apache.commons.io.input.[1mCountingInputStreamTest[m
[[1;34mINFO[m] Running org.apache.commons.io.input.[1mNullInputStreamTest[m
[[1;34mINFO[m] [1;32mTests run: [0;1;32m6[m, Failures: 0, Errors: 0, Skipped: 0, Time elapsed: 0.076 s - in org.apache.commons.io.input.[1mNullInputStreamTest[m
[[1;34mINFO[m] Running org.apache.commons.io.input.[1mCharacterFilterReaderTest[m
[[1;34mINFO[m] [1;32mTests run: [0;1;32m5[m, Failures: 0, Errors: 0, Skipped: 0, Time elapsed: 0.079 s - in org.apache.commons.io.input.[1mCharacterFilterReaderTest[m
[[1;34mINFO[m] Running org.apache.commons.io.input.compatibility.[1mXmlStreamReaderUtilitiesCompatibilityTest[m
[[1;34mINFO[m] [1;32mTests run: [0;1;32m11[m, Failures: 0, Errors: 0, Skipped: 0, Time elapsed: 0.108 s - in org.apache.commons.io.input.compatibility.[1mXmlStreamReaderUtilitiesCompatibilityTest[m
[[1;34mINFO[m] Running org.apache.commons.io.input.[1mReaderInputStreamTest[m
[[1;34mINFO[m] [1;32mTests run: [0;1;32m8[m, Failures: 0, Errors: 0, Skipped: 0, Time elapsed: 0.088 s - in org.apache.commons.io.input.[1mReaderInputStreamTest[m
[[1;34mINFO[m] Running org.apache.commons.io.input.[1mReversedLinesFileReaderTestParamBlockSize[m
[[1;34mINFO[m] [1;32mTests run: [0;1;32m85[m, Failures: 0, Errors: 0, Skipped: 0, Time elapsed: 0.502 s - in org.apache.commons.io.input.[1mReversedLinesFileReaderTestParamBlockSize[m
[[1;34mINFO[m] Running org.apache.commons.io.input.[1mCloseShieldInputStreamTest[m
[[1;34mINFO[m] [1;32mTests run: [0;1;32m1[m, Failures: 0, Errors: 0, Skipped: 0, Time elapsed: 0.084 s - in org.apache.commons.io.input.[1mCloseShieldInputStreamTest[m
[[1;34mINFO[m] Running org.apache.commons.io.input.[1mReversedLinesFileReaderTestSimple[m
[[1;34mINFO[m] [1;32mTests run: [0;1;32m3[m, Failures: 0, Errors: 0, Skipped: 0, Time elapsed: 0.118 s - in org.apache.commons.io.input.[1mReversedLinesFileReaderTestSimple[m
[[1;34mINFO[m] Running org.apache.commons.io.input.[1mClassLoaderObjectInputStreamTest[m
[[1;34mINFO[m] [1;32mTests run: [0;1;32m7[m, Failures: 0, Errors: 0, Skipped: 0, Time elapsed: 0.091 s - in org.apache.commons.io.input.[1mClassLoaderObjectInputStreamTest[m
[[1;34mINFO[m] Running org.apache.commons.io.input.buffer.[1mCircularBufferInputStreamTest[m
[[1;34mINFO[m] [1;32mTests run: [0;1;32m1[m, Failures: 0, Errors: 0, Skipped: 0, Time elapsed: 0.089 s - in org.apache.commons.io.input.buffer.[1mCircularBufferInputStreamTest[m
[[1;34mINFO[m] Running org.apache.commons.io.input.[1mTaggedInputStreamTest[m
[[1;34mINFO[m] [1;32mTests run: [0;1;32m4[m, Failures: 0, Errors: 0, Skipped: 0, Time elapsed: 0.089 s - in org.apache.commons.io.input.[1mTaggedInputStreamTest[m
[[1;34mINFO[m] Running org.apache.commons.io.input.[1mProxyReaderTest[m
[[1;34mINFO[m] [1;32mTests run: [0;1;32m2[m, Failures: 0, Errors: 0, Skipped: 0, Time elapsed: 0.091 s - in org.apache.commons.io.input.[1mProxyReaderTest[m
[[1;34mINFO[m] Running org.apache.commons.io.input.[1mBrokenInputStreamTest[m
[[1;34mINFO[m] [1;32mTests run: [0;1;32m5[m, Failures: 0, Errors: 0, Skipped: 0, Time elapsed: 0.077 s - in org.apache.commons.io.input.[1mBrokenInputStreamTest[m
[[1;34mINFO[m] Running org.apache.commons.io.input.[1mClosedInputStreamTest[m
[[1;34mINFO[m] [1;32mTests run: [0;1;32m1[m, Failures: 0, Errors: 0, Skipped: 0, Time elapsed: 0.082 s - in org.apache.commons.io.input.[1mClosedInputStreamTest[m
[[1;34mINFO[m] Running org.apache.commons.io.input.[1mObservableInputStreamTest[m
[[1;34mINFO[m] [1;32mTests run: [0;1;32m2[m, Failures: 0, Errors: 0, Skipped: 0, Time elapsed: 0.089 s - in org.apache.commons.io.input.[1mObservableInputStreamTest[m
[[1;34mINFO[m] Running org.apache.commons.io.input.[1mMessageDigestCalculatingInputStreamTest[m
[[1;34mINFO[m] [1;32mTests run: [0;1;32m1[m, Failures: 0, Errors: 0, Skipped: 0, Time elapsed: 0.103 s - in org.apache.commons.io.input.[1mMessageDigestCalculatingInputStreamTest[m
[[1;34mINFO[m] Running org.apache.commons.io.input.[1mUnixLineEndingInputStreamTest[m
[[1;34mINFO[m] [1;32mTests run: [0;1;32m8[m, Failures: 0, Errors: 0, Skipped: 0, Time elapsed: 0.086 s - in org.apache.commons.io.input.[1mUnixLineEndingInputStreamTest[m
[[1;34mINFO[m] Running org.apache.commons.io.input.[1mXmlStreamReaderUtilitiesTest[m
[[1;34mINFO[m] [1;32mTests run: [0;1;32m11[m, Failures: 0, Errors: 0, Skipped: 0, Time elapsed: 0.129 s - in org.apache.commons.io.input.[1mXmlStreamReaderUtilitiesTest[m
[[1;34mINFO[m] Running org.apache.commons.io.input.[1mTaggedReaderTest[m
[[1;34mINFO[m] [1;32mTests run: [0;1;32m4[m, Failures: 0, Errors: 0, Skipped: 0, Time elapsed: 0.092 s - in org.apache.commons.io.input.[1mTaggedReaderTest[m
[[1;34mINFO[m] Running org.apache.commons.io.input.[1mReversedLinesFileReaderTestParamFile[m
[[1;34mINFO[m] [1;32mTests run: [0;1;32m18[m, Failures: 0, Errors: 0, Skipped: 0, Time elapsed: 0.372 s - in org.apache.commons.io.input.[1mReversedLinesFileReaderTestParamFile[m
[[1;34mINFO[m] Running org.apache.commons.io.[1mFileUtilsDirectoryContainsTestCase[m
[[1;34mINFO[m] [1;32mTests run: [0;1;32m11[m, Failures: 0, Errors: 0, Skipped: 0, Time elapsed: 0.124 s - in org.apache.commons.io.[1mFileUtilsDirectoryContainsTestCase[m
[[1;34mINFO[m] Running org.apache.commons.io.output.[1mThresholdingOutputStreamTest[m
[[1;34mINFO[m] [1;32mTests run: [0;1;32m1[m, Failures: 0, Errors: 0, Skipped: 0, Time elapsed: 0.083 s - in org.apache.commons.io.output.[1mThresholdingOutputStreamTest[m
[[1;34mINFO[m] Running org.apache.commons.io.output.[1mAppendableWriterTest[m
[[1;34mINFO[m] [1;32mTests run: [0;1;32m6[m, Failures: 0, Errors: 0, Skipped: 0, Time elapsed: 0.087 s - in org.apache.commons.io.output.[1mAppendableWriterTest[m
[[1;34mINFO[m] Running org.apache.commons.io.output.[1mCloseShieldWriterTest[m
[[1;34mINFO[m] [1;32mTests run: [0;1;32m1[m, Failures: 0, Errors: 0, Skipped: 0, Time elapsed: 0.461 s - in org.apache.commons.io.output.[1mCloseShieldWriterTest[m
[[1;34mINFO[m] Running org.apache.commons.io.output.[1mWriterOutputStreamTest[m
[[1;34mINFO[m] [1;32mTests run: [0;1;32m12[m, Failures: 0, Errors: 0, Skipped: 0, Time elapsed: 0.096 s - in org.apache.commons.io.output.[1mWriterOutputStreamTest[m
[[1;34mINFO[m] Running org.apache.commons.io.output.[1mClosedOutputStreamTest[m
[[1;34mINFO[m] [1;32mTests run: [0;1;32m2[m, Failures: 0, Errors: 0, Skipped: 0, Time elapsed: 0.078 s - in org.apache.commons.io.output.[1mClosedOutputStreamTest[m
[[1;34mINFO[m] Running org.apache.commons.io.output.[1mProxyCollectionWriterTest[m
[[1;34mINFO[m] [1;32mTests run: [0;1;32m23[m, Failures: 0, Errors: 0, Skipped: 0, Time elapsed: 0.484 s - in org.apache.commons.io.output.[1mProxyCollectionWriterTest[m
[[1;34mINFO[m] Running org.apache.commons.io.output.[1mClosedWriterTest[m
[[1;34mINFO[m] [1;32mTests run: [0;1;32m2[m, Failures: 0, Errors: 0, Skipped: 0, Time elapsed: 0.073 s - in org.apache.commons.io.output.[1mClosedWriterTest[m
[[1;34mINFO[m] Running org.apache.commons.io.output.[1mTeeWriterTest[m
[[1;34mINFO[m] [1;32mTests run: [0;1;32m23[m, Failures: 0, Errors: 0, Skipped: 0, Time elapsed: 0.498 s - in org.apache.commons.io.output.[1mTeeWriterTest[m
[[1;34mINFO[m] Running org.apache.commons.io.output.[1mByteArrayOutputStreamTestCase[m
[[1;34mINFO[m] [1;32mTests run: [0;1;32m3[m, Failures: 0, Errors: 0, Skipped: 0, Time elapsed: 0.093 s - in org.apache.commons.io.output.[1mByteArrayOutputStreamTestCase[m
[[1;34mINFO[m] Running org.apache.commons.io.output.[1mChunkedOutputStreamTest[m
[[1;34mINFO[m] [1;32mTests run: [0;1;32m3[m, Failures: 0, Errors: 0, Skipped: 0, Time elapsed: 0.082 s - in org.apache.commons.io.output.[1mChunkedOutputStreamTest[m
[[1;34mINFO[m] Running org.apache.commons.io.output.[1mAppendableOutputStreamTest[m
[[1;34mINFO[m] [1;32mTests run: [0;1;32m2[m, Failures: 0, Errors: 0, Skipped: 0, Time elapsed: 0.088 s - in org.apache.commons.io.output.[1mAppendableOutputStreamTest[m
[[1;34mINFO[m] Running org.apache.commons.io.output.[1mCountingOutputStreamTest[m
[[1;34mINFO[m] [1;32mTests run: [0;1;32m2[m, Failures: 0, Errors: 0, Skipped: 0, Time elapsed: 0.233 s - in org.apache.commons.io.output.[1mCountingOutputStreamTest[m
[[1;34mINFO[m] Running org.apache.commons.io.output.[1mNullPrintStreamTest[m
[[1;34mINFO[m] [1;32mTests run: [0;1;32m2[m, Failures: 0, Errors: 0, Skipped: 0, Time elapsed: 0.082 s - in org.apache.commons.io.output.[1mNullPrintStreamTest[m
[[1;34mINFO[m] Running org.apache.commons.io.output.[1mCloseShieldOutputStreamTest[m
[[1;34mINFO[m] [1;32mTests run: [0;1;32m1[m, Failures: 0, Errors: 0, Skipped: 0, Time elapsed: 0.075 s - in org.apache.commons.io.output.[1mCloseShieldOutputStreamTest[m
[[1;34mINFO[m] Running org.apache.commons.io.output.[1mFileWriterWithEncodingTest[m
[[1;34mINFO[m] [1;32mTests run: [0;1;32m12[m, Failures: 0, Errors: 0, Skipped: 0, Time elapsed: 0.141 s - in org.apache.commons.io.output.[1mFileWriterWithEncodingTest[m
[[1;34mINFO[m] Running org.apache.commons.io.output.[1mLockableFileWriterTest[m
[[1;34mINFO[m] [1;32mTests run: [0;1;32m7[m, Failures: 0, Errors: 0, Skipped: 0, Time elapsed: 0.115 s - in org.apache.commons.io.output.[1mLockableFileWriterTest[m
[[1;34mINFO[m] Running org.apache.commons.io.output.[1mTaggedOutputStreamTest[m
[[1;34mINFO[m] [1;32mTests run: [0;1;32m3[m, Failures: 0, Errors: 0, Skipped: 0, Time elapsed: 0.101 s - in org.apache.commons.io.output.[1mTaggedOutputStreamTest[m
[[1;34mINFO[m] Running org.apache.commons.io.output.[1mChunkedWriterTest[m
[[1;34mINFO[m] [1;32mTests run: [0;1;32m3[m, Failures: 0, Errors: 0, Skipped: 0, Time elapsed: 0.077 s - in org.apache.commons.io.output.[1mChunkedWriterTest[m
[[1;34mINFO[m] Running org.apache.commons.io.output.[1mDeferredFileOutputStreamTest[m
[[1;34mINFO[m] [1;32mTests run: [0;1;32m130[m, Failures: 0, Errors: 0, Skipped: 0, Time elapsed: 0.233 s - in org.apache.commons.io.output.[1mDeferredFileOutputStreamTest[m
[[1;34mINFO[m] Running org.apache.commons.io.output.[1mNullOutputStreamTest[m
[[1;34mINFO[m] [1;32mTests run: [0;1;32m2[m, Failures: 0, Errors: 0, Skipped: 0, Time elapsed: 0.09 s - in org.apache.commons.io.output.[1mNullOutputStreamTest[m
[[1;34mINFO[m] Running org.apache.commons.io.output.[1mBrokenWriterTest[m
[[1;34mINFO[m] [1;32mTests run: [0;1;32m3[m, Failures: 0, Errors: 0, Skipped: 0, Time elapsed: 0.084 s - in org.apache.commons.io.output.[1mBrokenWriterTest[m
[[1;34mINFO[m] Running org.apache.commons.io.output.[1mXmlStreamWriterTest[m
[[1;34mINFO[m] [1;32mTests run: [0;1;32m13[m, Failures: 0, Errors: 0, Skipped: 0, Time elapsed: 0.152 s - in org.apache.commons.io.output.[1mXmlStreamWriterTest[m
[[1;34mINFO[m] Running org.apache.commons.io.output.[1mTaggedWriterTest[m
[[1;34mINFO[m] [1;32mTests run: [0;1;32m3[m, Failures: 0, Errors: 0, Skipped: 0, Time elapsed: 0.095 s - in org.apache.commons.io.output.[1mTaggedWriterTest[m
[[1;34mINFO[m] Running org.apache.commons.io.output.[1mStringBuilderWriterTest[m
[[1;34mINFO[m] [1;32mTests run: [0;1;32m12[m, Failures: 0, Errors: 0, Skipped: 0, Time elapsed: 0.088 s - in org.apache.commons.io.output.[1mStringBuilderWriterTest[m
[[1;34mINFO[m] Running org.apache.commons.io.output.[1mNullWriterTest[m
[[1;34mINFO[m] [1;32mTests run: [0;1;32m1[m, Failures: 0, Errors: 0, Skipped: 0, Time elapsed: 0.071 s - in org.apache.commons.io.output.[1mNullWriterTest[m
[[1;34mINFO[m] Running org.apache.commons.io.output.[1mBrokenOutputStreamTest[m
[[1;34mINFO[m] [1;32mTests run: [0;1;32m3[m, Failures: 0, Errors: 0, Skipped: 0, Time elapsed: 0.085 s - in org.apache.commons.io.output.[1mBrokenOutputStreamTest[m
[[1;34mINFO[m] Running org.apache.commons.io.output.[1mProxyWriterTest[m
[[1;34mINFO[m] [1;32mTests run: [0;1;32m21[m, Failures: 0, Errors: 0, Skipped: 0, Time elapsed: 0.125 s - in org.apache.commons.io.output.[1mProxyWriterTest[m
[[1;34mINFO[m] Running org.apache.commons.io.output.[1mProxyOutputStreamTest[m
[[1;34mINFO[m] [1;32mTests run: [0;1;32m2[m, Failures: 0, Errors: 0, Skipped: 0, Time elapsed: 0.081 s - in org.apache.commons.io.output.[1mProxyOutputStreamTest[m
[[1;34mINFO[m] Running org.apache.commons.io.output.[1mTeeOutputStreamTest[m
[[1;34mINFO[m] [1;32mTests run: [0;1;32m3[m, Failures: 0, Errors: 0, Skipped: 0, Time elapsed: 0.463 s - in org.apache.commons.io.output.[1mTeeOutputStreamTest[m
[[1;34mINFO[m] Running org.apache.commons.io.[1mFileSystemTestCase[m
[[1;34mINFO[m] [1;32mTests run: [0;1;32m5[m, Failures: 0, Errors: 0, Skipped: 0, Time elapsed: 0.079 s - in org.apache.commons.io.[1mFileSystemTestCase[m
[[1;34mINFO[m] Running org.apache.commons.io.[1mFileUtilsCopyDirectoryToDirectoryTestCase[m
[[1;34mINFO[m] [1;32mTests run: [0;1;32m4[m, Failures: 0, Errors: 0, Skipped: 0, Time elapsed: 0.101 s - in org.apache.commons.io.[1mFileUtilsCopyDirectoryToDirectoryTestCase[m
[[1;34mINFO[m] 
[[1;34mINFO[m] Results:
[[1;34mINFO[m] 
[[1;33mWARNING[m] [1;33mTests run: 1459, Failures: 0, Errors: 0, Skipped: 5[m
[[1;34mINFO[m] 
[[1;34mINFO[m] [1m------------------------------------------------------------------------[m
[[1;34mINFO[m] [1;32mBUILD SUCCESS[m
[[1;34mINFO[m] [1m------------------------------------------------------------------------[m
[[1;34mINFO[m] Total time:  02:20 min
[[1;34mINFO[m] Finished at: 2021-01-12T17:57:47+01:00
[[1;34mINFO[m] [1m------------------------------------------------------------------------[m
Writing HTML report to '/tmp/v1/target/clover/report'
Done. Processed 10 packages in 4295ms (429ms per package).
[INFO] Computing coverage for /tmp/v2/
[WARN] Maven will be executed in interactive mode, but no input stream has been configured for this MavenInvoker instance.
WARNING: An illegal reflective access operation has occurred
WARNING: Illegal reflective access by com.google.inject.internal.cglib.core.$ReflectUtils$1 (file:/usr/share/maven/lib/guice.jar) to method java.lang.ClassLoader.defineClass(java.lang.String,byte[],int,int,java.security.ProtectionDomain)
WARNING: Please consider reporting this to the maintainers of com.google.inject.internal.cglib.core.$ReflectUtils$1
WARNING: Use --illegal-access=warn to enable warnings of further illegal reflective access operations
WARNING: All illegal access operations will be denied in a future release
[[1;34mINFO[m] Scanning for projects...
[[1;34mINFO[m] 
[[1;34mINFO[m] [1m-----------------------< [0;36mcommons-io:commons-io[0;1m >------------------------[m
[[1;34mINFO[m] [1mBuilding Apache Commons IO 2.7-SNAPSHOT[m
[[1;34mINFO[m] [1m--------------------------------[ jar ]---------------------------------[m
[[1;34mINFO[m] 
[[1;34mINFO[m] [1m--- [0;32mmaven-clean-plugin:3.1.0:clean[m [1m(default-clean)[m @ [36mcommons-io[0;1m ---[m
[[1;34mINFO[m] Deleting /tmp/v2/target
[[1;34mINFO[m] 
[[1;34mINFO[m] [1m--- [0;32mclover-maven-plugin:4.4.1:setup[m [1m(default-cli)[m @ [36mcommons-io[0;1m ---[m
[[1;34mINFO[m] OpenClover Version 4.4.1, built on October 11 2019 (build-1020)
[[1;34mINFO[m] Creating new database at '/tmp/v2/target/clover/clover.db'.
[[1;34mINFO[m] Processing files at 1.9 source level.
[[1;33mWARNING[m] Trying to add a statement but current method is null. Did you put CLOVER:OFF before a method signature and CLOVER:ON inside a method body?
[[1;33mWARNING[m] Trying to add a statement but current method is null. Did you put CLOVER:OFF before a method signature and CLOVER:ON inside a method body?
[[1;33mWARNING[m] Trying to add a statement but current method is null. Did you put CLOVER:OFF before a method signature and CLOVER:ON inside a method body?
[[1;33mWARNING[m] Trying to add a statement but current method is null. Did you put CLOVER:OFF before a method signature and CLOVER:ON inside a method body?
[[1;33mWARNING[m] Trying to add a statement but current method is null. Did you put CLOVER:OFF before a method signature and CLOVER:ON inside a method body?
[[1;33mWARNING[m] Trying to add a statement but current method is null. Did you put CLOVER:OFF before a method signature and CLOVER:ON inside a method body?
[[1;33mWARNING[m] Trying to add a statement but current method is null. Did you put CLOVER:OFF before a method signature and CLOVER:ON inside a method body?
[[1;34mINFO[m] Clover all over. Instrumented 143 files (8 packages).
[[1;34mINFO[m] OpenClover Version 4.4.1, built on October 11 2019 (build-1020)
[[1;34mINFO[m] Updating existing database at '/tmp/v2/target/clover/clover.db'.
[[1;34mINFO[m] Processing files at 1.9 source level.
[[1;34mINFO[m] Clover all over. Instrumented 140 files (10 packages).
[[1;34mINFO[m] 1182 test methods detected.
[[1;34mINFO[m] 
[[1;34mINFO[m] [1m--- [0;32mmaven-enforcer-plugin:3.0.0-M2:enforce[m [1m(enforce-maven-version)[m @ [36mcommons-io[0;1m ---[m
[[1;34mINFO[m] Skipping Rule Enforcement.
[[1;34mINFO[m] 
[[1;34mINFO[m] [1m--- [0;32mmaven-enforcer-plugin:3.0.0-M2:enforce[m [1m(enforce-maven-3)[m @ [36mcommons-io[0;1m ---[m
[[1;34mINFO[m] Skipping Rule Enforcement.
[[1;34mINFO[m] 
[[1;34mINFO[m] [1m--- [0;32mapache-rat-plugin:0.13:check[m [1m(rat-check)[m @ [36mcommons-io[0;1m ---[m
[[1;34mINFO[m] RAT will not execute since it is configured to be skipped via system property 'rat.skip'.
[[1;34mINFO[m] 
[[1;34mINFO[m] [1m--- [0;32mbuild-helper-maven-plugin:3.0.0:parse-version[m [1m(parse-version)[m @ [36mcommons-io[0;1m ---[m
[[1;34mINFO[m] 
[[1;34mINFO[m] [1m--- [0;32mmaven-antrun-plugin:1.8:run[m [1m(javadoc.resources)[m @ [36mcommons-io[0;1m ---[m
[[1;34mINFO[m] Executing tasks

main:
     [copy] Copying 2 files to /tmp/v2/target/apidocs/META-INF
[[1;34mINFO[m] Executed tasks
[[1;34mINFO[m] 
[[1;34mINFO[m] [1m--- [0;32mmaven-remote-resources-plugin:1.5:process[m [1m(process-resource-bundles)[m @ [36mcommons-io[0;1m ---[m
[[1;34mINFO[m] 
[[1;34mINFO[m] [1m--- [0;32mbuildnumber-maven-plugin:1.4:create[m [1m(default)[m @ [36mcommons-io[0;1m ---[m
[[1;34mINFO[m] Executing: /bin/sh -c cd '/tmp/v2' && 'git' 'rev-parse' '--verify' 'HEAD'
[[1;34mINFO[m] Working directory: /tmp/v2
[[1;34mINFO[m] Storing buildNumber: fc418a7fb34a5af5d675c1398432bc9a4f8c802d at timestamp: 1610470679135
[[1;34mINFO[m] Storing buildScmBranch: master
[[1;34mINFO[m] 
[[1;34mINFO[m] [1m--- [0;32mmaven-resources-plugin:3.1.0:resources[m [1m(default-resources)[m @ [36mcommons-io[0;1m ---[m
[[1;34mINFO[m] Using 'iso-8859-1' encoding to copy filtered resources.
[[1;34mINFO[m] skip non existing resourceDirectory /tmp/v2/src/main/resources
[[1;34mINFO[m] Copying 2 resources to META-INF
[[1;34mINFO[m] Copying 1 resource
[[1;34mINFO[m] 
[[1;34mINFO[m] [1m--- [0;32mmaven-compiler-plugin:3.8.0:compile[m [1m(default-compile)[m @ [36mcommons-io[0;1m ---[m
[[1;34mINFO[m] Changes detected - recompiling the module!
[[1;34mINFO[m] Compiling 143 source files to /tmp/v2/target/classes
[[1;34mINFO[m] /tmp/v2/target/clover/src-instrumented/org/apache/commons/io/input/AutoCloseInputStream.java: Some input files use or override a deprecated API.
[[1;34mINFO[m] /tmp/v2/target/clover/src-instrumented/org/apache/commons/io/input/AutoCloseInputStream.java: Recompile with -Xlint:deprecation for details.
[[1;34mINFO[m] /tmp/v2/target/clover/src-instrumented/org/apache/commons/io/IOExceptionList.java: /tmp/v2/target/clover/src-instrumented/org/apache/commons/io/IOExceptionList.java uses unchecked or unsafe operations.
[[1;34mINFO[m] /tmp/v2/target/clover/src-instrumented/org/apache/commons/io/IOExceptionList.java: Recompile with -Xlint:unchecked for details.
[[1;34mINFO[m] 
[[1;34mINFO[m] [1m--- [0;32mmaven-bundle-plugin:4.1.0:manifest[m [1m(bundle-manifest)[m @ [36mcommons-io[0;1m ---[m
[[1;34mINFO[m] 
[[1;34mINFO[m] [1m--- [0;32manimal-sniffer-maven-plugin:1.17:check[m [1m(checkAPIcompatibility)[m @ [36mcommons-io[0;1m ---[m
[[1;34mINFO[m] Signature checking is skipped.
[[1;34mINFO[m] 
[[1;34mINFO[m] [1m--- [0;32mmaven-resources-plugin:3.1.0:testResources[m [1m(default-testResources)[m @ [36mcommons-io[0;1m ---[m
[[1;34mINFO[m] Using 'iso-8859-1' encoding to copy filtered resources.
[[1;34mINFO[m] Copying 20 resources
[[1;34mINFO[m] Copying 2 resources to META-INF
[[1;34mINFO[m] 
[[1;34mINFO[m] [1m--- [0;32mmaven-compiler-plugin:3.8.0:testCompile[m [1m(default-testCompile)[m @ [36mcommons-io[0;1m ---[m
[[1;34mINFO[m] Changes detected - recompiling the module!
[[1;34mINFO[m] Compiling 140 source files to /tmp/v2/target/test-classes
[[1;34mINFO[m] /tmp/v2/target/clover/src-test-instrumented/org/apache/commons/io/IOUtilsCopyTestCase.java: Some input files use or override a deprecated API.
[[1;34mINFO[m] /tmp/v2/target/clover/src-test-instrumented/org/apache/commons/io/IOUtilsCopyTestCase.java: Recompile with -Xlint:deprecation for details.
[[1;34mINFO[m] 
[[1;34mINFO[m] [1m--- [0;32mjacoco-maven-plugin:0.8.4:prepare-agent[m [1m(prepare-agent)[m @ [36mcommons-io[0;1m ---[m
[[1;34mINFO[m] Skipping JaCoCo execution because property jacoco.skip is set.
[[1;34mINFO[m] argLine set to empty
[[1;34mINFO[m] 
[[1;34mINFO[m] [1m--- [0;32mmaven-surefire-plugin:2.22.2:test[m [1m(default-test)[m @ [36mcommons-io[0;1m ---[m
[[1;34mINFO[m] 
[[1;34mINFO[m] -------------------------------------------------------
[[1;34mINFO[m]  T E S T S
[[1;34mINFO[m] -------------------------------------------------------
[[1;34mINFO[m] Running org.apache.commons.io.[1mByteOrderParserTest[m
[[1;34mINFO[m] [1;32mTests run: [0;1;32m3[m, Failures: 0, Errors: 0, Skipped: 0, Time elapsed: 0.075 s - in org.apache.commons.io.[1mByteOrderParserTest[m
[[1;34mINFO[m] Running org.apache.commons.io.[1mFileUtilsFileNewerTestCase[m
[[1;34mINFO[m] [1;32mTests run: [0;1;32m5[m, Failures: 0, Errors: 0, Skipped: 0, Time elapsed: 0.1 s - in org.apache.commons.io.[1mFileUtilsFileNewerTestCase[m
[[1;34mINFO[m] Running org.apache.commons.io.serialization.[1mValidatingObjectInputStreamTest[m
[[1;34mINFO[m] [1;32mTests run: [0;1;32m18[m, Failures: 0, Errors: 0, Skipped: 0, Time elapsed: 0.127 s - in org.apache.commons.io.serialization.[1mValidatingObjectInputStreamTest[m
[[1;34mINFO[m] Running org.apache.commons.io.serialization.[1mMoreComplexObjectTest[m
[[1;34mINFO[m] [1;32mTests run: [0;1;32m3[m, Failures: 0, Errors: 0, Skipped: 0, Time elapsed: 0.102 s - in org.apache.commons.io.serialization.[1mMoreComplexObjectTest[m
[[1;34mINFO[m] Running org.apache.commons.io.serialization.[1mWildcardClassNameMatcherTest[m
[[1;34mINFO[m] [1;32mTests run: [0;1;32m3[m, Failures: 0, Errors: 0, Skipped: 0, Time elapsed: 0.079 s - in org.apache.commons.io.serialization.[1mWildcardClassNameMatcherTest[m
[[1;34mINFO[m] Running org.apache.commons.io.serialization.[1mRegexpClassNameMatcherTest[m
[[1;34mINFO[m] [1;32mTests run: [0;1;32m5[m, Failures: 0, Errors: 0, Skipped: 0, Time elapsed: 0.104 s - in org.apache.commons.io.serialization.[1mRegexpClassNameMatcherTest[m
[[1;34mINFO[m] Running org.apache.commons.io.serialization.[1mFullClassNameMatcherTest[m
[[1;34mINFO[m] [1;32mTests run: [0;1;32m2[m, Failures: 0, Errors: 0, Skipped: 0, Time elapsed: 0.073 s - in org.apache.commons.io.serialization.[1mFullClassNameMatcherTest[m
[[1;34mINFO[m] Running org.apache.commons.io.[1mCopyUtilsTest[m
[[1;34mINFO[m] [1;32mTests run: [0;1;32m11[m, Failures: 0, Errors: 0, Skipped: 0, Time elapsed: 0.109 s - in org.apache.commons.io.[1mCopyUtilsTest[m
[[1;34mINFO[m] Running org.apache.commons.io.[1mLineIteratorTestCase[m
[[1;34mINFO[m] [1;32mTests run: [0;1;32m16[m, Failures: 0, Errors: 0, Skipped: 0, Time elapsed: 0.141 s - in org.apache.commons.io.[1mLineIteratorTestCase[m
[[1;34mINFO[m] Running org.apache.commons.io.[1mThreadMonitorTestCase[m
[[1;34mINFO[m] [1;32mTests run: [0;1;32m3[m, Failures: 0, Errors: 0, Skipped: 0, Time elapsed: 0.49 s - in org.apache.commons.io.[1mThreadMonitorTestCase[m
[[1;34mINFO[m] Running org.apache.commons.io.[1mFileUtilsCleanSymlinksTestCase[m
[[1;34mINFO[m] [1;32mTests run: [0;1;32m8[m, Failures: 0, Errors: 0, Skipped: 0, Time elapsed: 0.124 s - in org.apache.commons.io.[1mFileUtilsCleanSymlinksTestCase[m
[[1;34mINFO[m] Running org.apache.commons.io.[1mEndianUtilsTest[m
[[1;34mINFO[m] [1;32mTests run: [0;1;32m22[m, Failures: 0, Errors: 0, Skipped: 0, Time elapsed: 0.096 s - in org.apache.commons.io.[1mEndianUtilsTest[m
[[1;34mINFO[m] Running org.apache.commons.io.[1mHexDumpTest[m
[[1;34mINFO[m] [1;32mTests run: [0;1;32m1[m, Failures: 0, Errors: 0, Skipped: 0, Time elapsed: 0.083 s - in org.apache.commons.io.[1mHexDumpTest[m
[[1;34mINFO[m] Running org.apache.commons.io.[1mDirectoryWalkerTestCase[m
[[1;34mINFO[m] [1;32mTests run: [0;1;32m15[m, Failures: 0, Errors: 0, Skipped: 0, Time elapsed: 0.138 s - in org.apache.commons.io.[1mDirectoryWalkerTestCase[m
[[1;34mINFO[m] Running org.apache.commons.io.[1mIOUtilsCopyTestCase[m
[[1;34mINFO[m] [1;32mTests run: [0;1;32m27[m, Failures: 0, Errors: 0, Skipped: 0, Time elapsed: 1.042 s - in org.apache.commons.io.[1mIOUtilsCopyTestCase[m
[[1;34mINFO[m] Running org.apache.commons.io.[1mFilenameUtilsWildcardTestCase[m
[[1;34mINFO[m] [1;32mTests run: [0;1;32m7[m, Failures: 0, Errors: 0, Skipped: 0, Time elapsed: 0.174 s - in org.apache.commons.io.[1mFilenameUtilsWildcardTestCase[m
[[1;34mINFO[m] Running org.apache.commons.io.[1mFileUtilsCleanDirectoryTestCase[m
[[1;34mINFO[m] [1;32mTests run: [0;1;32m5[m, Failures: 0, Errors: 0, Skipped: 0, Time elapsed: 0.107 s - in org.apache.commons.io.[1mFileUtilsCleanDirectoryTestCase[m
[[1;34mINFO[m] Running org.apache.commons.io.[1mFilenameUtilsTestCase[m
[[1;34mINFO[m] [1;32mTests run: [0;1;32m38[m, Failures: 0, Errors: 0, Skipped: 0, Time elapsed: 0.178 s - in org.apache.commons.io.[1mFilenameUtilsTestCase[m
[[1;34mINFO[m] Running org.apache.commons.io.[1mIOExceptionListTestCase[m
org.apache.commons.io.IOExceptionList: 1 exceptions: [java.io.EOFException]
	at org.apache.commons.io.IOExceptionListTestCase.__CLR4_4_1657rzzaaf(IOExceptionListTestCase.java:55)
	at org.apache.commons.io.IOExceptionListTestCase.testPrintStackTrace(IOExceptionListTestCase.java:52)
	at java.base/jdk.internal.reflect.NativeMethodAccessorImpl.invoke0(Native Method)
	at java.base/jdk.internal.reflect.NativeMethodAccessorImpl.invoke(NativeMethodAccessorImpl.java:62)
	at java.base/jdk.internal.reflect.DelegatingMethodAccessorImpl.invoke(DelegatingMethodAccessorImpl.java:43)
	at java.base/java.lang.reflect.Method.invoke(Method.java:566)
	at org.junit.runners.model.FrameworkMethod$1.runReflectiveCall(FrameworkMethod.java:50)
	at org.junit.internal.runners.model.ReflectiveCallable.run(ReflectiveCallable.java:12)
	at org.junit.runners.model.FrameworkMethod.invokeExplosively(FrameworkMethod.java:47)
	at org.junit.internal.runners.statements.InvokeMethod.evaluate(InvokeMethod.java:17)
	at org.junit.runners.ParentRunner.runLeaf(ParentRunner.java:325)
	at org.junit.runners.BlockJUnit4ClassRunner.runChild(BlockJUnit4ClassRunner.java:78)
	at org.junit.runners.BlockJUnit4ClassRunner.runChild(BlockJUnit4ClassRunner.java:57)
	at org.junit.runners.ParentRunner$3.run(ParentRunner.java:290)
	at org.junit.runners.ParentRunner$1.schedule(ParentRunner.java:71)
	at org.junit.runners.ParentRunner.runChildren(ParentRunner.java:288)
	at org.junit.runners.ParentRunner.access$000(ParentRunner.java:58)
	at org.junit.runners.ParentRunner$2.evaluate(ParentRunner.java:268)
	at org.junit.runners.ParentRunner.run(ParentRunner.java:363)
	at org.apache.maven.surefire.junit4.JUnit4Provider.execute(JUnit4Provider.java:365)
	at org.apache.maven.surefire.junit4.JUnit4Provider.executeWithRerun(JUnit4Provider.java:273)
	at org.apache.maven.surefire.junit4.JUnit4Provider.executeTestSet(JUnit4Provider.java:238)
	at org.apache.maven.surefire.junit4.JUnit4Provider.invoke(JUnit4Provider.java:159)
	at org.apache.maven.surefire.booter.ForkedBooter.invokeProviderInSameClassLoader(ForkedBooter.java:384)
	at org.apache.maven.surefire.booter.ForkedBooter.runSuitesInProcess(ForkedBooter.java:345)
	at org.apache.maven.surefire.booter.ForkedBooter.execute(ForkedBooter.java:126)
	at org.apache.maven.surefire.booter.ForkedBooter.main(ForkedBooter.java:418)
Caused by: java.io.EOFException
	at org.apache.commons.io.IOExceptionListTestCase.__CLR4_4_1657rzzaaf(IOExceptionListTestCase.java:53)
	... 26 more
[[1;34mINFO[m] [1;32mTests run: [0;1;32m3[m, Failures: 0, Errors: 0, Skipped: 0, Time elapsed: 0.076 s - in org.apache.commons.io.[1mIOExceptionListTestCase[m
[[1;34mINFO[m] Running org.apache.commons.io.[1mCharsetsTestCase[m
[[1;34mINFO[m] [1;32mTests run: [0;1;32m8[m, Failures: 0, Errors: 0, Skipped: 0, Time elapsed: 0.085 s - in org.apache.commons.io.[1mCharsetsTestCase[m
[[1;34mINFO[m] Running org.apache.commons.io.[1mFileUtilsWaitForTestCase[m
[[1;34mINFO[m] [1;32mTests run: [0;1;32m2[m, Failures: 0, Errors: 0, Skipped: 0, Time elapsed: 4.086 s - in org.apache.commons.io.[1mFileUtilsWaitForTestCase[m
[[1;34mINFO[m] Running org.apache.commons.io.[1mDirectoryWalkerTestCaseJava4[m
[[1;34mINFO[m] [1;32mTests run: [0;1;32m14[m, Failures: 0, Errors: 0, Skipped: 0, Time elapsed: 0.122 s - in org.apache.commons.io.[1mDirectoryWalkerTestCaseJava4[m
[[1;34mINFO[m] Running org.apache.commons.io.[1mIOUtilsWriteTestCase[m
[[1;34mINFO[m] [1;32mTests run: [0;1;32m53[m, Failures: 0, Errors: 0, Skipped: 0, Time elapsed: 0.174 s - in org.apache.commons.io.[1mIOUtilsWriteTestCase[m
[[1;34mINFO[m] Running org.apache.commons.io.[1mFileUtilsTestCase[m
[[1;33mWARNING[m] [1;33mTests [0;1mrun: [0;1m142[m, Failures: 0, Errors: 0, [1;33mSkipped: [0;1;33m1[m, Time elapsed: 2.454 s - in org.apache.commons.io.[1mFileUtilsTestCase[m
[[1;34mINFO[m] Running org.apache.commons.io.[1mDemuxTestCase[m
[[1;34mINFO[m] [1;32mTests run: [0;1;32m2[m, Failures: 0, Errors: 0, Skipped: 0, Time elapsed: 0.259 s - in org.apache.commons.io.[1mDemuxTestCase[m
[[1;34mINFO[m] Running org.apache.commons.io.[1mIOCaseTestCase[m
[[1;34mINFO[m] [1;32mTests run: [0;1;32m17[m, Failures: 0, Errors: 0, Skipped: 0, Time elapsed: 0.107 s - in org.apache.commons.io.[1mIOCaseTestCase[m
[[1;34mINFO[m] Running org.apache.commons.io.filefilter.[1mOrFileFilterTestCase[m
[[1;34mINFO[m] [1;32mTests run: [0;1;32m5[m, Failures: 0, Errors: 0, Skipped: 0, Time elapsed: 0.086 s - in org.apache.commons.io.filefilter.[1mOrFileFilterTestCase[m
[[1;34mINFO[m] Running org.apache.commons.io.filefilter.[1mRegexFileFilterTestCase[m
[[1;34mINFO[m] [1;32mTests run: [0;1;32m1[m, Failures: 0, Errors: 0, Skipped: 0, Time elapsed: 0.097 s - in org.apache.commons.io.filefilter.[1mRegexFileFilterTestCase[m
[[1;34mINFO[m] Running org.apache.commons.io.filefilter.[1mAndFileFilterTestCase[m
[[1;34mINFO[m] [1;32mTests run: [0;1;32m5[m, Failures: 0, Errors: 0, Skipped: 0, Time elapsed: 0.083 s - in org.apache.commons.io.filefilter.[1mAndFileFilterTestCase[m
[[1;34mINFO[m] Running org.apache.commons.io.filefilter.[1mFileFilterTestCase[m
[[1;33mWARNING[m] [1;33mTests [0;1mrun: [0;1m48[m, Failures: 0, Errors: 0, [1;33mSkipped: [0;1;33m1[m, Time elapsed: 2.206 s - in org.apache.commons.io.filefilter.[1mFileFilterTestCase[m
[[1;34mINFO[m] Running org.apache.commons.io.[1mByteOrderMarkTestCase[m
[[1;34mINFO[m] [1;32mTests run: [0;1;32m9[m, Failures: 0, Errors: 0, Skipped: 0, Time elapsed: 0.081 s - in org.apache.commons.io.[1mByteOrderMarkTestCase[m
[[1;34mINFO[m] Running org.apache.commons.io.monitor.[1mFileAlterationObserverTestCase[m
[[1;34mINFO[m] [1;32mTests run: [0;1;32m7[m, Failures: 0, Errors: 0, Skipped: 0, Time elapsed: 4.654 s - in org.apache.commons.io.monitor.[1mFileAlterationObserverTestCase[m
[[1;34mINFO[m] Running org.apache.commons.io.monitor.[1mFileAlterationMonitorTestCase[m
[[1;34mINFO[m] [1;32mTests run: [0;1;32m5[m, Failures: 0, Errors: 0, Skipped: 0, Time elapsed: 0.632 s - in org.apache.commons.io.monitor.[1mFileAlterationMonitorTestCase[m
[[1;34mINFO[m] Running org.apache.commons.io.[1mIOIndexedExceptionTestCase[m
[[1;34mINFO[m] [1;32mTests run: [0;1;32m2[m, Failures: 0, Errors: 0, Skipped: 0, Time elapsed: 0.075 s - in org.apache.commons.io.[1mIOIndexedExceptionTestCase[m
[[1;34mINFO[m] Running org.apache.commons.io.[1mIOUtilsTestCase[m
[[1;34mINFO[m] [1;32mTests run: [0;1;32m110[m, Failures: 0, Errors: 0, Skipped: 0, Time elapsed: 0.315 s - in org.apache.commons.io.[1mIOUtilsTestCase[m
[[1;34mINFO[m] Running org.apache.commons.io.[1mFileCleaningTrackerTestCase[m
[[1;34mINFO[m] [1;32mTests run: [0;1;32m9[m, Failures: 0, Errors: 0, Skipped: 0, Time elapsed: 4.236 s - in org.apache.commons.io.[1mFileCleaningTrackerTestCase[m
[[1;34mINFO[m] Running org.apache.commons.io.[1mFileDeleteStrategyTestCase[m
[[1;34mINFO[m] [1;32mTests run: [0;1;32m5[m, Failures: 0, Errors: 0, Skipped: 0, Time elapsed: 0.099 s - in org.apache.commons.io.[1mFileDeleteStrategyTestCase[m
[[1;34mINFO[m] Running org.apache.commons.io.[1mFileSystemUtilsTestCase[m
[[1;34mINFO[m] [1;32mTests run: [0;1;32m30[m, Failures: 0, Errors: 0, Skipped: 0, Time elapsed: 0.136 s - in org.apache.commons.io.[1mFileSystemUtilsTestCase[m
[[1;34mINFO[m] Running org.apache.commons.io.[1mIOExceptionWithCauseTestCase[m
[[1;34mINFO[m] [1;32mTests run: [0;1;32m2[m, Failures: 0, Errors: 0, Skipped: 0, Time elapsed: 0.081 s - in org.apache.commons.io.[1mIOExceptionWithCauseTestCase[m
[[1;34mINFO[m] Running org.apache.commons.io.[1mFileCleanerTestCase[m
[[1;34mINFO[m] [1;32mTests run: [0;1;32m9[m, Failures: 0, Errors: 0, Skipped: 0, Time elapsed: 4.201 s - in org.apache.commons.io.[1mFileCleanerTestCase[m
[[1;34mINFO[m] Running org.apache.commons.io.comparator.[1mLastModifiedFileComparatorTest[m
[[1;34mINFO[m] [1;32mTests run: [0;1;32m7[m, Failures: 0, Errors: 0, Skipped: 0, Time elapsed: 4.317 s - in org.apache.commons.io.comparator.[1mLastModifiedFileComparatorTest[m
[[1;34mINFO[m] Running org.apache.commons.io.comparator.[1mCompositeFileComparatorTest[m
[[1;34mINFO[m] [1;32mTests run: [0;1;32m10[m, Failures: 0, Errors: 0, Skipped: 0, Time elapsed: 0.108 s - in org.apache.commons.io.comparator.[1mCompositeFileComparatorTest[m
[[1;34mINFO[m] Running org.apache.commons.io.comparator.[1mSizeFileComparatorTest[m
[[1;34mINFO[m] [1;32mTests run: [0;1;32m9[m, Failures: 0, Errors: 0, Skipped: 0, Time elapsed: 0.12 s - in org.apache.commons.io.comparator.[1mSizeFileComparatorTest[m
[[1;34mINFO[m] Running org.apache.commons.io.comparator.[1mPathFileComparatorTest[m
[[1;34mINFO[m] [1;32mTests run: [0;1;32m8[m, Failures: 0, Errors: 0, Skipped: 0, Time elapsed: 0.093 s - in org.apache.commons.io.comparator.[1mPathFileComparatorTest[m
[[1;34mINFO[m] Running org.apache.commons.io.comparator.[1mDefaultFileComparatorTest[m
[[1;34mINFO[m] [1;32mTests run: [0;1;32m7[m, Failures: 0, Errors: 0, Skipped: 0, Time elapsed: 0.103 s - in org.apache.commons.io.comparator.[1mDefaultFileComparatorTest[m
[[1;34mINFO[m] Running org.apache.commons.io.comparator.[1mDirectoryFileComparatorTest[m
[[1;34mINFO[m] [1;32mTests run: [0;1;32m7[m, Failures: 0, Errors: 0, Skipped: 0, Time elapsed: 0.105 s - in org.apache.commons.io.comparator.[1mDirectoryFileComparatorTest[m
[[1;34mINFO[m] Running org.apache.commons.io.comparator.[1mNameFileComparatorTest[m
[[1;34mINFO[m] [1;32mTests run: [0;1;32m8[m, Failures: 0, Errors: 0, Skipped: 0, Time elapsed: 0.096 s - in org.apache.commons.io.comparator.[1mNameFileComparatorTest[m
[[1;34mINFO[m] Running org.apache.commons.io.comparator.[1mExtensionFileComparatorTest[m
[[1;34mINFO[m] [1;32mTests run: [0;1;32m8[m, Failures: 0, Errors: 0, Skipped: 0, Time elapsed: 0.107 s - in org.apache.commons.io.comparator.[1mExtensionFileComparatorTest[m
[[1;34mINFO[m] Running org.apache.commons.io.[1mFileUtilsCopyToFileTestCase[m
[[1;34mINFO[m] [1;32mTests run: [0;1;32m2[m, Failures: 0, Errors: 0, Skipped: 0, Time elapsed: 0.114 s - in org.apache.commons.io.[1mFileUtilsCopyToFileTestCase[m
[[1;34mINFO[m] Running org.apache.commons.io.[1mFileUtilsListFilesTestCase[m
[[1;34mINFO[m] [1;32mTests run: [0;1;32m3[m, Failures: 0, Errors: 0, Skipped: 0, Time elapsed: 0.106 s - in org.apache.commons.io.[1mFileUtilsListFilesTestCase[m
[[1;34mINFO[m] Running org.apache.commons.io.[1mTaggedIOExceptionTest[m
[[1;34mINFO[m] [1;32mTests run: [0;1;32m1[m, Failures: 0, Errors: 0, Skipped: 0, Time elapsed: 0.086 s - in org.apache.commons.io.[1mTaggedIOExceptionTest[m
[[1;34mINFO[m] Running org.apache.commons.io.input.[1mCharSequenceInputStreamTest[m
[[1;33mWARNING[m] [1;33mTests [0;1mrun: [0;1m30[m, Failures: 0, Errors: 0, [1;33mSkipped: [0;1;33m2[m, Time elapsed: 0.393 s - in org.apache.commons.io.input.[1mCharSequenceInputStreamTest[m
[[1;34mINFO[m] Running org.apache.commons.io.input.[1mXmlStreamReaderTest[m
[[1;34mINFO[m] [1;32mTests run: [0;1;32m16[m, Failures: 0, Errors: 0, Skipped: 0, Time elapsed: 0.47 s - in org.apache.commons.io.input.[1mXmlStreamReaderTest[m
[[1;34mINFO[m] Running org.apache.commons.io.input.[1mCharacterSetFilterReaderTest[m
[[1;34mINFO[m] [1;32mTests run: [0;1;32m10[m, Failures: 0, Errors: 0, Skipped: 0, Time elapsed: 0.09 s - in org.apache.commons.io.input.[1mCharacterSetFilterReaderTest[m
[[1;34mINFO[m] Running org.apache.commons.io.input.[1mCloseShieldReaderTest[m
[[1;34mINFO[m] [1;32mTests run: [0;1;32m1[m, Failures: 0, Errors: 0, Skipped: 0, Time elapsed: 0.434 s - in org.apache.commons.io.input.[1mCloseShieldReaderTest[m
[[1;34mINFO[m] Running org.apache.commons.io.input.[1mInfiniteCircularInputStreamTest[m
[[1;34mINFO[m] [1;32mTests run: [0;1;32m2[m, Failures: 0, Errors: 0, Skipped: 0, Time elapsed: 0.084 s - in org.apache.commons.io.input.[1mInfiniteCircularInputStreamTest[m
[[1;34mINFO[m] Running org.apache.commons.io.input.[1mClosedReaderTest[m
[[1;34mINFO[m] [1;32mTests run: [0;1;32m1[m, Failures: 0, Errors: 0, Skipped: 0, Time elapsed: 0.077 s - in org.apache.commons.io.input.[1mClosedReaderTest[m
[[1;34mINFO[m] Running org.apache.commons.io.input.[1mWindowsLineEndingInputStreamTest[m
[[1;34mINFO[m] [1;32mTests run: [0;1;32m7[m, Failures: 0, Errors: 0, Skipped: 0, Time elapsed: 0.078 s - in org.apache.commons.io.input.[1mWindowsLineEndingInputStreamTest[m
[[1;34mINFO[m] Running org.apache.commons.io.input.[1mBoundedInputStreamTest[m
[[1;34mINFO[m] [1;32mTests run: [0;1;32m2[m, Failures: 0, Errors: 0, Skipped: 0, Time elapsed: 0.088 s - in org.apache.commons.io.input.[1mBoundedInputStreamTest[m
[[1;34mINFO[m] Running org.apache.commons.io.input.[1mTeeInputStreamTest[m
[[1;34mINFO[m] [1;32mTests run: [0;1;32m9[m, Failures: 0, Errors: 0, Skipped: 0, Time elapsed: 0.49 s - in org.apache.commons.io.input.[1mTeeInputStreamTest[m
[[1;34mINFO[m] Running org.apache.commons.io.input.[1mBoundedReaderTest[m
[[1;34mINFO[m] [1;32mTests run: [0;1;32m16[m, Failures: 0, Errors: 0, Skipped: 0, Time elapsed: 0.146 s - in org.apache.commons.io.input.[1mBoundedReaderTest[m
[[1;34mINFO[m] Running org.apache.commons.io.input.[1mAutoCloseInputStreamTest[m
[[1;34mINFO[m] [1;32mTests run: [0;1;32m4[m, Failures: 0, Errors: 0, Skipped: 0, Time elapsed: 0.086 s - in org.apache.commons.io.input.[1mAutoCloseInputStreamTest[m
[[1;34mINFO[m] Running org.apache.commons.io.input.[1mSwappedDataInputStreamTest[m
[[1;34mINFO[m] [1;32mTests run: [0;1;32m14[m, Failures: 0, Errors: 0, Skipped: 0, Time elapsed: 0.09 s - in org.apache.commons.io.input.[1mSwappedDataInputStreamTest[m
[[1;34mINFO[m] Running org.apache.commons.io.input.[1mBrokenReaderTest[m
[[1;34mINFO[m] [1;32mTests run: [0;1;32m6[m, Failures: 0, Errors: 0, Skipped: 0, Time elapsed: 0.088 s - in org.apache.commons.io.input.[1mBrokenReaderTest[m
[[1;34mINFO[m] Running org.apache.commons.io.input.[1mTeeReaderTest[m
[[1;34mINFO[m] [1;32mTests run: [0;1;32m10[m, Failures: 0, Errors: 0, Skipped: 0, Time elapsed: 0.489 s - in org.apache.commons.io.input.[1mTeeReaderTest[m
[[1;34mINFO[m] Running org.apache.commons.io.input.[1mBOMInputStreamTest[m
[[1;33mWARNING[m] [1;33mTests [0;1mrun: [0;1m44[m, Failures: 0, Errors: 0, [1;33mSkipped: [0;1;33m1[m, Time elapsed: 0.24 s - in org.apache.commons.io.input.[1mBOMInputStreamTest[m
[[1;34mINFO[m] Running org.apache.commons.io.input.[1mTailerTest[m
[[1;34mINFO[m] [1;32mTests run: [0;1;32m10[m, Failures: 0, Errors: 0, Skipped: 0, Time elapsed: 10.342 s - in org.apache.commons.io.input.[1mTailerTest[m
[[1;34mINFO[m] Running org.apache.commons.io.input.[1mCharSequenceReaderTest[m
[[1;34mINFO[m] [1;32mTests run: [0;1;32m7[m, Failures: 0, Errors: 0, Skipped: 0, Time elapsed: 0.085 s - in org.apache.commons.io.input.[1mCharSequenceReaderTest[m
[[1;34mINFO[m] Running org.apache.commons.io.input.[1mNullReaderTest[m
[[1;34mINFO[m] [1;32mTests run: [0;1;32m6[m, Failures: 0, Errors: 0, Skipped: 0, Time elapsed: 0.075 s - in org.apache.commons.io.input.[1mNullReaderTest[m
[[1;34mINFO[m] Running org.apache.commons.io.input.[1mCountingInputStreamTest[m
[[1;34mINFO[m] [1;32mTests run: [0;1;32m10[m, Failures: 0, Errors: 0, Skipped: 0, Time elapsed: 0.287 s - in org.apache.commons.io.input.[1mCountingInputStreamTest[m
[[1;34mINFO[m] Running org.apache.commons.io.input.[1mNullInputStreamTest[m
[[1;34mINFO[m] [1;32mTests run: [0;1;32m6[m, Failures: 0, Errors: 0, Skipped: 0, Time elapsed: 0.077 s - in org.apache.commons.io.input.[1mNullInputStreamTest[m
[[1;34mINFO[m] Running org.apache.commons.io.input.[1mCharacterFilterReaderTest[m
[[1;34mINFO[m] [1;32mTests run: [0;1;32m5[m, Failures: 0, Errors: 0, Skipped: 0, Time elapsed: 0.08 s - in org.apache.commons.io.input.[1mCharacterFilterReaderTest[m
[[1;34mINFO[m] Running org.apache.commons.io.input.compatibility.[1mXmlStreamReaderUtilitiesCompatibilityTest[m
[[1;34mINFO[m] [1;32mTests run: [0;1;32m11[m, Failures: 0, Errors: 0, Skipped: 0, Time elapsed: 0.11 s - in org.apache.commons.io.input.compatibility.[1mXmlStreamReaderUtilitiesCompatibilityTest[m
[[1;34mINFO[m] Running org.apache.commons.io.input.[1mReaderInputStreamTest[m
[[1;34mINFO[m] [1;32mTests run: [0;1;32m8[m, Failures: 0, Errors: 0, Skipped: 0, Time elapsed: 0.086 s - in org.apache.commons.io.input.[1mReaderInputStreamTest[m
[[1;34mINFO[m] Running org.apache.commons.io.input.[1mReversedLinesFileReaderTestParamBlockSize[m
[[1;34mINFO[m] [1;32mTests run: [0;1;32m85[m, Failures: 0, Errors: 0, Skipped: 0, Time elapsed: 0.472 s - in org.apache.commons.io.input.[1mReversedLinesFileReaderTestParamBlockSize[m
[[1;34mINFO[m] Running org.apache.commons.io.input.[1mCloseShieldInputStreamTest[m
[[1;34mINFO[m] [1;32mTests run: [0;1;32m1[m, Failures: 0, Errors: 0, Skipped: 0, Time elapsed: 0.09 s - in org.apache.commons.io.input.[1mCloseShieldInputStreamTest[m
[[1;34mINFO[m] Running org.apache.commons.io.input.[1mReversedLinesFileReaderTestSimple[m
[[1;34mINFO[m] [1;32mTests run: [0;1;32m3[m, Failures: 0, Errors: 0, Skipped: 0, Time elapsed: 0.121 s - in org.apache.commons.io.input.[1mReversedLinesFileReaderTestSimple[m
[[1;34mINFO[m] Running org.apache.commons.io.input.[1mClassLoaderObjectInputStreamTest[m
[[1;34mINFO[m] [1;32mTests run: [0;1;32m7[m, Failures: 0, Errors: 0, Skipped: 0, Time elapsed: 0.096 s - in org.apache.commons.io.input.[1mClassLoaderObjectInputStreamTest[m
[[1;34mINFO[m] Running org.apache.commons.io.input.buffer.[1mCircularBufferInputStreamTest[m
[[1;34mINFO[m] [1;32mTests run: [0;1;32m1[m, Failures: 0, Errors: 0, Skipped: 0, Time elapsed: 0.096 s - in org.apache.commons.io.input.buffer.[1mCircularBufferInputStreamTest[m
[[1;34mINFO[m] Running org.apache.commons.io.input.[1mTaggedInputStreamTest[m
[[1;34mINFO[m] [1;32mTests run: [0;1;32m4[m, Failures: 0, Errors: 0, Skipped: 0, Time elapsed: 0.088 s - in org.apache.commons.io.input.[1mTaggedInputStreamTest[m
[[1;34mINFO[m] Running org.apache.commons.io.input.[1mProxyReaderTest[m
[[1;34mINFO[m] [1;32mTests run: [0;1;32m2[m, Failures: 0, Errors: 0, Skipped: 0, Time elapsed: 0.08 s - in org.apache.commons.io.input.[1mProxyReaderTest[m
[[1;34mINFO[m] Running org.apache.commons.io.input.[1mBrokenInputStreamTest[m
[[1;34mINFO[m] [1;32mTests run: [0;1;32m5[m, Failures: 0, Errors: 0, Skipped: 0, Time elapsed: 0.086 s - in org.apache.commons.io.input.[1mBrokenInputStreamTest[m
[[1;34mINFO[m] Running org.apache.commons.io.input.[1mClosedInputStreamTest[m
[[1;34mINFO[m] [1;32mTests run: [0;1;32m1[m, Failures: 0, Errors: 0, Skipped: 0, Time elapsed: 0.082 s - in org.apache.commons.io.input.[1mClosedInputStreamTest[m
[[1;34mINFO[m] Running org.apache.commons.io.input.[1mObservableInputStreamTest[m
[[1;34mINFO[m] [1;32mTests run: [0;1;32m2[m, Failures: 0, Errors: 0, Skipped: 0, Time elapsed: 0.102 s - in org.apache.commons.io.input.[1mObservableInputStreamTest[m
[[1;34mINFO[m] Running org.apache.commons.io.input.[1mMessageDigestCalculatingInputStreamTest[m
[[1;34mINFO[m] [1;32mTests run: [0;1;32m1[m, Failures: 0, Errors: 0, Skipped: 0, Time elapsed: 0.087 s - in org.apache.commons.io.input.[1mMessageDigestCalculatingInputStreamTest[m
[[1;34mINFO[m] Running org.apache.commons.io.input.[1mUnixLineEndingInputStreamTest[m
[[1;34mINFO[m] [1;32mTests run: [0;1;32m8[m, Failures: 0, Errors: 0, Skipped: 0, Time elapsed: 0.078 s - in org.apache.commons.io.input.[1mUnixLineEndingInputStreamTest[m
[[1;34mINFO[m] Running org.apache.commons.io.input.[1mXmlStreamReaderUtilitiesTest[m
[[1;34mINFO[m] [1;32mTests run: [0;1;32m11[m, Failures: 0, Errors: 0, Skipped: 0, Time elapsed: 0.119 s - in org.apache.commons.io.input.[1mXmlStreamReaderUtilitiesTest[m
[[1;34mINFO[m] Running org.apache.commons.io.input.[1mTaggedReaderTest[m
[[1;34mINFO[m] [1;32mTests run: [0;1;32m4[m, Failures: 0, Errors: 0, Skipped: 0, Time elapsed: 0.103 s - in org.apache.commons.io.input.[1mTaggedReaderTest[m
[[1;34mINFO[m] Running org.apache.commons.io.input.[1mReversedLinesFileReaderTestParamFile[m
[[1;34mINFO[m] [1;32mTests run: [0;1;32m18[m, Failures: 0, Errors: 0, Skipped: 0, Time elapsed: 0.37 s - in org.apache.commons.io.input.[1mReversedLinesFileReaderTestParamFile[m
[[1;34mINFO[m] Running org.apache.commons.io.[1mFileUtilsDirectoryContainsTestCase[m
[[1;34mINFO[m] [1;32mTests run: [0;1;32m11[m, Failures: 0, Errors: 0, Skipped: 0, Time elapsed: 0.107 s - in org.apache.commons.io.[1mFileUtilsDirectoryContainsTestCase[m
[[1;34mINFO[m] Running org.apache.commons.io.output.[1mThresholdingOutputStreamTest[m
[[1;34mINFO[m] [1;32mTests run: [0;1;32m1[m, Failures: 0, Errors: 0, Skipped: 0, Time elapsed: 0.074 s - in org.apache.commons.io.output.[1mThresholdingOutputStreamTest[m
[[1;34mINFO[m] Running org.apache.commons.io.output.[1mAppendableWriterTest[m
[[1;34mINFO[m] [1;32mTests run: [0;1;32m6[m, Failures: 0, Errors: 0, Skipped: 0, Time elapsed: 0.086 s - in org.apache.commons.io.output.[1mAppendableWriterTest[m
[[1;34mINFO[m] Running org.apache.commons.io.output.[1mCloseShieldWriterTest[m
[[1;34mINFO[m] [1;32mTests run: [0;1;32m1[m, Failures: 0, Errors: 0, Skipped: 0, Time elapsed: 0.432 s - in org.apache.commons.io.output.[1mCloseShieldWriterTest[m
[[1;34mINFO[m] Running org.apache.commons.io.output.[1mWriterOutputStreamTest[m
[[1;34mINFO[m] [1;32mTests run: [0;1;32m12[m, Failures: 0, Errors: 0, Skipped: 0, Time elapsed: 0.098 s - in org.apache.commons.io.output.[1mWriterOutputStreamTest[m
[[1;34mINFO[m] Running org.apache.commons.io.output.[1mClosedOutputStreamTest[m
[[1;34mINFO[m] [1;32mTests run: [0;1;32m2[m, Failures: 0, Errors: 0, Skipped: 0, Time elapsed: 0.099 s - in org.apache.commons.io.output.[1mClosedOutputStreamTest[m
[[1;34mINFO[m] Running org.apache.commons.io.output.[1mProxyCollectionWriterTest[m
[[1;34mINFO[m] [1;32mTests run: [0;1;32m23[m, Failures: 0, Errors: 0, Skipped: 0, Time elapsed: 0.491 s - in org.apache.commons.io.output.[1mProxyCollectionWriterTest[m
[[1;34mINFO[m] Running org.apache.commons.io.output.[1mClosedWriterTest[m
[[1;34mINFO[m] [1;32mTests run: [0;1;32m2[m, Failures: 0, Errors: 0, Skipped: 0, Time elapsed: 0.074 s - in org.apache.commons.io.output.[1mClosedWriterTest[m
[[1;34mINFO[m] Running org.apache.commons.io.output.[1mTeeWriterTest[m
[[1;34mINFO[m] [1;32mTests run: [0;1;32m23[m, Failures: 0, Errors: 0, Skipped: 0, Time elapsed: 0.501 s - in org.apache.commons.io.output.[1mTeeWriterTest[m
[[1;34mINFO[m] Running org.apache.commons.io.output.[1mByteArrayOutputStreamTestCase[m
[[1;34mINFO[m] [1;32mTests run: [0;1;32m3[m, Failures: 0, Errors: 0, Skipped: 0, Time elapsed: 0.086 s - in org.apache.commons.io.output.[1mByteArrayOutputStreamTestCase[m
[[1;34mINFO[m] Running org.apache.commons.io.output.[1mChunkedOutputStreamTest[m
[[1;34mINFO[m] [1;32mTests run: [0;1;32m3[m, Failures: 0, Errors: 0, Skipped: 0, Time elapsed: 0.076 s - in org.apache.commons.io.output.[1mChunkedOutputStreamTest[m
[[1;34mINFO[m] Running org.apache.commons.io.output.[1mAppendableOutputStreamTest[m
[[1;34mINFO[m] [1;32mTests run: [0;1;32m2[m, Failures: 0, Errors: 0, Skipped: 0, Time elapsed: 0.089 s - in org.apache.commons.io.output.[1mAppendableOutputStreamTest[m
[[1;34mINFO[m] Running org.apache.commons.io.output.[1mCountingOutputStreamTest[m
[[1;34mINFO[m] [1;32mTests run: [0;1;32m2[m, Failures: 0, Errors: 0, Skipped: 0, Time elapsed: 0.232 s - in org.apache.commons.io.output.[1mCountingOutputStreamTest[m
[[1;34mINFO[m] Running org.apache.commons.io.output.[1mNullPrintStreamTest[m
[[1;34mINFO[m] [1;32mTests run: [0;1;32m2[m, Failures: 0, Errors: 0, Skipped: 0, Time elapsed: 0.081 s - in org.apache.commons.io.output.[1mNullPrintStreamTest[m
[[1;34mINFO[m] Running org.apache.commons.io.output.[1mCloseShieldOutputStreamTest[m
[[1;34mINFO[m] [1;32mTests run: [0;1;32m1[m, Failures: 0, Errors: 0, Skipped: 0, Time elapsed: 0.078 s - in org.apache.commons.io.output.[1mCloseShieldOutputStreamTest[m
[[1;34mINFO[m] Running org.apache.commons.io.output.[1mFileWriterWithEncodingTest[m
[[1;34mINFO[m] [1;32mTests run: [0;1;32m12[m, Failures: 0, Errors: 0, Skipped: 0, Time elapsed: 0.143 s - in org.apache.commons.io.output.[1mFileWriterWithEncodingTest[m
[[1;34mINFO[m] Running org.apache.commons.io.output.[1mLockableFileWriterTest[m
[[1;34mINFO[m] [1;32mTests run: [0;1;32m7[m, Failures: 0, Errors: 0, Skipped: 0, Time elapsed: 0.126 s - in org.apache.commons.io.output.[1mLockableFileWriterTest[m
[[1;34mINFO[m] Running org.apache.commons.io.output.[1mTaggedOutputStreamTest[m
[[1;34mINFO[m] [1;32mTests run: [0;1;32m3[m, Failures: 0, Errors: 0, Skipped: 0, Time elapsed: 0.102 s - in org.apache.commons.io.output.[1mTaggedOutputStreamTest[m
[[1;34mINFO[m] Running org.apache.commons.io.output.[1mChunkedWriterTest[m
[[1;34mINFO[m] [1;32mTests run: [0;1;32m3[m, Failures: 0, Errors: 0, Skipped: 0, Time elapsed: 0.096 s - in org.apache.commons.io.output.[1mChunkedWriterTest[m
[[1;34mINFO[m] Running org.apache.commons.io.output.[1mDeferredFileOutputStreamTest[m
[[1;34mINFO[m] [1;32mTests run: [0;1;32m130[m, Failures: 0, Errors: 0, Skipped: 0, Time elapsed: 0.229 s - in org.apache.commons.io.output.[1mDeferredFileOutputStreamTest[m
[[1;34mINFO[m] Running org.apache.commons.io.output.[1mNullOutputStreamTest[m
[[1;34mINFO[m] [1;32mTests run: [0;1;32m2[m, Failures: 0, Errors: 0, Skipped: 0, Time elapsed: 0.072 s - in org.apache.commons.io.output.[1mNullOutputStreamTest[m
[[1;34mINFO[m] Running org.apache.commons.io.output.[1mBrokenWriterTest[m
[[1;34mINFO[m] [1;32mTests run: [0;1;32m3[m, Failures: 0, Errors: 0, Skipped: 0, Time elapsed: 0.081 s - in org.apache.commons.io.output.[1mBrokenWriterTest[m
[[1;34mINFO[m] Running org.apache.commons.io.output.[1mXmlStreamWriterTest[m
[[1;34mINFO[m] [1;32mTests run: [0;1;32m13[m, Failures: 0, Errors: 0, Skipped: 0, Time elapsed: 0.146 s - in org.apache.commons.io.output.[1mXmlStreamWriterTest[m
[[1;34mINFO[m] Running org.apache.commons.io.output.[1mTaggedWriterTest[m
[[1;34mINFO[m] [1;32mTests run: [0;1;32m3[m, Failures: 0, Errors: 0, Skipped: 0, Time elapsed: 0.089 s - in org.apache.commons.io.output.[1mTaggedWriterTest[m
[[1;34mINFO[m] Running org.apache.commons.io.output.[1mStringBuilderWriterTest[m
[[1;34mINFO[m] [1;32mTests run: [0;1;32m12[m, Failures: 0, Errors: 0, Skipped: 0, Time elapsed: 0.097 s - in org.apache.commons.io.output.[1mStringBuilderWriterTest[m
[[1;34mINFO[m] Running org.apache.commons.io.output.[1mNullWriterTest[m
[[1;34mINFO[m] [1;32mTests run: [0;1;32m1[m, Failures: 0, Errors: 0, Skipped: 0, Time elapsed: 0.083 s - in org.apache.commons.io.output.[1mNullWriterTest[m
[[1;34mINFO[m] Running org.apache.commons.io.output.[1mBrokenOutputStreamTest[m
[[1;34mINFO[m] [1;32mTests run: [0;1;32m3[m, Failures: 0, Errors: 0, Skipped: 0, Time elapsed: 0.086 s - in org.apache.commons.io.output.[1mBrokenOutputStreamTest[m
[[1;34mINFO[m] Running org.apache.commons.io.output.[1mProxyWriterTest[m
[[1;34mINFO[m] [1;32mTests run: [0;1;32m21[m, Failures: 0, Errors: 0, Skipped: 0, Time elapsed: 0.123 s - in org.apache.commons.io.output.[1mProxyWriterTest[m
[[1;34mINFO[m] Running org.apache.commons.io.output.[1mProxyOutputStreamTest[m
[[1;34mINFO[m] [1;32mTests run: [0;1;32m2[m, Failures: 0, Errors: 0, Skipped: 0, Time elapsed: 0.093 s - in org.apache.commons.io.output.[1mProxyOutputStreamTest[m
[[1;34mINFO[m] Running org.apache.commons.io.output.[1mTeeOutputStreamTest[m
[[1;34mINFO[m] [1;32mTests run: [0;1;32m3[m, Failures: 0, Errors: 0, Skipped: 0, Time elapsed: 0.495 s - in org.apache.commons.io.output.[1mTeeOutputStreamTest[m
[[1;34mINFO[m] Running org.apache.commons.io.[1mFileSystemTestCase[m
[[1;34mINFO[m] [1;32mTests run: [0;1;32m5[m, Failures: 0, Errors: 0, Skipped: 0, Time elapsed: 0.077 s - in org.apache.commons.io.[1mFileSystemTestCase[m
[[1;34mINFO[m] Running org.apache.commons.io.[1mFileUtilsCopyDirectoryToDirectoryTestCase[m
[[1;34mINFO[m] [1;32mTests run: [0;1;32m4[m, Failures: 0, Errors: 0, Skipped: 0, Time elapsed: 0.121 s - in org.apache.commons.io.[1mFileUtilsCopyDirectoryToDirectoryTestCase[m
[[1;34mINFO[m] 
[[1;34mINFO[m] Results:
[[1;34mINFO[m] 
[[1;33mWARNING[m] [1;33mTests run: 1459, Failures: 0, Errors: 0, Skipped: 5[m
[[1;34mINFO[m] 
[[1;34mINFO[m] [1m------------------------------------------------------------------------[m
[[1;34mINFO[m] [1;32mBUILD SUCCESS[m
[[1;34mINFO[m] [1m------------------------------------------------------------------------[m
[[1;34mINFO[m] Total time:  02:20 min
[[1;34mINFO[m] Finished at: 2021-01-12T18:00:14+01:00
[[1;34mINFO[m] [1m------------------------------------------------------------------------[m
Writing HTML report to '/tmp/v2/target/clover/report'
Done. Processed 10 packages in 2787ms (278ms per package).
[INFO] /tmp/v1/src/main/java/org/apache/commons/io/input/BOMInputStream.java
[INFO] /tmp/v2/src/main/java/org/apache/commons/io/input/BOMInputStream.java
[INFO] org.apache.commons.io.input.BOMInputStream:[143, 140, 140] are modified.
[INFO] org.apache.commons.io.input.BOMInputStream:143 covered.
[INFO] org.apache.commons.io.input.BOMInputStream:[140] are modified.
[INFO] /tmp/v1/src/main/java/org/apache/commons/io/IOIndexedException.java
[INFO] /tmp/v2/src/main/java/org/apache/commons/io/IOIndexedException.java
[INFO] /tmp/v1/src/test/java/org/apache/commons/io/FileUtilsWaitForTestCase.java
[INFO] /tmp/v2/src/test/java/org/apache/commons/io/FileUtilsWaitForTestCase.java
[INFO] Build modified Tests /tmp/v2/src/test/java/org/apache/commons/io/FileUtilsWaitForTestCase.java
[INFO] /tmp/v1/src/test/java/org/apache/commons/io/IOUtilsTestCase.java
[INFO] /tmp/v2/src/test/java/org/apache/commons/io/IOUtilsTestCase.java
[INFO] Build modified Tests /tmp/v2/src/test/java/org/apache/commons/io/IOUtilsTestCase.java
[INFO] /tmp/v1/src/test/java/org/apache/commons/io/serialization/ValidatingObjectInputStreamTest.java
[INFO] /tmp/v2/src/test/java/org/apache/commons/io/serialization/ValidatingObjectInputStreamTest.java
[INFO] Build modified Tests /tmp/v2/src/test/java/org/apache/commons/io/serialization/ValidatingObjectInputStreamTest.java
[INFO] Saving result in /tmp/v1/testsThatExecuteTheChange.csv ...
[INFO] org.apache.commons.io.input.XmlStreamReaderTest;testRawNoBomUtf32BE;testRawNoBomUtf16BE;testRawNoBomIso8859_1;testHttpContent;testLowerCaseEncodingWithTurkishLocale_IO_557;testRawNoBomUsAscii;testRawContent;testRawBomUtf32;testRawBomUtf16;testRawNoBomUtf32LE;testRawBomUtf8;testRawNoBomCp1047;testHttp;testRawNoBomUtf8;testRawNoBomUtf16LE;testEncodingAttributeXML
org.apache.commons.io.input.BOMInputStreamTest;testReadWithMultipleBOM;testReadXmlWithBOMUtf32Be;testReadXmlWithBOMUtf32Le
org.apache.commons.io.input.XmlStreamReaderUtilitiesTest;testCalculateHttpEncoding;testCalculateRawEncodingAdditonalUTF32;testCalculateRawEncodingStandard;testCalculateHttpEncodingUtf32;testCalculateRawEncodingStandardUtf32;testCalculateRawEncodingAdditonalUTF16;testCalculateRawEncodingNoBOM
[INFO] Writing Coverage in /tmp/v1/testsThatExecuteTheChange_coverage.csv
[INFO] org.apache.commons.io.input.BOMInputStream;1;2

[INFO] total;1;2

[INFO] ------------------------------------------------------------------------
[INFO] BUILD SUCCESS
[INFO] ------------------------------------------------------------------------
[INFO] Total time:  04:55 min
[INFO] Finished at: 2021-01-12T18:00:20+01:00
[INFO] ------------------------------------------------------------------------
