[INFO] Scanning for projects...
[INFO] 
[INFO] -----------------------< commons-io:commons-io >------------------------
[INFO] Building Apache Commons IO 2.8.0-SNAPSHOT
[INFO] --------------------------------[ jar ]---------------------------------
[INFO] 
[INFO] --- maven-clean-plugin:3.1.0:clean (default-clean) @ commons-io ---
[INFO] Deleting /tmp/v1/target
[INFO] 
[INFO] --- dspot-diff-test-selection:3.1.1-SNAPSHOT:list (default-cli) @ commons-io ---
[INFO] Running on:
[INFO] /tmp/v1
[INFO] /tmp/v2/
[WARNING] No path to diff file has been specified.
[WARNING] I'll compute a diff file using the UNIX diff command
[WARNING] You may encounter troubles.
[WARNING] If so, please specify a path to a correct diff file
[WARNING] or implement a new way to compute a diff file.
[INFO] Computing the diff with diff commnd line
[INFO] The diff will be computed between:
[INFO] /tmp/v1/src and 
[INFO] /tmp/v2/src
[INFO] Executing: diff -ru /tmp/v1/src /tmp/v2/src from /tmp/v1/src
[INFO] Running in enhanced mode...
[INFO] Computing coverage for /tmp/v1
[WARN] Maven will be executed in interactive mode, but no input stream has been configured for this MavenInvoker instance.
WARNING: An illegal reflective access operation has occurred
WARNING: Illegal reflective access by com.google.inject.internal.cglib.core.$ReflectUtils$1 (file:/usr/share/maven/lib/guice.jar) to method java.lang.ClassLoader.defineClass(java.lang.String,byte[],int,int,java.security.ProtectionDomain)
WARNING: Please consider reporting this to the maintainers of com.google.inject.internal.cglib.core.$ReflectUtils$1
WARNING: Use --illegal-access=warn to enable warnings of further illegal reflective access operations
WARNING: All illegal access operations will be denied in a future release
[[1;34mINFO[m] Scanning for projects...
[[1;34mINFO[m] 
[[1;34mINFO[m] [1m-----------------------< [0;36mcommons-io:commons-io[0;1m >------------------------[m
[[1;34mINFO[m] [1mBuilding Apache Commons IO 2.8.0-SNAPSHOT[m
[[1;34mINFO[m] [1m--------------------------------[ jar ]---------------------------------[m
[[1;34mINFO[m] 
[[1;34mINFO[m] [1m--- [0;32mmaven-clean-plugin:3.1.0:clean[m [1m(default-clean)[m @ [36mcommons-io[0;1m ---[m
[[1;34mINFO[m] 
[[1;34mINFO[m] [1m--- [0;32mclover-maven-plugin:4.4.1:setup[m [1m(default-cli)[m @ [36mcommons-io[0;1m ---[m
[[1;34mINFO[m] OpenClover Version 4.4.1, built on October 11 2019 (build-1020)
[[1;34mINFO[m] Creating new database at '/tmp/v1/target/clover/clover.db'.
[[1;34mINFO[m] Processing files at 1.9 source level.
[[1;33mWARNING[m] Trying to add a statement but current method is null. Did you put CLOVER:OFF before a method signature and CLOVER:ON inside a method body?
[[1;33mWARNING[m] Trying to add a statement but current method is null. Did you put CLOVER:OFF before a method signature and CLOVER:ON inside a method body?
[[1;33mWARNING[m] Trying to add a statement but current method is null. Did you put CLOVER:OFF before a method signature and CLOVER:ON inside a method body?
[[1;34mINFO[m] Clover all over. Instrumented 160 files (10 packages).
[[1;34mINFO[m] OpenClover Version 4.4.1, built on October 11 2019 (build-1020)
[[1;34mINFO[m] Updating existing database at '/tmp/v1/target/clover/clover.db'.
[[1;34mINFO[m] Processing files at 1.9 source level.
[[1;34mINFO[m] Clover all over. Instrumented 159 files (12 packages).
[[1;34mINFO[m] 1322 test methods detected.
[[1;34mINFO[m] 
[[1;34mINFO[m] [1m--- [0;32mmaven-enforcer-plugin:3.0.0-M3:enforce[m [1m(enforce-maven-version)[m @ [36mcommons-io[0;1m ---[m
[[1;34mINFO[m] Skipping Rule Enforcement.
[[1;34mINFO[m] 
[[1;34mINFO[m] [1m--- [0;32mmaven-enforcer-plugin:3.0.0-M3:enforce[m [1m(enforce-maven-3)[m @ [36mcommons-io[0;1m ---[m
[[1;34mINFO[m] Skipping Rule Enforcement.
[[1;34mINFO[m] 
[[1;34mINFO[m] [1m--- [0;32mapache-rat-plugin:0.13:check[m [1m(rat-check)[m @ [36mcommons-io[0;1m ---[m
[[1;34mINFO[m] RAT will not execute since it is configured to be skipped via system property 'rat.skip'.
[[1;34mINFO[m] 
[[1;34mINFO[m] [1m--- [0;32mbuild-helper-maven-plugin:3.2.0:parse-version[m [1m(parse-version)[m @ [36mcommons-io[0;1m ---[m
[[1;34mINFO[m] 
[[1;34mINFO[m] [1m--- [0;32mmaven-antrun-plugin:1.8:run[m [1m(javadoc.resources)[m @ [36mcommons-io[0;1m ---[m
[[1;34mINFO[m] Executing tasks

main:
     [copy] Copying 2 files to /tmp/v1/target/apidocs/META-INF
[[1;34mINFO[m] Executed tasks
[[1;34mINFO[m] 
[[1;34mINFO[m] [1m--- [0;32mmaven-remote-resources-plugin:1.7.0:process[m [1m(process-resource-bundles)[m @ [36mcommons-io[0;1m ---[m
[[1;34mINFO[m] Skipping remote resources execution.
[[1;34mINFO[m] 
[[1;34mINFO[m] [1m--- [0;32mbuildnumber-maven-plugin:1.4:create[m [1m(default)[m @ [36mcommons-io[0;1m ---[m
[[1;34mINFO[m] Executing: /bin/sh -c cd '/tmp/v1' && 'git' 'rev-parse' '--verify' 'HEAD'
[[1;34mINFO[m] Working directory: /tmp/v1
[[1;34mINFO[m] Storing buildNumber: 3ac63df5d5660d14212b9dad50ef2da3d26305f3 at timestamp: 1609151452437
[[1;34mINFO[m] Storing buildScmBranch: master
[[1;34mINFO[m] 
[[1;34mINFO[m] [1m--- [0;32mmaven-resources-plugin:3.1.0:resources[m [1m(default-resources)[m @ [36mcommons-io[0;1m ---[m
[[1;34mINFO[m] Using 'iso-8859-1' encoding to copy filtered resources.
[[1;34mINFO[m] skip non existing resourceDirectory /tmp/v1/src/main/resources
[[1;34mINFO[m] Copying 2 resources to META-INF
[[1;34mINFO[m] Copying 1 resource
[[1;34mINFO[m] 
[[1;34mINFO[m] [1m--- [0;32mmaven-compiler-plugin:3.8.1:compile[m [1m(default-compile)[m @ [36mcommons-io[0;1m ---[m
[[1;34mINFO[m] Changes detected - recompiling the module!
[[1;34mINFO[m] Compiling 160 source files to /tmp/v1/target/classes
[[1;34mINFO[m] /tmp/v1/target/clover/src-instrumented/org/apache/commons/io/input/ClassLoaderObjectInputStream.java: Some input files use or override a deprecated API.
[[1;34mINFO[m] /tmp/v1/target/clover/src-instrumented/org/apache/commons/io/input/ClassLoaderObjectInputStream.java: Recompile with -Xlint:deprecation for details.
[[1;34mINFO[m] /tmp/v1/target/clover/src-instrumented/org/apache/commons/io/IOExceptionList.java: /tmp/v1/target/clover/src-instrumented/org/apache/commons/io/IOExceptionList.java uses unchecked or unsafe operations.
[[1;34mINFO[m] /tmp/v1/target/clover/src-instrumented/org/apache/commons/io/IOExceptionList.java: Recompile with -Xlint:unchecked for details.
[[1;34mINFO[m] 
[[1;34mINFO[m] [1m--- [0;32mmaven-bundle-plugin:5.1.1:manifest[m [1m(bundle-manifest)[m @ [36mcommons-io[0;1m ---[m
[[1;34mINFO[m] 
[[1;34mINFO[m] [1m--- [0;32mmaven-resources-plugin:3.1.0:testResources[m [1m(default-testResources)[m @ [36mcommons-io[0;1m ---[m
[[1;34mINFO[m] Using 'iso-8859-1' encoding to copy filtered resources.
[[1;34mINFO[m] Copying 45 resources
[[1;34mINFO[m] Copying 2 resources to META-INF
[[1;34mINFO[m] 
[[1;34mINFO[m] [1m--- [0;32mmaven-compiler-plugin:3.8.1:testCompile[m [1m(default-testCompile)[m @ [36mcommons-io[0;1m ---[m
[[1;34mINFO[m] Changes detected - recompiling the module!
[[1;34mINFO[m] Compiling 159 source files to /tmp/v1/target/test-classes
[[1;34mINFO[m] /tmp/v1/target/clover/src-test-instrumented/org/apache/commons/io/IOUtilsCopyTestCase.java: Some input files use or override a deprecated API.
[[1;34mINFO[m] /tmp/v1/target/clover/src-test-instrumented/org/apache/commons/io/IOUtilsCopyTestCase.java: Recompile with -Xlint:deprecation for details.
[[1;34mINFO[m] 
[[1;34mINFO[m] [1m--- [0;32manimal-sniffer-maven-plugin:1.19:check[m [1m(checkAPIcompatibility)[m @ [36mcommons-io[0;1m ---[m
[[1;34mINFO[m] Signature checking is skipped.
[[1;34mINFO[m] 
[[1;34mINFO[m] [1m--- [0;32mjacoco-maven-plugin:0.8.5:prepare-agent[m [1m(prepare-agent)[m @ [36mcommons-io[0;1m ---[m
[[1;34mINFO[m] Skipping JaCoCo execution because property jacoco.skip is set.
[[1;34mINFO[m] argLine set to empty
[[1;34mINFO[m] 
[[1;34mINFO[m] [1m--- [0;32mmaven-surefire-plugin:2.22.2:test[m [1m(default-test)[m @ [36mcommons-io[0;1m ---[m
[[1;34mINFO[m] 
[[1;34mINFO[m] -------------------------------------------------------
[[1;34mINFO[m]  T E S T S
[[1;34mINFO[m] -------------------------------------------------------
[[1;34mINFO[m] Running org.apache.commons.io.[1mByteOrderParserTest[m
[[1;34mINFO[m] [1;32mTests run: [0;1;32m3[m, Failures: 0, Errors: 0, Skipped: 0, Time elapsed: 0.048 s - in org.apache.commons.io.[1mByteOrderParserTest[m
[[1;34mINFO[m] Running org.apache.commons.io.[1mFileUtilsFileNewerTestCase[m
[[1;34mINFO[m] [1;32mTests run: [0;1;32m5[m, Failures: 0, Errors: 0, Skipped: 0, Time elapsed: 0.1 s - in org.apache.commons.io.[1mFileUtilsFileNewerTestCase[m
[[1;34mINFO[m] Running org.apache.commons.io.serialization.[1mValidatingObjectInputStreamTest[m
[[1;34mINFO[m] [1;32mTests run: [0;1;32m18[m, Failures: 0, Errors: 0, Skipped: 0, Time elapsed: 0.122 s - in org.apache.commons.io.serialization.[1mValidatingObjectInputStreamTest[m
[[1;34mINFO[m] Running org.apache.commons.io.serialization.[1mMoreComplexObjectTest[m
[[1;34mINFO[m] [1;32mTests run: [0;1;32m3[m, Failures: 0, Errors: 0, Skipped: 0, Time elapsed: 0.083 s - in org.apache.commons.io.serialization.[1mMoreComplexObjectTest[m
[[1;34mINFO[m] Running org.apache.commons.io.serialization.[1mWildcardClassNameMatcherTest[m
[[1;34mINFO[m] [1;32mTests run: [0;1;32m3[m, Failures: 0, Errors: 0, Skipped: 0, Time elapsed: 0.057 s - in org.apache.commons.io.serialization.[1mWildcardClassNameMatcherTest[m
[[1;34mINFO[m] Running org.apache.commons.io.serialization.[1mRegexpClassNameMatcherTest[m
[[1;34mINFO[m] [1;32mTests run: [0;1;32m5[m, Failures: 0, Errors: 0, Skipped: 0, Time elapsed: 0.059 s - in org.apache.commons.io.serialization.[1mRegexpClassNameMatcherTest[m
[[1;34mINFO[m] Running org.apache.commons.io.serialization.[1mFullClassNameMatcherTest[m
[[1;34mINFO[m] [1;32mTests run: [0;1;32m2[m, Failures: 0, Errors: 0, Skipped: 0, Time elapsed: 0.05 s - in org.apache.commons.io.serialization.[1mFullClassNameMatcherTest[m
[[1;34mINFO[m] Running org.apache.commons.io.[1mCopyUtilsTest[m
[[1;34mINFO[m] [1;32mTests run: [0;1;32m11[m, Failures: 0, Errors: 0, Skipped: 0, Time elapsed: 0.113 s - in org.apache.commons.io.[1mCopyUtilsTest[m
[[1;34mINFO[m] Running org.apache.commons.io.[1mLineIteratorTestCase[m
[[1;34mINFO[m] [1;32mTests run: [0;1;32m16[m, Failures: 0, Errors: 0, Skipped: 0, Time elapsed: 0.128 s - in org.apache.commons.io.[1mLineIteratorTestCase[m
[[1;34mINFO[m] Running org.apache.commons.io.[1mThreadMonitorTestCase[m
[[1;34mINFO[m] [1;32mTests run: [0;1;32m3[m, Failures: 0, Errors: 0, Skipped: 0, Time elapsed: 0.468 s - in org.apache.commons.io.[1mThreadMonitorTestCase[m
[[1;34mINFO[m] Running org.apache.commons.io.[1mFileUtilsCleanSymlinksTestCase[m
[[1;34mINFO[m] [1;32mTests run: [0;1;32m8[m, Failures: 0, Errors: 0, Skipped: 0, Time elapsed: 0.116 s - in org.apache.commons.io.[1mFileUtilsCleanSymlinksTestCase[m
[[1;34mINFO[m] Running org.apache.commons.io.[1mEndianUtilsTest[m
[[1;34mINFO[m] [1;32mTests run: [0;1;32m22[m, Failures: 0, Errors: 0, Skipped: 0, Time elapsed: 0.091 s - in org.apache.commons.io.[1mEndianUtilsTest[m
[[1;34mINFO[m] Running org.apache.commons.io.[1mHexDumpTest[m
[[1;34mINFO[m] [1;32mTests run: [0;1;32m1[m, Failures: 0, Errors: 0, Skipped: 0, Time elapsed: 0.055 s - in org.apache.commons.io.[1mHexDumpTest[m
[[1;34mINFO[m] Running org.apache.commons.io.[1mDirectoryWalkerTestCase[m
[[1;34mINFO[m] [1;32mTests run: [0;1;32m15[m, Failures: 0, Errors: 0, Skipped: 0, Time elapsed: 0.104 s - in org.apache.commons.io.[1mDirectoryWalkerTestCase[m
[[1;34mINFO[m] Running org.apache.commons.io.[1mIOUtilsCopyTestCase[m
[[1;34mINFO[m] [1;32mTests run: [0;1;32m27[m, Failures: 0, Errors: 0, Skipped: 0, Time elapsed: 1.099 s - in org.apache.commons.io.[1mIOUtilsCopyTestCase[m
[[1;34mINFO[m] Running org.apache.commons.io.[1mFilenameUtilsWildcardTestCase[m
[[1;34mINFO[m] [1;32mTests run: [0;1;32m7[m, Failures: 0, Errors: 0, Skipped: 0, Time elapsed: 0.144 s - in org.apache.commons.io.[1mFilenameUtilsWildcardTestCase[m
[[1;34mINFO[m] Running org.apache.commons.io.[1mFileUtilsCleanDirectoryTestCase[m
[[1;34mINFO[m] [1;32mTests run: [0;1;32m5[m, Failures: 0, Errors: 0, Skipped: 0, Time elapsed: 0.095 s - in org.apache.commons.io.[1mFileUtilsCleanDirectoryTestCase[m
[[1;34mINFO[m] Running org.apache.commons.io.[1mFilenameUtilsTestCase[m
[[1;34mINFO[m] [1;32mTests run: [0;1;32m38[m, Failures: 0, Errors: 0, Skipped: 0, Time elapsed: 0.167 s - in org.apache.commons.io.[1mFilenameUtilsTestCase[m
[[1;34mINFO[m] Running org.apache.commons.io.[1mIOExceptionListTestCase[m
org.apache.commons.io.IOExceptionList: 1 exceptions: [java.io.EOFException]
	at org.apache.commons.io.IOExceptionListTestCase.__CLR4_4_1657rzzasj(IOExceptionListTestCase.java:58)
	at org.apache.commons.io.IOExceptionListTestCase.testPrintStackTrace(IOExceptionListTestCase.java:55)
	at java.base/jdk.internal.reflect.NativeMethodAccessorImpl.invoke0(Native Method)
	at java.base/jdk.internal.reflect.NativeMethodAccessorImpl.invoke(NativeMethodAccessorImpl.java:62)
	at java.base/jdk.internal.reflect.DelegatingMethodAccessorImpl.invoke(DelegatingMethodAccessorImpl.java:43)
	at java.base/java.lang.reflect.Method.invoke(Method.java:566)
	at org.junit.platform.commons.util.ReflectionUtils.invokeMethod(ReflectionUtils.java:686)
	at org.junit.jupiter.engine.execution.MethodInvocation.proceed(MethodInvocation.java:60)
	at org.junit.jupiter.engine.execution.InvocationInterceptorChain$ValidatingInvocation.proceed(InvocationInterceptorChain.java:131)
	at org.junit.jupiter.engine.extension.TimeoutExtension.intercept(TimeoutExtension.java:149)
	at org.junit.jupiter.engine.extension.TimeoutExtension.interceptTestableMethod(TimeoutExtension.java:140)
	at org.junit.jupiter.engine.extension.TimeoutExtension.interceptTestMethod(TimeoutExtension.java:84)
	at org.junit.jupiter.engine.execution.ExecutableInvoker$ReflectiveInterceptorCall.lambda$ofVoidMethod$0(ExecutableInvoker.java:115)
	at org.junit.jupiter.engine.execution.ExecutableInvoker.lambda$invoke$0(ExecutableInvoker.java:105)
	at org.junit.jupiter.engine.execution.InvocationInterceptorChain$InterceptedInvocation.proceed(InvocationInterceptorChain.java:106)
	at org.junit.jupiter.engine.execution.InvocationInterceptorChain.proceed(InvocationInterceptorChain.java:64)
	at org.junit.jupiter.engine.execution.InvocationInterceptorChain.chainAndInvoke(InvocationInterceptorChain.java:45)
	at org.junit.jupiter.engine.execution.InvocationInterceptorChain.invoke(InvocationInterceptorChain.java:37)
	at org.junit.jupiter.engine.execution.ExecutableInvoker.invoke(ExecutableInvoker.java:104)
	at org.junit.jupiter.engine.execution.ExecutableInvoker.invoke(ExecutableInvoker.java:98)
	at org.junit.jupiter.engine.descriptor.TestMethodTestDescriptor.lambda$invokeTestMethod$6(TestMethodTestDescriptor.java:212)
	at org.junit.platform.engine.support.hierarchical.ThrowableCollector.execute(ThrowableCollector.java:73)
	at org.junit.jupiter.engine.descriptor.TestMethodTestDescriptor.invokeTestMethod(TestMethodTestDescriptor.java:208)
	at org.junit.jupiter.engine.descriptor.TestMethodTestDescriptor.execute(TestMethodTestDescriptor.java:137)
	at org.junit.jupiter.engine.descriptor.TestMethodTestDescriptor.execute(TestMethodTestDescriptor.java:71)
	at org.junit.platform.engine.support.hierarchical.NodeTestTask.lambda$executeRecursively$5(NodeTestTask.java:135)
	at org.junit.platform.engine.support.hierarchical.ThrowableCollector.execute(ThrowableCollector.java:73)
	at org.junit.platform.engine.support.hierarchical.NodeTestTask.lambda$executeRecursively$7(NodeTestTask.java:125)
	at org.junit.platform.engine.support.hierarchical.Node.around(Node.java:135)
	at org.junit.platform.engine.support.hierarchical.NodeTestTask.lambda$executeRecursively$8(NodeTestTask.java:123)
	at org.junit.platform.engine.support.hierarchical.ThrowableCollector.execute(ThrowableCollector.java:73)
	at org.junit.platform.engine.support.hierarchical.NodeTestTask.executeRecursively(NodeTestTask.java:122)
	at org.junit.platform.engine.support.hierarchical.NodeTestTask.execute(NodeTestTask.java:80)
	at java.base/java.util.ArrayList.forEach(ArrayList.java:1541)
	at org.junit.platform.engine.support.hierarchical.SameThreadHierarchicalTestExecutorService.invokeAll(SameThreadHierarchicalTestExecutorService.java:38)
	at org.junit.platform.engine.support.hierarchical.NodeTestTask.lambda$executeRecursively$5(NodeTestTask.java:139)
	at org.junit.platform.engine.support.hierarchical.ThrowableCollector.execute(ThrowableCollector.java:73)
	at org.junit.platform.engine.support.hierarchical.NodeTestTask.lambda$executeRecursively$7(NodeTestTask.java:125)
	at org.junit.platform.engine.support.hierarchical.Node.around(Node.java:135)
	at org.junit.platform.engine.support.hierarchical.NodeTestTask.lambda$executeRecursively$8(NodeTestTask.java:123)
	at org.junit.platform.engine.support.hierarchical.ThrowableCollector.execute(ThrowableCollector.java:73)
	at org.junit.platform.engine.support.hierarchical.NodeTestTask.executeRecursively(NodeTestTask.java:122)
	at org.junit.platform.engine.support.hierarchical.NodeTestTask.execute(NodeTestTask.java:80)
	at java.base/java.util.ArrayList.forEach(ArrayList.java:1541)
	at org.junit.platform.engine.support.hierarchical.SameThreadHierarchicalTestExecutorService.invokeAll(SameThreadHierarchicalTestExecutorService.java:38)
	at org.junit.platform.engine.support.hierarchical.NodeTestTask.lambda$executeRecursively$5(NodeTestTask.java:139)
	at org.junit.platform.engine.support.hierarchical.ThrowableCollector.execute(ThrowableCollector.java:73)
	at org.junit.platform.engine.support.hierarchical.NodeTestTask.lambda$executeRecursively$7(NodeTestTask.java:125)
	at org.junit.platform.engine.support.hierarchical.Node.around(Node.java:135)
	at org.junit.platform.engine.support.hierarchical.NodeTestTask.lambda$executeRecursively$8(NodeTestTask.java:123)
	at org.junit.platform.engine.support.hierarchical.ThrowableCollector.execute(ThrowableCollector.java:73)
	at org.junit.platform.engine.support.hierarchical.NodeTestTask.executeRecursively(NodeTestTask.java:122)
	at org.junit.platform.engine.support.hierarchical.NodeTestTask.execute(NodeTestTask.java:80)
	at org.junit.platform.engine.support.hierarchical.SameThreadHierarchicalTestExecutorService.submit(SameThreadHierarchicalTestExecutorService.java:32)
	at org.junit.platform.engine.support.hierarchical.HierarchicalTestExecutor.execute(HierarchicalTestExecutor.java:57)
	at org.junit.platform.engine.support.hierarchical.HierarchicalTestEngine.execute(HierarchicalTestEngine.java:51)
	at org.junit.platform.launcher.core.DefaultLauncher.execute(DefaultLauncher.java:220)
	at org.junit.platform.launcher.core.DefaultLauncher.lambda$execute$6(DefaultLauncher.java:188)
	at org.junit.platform.launcher.core.DefaultLauncher.withInterceptedStreams(DefaultLauncher.java:202)
	at org.junit.platform.launcher.core.DefaultLauncher.execute(DefaultLauncher.java:181)
	at org.junit.platform.launcher.core.DefaultLauncher.execute(DefaultLauncher.java:128)
	at org.apache.maven.surefire.junitplatform.JUnitPlatformProvider.invokeAllTests(JUnitPlatformProvider.java:150)
	at org.apache.maven.surefire.junitplatform.JUnitPlatformProvider.invoke(JUnitPlatformProvider.java:120)
	at org.apache.maven.surefire.booter.ForkedBooter.invokeProviderInSameClassLoader(ForkedBooter.java:384)
	at org.apache.maven.surefire.booter.ForkedBooter.runSuitesInProcess(ForkedBooter.java:345)
	at org.apache.maven.surefire.booter.ForkedBooter.execute(ForkedBooter.java:126)
	at org.apache.maven.surefire.booter.ForkedBooter.main(ForkedBooter.java:418)
Caused by: java.io.EOFException
	at org.apache.commons.io.IOExceptionListTestCase.__CLR4_4_1657rzzasj(IOExceptionListTestCase.java:56)
	... 66 more
[[1;34mINFO[m] [1;32mTests run: [0;1;32m3[m, Failures: 0, Errors: 0, Skipped: 0, Time elapsed: 0.061 s - in org.apache.commons.io.[1mIOExceptionListTestCase[m
[[1;34mINFO[m] Running org.apache.commons.io.[1mCharsetsTestCase[m
[[1;34mINFO[m] [1;32mTests run: [0;1;32m8[m, Failures: 0, Errors: 0, Skipped: 0, Time elapsed: 0.064 s - in org.apache.commons.io.[1mCharsetsTestCase[m
[[1;34mINFO[m] Running org.apache.commons.io.[1mFileUtilsWaitForTestCase[m
[[1;34mINFO[m] [1;32mTests run: [0;1;32m2[m, Failures: 0, Errors: 0, Skipped: 0, Time elapsed: 4.073 s - in org.apache.commons.io.[1mFileUtilsWaitForTestCase[m
[[1;34mINFO[m] Running org.apache.commons.io.[1mDirectoryWalkerTestCaseJava4[m
[[1;34mINFO[m] [1;32mTests run: [0;1;32m14[m, Failures: 0, Errors: 0, Skipped: 0, Time elapsed: 0.103 s - in org.apache.commons.io.[1mDirectoryWalkerTestCaseJava4[m
[[1;34mINFO[m] Running org.apache.commons.io.[1mIOUtilsWriteTestCase[m
[[1;34mINFO[m] [1;32mTests run: [0;1;32m53[m, Failures: 0, Errors: 0, Skipped: 0, Time elapsed: 0.188 s - in org.apache.commons.io.[1mIOUtilsWriteTestCase[m
[[1;34mINFO[m] Running org.apache.commons.io.[1mFileUtilsTestCase[m
[[1;33mWARNING[m] [1;33mTests [0;1mrun: [0;1m142[m, Failures: 0, Errors: 0, [1;33mSkipped: [0;1;33m1[m, Time elapsed: 2.471 s - in org.apache.commons.io.[1mFileUtilsTestCase[m
[[1;34mINFO[m] Running org.apache.commons.io.[1mDemuxTestCase[m
[[1;34mINFO[m] [1;32mTests run: [0;1;32m2[m, Failures: 0, Errors: 0, Skipped: 0, Time elapsed: 0.246 s - in org.apache.commons.io.[1mDemuxTestCase[m
[[1;34mINFO[m] Running org.apache.commons.io.[1mIOCaseTestCase[m
[[1;34mINFO[m] [1;32mTests run: [0;1;32m17[m, Failures: 0, Errors: 0, Skipped: 0, Time elapsed: 0.094 s - in org.apache.commons.io.[1mIOCaseTestCase[m
[[1;34mINFO[m] Running org.apache.commons.io.filefilter.[1mOrFileFilterTestCase[m
[[1;34mINFO[m] [1;32mTests run: [0;1;32m5[m, Failures: 0, Errors: 0, Skipped: 0, Time elapsed: 0.066 s - in org.apache.commons.io.filefilter.[1mOrFileFilterTestCase[m
[[1;34mINFO[m] Running org.apache.commons.io.filefilter.[1mRegexFileFilterTestCase[m
[[1;34mINFO[m] [1;32mTests run: [0;1;32m1[m, Failures: 0, Errors: 0, Skipped: 0, Time elapsed: 0.055 s - in org.apache.commons.io.filefilter.[1mRegexFileFilterTestCase[m
[[1;34mINFO[m] Running org.apache.commons.io.filefilter.[1mAndFileFilterTestCase[m
[[1;34mINFO[m] [1;32mTests run: [0;1;32m5[m, Failures: 0, Errors: 0, Skipped: 0, Time elapsed: 0.065 s - in org.apache.commons.io.filefilter.[1mAndFileFilterTestCase[m
[[1;34mINFO[m] Running org.apache.commons.io.filefilter.[1mFileFilterTestCase[m
[[1;33mWARNING[m] [1;33mTests [0;1mrun: [0;1m48[m, Failures: 0, Errors: 0, [1;33mSkipped: [0;1;33m1[m, Time elapsed: 2.217 s - in org.apache.commons.io.filefilter.[1mFileFilterTestCase[m
[[1;34mINFO[m] Running org.apache.commons.io.[1mByteOrderMarkTestCase[m
[[1;34mINFO[m] [1;32mTests run: [0;1;32m9[m, Failures: 0, Errors: 0, Skipped: 0, Time elapsed: 0.075 s - in org.apache.commons.io.[1mByteOrderMarkTestCase[m
[[1;34mINFO[m] Running org.apache.commons.io.monitor.[1mFileAlterationObserverTestCase[m
[[1;34mINFO[m] [1;32mTests run: [0;1;32m7[m, Failures: 0, Errors: 0, Skipped: 0, Time elapsed: 4.669 s - in org.apache.commons.io.monitor.[1mFileAlterationObserverTestCase[m
[[1;34mINFO[m] Running org.apache.commons.io.monitor.[1mFileAlterationMonitorTestCase[m
[[1;34mINFO[m] [1;32mTests run: [0;1;32m5[m, Failures: 0, Errors: 0, Skipped: 0, Time elapsed: 0.633 s - in org.apache.commons.io.monitor.[1mFileAlterationMonitorTestCase[m
[[1;34mINFO[m] Running org.apache.commons.io.file.[1mCountersTest[m
[[1;34mINFO[m] [1;32mTests run: [0;1;32m8[m, Failures: 0, Errors: 0, Skipped: 0, Time elapsed: 0.131 s - in org.apache.commons.io.file.[1mCountersTest[m
[[1;34mINFO[m] Running org.apache.commons.io.file.[1mPathUtilsCleanDirectoryTest[m
[[1;34mINFO[m] [1;32mTests run: [0;1;32m4[m, Failures: 0, Errors: 0, Skipped: 0, Time elapsed: 0.091 s - in org.apache.commons.io.file.[1mPathUtilsCleanDirectoryTest[m
[[1;34mINFO[m] Running org.apache.commons.io.file.[1mDeletingPathVisitorTest[m
[[1;34mINFO[m] [1;32mTests run: [0;1;32m12[m, Failures: 0, Errors: 0, Skipped: 0, Time elapsed: 0.161 s - in org.apache.commons.io.file.[1mDeletingPathVisitorTest[m
[[1;34mINFO[m] Running org.apache.commons.io.file.[1mCleaningPathVisitorTest[m
[[1;34mINFO[m] [1;32mTests run: [0;1;32m12[m, Failures: 0, Errors: 0, Skipped: 0, Time elapsed: 0.167 s - in org.apache.commons.io.file.[1mCleaningPathVisitorTest[m
[[1;34mINFO[m] Running org.apache.commons.io.file.[1mPathUtilsTest[m
[[1;34mINFO[m] [1;32mTests run: [0;1;32m1[m, Failures: 0, Errors: 0, Skipped: 0, Time elapsed: 0.063 s - in org.apache.commons.io.file.[1mPathUtilsTest[m
[[1;34mINFO[m] Running org.apache.commons.io.file.[1mCountersEqualsAndHashCodeTest[m
[[1;34mINFO[m] [1;32mTests run: [0;1;32m10[m, Failures: 0, Errors: 0, Skipped: 0, Time elapsed: 0.075 s - in org.apache.commons.io.file.[1mCountersEqualsAndHashCodeTest[m
[[1;34mINFO[m] Running org.apache.commons.io.file.[1mPathUtilsCountingTest[m
[[1;34mINFO[m] [1;32mTests run: [0;1;32m4[m, Failures: 0, Errors: 0, Skipped: 0, Time elapsed: 0.072 s - in org.apache.commons.io.file.[1mPathUtilsCountingTest[m
[[1;34mINFO[m] Running org.apache.commons.io.file.[1mCountingPathVisitorTest[m
[[1;34mINFO[m] [1;32mTests run: [0;1;32m10[m, Failures: 0, Errors: 0, Skipped: 0, Time elapsed: 0.14 s - in org.apache.commons.io.file.[1mCountingPathVisitorTest[m
[[1;34mINFO[m] Running org.apache.commons.io.file.[1mPathUtilsContentEqualsTest[m
[[1;34mINFO[m] [1;32mTests run: [0;1;32m3[m, Failures: 0, Errors: 0, Skipped: 0, Time elapsed: 0.117 s - in org.apache.commons.io.file.[1mPathUtilsContentEqualsTest[m
[[1;34mINFO[m] Running org.apache.commons.io.file.[1mPathUtilsDeleteFileTest[m
[[1;34mINFO[m] [1;32mTests run: [0;1;32m4[m, Failures: 0, Errors: 0, Skipped: 0, Time elapsed: 0.07 s - in org.apache.commons.io.file.[1mPathUtilsDeleteFileTest[m
[[1;34mINFO[m] Running org.apache.commons.io.file.[1mPathUtilsDeleteTest[m
[[1;34mINFO[m] [1;32mTests run: [0;1;32m4[m, Failures: 0, Errors: 0, Skipped: 0, Time elapsed: 0.084 s - in org.apache.commons.io.file.[1mPathUtilsDeleteTest[m
[[1;34mINFO[m] Running org.apache.commons.io.file.[1mPathUtilsIsEmptyTest[m
[[1;34mINFO[m] [1;32mTests run: [0;1;32m3[m, Failures: 0, Errors: 0, Skipped: 0, Time elapsed: 0.064 s - in org.apache.commons.io.file.[1mPathUtilsIsEmptyTest[m
[[1;34mINFO[m] Running org.apache.commons.io.file.[1mCopyDirectoryVisitorTest[m
[[1;34mINFO[m] [1;32mTests run: [0;1;32m8[m, Failures: 0, Errors: 0, Skipped: 0, Time elapsed: 0.149 s - in org.apache.commons.io.file.[1mCopyDirectoryVisitorTest[m
[[1;34mINFO[m] Running org.apache.commons.io.file.[1mPathUtilsDeleteDirectoryTest[m
[[1;34mINFO[m] [1;32mTests run: [0;1;32m4[m, Failures: 0, Errors: 0, Skipped: 0, Time elapsed: 0.079 s - in org.apache.commons.io.file.[1mPathUtilsDeleteDirectoryTest[m
[[1;34mINFO[m] Running org.apache.commons.io.[1mIOIndexedExceptionTestCase[m
[[1;34mINFO[m] [1;32mTests run: [0;1;32m2[m, Failures: 0, Errors: 0, Skipped: 0, Time elapsed: 0.054 s - in org.apache.commons.io.[1mIOIndexedExceptionTestCase[m
[[1;34mINFO[m] Running org.apache.commons.io.[1mIOUtilsTestCase[m
[[1;34mINFO[m] [1;32mTests run: [0;1;32m112[m, Failures: 0, Errors: 0, Skipped: 0, Time elapsed: 0.339 s - in org.apache.commons.io.[1mIOUtilsTestCase[m
[[1;34mINFO[m] Running org.apache.commons.io.[1mFileCleaningTrackerTestCase[m
[[1;34mINFO[m] [1;32mTests run: [0;1;32m9[m, Failures: 0, Errors: 0, Skipped: 0, Time elapsed: 4.216 s - in org.apache.commons.io.[1mFileCleaningTrackerTestCase[m
[[1;34mINFO[m] Running org.apache.commons.io.[1mFileDeleteStrategyTestCase[m
[[1;34mINFO[m] [1;32mTests run: [0;1;32m5[m, Failures: 0, Errors: 0, Skipped: 0, Time elapsed: 0.087 s - in org.apache.commons.io.[1mFileDeleteStrategyTestCase[m
[[1;34mINFO[m] Running org.apache.commons.io.function.[1mIOFunctionTest[m
[[1;34mINFO[m] [1;32mTests run: [0;1;32m11[m, Failures: 0, Errors: 0, Skipped: 0, Time elapsed: 0.083 s - in org.apache.commons.io.function.[1mIOFunctionTest[m
[[1;34mINFO[m] Running org.apache.commons.io.[1mFileSystemUtilsTestCase[m
[[1;34mINFO[m] [1;32mTests run: [0;1;32m30[m, Failures: 0, Errors: 0, Skipped: 0, Time elapsed: 0.124 s - in org.apache.commons.io.[1mFileSystemUtilsTestCase[m
[[1;34mINFO[m] Running org.apache.commons.io.[1mIOExceptionWithCauseTestCase[m
[[1;34mINFO[m] [1;32mTests run: [0;1;32m2[m, Failures: 0, Errors: 0, Skipped: 0, Time elapsed: 0.057 s - in org.apache.commons.io.[1mIOExceptionWithCauseTestCase[m
[[1;34mINFO[m] Running org.apache.commons.io.[1mFileCleanerTestCase[m
[[1;34mINFO[m] [1;32mTests run: [0;1;32m9[m, Failures: 0, Errors: 0, Skipped: 0, Time elapsed: 4.218 s - in org.apache.commons.io.[1mFileCleanerTestCase[m
[[1;34mINFO[m] Running org.apache.commons.io.comparator.[1mLastModifiedFileComparatorTest[m
[[1;34mINFO[m] [1;32mTests run: [0;1;32m7[m, Failures: 0, Errors: 0, Skipped: 0, Time elapsed: 4.317 s - in org.apache.commons.io.comparator.[1mLastModifiedFileComparatorTest[m
[[1;34mINFO[m] Running org.apache.commons.io.comparator.[1mCompositeFileComparatorTest[m
[[1;34mINFO[m] [1;32mTests run: [0;1;32m10[m, Failures: 0, Errors: 0, Skipped: 0, Time elapsed: 0.114 s - in org.apache.commons.io.comparator.[1mCompositeFileComparatorTest[m
[[1;34mINFO[m] Running org.apache.commons.io.comparator.[1mSizeFileComparatorTest[m
[[1;34mINFO[m] [1;32mTests run: [0;1;32m9[m, Failures: 0, Errors: 0, Skipped: 0, Time elapsed: 0.109 s - in org.apache.commons.io.comparator.[1mSizeFileComparatorTest[m
[[1;34mINFO[m] Running org.apache.commons.io.comparator.[1mPathFileComparatorTest[m
[[1;34mINFO[m] [1;32mTests run: [0;1;32m8[m, Failures: 0, Errors: 0, Skipped: 0, Time elapsed: 0.091 s - in org.apache.commons.io.comparator.[1mPathFileComparatorTest[m
[[1;34mINFO[m] Running org.apache.commons.io.comparator.[1mDefaultFileComparatorTest[m
[[1;34mINFO[m] [1;32mTests run: [0;1;32m7[m, Failures: 0, Errors: 0, Skipped: 0, Time elapsed: 0.076 s - in org.apache.commons.io.comparator.[1mDefaultFileComparatorTest[m
[[1;34mINFO[m] Running org.apache.commons.io.comparator.[1mDirectoryFileComparatorTest[m
[[1;34mINFO[m] [1;32mTests run: [0;1;32m6[m, Failures: 0, Errors: 0, Skipped: 0, Time elapsed: 0.077 s - in org.apache.commons.io.comparator.[1mDirectoryFileComparatorTest[m
[[1;34mINFO[m] Running org.apache.commons.io.comparator.[1mNameFileComparatorTest[m
[[1;34mINFO[m] [1;32mTests run: [0;1;32m8[m, Failures: 0, Errors: 0, Skipped: 0, Time elapsed: 0.086 s - in org.apache.commons.io.comparator.[1mNameFileComparatorTest[m
[[1;34mINFO[m] Running org.apache.commons.io.comparator.[1mExtensionFileComparatorTest[m
[[1;34mINFO[m] [1;32mTests run: [0;1;32m8[m, Failures: 0, Errors: 0, Skipped: 0, Time elapsed: 0.084 s - in org.apache.commons.io.comparator.[1mExtensionFileComparatorTest[m
[[1;34mINFO[m] Running org.apache.commons.io.[1mFileUtilsCopyToFileTestCase[m
[[1;34mINFO[m] [1;32mTests run: [0;1;32m2[m, Failures: 0, Errors: 0, Skipped: 0, Time elapsed: 0.091 s - in org.apache.commons.io.[1mFileUtilsCopyToFileTestCase[m
[[1;34mINFO[m] Running org.apache.commons.io.[1mFileUtilsListFilesTestCase[m
[[1;34mINFO[m] [1;32mTests run: [0;1;32m3[m, Failures: 0, Errors: 0, Skipped: 0, Time elapsed: 0.089 s - in org.apache.commons.io.[1mFileUtilsListFilesTestCase[m
[[1;34mINFO[m] Running org.apache.commons.io.[1mTaggedIOExceptionTest[m
[[1;34mINFO[m] [1;32mTests run: [0;1;32m1[m, Failures: 0, Errors: 0, Skipped: 0, Time elapsed: 0.057 s - in org.apache.commons.io.[1mTaggedIOExceptionTest[m
[[1;34mINFO[m] Running org.apache.commons.io.input.[1mCharSequenceInputStreamTest[m
[[1;33mWARNING[m] [1;33mTests [0;1mrun: [0;1m30[m, Failures: 0, Errors: 0, [1;33mSkipped: [0;1;33m2[m, Time elapsed: 0.364 s - in org.apache.commons.io.input.[1mCharSequenceInputStreamTest[m
[[1;34mINFO[m] Running org.apache.commons.io.input.[1mXmlStreamReaderTest[m
[[1;34mINFO[m] [1;32mTests run: [0;1;32m20[m, Failures: 0, Errors: 0, Skipped: 0, Time elapsed: 0.453 s - in org.apache.commons.io.input.[1mXmlStreamReaderTest[m
[[1;34mINFO[m] Running org.apache.commons.io.input.[1mCharacterSetFilterReaderTest[m
[[1;34mINFO[m] [1;32mTests run: [0;1;32m10[m, Failures: 0, Errors: 0, Skipped: 0, Time elapsed: 0.072 s - in org.apache.commons.io.input.[1mCharacterSetFilterReaderTest[m
[[1;34mINFO[m] Running org.apache.commons.io.input.[1mCloseShieldReaderTest[m
[[1;34mINFO[m] [1;32mTests run: [0;1;32m1[m, Failures: 0, Errors: 0, Skipped: 0, Time elapsed: 0.403 s - in org.apache.commons.io.input.[1mCloseShieldReaderTest[m
[[1;34mINFO[m] Running org.apache.commons.io.input.[1mInfiniteCircularInputStreamTest[m
[[1;34mINFO[m] [1;32mTests run: [0;1;32m7[m, Failures: 0, Errors: 0, Skipped: 0, Time elapsed: 0.065 s - in org.apache.commons.io.input.[1mInfiniteCircularInputStreamTest[m
[[1;34mINFO[m] Running org.apache.commons.io.input.[1mClosedReaderTest[m
[[1;34mINFO[m] [1;32mTests run: [0;1;32m1[m, Failures: 0, Errors: 0, Skipped: 0, Time elapsed: 0.049 s - in org.apache.commons.io.input.[1mClosedReaderTest[m
[[1;34mINFO[m] Running org.apache.commons.io.input.[1mWindowsLineEndingInputStreamTest[m
[[1;34mINFO[m] [1;32mTests run: [0;1;32m7[m, Failures: 0, Errors: 0, Skipped: 0, Time elapsed: 0.062 s - in org.apache.commons.io.input.[1mWindowsLineEndingInputStreamTest[m
[[1;34mINFO[m] Running org.apache.commons.io.input.[1mBoundedInputStreamTest[m
[[1;34mINFO[m] [1;32mTests run: [0;1;32m2[m, Failures: 0, Errors: 0, Skipped: 0, Time elapsed: 0.065 s - in org.apache.commons.io.input.[1mBoundedInputStreamTest[m
[[1;34mINFO[m] Running org.apache.commons.io.input.[1mTeeInputStreamTest[m
[[1;34mINFO[m] [1;32mTests run: [0;1;32m9[m, Failures: 0, Errors: 0, Skipped: 0, Time elapsed: 0.472 s - in org.apache.commons.io.input.[1mTeeInputStreamTest[m
[[1;34mINFO[m] Running org.apache.commons.io.input.[1mBoundedReaderTest[m
[[1;34mINFO[m] [1;32mTests run: [0;1;32m16[m, Failures: 0, Errors: 0, Skipped: 0, Time elapsed: 0.112 s - in org.apache.commons.io.input.[1mBoundedReaderTest[m
[[1;34mINFO[m] Running org.apache.commons.io.input.[1mAutoCloseInputStreamTest[m
[[1;34mINFO[m] [1;32mTests run: [0;1;32m4[m, Failures: 0, Errors: 0, Skipped: 0, Time elapsed: 0.062 s - in org.apache.commons.io.input.[1mAutoCloseInputStreamTest[m
[[1;34mINFO[m] Running org.apache.commons.io.input.[1mSequenceReaderTest[m
[[1;34mINFO[m] [1;32mTests run: [0;1;32m12[m, Failures: 0, Errors: 0, Skipped: 0, Time elapsed: 0.072 s - in org.apache.commons.io.input.[1mSequenceReaderTest[m
[[1;34mINFO[m] Running org.apache.commons.io.input.[1mSwappedDataInputStreamTest[m
[[1;34mINFO[m] [1;32mTests run: [0;1;32m14[m, Failures: 0, Errors: 0, Skipped: 0, Time elapsed: 0.091 s - in org.apache.commons.io.input.[1mSwappedDataInputStreamTest[m
[[1;34mINFO[m] Running org.apache.commons.io.input.[1mBrokenReaderTest[m
[[1;34mINFO[m] [1;32mTests run: [0;1;32m6[m, Failures: 0, Errors: 0, Skipped: 0, Time elapsed: 0.059 s - in org.apache.commons.io.input.[1mBrokenReaderTest[m
[[1;34mINFO[m] Running org.apache.commons.io.input.[1mTeeReaderTest[m
[[1;34mINFO[m] [1;32mTests run: [0;1;32m10[m, Failures: 0, Errors: 0, Skipped: 0, Time elapsed: 0.462 s - in org.apache.commons.io.input.[1mTeeReaderTest[m
[[1;34mINFO[m] Running org.apache.commons.io.input.[1mBOMInputStreamTest[m
[[1;33mWARNING[m] [1;33mTests [0;1mrun: [0;1m44[m, Failures: 0, Errors: 0, [1;33mSkipped: [0;1;33m1[m, Time elapsed: 0.213 s - in org.apache.commons.io.input.[1mBOMInputStreamTest[m
[[1;34mINFO[m] Running org.apache.commons.io.input.[1mTailerTest[m
[[1;34mINFO[m] [1;32mTests run: [0;1;32m10[m, Failures: 0, Errors: 0, Skipped: 0, Time elapsed: 10.343 s - in org.apache.commons.io.input.[1mTailerTest[m
[[1;34mINFO[m] Running org.apache.commons.io.input.[1mCharSequenceReaderTest[m
[[1;34mINFO[m] [1;32mTests run: [0;1;32m11[m, Failures: 0, Errors: 0, Skipped: 0, Time elapsed: 0.08 s - in org.apache.commons.io.input.[1mCharSequenceReaderTest[m
[[1;34mINFO[m] Running org.apache.commons.io.input.[1mNullReaderTest[m
[[1;34mINFO[m] [1;32mTests run: [0;1;32m6[m, Failures: 0, Errors: 0, Skipped: 0, Time elapsed: 0.06 s - in org.apache.commons.io.input.[1mNullReaderTest[m
[[1;34mINFO[m] Running org.apache.commons.io.input.[1mCountingInputStreamTest[m
[[1;34mINFO[m] [1;32mTests run: [0;1;32m10[m, Failures: 0, Errors: 0, Skipped: 0, Time elapsed: 0.205 s - in org.apache.commons.io.input.[1mCountingInputStreamTest[m
[[1;34mINFO[m] Running org.apache.commons.io.input.[1mNullInputStreamTest[m
[[1;34mINFO[m] [1;32mTests run: [0;1;32m6[m, Failures: 0, Errors: 0, Skipped: 0, Time elapsed: 0.063 s - in org.apache.commons.io.input.[1mNullInputStreamTest[m
[[1;34mINFO[m] Running org.apache.commons.io.input.[1mCharacterFilterReaderTest[m
[[1;34mINFO[m] [1;32mTests run: [0;1;32m7[m, Failures: 0, Errors: 0, Skipped: 0, Time elapsed: 0.068 s - in org.apache.commons.io.input.[1mCharacterFilterReaderTest[m
[[1;34mINFO[m] Running org.apache.commons.io.input.compatibility.[1mXmlStreamReaderUtilitiesCompatibilityTest[m
[[1;34mINFO[m] [1;32mTests run: [0;1;32m11[m, Failures: 0, Errors: 0, Skipped: 0, Time elapsed: 0.094 s - in org.apache.commons.io.input.compatibility.[1mXmlStreamReaderUtilitiesCompatibilityTest[m
[[1;34mINFO[m] Running org.apache.commons.io.input.[1mCircularInputStreamTest[m
[[1;34mINFO[m] [1;32mTests run: [0;1;32m8[m, Failures: 0, Errors: 0, Skipped: 0, Time elapsed: 0.063 s - in org.apache.commons.io.input.[1mCircularInputStreamTest[m
[[1;34mINFO[m] Running org.apache.commons.io.input.[1mReaderInputStreamTest[m
[[1;34mINFO[m] [1;32mTests run: [0;1;32m8[m, Failures: 0, Errors: 0, Skipped: 0, Time elapsed: 0.073 s - in org.apache.commons.io.input.[1mReaderInputStreamTest[m
[[1;34mINFO[m] Running org.apache.commons.io.input.[1mReversedLinesFileReaderTestParamBlockSize[m
[[1;34mINFO[m] [1;32mTests run: [0;1;32m81[m, Failures: 0, Errors: 0, Skipped: 0, Time elapsed: 0.529 s - in org.apache.commons.io.input.[1mReversedLinesFileReaderTestParamBlockSize[m
[[1;34mINFO[m] Running org.apache.commons.io.input.[1mUnsynchronizedByteArrayInputStreamTest[m
[[1;34mINFO[m] [1;32mTests run: [0;1;32m16[m, Failures: 0, Errors: 0, Skipped: 0, Time elapsed: 0.084 s - in org.apache.commons.io.input.[1mUnsynchronizedByteArrayInputStreamTest[m
[[1;34mINFO[m] Running org.apache.commons.io.input.[1mCloseShieldInputStreamTest[m
[[1;34mINFO[m] [1;32mTests run: [0;1;32m1[m, Failures: 0, Errors: 0, Skipped: 0, Time elapsed: 0.052 s - in org.apache.commons.io.input.[1mCloseShieldInputStreamTest[m
[[1;34mINFO[m] Running org.apache.commons.io.input.[1mReversedLinesFileReaderTestSimple[m
[[1;34mINFO[m] [1;32mTests run: [0;1;32m3[m, Failures: 0, Errors: 0, Skipped: 0, Time elapsed: 0.088 s - in org.apache.commons.io.input.[1mReversedLinesFileReaderTestSimple[m
[[1;34mINFO[m] Running org.apache.commons.io.input.[1mClassLoaderObjectInputStreamTest[m
[[1;34mINFO[m] [1;32mTests run: [0;1;32m7[m, Failures: 0, Errors: 0, Skipped: 0, Time elapsed: 0.076 s - in org.apache.commons.io.input.[1mClassLoaderObjectInputStreamTest[m
[[1;34mINFO[m] Running org.apache.commons.io.input.buffer.[1mCircularBufferInputStreamTest[m
[[1;34mINFO[m] [1;32mTests run: [0;1;32m1[m, Failures: 0, Errors: 0, Skipped: 0, Time elapsed: 0.055 s - in org.apache.commons.io.input.buffer.[1mCircularBufferInputStreamTest[m
[[1;34mINFO[m] Running org.apache.commons.io.input.[1mTaggedInputStreamTest[m
[[1;34mINFO[m] [1;32mTests run: [0;1;32m4[m, Failures: 0, Errors: 0, Skipped: 0, Time elapsed: 0.071 s - in org.apache.commons.io.input.[1mTaggedInputStreamTest[m
[[1;34mINFO[m] Running org.apache.commons.io.input.[1mProxyReaderTest[m
[[1;34mINFO[m] [1;32mTests run: [0;1;32m2[m, Failures: 0, Errors: 0, Skipped: 0, Time elapsed: 0.055 s - in org.apache.commons.io.input.[1mProxyReaderTest[m
[[1;34mINFO[m] Running org.apache.commons.io.input.[1mBrokenInputStreamTest[m
[[1;34mINFO[m] [1;32mTests run: [0;1;32m5[m, Failures: 0, Errors: 0, Skipped: 0, Time elapsed: 0.059 s - in org.apache.commons.io.input.[1mBrokenInputStreamTest[m
[[1;34mINFO[m] Running org.apache.commons.io.input.[1mClosedInputStreamTest[m
[[1;34mINFO[m] [1;32mTests run: [0;1;32m1[m, Failures: 0, Errors: 0, Skipped: 0, Time elapsed: 0.05 s - in org.apache.commons.io.input.[1mClosedInputStreamTest[m
[[1;34mINFO[m] Running org.apache.commons.io.input.[1mObservableInputStreamTest[m
[[1;34mINFO[m] [1;32mTests run: [0;1;32m2[m, Failures: 0, Errors: 0, Skipped: 0, Time elapsed: 0.077 s - in org.apache.commons.io.input.[1mObservableInputStreamTest[m
[[1;34mINFO[m] Running org.apache.commons.io.input.[1mMessageDigestCalculatingInputStreamTest[m
[[1;34mINFO[m] [1;32mTests run: [0;1;32m1[m, Failures: 0, Errors: 0, Skipped: 0, Time elapsed: 0.067 s - in org.apache.commons.io.input.[1mMessageDigestCalculatingInputStreamTest[m
[[1;34mINFO[m] Running org.apache.commons.io.input.[1mUnixLineEndingInputStreamTest[m
[[1;34mINFO[m] [1;32mTests run: [0;1;32m8[m, Failures: 0, Errors: 0, Skipped: 0, Time elapsed: 0.068 s - in org.apache.commons.io.input.[1mUnixLineEndingInputStreamTest[m
[[1;34mINFO[m] Running org.apache.commons.io.input.[1mXmlStreamReaderUtilitiesTest[m
[[1;34mINFO[m] [1;32mTests run: [0;1;32m11[m, Failures: 0, Errors: 0, Skipped: 0, Time elapsed: 0.101 s - in org.apache.commons.io.input.[1mXmlStreamReaderUtilitiesTest[m
[[1;34mINFO[m] Running org.apache.commons.io.input.[1mTaggedReaderTest[m
[[1;34mINFO[m] [1;32mTests run: [0;1;32m4[m, Failures: 0, Errors: 0, Skipped: 0, Time elapsed: 0.07 s - in org.apache.commons.io.input.[1mTaggedReaderTest[m
[[1;34mINFO[m] Running org.apache.commons.io.input.[1mReversedLinesFileReaderTestParamFile[m
[[1;34mINFO[m] [1;32mTests run: [0;1;32m18[m, Failures: 0, Errors: 0, Skipped: 0, Time elapsed: 0.348 s - in org.apache.commons.io.input.[1mReversedLinesFileReaderTestParamFile[m
[[1;34mINFO[m] Running org.apache.commons.io.[1mFileUtilsDirectoryContainsTestCase[m
[[1;34mINFO[m] [1;32mTests run: [0;1;32m11[m, Failures: 0, Errors: 0, Skipped: 0, Time elapsed: 0.107 s - in org.apache.commons.io.[1mFileUtilsDirectoryContainsTestCase[m
[[1;34mINFO[m] Running org.apache.commons.io.output.[1mThresholdingOutputStreamTest[m
[[1;34mINFO[m] [1;32mTests run: [0;1;32m1[m, Failures: 0, Errors: 0, Skipped: 0, Time elapsed: 0.052 s - in org.apache.commons.io.output.[1mThresholdingOutputStreamTest[m
[[1;34mINFO[m] Running org.apache.commons.io.output.[1mNullAppendableTest[m
[[1;34mINFO[m] [1;32mTests run: [0;1;32m1[m, Failures: 0, Errors: 0, Skipped: 0, Time elapsed: 0.048 s - in org.apache.commons.io.output.[1mNullAppendableTest[m
[[1;34mINFO[m] Running org.apache.commons.io.output.[1mAppendableWriterTest[m
[[1;34mINFO[m] [1;32mTests run: [0;1;32m6[m, Failures: 0, Errors: 0, Skipped: 0, Time elapsed: 0.06 s - in org.apache.commons.io.output.[1mAppendableWriterTest[m
[[1;34mINFO[m] Running org.apache.commons.io.output.[1mCloseShieldWriterTest[m
[[1;34mINFO[m] [1;32mTests run: [0;1;32m1[m, Failures: 0, Errors: 0, Skipped: 0, Time elapsed: 0.414 s - in org.apache.commons.io.output.[1mCloseShieldWriterTest[m
[[1;34mINFO[m] Running org.apache.commons.io.output.[1mWriterOutputStreamTest[m
[[1;34mINFO[m] [1;32mTests run: [0;1;32m12[m, Failures: 0, Errors: 0, Skipped: 0, Time elapsed: 0.094 s - in org.apache.commons.io.output.[1mWriterOutputStreamTest[m
[[1;34mINFO[m] Running org.apache.commons.io.output.[1mClosedOutputStreamTest[m
[[1;34mINFO[m] [1;32mTests run: [0;1;32m2[m, Failures: 0, Errors: 0, Skipped: 0, Time elapsed: 0.051 s - in org.apache.commons.io.output.[1mClosedOutputStreamTest[m
[[1;34mINFO[m] Running org.apache.commons.io.output.[1mProxyCollectionWriterTest[m
[[1;34mINFO[m] [1;32mTests run: [0;1;32m23[m, Failures: 0, Errors: 0, Skipped: 0, Time elapsed: 0.461 s - in org.apache.commons.io.output.[1mProxyCollectionWriterTest[m
[[1;34mINFO[m] Running org.apache.commons.io.output.[1mClosedWriterTest[m
[[1;34mINFO[m] [1;32mTests run: [0;1;32m2[m, Failures: 0, Errors: 0, Skipped: 0, Time elapsed: 0.049 s - in org.apache.commons.io.output.[1mClosedWriterTest[m
[[1;34mINFO[m] Running org.apache.commons.io.output.[1mTeeWriterTest[m
[[1;34mINFO[m] [1;32mTests run: [0;1;32m23[m, Failures: 0, Errors: 0, Skipped: 0, Time elapsed: 0.463 s - in org.apache.commons.io.output.[1mTeeWriterTest[m
[[1;34mINFO[m] Running org.apache.commons.io.output.[1mByteArrayOutputStreamTestCase[m
[[1;34mINFO[m] [1;32mTests run: [0;1;32m30[m, Failures: 0, Errors: 0, Skipped: 0, Time elapsed: 0.186 s - in org.apache.commons.io.output.[1mByteArrayOutputStreamTestCase[m
[[1;34mINFO[m] Running org.apache.commons.io.output.[1mChunkedOutputStreamTest[m
[[1;34mINFO[m] [1;32mTests run: [0;1;32m3[m, Failures: 0, Errors: 0, Skipped: 0, Time elapsed: 0.059 s - in org.apache.commons.io.output.[1mChunkedOutputStreamTest[m
[[1;34mINFO[m] Running org.apache.commons.io.output.[1mAppendableOutputStreamTest[m
[[1;34mINFO[m] [1;32mTests run: [0;1;32m2[m, Failures: 0, Errors: 0, Skipped: 0, Time elapsed: 0.053 s - in org.apache.commons.io.output.[1mAppendableOutputStreamTest[m
[[1;34mINFO[m] Running org.apache.commons.io.output.[1mCountingOutputStreamTest[m
[[1;34mINFO[m] [1;32mTests run: [0;1;32m2[m, Failures: 0, Errors: 0, Skipped: 0, Time elapsed: 0.179 s - in org.apache.commons.io.output.[1mCountingOutputStreamTest[m
[[1;34mINFO[m] Running org.apache.commons.io.output.[1mNullPrintStreamTest[m
[[1;34mINFO[m] [1;32mTests run: [0;1;32m2[m, Failures: 0, Errors: 0, Skipped: 0, Time elapsed: 0.049 s - in org.apache.commons.io.output.[1mNullPrintStreamTest[m
[[1;34mINFO[m] Running org.apache.commons.io.output.[1mCloseShieldOutputStreamTest[m
[[1;34mINFO[m] [1;32mTests run: [0;1;32m1[m, Failures: 0, Errors: 0, Skipped: 0, Time elapsed: 0.071 s - in org.apache.commons.io.output.[1mCloseShieldOutputStreamTest[m
[[1;34mINFO[m] Running org.apache.commons.io.output.[1mFileWriterWithEncodingTest[m
[[1;34mINFO[m] [1;32mTests run: [0;1;32m12[m, Failures: 0, Errors: 0, Skipped: 0, Time elapsed: 0.141 s - in org.apache.commons.io.output.[1mFileWriterWithEncodingTest[m
[[1;34mINFO[m] Running org.apache.commons.io.output.[1mLockableFileWriterTest[m
[[1;34mINFO[m] [1;32mTests run: [0;1;32m7[m, Failures: 0, Errors: 0, Skipped: 0, Time elapsed: 0.108 s - in org.apache.commons.io.output.[1mLockableFileWriterTest[m
[[1;34mINFO[m] Running org.apache.commons.io.output.[1mTaggedOutputStreamTest[m
[[1;34mINFO[m] [1;32mTests run: [0;1;32m3[m, Failures: 0, Errors: 0, Skipped: 0, Time elapsed: 0.07 s - in org.apache.commons.io.output.[1mTaggedOutputStreamTest[m
[[1;34mINFO[m] Running org.apache.commons.io.output.[1mChunkedWriterTest[m
[[1;34mINFO[m] [1;32mTests run: [0;1;32m3[m, Failures: 0, Errors: 0, Skipped: 0, Time elapsed: 0.056 s - in org.apache.commons.io.output.[1mChunkedWriterTest[m
[[1;34mINFO[m] Running org.apache.commons.io.output.[1mDeferredFileOutputStreamTest[m
[[1;34mINFO[m] [1;32mTests run: [0;1;32m118[m, Failures: 0, Errors: 0, Skipped: 0, Time elapsed: 0.318 s - in org.apache.commons.io.output.[1mDeferredFileOutputStreamTest[m
[[1;34mINFO[m] Running org.apache.commons.io.output.[1mNullOutputStreamTest[m
[[1;34mINFO[m] [1;32mTests run: [0;1;32m2[m, Failures: 0, Errors: 0, Skipped: 0, Time elapsed: 0.057 s - in org.apache.commons.io.output.[1mNullOutputStreamTest[m
[[1;34mINFO[m] Running org.apache.commons.io.output.[1mBrokenWriterTest[m
[[1;34mINFO[m] [1;32mTests run: [0;1;32m3[m, Failures: 0, Errors: 0, Skipped: 0, Time elapsed: 0.058 s - in org.apache.commons.io.output.[1mBrokenWriterTest[m
[[1;34mINFO[m] Running org.apache.commons.io.output.[1mXmlStreamWriterTest[m
[[1;34mINFO[m] [1;32mTests run: [0;1;32m13[m, Failures: 0, Errors: 0, Skipped: 0, Time elapsed: 0.111 s - in org.apache.commons.io.output.[1mXmlStreamWriterTest[m
[[1;34mINFO[m] Running org.apache.commons.io.output.[1mTaggedWriterTest[m
[[1;34mINFO[m] [1;32mTests run: [0;1;32m3[m, Failures: 0, Errors: 0, Skipped: 0, Time elapsed: 0.069 s - in org.apache.commons.io.output.[1mTaggedWriterTest[m
[[1;34mINFO[m] Running org.apache.commons.io.output.[1mStringBuilderWriterTest[m
[[1;34mINFO[m] [1;32mTests run: [0;1;32m12[m, Failures: 0, Errors: 0, Skipped: 0, Time elapsed: 0.079 s - in org.apache.commons.io.output.[1mStringBuilderWriterTest[m
[[1;34mINFO[m] Running org.apache.commons.io.output.[1mNullWriterTest[m
[[1;34mINFO[m] [1;32mTests run: [0;1;32m1[m, Failures: 0, Errors: 0, Skipped: 0, Time elapsed: 0.061 s - in org.apache.commons.io.output.[1mNullWriterTest[m
[[1;34mINFO[m] Running org.apache.commons.io.output.[1mBrokenOutputStreamTest[m
[[1;34mINFO[m] [1;32mTests run: [0;1;32m3[m, Failures: 0, Errors: 0, Skipped: 0, Time elapsed: 0.055 s - in org.apache.commons.io.output.[1mBrokenOutputStreamTest[m
[[1;34mINFO[m] Running org.apache.commons.io.output.[1mProxyWriterTest[m
[[1;34mINFO[m] [1;32mTests run: [0;1;32m21[m, Failures: 0, Errors: 0, Skipped: 0, Time elapsed: 0.107 s - in org.apache.commons.io.output.[1mProxyWriterTest[m
[[1;34mINFO[m] Running org.apache.commons.io.output.[1mProxyOutputStreamTest[m
[[1;34mINFO[m] [1;32mTests run: [0;1;32m2[m, Failures: 0, Errors: 0, Skipped: 0, Time elapsed: 0.061 s - in org.apache.commons.io.output.[1mProxyOutputStreamTest[m
[[1;34mINFO[m] Running org.apache.commons.io.output.[1mTeeOutputStreamTest[m
[[1;34mINFO[m] [1;32mTests run: [0;1;32m3[m, Failures: 0, Errors: 0, Skipped: 0, Time elapsed: 0.445 s - in org.apache.commons.io.output.[1mTeeOutputStreamTest[m
[[1;34mINFO[m] Running org.apache.commons.io.[1mFileSystemTestCase[m
[[1;34mINFO[m] [1;32mTests run: [0;1;32m6[m, Failures: 0, Errors: 0, Skipped: 0, Time elapsed: 0.063 s - in org.apache.commons.io.[1mFileSystemTestCase[m
[[1;34mINFO[m] Running org.apache.commons.io.[1mFileUtilsCopyDirectoryToDirectoryTestCase[m
[[1;34mINFO[m] [1;32mTests run: [0;1;32m5[m, Failures: 0, Errors: 0, Skipped: 0, Time elapsed: 0.097 s - in org.apache.commons.io.[1mFileUtilsCopyDirectoryToDirectoryTestCase[m
[[1;34mINFO[m] 
[[1;34mINFO[m] Results:
[[1;34mINFO[m] 
[[1;33mWARNING[m] [1;33mTests run: 1623, Failures: 0, Errors: 0, Skipped: 5[m
[[1;34mINFO[m] 
[[1;34mINFO[m] [1m------------------------------------------------------------------------[m
[[1;34mINFO[m] [1;32mBUILD SUCCESS[m
[[1;34mINFO[m] [1m------------------------------------------------------------------------[m
[[1;34mINFO[m] Total time:  03:04 min
[[1;34mINFO[m] Finished at: 2020-12-28T11:33:51+01:00
[[1;34mINFO[m] [1m------------------------------------------------------------------------[m
Writing HTML report to '/tmp/v1/target/clover/report'
ERROR: Invalid Java source found or Clover failed to parse it: /tmp/v1/src/main/java/org/apache/commons/io/output/AbstractByteArrayOutputStream.java
Done. Processed 12 packages in 4651ms (387ms per package).
[INFO] Computing coverage for /tmp/v2/
[WARN] Maven will be executed in interactive mode, but no input stream has been configured for this MavenInvoker instance.
WARNING: An illegal reflective access operation has occurred
WARNING: Illegal reflective access by com.google.inject.internal.cglib.core.$ReflectUtils$1 (file:/usr/share/maven/lib/guice.jar) to method java.lang.ClassLoader.defineClass(java.lang.String,byte[],int,int,java.security.ProtectionDomain)
WARNING: Please consider reporting this to the maintainers of com.google.inject.internal.cglib.core.$ReflectUtils$1
WARNING: Use --illegal-access=warn to enable warnings of further illegal reflective access operations
WARNING: All illegal access operations will be denied in a future release
[[1;34mINFO[m] Scanning for projects...
[[1;34mINFO[m] 
[[1;34mINFO[m] [1m-----------------------< [0;36mcommons-io:commons-io[0;1m >------------------------[m
[[1;34mINFO[m] [1mBuilding Apache Commons IO 2.8.0-SNAPSHOT[m
[[1;34mINFO[m] [1m--------------------------------[ jar ]---------------------------------[m
[[1;34mINFO[m] 
[[1;34mINFO[m] [1m--- [0;32mmaven-clean-plugin:3.1.0:clean[m [1m(default-clean)[m @ [36mcommons-io[0;1m ---[m
[[1;34mINFO[m] Deleting /tmp/v2/target
[[1;34mINFO[m] 
[[1;34mINFO[m] [1m--- [0;32mclover-maven-plugin:4.4.1:setup[m [1m(default-cli)[m @ [36mcommons-io[0;1m ---[m
[[1;34mINFO[m] OpenClover Version 4.4.1, built on October 11 2019 (build-1020)
[[1;34mINFO[m] Creating new database at '/tmp/v2/target/clover/clover.db'.
[[1;34mINFO[m] Processing files at 1.9 source level.
[[1;33mWARNING[m] Trying to add a statement but current method is null. Did you put CLOVER:OFF before a method signature and CLOVER:ON inside a method body?
[[1;33mWARNING[m] Trying to add a statement but current method is null. Did you put CLOVER:OFF before a method signature and CLOVER:ON inside a method body?
[[1;33mWARNING[m] Trying to add a statement but current method is null. Did you put CLOVER:OFF before a method signature and CLOVER:ON inside a method body?
[[1;34mINFO[m] Clover all over. Instrumented 160 files (10 packages).
[[1;34mINFO[m] OpenClover Version 4.4.1, built on October 11 2019 (build-1020)
[[1;34mINFO[m] Updating existing database at '/tmp/v2/target/clover/clover.db'.
[[1;34mINFO[m] Processing files at 1.9 source level.
[[1;34mINFO[m] Clover all over. Instrumented 159 files (12 packages).
[[1;34mINFO[m] 1323 test methods detected.
[[1;34mINFO[m] 
[[1;34mINFO[m] [1m--- [0;32mmaven-enforcer-plugin:3.0.0-M3:enforce[m [1m(enforce-maven-version)[m @ [36mcommons-io[0;1m ---[m
[[1;34mINFO[m] Skipping Rule Enforcement.
[[1;34mINFO[m] 
[[1;34mINFO[m] [1m--- [0;32mmaven-enforcer-plugin:3.0.0-M3:enforce[m [1m(enforce-maven-3)[m @ [36mcommons-io[0;1m ---[m
[[1;34mINFO[m] Skipping Rule Enforcement.
[[1;34mINFO[m] 
[[1;34mINFO[m] [1m--- [0;32mapache-rat-plugin:0.13:check[m [1m(rat-check)[m @ [36mcommons-io[0;1m ---[m
[[1;34mINFO[m] RAT will not execute since it is configured to be skipped via system property 'rat.skip'.
[[1;34mINFO[m] 
[[1;34mINFO[m] [1m--- [0;32mbuild-helper-maven-plugin:3.2.0:parse-version[m [1m(parse-version)[m @ [36mcommons-io[0;1m ---[m
[[1;34mINFO[m] 
[[1;34mINFO[m] [1m--- [0;32mmaven-antrun-plugin:1.8:run[m [1m(javadoc.resources)[m @ [36mcommons-io[0;1m ---[m
[[1;34mINFO[m] Executing tasks

main:
     [copy] Copying 2 files to /tmp/v2/target/apidocs/META-INF
[[1;34mINFO[m] Executed tasks
[[1;34mINFO[m] 
[[1;34mINFO[m] [1m--- [0;32mmaven-remote-resources-plugin:1.7.0:process[m [1m(process-resource-bundles)[m @ [36mcommons-io[0;1m ---[m
[[1;34mINFO[m] Skipping remote resources execution.
[[1;34mINFO[m] 
[[1;34mINFO[m] [1m--- [0;32mbuildnumber-maven-plugin:1.4:create[m [1m(default)[m @ [36mcommons-io[0;1m ---[m
[[1;34mINFO[m] Executing: /bin/sh -c cd '/tmp/v2' && 'git' 'rev-parse' '--verify' 'HEAD'
[[1;34mINFO[m] Working directory: /tmp/v2
[[1;34mINFO[m] Storing buildNumber: 71bfef486b2e7713947e317ea843dc15f533a785 at timestamp: 1609151643665
[[1;34mINFO[m] Storing buildScmBranch: master
[[1;34mINFO[m] 
[[1;34mINFO[m] [1m--- [0;32mmaven-resources-plugin:3.1.0:resources[m [1m(default-resources)[m @ [36mcommons-io[0;1m ---[m
[[1;34mINFO[m] Using 'iso-8859-1' encoding to copy filtered resources.
[[1;34mINFO[m] skip non existing resourceDirectory /tmp/v2/src/main/resources
[[1;34mINFO[m] Copying 2 resources to META-INF
[[1;34mINFO[m] Copying 1 resource
[[1;34mINFO[m] 
[[1;34mINFO[m] [1m--- [0;32mmaven-compiler-plugin:3.8.1:compile[m [1m(default-compile)[m @ [36mcommons-io[0;1m ---[m
[[1;34mINFO[m] Changes detected - recompiling the module!
[[1;34mINFO[m] Compiling 160 source files to /tmp/v2/target/classes
[[1;34mINFO[m] /tmp/v2/target/clover/src-instrumented/org/apache/commons/io/input/AutoCloseInputStream.java: Some input files use or override a deprecated API.
[[1;34mINFO[m] /tmp/v2/target/clover/src-instrumented/org/apache/commons/io/input/AutoCloseInputStream.java: Recompile with -Xlint:deprecation for details.
[[1;34mINFO[m] /tmp/v2/target/clover/src-instrumented/org/apache/commons/io/IOExceptionList.java: /tmp/v2/target/clover/src-instrumented/org/apache/commons/io/IOExceptionList.java uses unchecked or unsafe operations.
[[1;34mINFO[m] /tmp/v2/target/clover/src-instrumented/org/apache/commons/io/IOExceptionList.java: Recompile with -Xlint:unchecked for details.
[[1;34mINFO[m] 
[[1;34mINFO[m] [1m--- [0;32mmaven-bundle-plugin:5.1.1:manifest[m [1m(bundle-manifest)[m @ [36mcommons-io[0;1m ---[m
[[1;34mINFO[m] 
[[1;34mINFO[m] [1m--- [0;32mmaven-resources-plugin:3.1.0:testResources[m [1m(default-testResources)[m @ [36mcommons-io[0;1m ---[m
[[1;34mINFO[m] Using 'iso-8859-1' encoding to copy filtered resources.
[[1;34mINFO[m] Copying 45 resources
[[1;34mINFO[m] Copying 2 resources to META-INF
[[1;34mINFO[m] 
[[1;34mINFO[m] [1m--- [0;32mmaven-compiler-plugin:3.8.1:testCompile[m [1m(default-testCompile)[m @ [36mcommons-io[0;1m ---[m
[[1;34mINFO[m] Changes detected - recompiling the module!
[[1;34mINFO[m] Compiling 159 source files to /tmp/v2/target/test-classes
[[1;34mINFO[m] /tmp/v2/target/clover/src-test-instrumented/org/apache/commons/io/IOUtilsCopyTestCase.java: Some input files use or override a deprecated API.
[[1;34mINFO[m] /tmp/v2/target/clover/src-test-instrumented/org/apache/commons/io/IOUtilsCopyTestCase.java: Recompile with -Xlint:deprecation for details.
[[1;34mINFO[m] 
[[1;34mINFO[m] [1m--- [0;32manimal-sniffer-maven-plugin:1.19:check[m [1m(checkAPIcompatibility)[m @ [36mcommons-io[0;1m ---[m
[[1;34mINFO[m] Signature checking is skipped.
[[1;34mINFO[m] 
[[1;34mINFO[m] [1m--- [0;32mjacoco-maven-plugin:0.8.5:prepare-agent[m [1m(prepare-agent)[m @ [36mcommons-io[0;1m ---[m
[[1;34mINFO[m] Skipping JaCoCo execution because property jacoco.skip is set.
[[1;34mINFO[m] argLine set to empty
[[1;34mINFO[m] 
[[1;34mINFO[m] [1m--- [0;32mmaven-surefire-plugin:2.22.2:test[m [1m(default-test)[m @ [36mcommons-io[0;1m ---[m
[[1;34mINFO[m] 
[[1;34mINFO[m] -------------------------------------------------------
[[1;34mINFO[m]  T E S T S
[[1;34mINFO[m] -------------------------------------------------------
[[1;34mINFO[m] Running org.apache.commons.io.[1mByteOrderParserTest[m
[[1;34mINFO[m] [1;32mTests run: [0;1;32m3[m, Failures: 0, Errors: 0, Skipped: 0, Time elapsed: 0.046 s - in org.apache.commons.io.[1mByteOrderParserTest[m
[[1;34mINFO[m] Running org.apache.commons.io.[1mFileUtilsFileNewerTestCase[m
[[1;34mINFO[m] [1;32mTests run: [0;1;32m5[m, Failures: 0, Errors: 0, Skipped: 0, Time elapsed: 0.09 s - in org.apache.commons.io.[1mFileUtilsFileNewerTestCase[m
[[1;34mINFO[m] Running org.apache.commons.io.serialization.[1mValidatingObjectInputStreamTest[m
[[1;34mINFO[m] [1;32mTests run: [0;1;32m18[m, Failures: 0, Errors: 0, Skipped: 0, Time elapsed: 0.122 s - in org.apache.commons.io.serialization.[1mValidatingObjectInputStreamTest[m
[[1;34mINFO[m] Running org.apache.commons.io.serialization.[1mMoreComplexObjectTest[m
[[1;34mINFO[m] [1;32mTests run: [0;1;32m3[m, Failures: 0, Errors: 0, Skipped: 0, Time elapsed: 0.082 s - in org.apache.commons.io.serialization.[1mMoreComplexObjectTest[m
[[1;34mINFO[m] Running org.apache.commons.io.serialization.[1mWildcardClassNameMatcherTest[m
[[1;34mINFO[m] [1;32mTests run: [0;1;32m3[m, Failures: 0, Errors: 0, Skipped: 0, Time elapsed: 0.057 s - in org.apache.commons.io.serialization.[1mWildcardClassNameMatcherTest[m
[[1;34mINFO[m] Running org.apache.commons.io.serialization.[1mRegexpClassNameMatcherTest[m
[[1;34mINFO[m] [1;32mTests run: [0;1;32m5[m, Failures: 0, Errors: 0, Skipped: 0, Time elapsed: 0.059 s - in org.apache.commons.io.serialization.[1mRegexpClassNameMatcherTest[m
[[1;34mINFO[m] Running org.apache.commons.io.serialization.[1mFullClassNameMatcherTest[m
[[1;34mINFO[m] [1;32mTests run: [0;1;32m2[m, Failures: 0, Errors: 0, Skipped: 0, Time elapsed: 0.051 s - in org.apache.commons.io.serialization.[1mFullClassNameMatcherTest[m
[[1;34mINFO[m] Running org.apache.commons.io.[1mCopyUtilsTest[m
[[1;34mINFO[m] [1;32mTests run: [0;1;32m11[m, Failures: 0, Errors: 0, Skipped: 0, Time elapsed: 0.096 s - in org.apache.commons.io.[1mCopyUtilsTest[m
[[1;34mINFO[m] Running org.apache.commons.io.[1mLineIteratorTestCase[m
[[1;34mINFO[m] [1;32mTests run: [0;1;32m16[m, Failures: 0, Errors: 0, Skipped: 0, Time elapsed: 0.129 s - in org.apache.commons.io.[1mLineIteratorTestCase[m
[[1;34mINFO[m] Running org.apache.commons.io.[1mThreadMonitorTestCase[m
[[1;34mINFO[m] [1;32mTests run: [0;1;32m3[m, Failures: 0, Errors: 0, Skipped: 0, Time elapsed: 0.477 s - in org.apache.commons.io.[1mThreadMonitorTestCase[m
[[1;34mINFO[m] Running org.apache.commons.io.[1mFileUtilsCleanSymlinksTestCase[m
[[1;34mINFO[m] [1;32mTests run: [0;1;32m8[m, Failures: 0, Errors: 0, Skipped: 0, Time elapsed: 0.12 s - in org.apache.commons.io.[1mFileUtilsCleanSymlinksTestCase[m
[[1;34mINFO[m] Running org.apache.commons.io.[1mEndianUtilsTest[m
[[1;34mINFO[m] [1;32mTests run: [0;1;32m22[m, Failures: 0, Errors: 0, Skipped: 0, Time elapsed: 0.1 s - in org.apache.commons.io.[1mEndianUtilsTest[m
[[1;34mINFO[m] Running org.apache.commons.io.[1mHexDumpTest[m
[[1;34mINFO[m] [1;32mTests run: [0;1;32m1[m, Failures: 0, Errors: 0, Skipped: 0, Time elapsed: 0.055 s - in org.apache.commons.io.[1mHexDumpTest[m
[[1;34mINFO[m] Running org.apache.commons.io.[1mDirectoryWalkerTestCase[m
[[1;34mINFO[m] [1;32mTests run: [0;1;32m15[m, Failures: 0, Errors: 0, Skipped: 0, Time elapsed: 0.109 s - in org.apache.commons.io.[1mDirectoryWalkerTestCase[m
[[1;34mINFO[m] Running org.apache.commons.io.[1mIOUtilsCopyTestCase[m
[[1;34mINFO[m] [1;32mTests run: [0;1;32m27[m, Failures: 0, Errors: 0, Skipped: 0, Time elapsed: 1.083 s - in org.apache.commons.io.[1mIOUtilsCopyTestCase[m
[[1;34mINFO[m] Running org.apache.commons.io.[1mFilenameUtilsWildcardTestCase[m
[[1;34mINFO[m] [1;32mTests run: [0;1;32m7[m, Failures: 0, Errors: 0, Skipped: 0, Time elapsed: 0.145 s - in org.apache.commons.io.[1mFilenameUtilsWildcardTestCase[m
[[1;34mINFO[m] Running org.apache.commons.io.[1mFileUtilsCleanDirectoryTestCase[m
[[1;34mINFO[m] [1;32mTests run: [0;1;32m5[m, Failures: 0, Errors: 0, Skipped: 0, Time elapsed: 0.095 s - in org.apache.commons.io.[1mFileUtilsCleanDirectoryTestCase[m
[[1;34mINFO[m] Running org.apache.commons.io.[1mFilenameUtilsTestCase[m
[[1;34mINFO[m] [1;32mTests run: [0;1;32m38[m, Failures: 0, Errors: 0, Skipped: 0, Time elapsed: 0.169 s - in org.apache.commons.io.[1mFilenameUtilsTestCase[m
[[1;34mINFO[m] Running org.apache.commons.io.[1mIOExceptionListTestCase[m
org.apache.commons.io.IOExceptionList: 1 exceptions: [java.io.EOFException]
	at org.apache.commons.io.IOExceptionListTestCase.__CLR4_4_1657rzzasz(IOExceptionListTestCase.java:58)
	at org.apache.commons.io.IOExceptionListTestCase.testPrintStackTrace(IOExceptionListTestCase.java:55)
	at java.base/jdk.internal.reflect.NativeMethodAccessorImpl.invoke0(Native Method)
	at java.base/jdk.internal.reflect.NativeMethodAccessorImpl.invoke(NativeMethodAccessorImpl.java:62)
	at java.base/jdk.internal.reflect.DelegatingMethodAccessorImpl.invoke(DelegatingMethodAccessorImpl.java:43)
	at java.base/java.lang.reflect.Method.invoke(Method.java:566)
	at org.junit.platform.commons.util.ReflectionUtils.invokeMethod(ReflectionUtils.java:686)
	at org.junit.jupiter.engine.execution.MethodInvocation.proceed(MethodInvocation.java:60)
	at org.junit.jupiter.engine.execution.InvocationInterceptorChain$ValidatingInvocation.proceed(InvocationInterceptorChain.java:131)
	at org.junit.jupiter.engine.extension.TimeoutExtension.intercept(TimeoutExtension.java:149)
	at org.junit.jupiter.engine.extension.TimeoutExtension.interceptTestableMethod(TimeoutExtension.java:140)
	at org.junit.jupiter.engine.extension.TimeoutExtension.interceptTestMethod(TimeoutExtension.java:84)
	at org.junit.jupiter.engine.execution.ExecutableInvoker$ReflectiveInterceptorCall.lambda$ofVoidMethod$0(ExecutableInvoker.java:115)
	at org.junit.jupiter.engine.execution.ExecutableInvoker.lambda$invoke$0(ExecutableInvoker.java:105)
	at org.junit.jupiter.engine.execution.InvocationInterceptorChain$InterceptedInvocation.proceed(InvocationInterceptorChain.java:106)
	at org.junit.jupiter.engine.execution.InvocationInterceptorChain.proceed(InvocationInterceptorChain.java:64)
	at org.junit.jupiter.engine.execution.InvocationInterceptorChain.chainAndInvoke(InvocationInterceptorChain.java:45)
	at org.junit.jupiter.engine.execution.InvocationInterceptorChain.invoke(InvocationInterceptorChain.java:37)
	at org.junit.jupiter.engine.execution.ExecutableInvoker.invoke(ExecutableInvoker.java:104)
	at org.junit.jupiter.engine.execution.ExecutableInvoker.invoke(ExecutableInvoker.java:98)
	at org.junit.jupiter.engine.descriptor.TestMethodTestDescriptor.lambda$invokeTestMethod$6(TestMethodTestDescriptor.java:212)
	at org.junit.platform.engine.support.hierarchical.ThrowableCollector.execute(ThrowableCollector.java:73)
	at org.junit.jupiter.engine.descriptor.TestMethodTestDescriptor.invokeTestMethod(TestMethodTestDescriptor.java:208)
	at org.junit.jupiter.engine.descriptor.TestMethodTestDescriptor.execute(TestMethodTestDescriptor.java:137)
	at org.junit.jupiter.engine.descriptor.TestMethodTestDescriptor.execute(TestMethodTestDescriptor.java:71)
	at org.junit.platform.engine.support.hierarchical.NodeTestTask.lambda$executeRecursively$5(NodeTestTask.java:135)
	at org.junit.platform.engine.support.hierarchical.ThrowableCollector.execute(ThrowableCollector.java:73)
	at org.junit.platform.engine.support.hierarchical.NodeTestTask.lambda$executeRecursively$7(NodeTestTask.java:125)
	at org.junit.platform.engine.support.hierarchical.Node.around(Node.java:135)
	at org.junit.platform.engine.support.hierarchical.NodeTestTask.lambda$executeRecursively$8(NodeTestTask.java:123)
	at org.junit.platform.engine.support.hierarchical.ThrowableCollector.execute(ThrowableCollector.java:73)
	at org.junit.platform.engine.support.hierarchical.NodeTestTask.executeRecursively(NodeTestTask.java:122)
	at org.junit.platform.engine.support.hierarchical.NodeTestTask.execute(NodeTestTask.java:80)
	at java.base/java.util.ArrayList.forEach(ArrayList.java:1541)
	at org.junit.platform.engine.support.hierarchical.SameThreadHierarchicalTestExecutorService.invokeAll(SameThreadHierarchicalTestExecutorService.java:38)
	at org.junit.platform.engine.support.hierarchical.NodeTestTask.lambda$executeRecursively$5(NodeTestTask.java:139)
	at org.junit.platform.engine.support.hierarchical.ThrowableCollector.execute(ThrowableCollector.java:73)
	at org.junit.platform.engine.support.hierarchical.NodeTestTask.lambda$executeRecursively$7(NodeTestTask.java:125)
	at org.junit.platform.engine.support.hierarchical.Node.around(Node.java:135)
	at org.junit.platform.engine.support.hierarchical.NodeTestTask.lambda$executeRecursively$8(NodeTestTask.java:123)
	at org.junit.platform.engine.support.hierarchical.ThrowableCollector.execute(ThrowableCollector.java:73)
	at org.junit.platform.engine.support.hierarchical.NodeTestTask.executeRecursively(NodeTestTask.java:122)
	at org.junit.platform.engine.support.hierarchical.NodeTestTask.execute(NodeTestTask.java:80)
	at java.base/java.util.ArrayList.forEach(ArrayList.java:1541)
	at org.junit.platform.engine.support.hierarchical.SameThreadHierarchicalTestExecutorService.invokeAll(SameThreadHierarchicalTestExecutorService.java:38)
	at org.junit.platform.engine.support.hierarchical.NodeTestTask.lambda$executeRecursively$5(NodeTestTask.java:139)
	at org.junit.platform.engine.support.hierarchical.ThrowableCollector.execute(ThrowableCollector.java:73)
	at org.junit.platform.engine.support.hierarchical.NodeTestTask.lambda$executeRecursively$7(NodeTestTask.java:125)
	at org.junit.platform.engine.support.hierarchical.Node.around(Node.java:135)
	at org.junit.platform.engine.support.hierarchical.NodeTestTask.lambda$executeRecursively$8(NodeTestTask.java:123)
	at org.junit.platform.engine.support.hierarchical.ThrowableCollector.execute(ThrowableCollector.java:73)
	at org.junit.platform.engine.support.hierarchical.NodeTestTask.executeRecursively(NodeTestTask.java:122)
	at org.junit.platform.engine.support.hierarchical.NodeTestTask.execute(NodeTestTask.java:80)
	at org.junit.platform.engine.support.hierarchical.SameThreadHierarchicalTestExecutorService.submit(SameThreadHierarchicalTestExecutorService.java:32)
	at org.junit.platform.engine.support.hierarchical.HierarchicalTestExecutor.execute(HierarchicalTestExecutor.java:57)
	at org.junit.platform.engine.support.hierarchical.HierarchicalTestEngine.execute(HierarchicalTestEngine.java:51)
	at org.junit.platform.launcher.core.DefaultLauncher.execute(DefaultLauncher.java:220)
	at org.junit.platform.launcher.core.DefaultLauncher.lambda$execute$6(DefaultLauncher.java:188)
	at org.junit.platform.launcher.core.DefaultLauncher.withInterceptedStreams(DefaultLauncher.java:202)
	at org.junit.platform.launcher.core.DefaultLauncher.execute(DefaultLauncher.java:181)
	at org.junit.platform.launcher.core.DefaultLauncher.execute(DefaultLauncher.java:128)
	at org.apache.maven.surefire.junitplatform.JUnitPlatformProvider.invokeAllTests(JUnitPlatformProvider.java:150)
	at org.apache.maven.surefire.junitplatform.JUnitPlatformProvider.invoke(JUnitPlatformProvider.java:120)
	at org.apache.maven.surefire.booter.ForkedBooter.invokeProviderInSameClassLoader(ForkedBooter.java:384)
	at org.apache.maven.surefire.booter.ForkedBooter.runSuitesInProcess(ForkedBooter.java:345)
	at org.apache.maven.surefire.booter.ForkedBooter.execute(ForkedBooter.java:126)
	at org.apache.maven.surefire.booter.ForkedBooter.main(ForkedBooter.java:418)
Caused by: java.io.EOFException
	at org.apache.commons.io.IOExceptionListTestCase.__CLR4_4_1657rzzasz(IOExceptionListTestCase.java:56)
	... 66 more
[[1;34mINFO[m] [1;32mTests run: [0;1;32m3[m, Failures: 0, Errors: 0, Skipped: 0, Time elapsed: 0.068 s - in org.apache.commons.io.[1mIOExceptionListTestCase[m
[[1;34mINFO[m] Running org.apache.commons.io.[1mCharsetsTestCase[m
[[1;34mINFO[m] [1;32mTests run: [0;1;32m8[m, Failures: 0, Errors: 0, Skipped: 0, Time elapsed: 0.07 s - in org.apache.commons.io.[1mCharsetsTestCase[m
[[1;34mINFO[m] Running org.apache.commons.io.[1mFileUtilsWaitForTestCase[m
[[1;34mINFO[m] [1;32mTests run: [0;1;32m2[m, Failures: 0, Errors: 0, Skipped: 0, Time elapsed: 4.072 s - in org.apache.commons.io.[1mFileUtilsWaitForTestCase[m
[[1;34mINFO[m] Running org.apache.commons.io.[1mDirectoryWalkerTestCaseJava4[m
[[1;34mINFO[m] [1;32mTests run: [0;1;32m14[m, Failures: 0, Errors: 0, Skipped: 0, Time elapsed: 0.105 s - in org.apache.commons.io.[1mDirectoryWalkerTestCaseJava4[m
[[1;34mINFO[m] Running org.apache.commons.io.[1mIOUtilsWriteTestCase[m
[[1;34mINFO[m] [1;32mTests run: [0;1;32m53[m, Failures: 0, Errors: 0, Skipped: 0, Time elapsed: 0.17 s - in org.apache.commons.io.[1mIOUtilsWriteTestCase[m
[[1;34mINFO[m] Running org.apache.commons.io.[1mFileUtilsTestCase[m
[[1;33mWARNING[m] [1;33mTests [0;1mrun: [0;1m142[m, Failures: 0, Errors: 0, [1;33mSkipped: [0;1;33m1[m, Time elapsed: 2.511 s - in org.apache.commons.io.[1mFileUtilsTestCase[m
[[1;34mINFO[m] Running org.apache.commons.io.[1mDemuxTestCase[m
[[1;34mINFO[m] [1;32mTests run: [0;1;32m2[m, Failures: 0, Errors: 0, Skipped: 0, Time elapsed: 0.256 s - in org.apache.commons.io.[1mDemuxTestCase[m
[[1;34mINFO[m] Running org.apache.commons.io.[1mIOCaseTestCase[m
[[1;34mINFO[m] [1;32mTests run: [0;1;32m17[m, Failures: 0, Errors: 0, Skipped: 0, Time elapsed: 0.102 s - in org.apache.commons.io.[1mIOCaseTestCase[m
[[1;34mINFO[m] Running org.apache.commons.io.filefilter.[1mOrFileFilterTestCase[m
[[1;34mINFO[m] [1;32mTests run: [0;1;32m5[m, Failures: 0, Errors: 0, Skipped: 0, Time elapsed: 0.066 s - in org.apache.commons.io.filefilter.[1mOrFileFilterTestCase[m
[[1;34mINFO[m] Running org.apache.commons.io.filefilter.[1mRegexFileFilterTestCase[m
[[1;34mINFO[m] [1;32mTests run: [0;1;32m1[m, Failures: 0, Errors: 0, Skipped: 0, Time elapsed: 0.054 s - in org.apache.commons.io.filefilter.[1mRegexFileFilterTestCase[m
[[1;34mINFO[m] Running org.apache.commons.io.filefilter.[1mAndFileFilterTestCase[m
[[1;34mINFO[m] [1;32mTests run: [0;1;32m5[m, Failures: 0, Errors: 0, Skipped: 0, Time elapsed: 0.066 s - in org.apache.commons.io.filefilter.[1mAndFileFilterTestCase[m
[[1;34mINFO[m] Running org.apache.commons.io.filefilter.[1mFileFilterTestCase[m
[[1;33mWARNING[m] [1;33mTests [0;1mrun: [0;1m48[m, Failures: 0, Errors: 0, [1;33mSkipped: [0;1;33m1[m, Time elapsed: 2.219 s - in org.apache.commons.io.filefilter.[1mFileFilterTestCase[m
[[1;34mINFO[m] Running org.apache.commons.io.[1mByteOrderMarkTestCase[m
[[1;34mINFO[m] [1;32mTests run: [0;1;32m9[m, Failures: 0, Errors: 0, Skipped: 0, Time elapsed: 0.072 s - in org.apache.commons.io.[1mByteOrderMarkTestCase[m
[[1;34mINFO[m] Running org.apache.commons.io.monitor.[1mFileAlterationObserverTestCase[m
[[1;34mINFO[m] [1;32mTests run: [0;1;32m7[m, Failures: 0, Errors: 0, Skipped: 0, Time elapsed: 4.668 s - in org.apache.commons.io.monitor.[1mFileAlterationObserverTestCase[m
[[1;34mINFO[m] Running org.apache.commons.io.monitor.[1mFileAlterationMonitorTestCase[m
[[1;34mINFO[m] [1;32mTests run: [0;1;32m5[m, Failures: 0, Errors: 0, Skipped: 0, Time elapsed: 0.648 s - in org.apache.commons.io.monitor.[1mFileAlterationMonitorTestCase[m
[[1;34mINFO[m] Running org.apache.commons.io.file.[1mCountersTest[m
[[1;34mINFO[m] [1;32mTests run: [0;1;32m8[m, Failures: 0, Errors: 0, Skipped: 0, Time elapsed: 0.129 s - in org.apache.commons.io.file.[1mCountersTest[m
[[1;34mINFO[m] Running org.apache.commons.io.file.[1mPathUtilsCleanDirectoryTest[m
[[1;34mINFO[m] [1;32mTests run: [0;1;32m4[m, Failures: 0, Errors: 0, Skipped: 0, Time elapsed: 0.08 s - in org.apache.commons.io.file.[1mPathUtilsCleanDirectoryTest[m
[[1;34mINFO[m] Running org.apache.commons.io.file.[1mDeletingPathVisitorTest[m
[[1;34mINFO[m] [1;32mTests run: [0;1;32m12[m, Failures: 0, Errors: 0, Skipped: 0, Time elapsed: 0.159 s - in org.apache.commons.io.file.[1mDeletingPathVisitorTest[m
[[1;34mINFO[m] Running org.apache.commons.io.file.[1mCleaningPathVisitorTest[m
[[1;34mINFO[m] [1;32mTests run: [0;1;32m12[m, Failures: 0, Errors: 0, Skipped: 0, Time elapsed: 0.165 s - in org.apache.commons.io.file.[1mCleaningPathVisitorTest[m
[[1;34mINFO[m] Running org.apache.commons.io.file.[1mPathUtilsTest[m
[[1;34mINFO[m] [1;32mTests run: [0;1;32m1[m, Failures: 0, Errors: 0, Skipped: 0, Time elapsed: 0.077 s - in org.apache.commons.io.file.[1mPathUtilsTest[m
[[1;34mINFO[m] Running org.apache.commons.io.file.[1mCountersEqualsAndHashCodeTest[m
[[1;34mINFO[m] [1;32mTests run: [0;1;32m10[m, Failures: 0, Errors: 0, Skipped: 0, Time elapsed: 0.067 s - in org.apache.commons.io.file.[1mCountersEqualsAndHashCodeTest[m
[[1;34mINFO[m] Running org.apache.commons.io.file.[1mPathUtilsCountingTest[m
[[1;34mINFO[m] [1;32mTests run: [0;1;32m4[m, Failures: 0, Errors: 0, Skipped: 0, Time elapsed: 0.071 s - in org.apache.commons.io.file.[1mPathUtilsCountingTest[m
[[1;34mINFO[m] Running org.apache.commons.io.file.[1mCountingPathVisitorTest[m
[[1;34mINFO[m] [1;32mTests run: [0;1;32m10[m, Failures: 0, Errors: 0, Skipped: 0, Time elapsed: 0.143 s - in org.apache.commons.io.file.[1mCountingPathVisitorTest[m
[[1;34mINFO[m] Running org.apache.commons.io.file.[1mPathUtilsContentEqualsTest[m
[[1;34mINFO[m] [1;32mTests run: [0;1;32m3[m, Failures: 0, Errors: 0, Skipped: 0, Time elapsed: 0.114 s - in org.apache.commons.io.file.[1mPathUtilsContentEqualsTest[m
[[1;34mINFO[m] Running org.apache.commons.io.file.[1mPathUtilsDeleteFileTest[m
[[1;34mINFO[m] [1;32mTests run: [0;1;32m4[m, Failures: 0, Errors: 0, Skipped: 0, Time elapsed: 0.071 s - in org.apache.commons.io.file.[1mPathUtilsDeleteFileTest[m
[[1;34mINFO[m] Running org.apache.commons.io.file.[1mPathUtilsDeleteTest[m
[[1;34mINFO[m] [1;32mTests run: [0;1;32m4[m, Failures: 0, Errors: 0, Skipped: 0, Time elapsed: 0.085 s - in org.apache.commons.io.file.[1mPathUtilsDeleteTest[m
[[1;34mINFO[m] Running org.apache.commons.io.file.[1mPathUtilsIsEmptyTest[m
[[1;34mINFO[m] [1;32mTests run: [0;1;32m3[m, Failures: 0, Errors: 0, Skipped: 0, Time elapsed: 0.067 s - in org.apache.commons.io.file.[1mPathUtilsIsEmptyTest[m
[[1;34mINFO[m] Running org.apache.commons.io.file.[1mCopyDirectoryVisitorTest[m
[[1;34mINFO[m] [1;32mTests run: [0;1;32m8[m, Failures: 0, Errors: 0, Skipped: 0, Time elapsed: 0.16 s - in org.apache.commons.io.file.[1mCopyDirectoryVisitorTest[m
[[1;34mINFO[m] Running org.apache.commons.io.file.[1mPathUtilsDeleteDirectoryTest[m
[[1;34mINFO[m] [1;32mTests run: [0;1;32m4[m, Failures: 0, Errors: 0, Skipped: 0, Time elapsed: 0.089 s - in org.apache.commons.io.file.[1mPathUtilsDeleteDirectoryTest[m
[[1;34mINFO[m] Running org.apache.commons.io.[1mIOIndexedExceptionTestCase[m
[[1;34mINFO[m] [1;32mTests run: [0;1;32m2[m, Failures: 0, Errors: 0, Skipped: 0, Time elapsed: 0.055 s - in org.apache.commons.io.[1mIOIndexedExceptionTestCase[m
[[1;34mINFO[m] Running org.apache.commons.io.[1mIOUtilsTestCase[m
[[1;34mINFO[m] [1;32mTests run: [0;1;32m113[m, Failures: 0, Errors: 0, Skipped: 0, Time elapsed: 0.351 s - in org.apache.commons.io.[1mIOUtilsTestCase[m
[[1;34mINFO[m] Running org.apache.commons.io.[1mFileCleaningTrackerTestCase[m
[[1;34mINFO[m] [1;32mTests run: [0;1;32m9[m, Failures: 0, Errors: 0, Skipped: 0, Time elapsed: 4.21 s - in org.apache.commons.io.[1mFileCleaningTrackerTestCase[m
[[1;34mINFO[m] Running org.apache.commons.io.[1mFileDeleteStrategyTestCase[m
[[1;34mINFO[m] [1;32mTests run: [0;1;32m5[m, Failures: 0, Errors: 0, Skipped: 0, Time elapsed: 0.089 s - in org.apache.commons.io.[1mFileDeleteStrategyTestCase[m
[[1;34mINFO[m] Running org.apache.commons.io.function.[1mIOFunctionTest[m
[[1;34mINFO[m] [1;32mTests run: [0;1;32m11[m, Failures: 0, Errors: 0, Skipped: 0, Time elapsed: 0.083 s - in org.apache.commons.io.function.[1mIOFunctionTest[m
[[1;34mINFO[m] Running org.apache.commons.io.[1mFileSystemUtilsTestCase[m
[[1;34mINFO[m] [1;32mTests run: [0;1;32m30[m, Failures: 0, Errors: 0, Skipped: 0, Time elapsed: 0.124 s - in org.apache.commons.io.[1mFileSystemUtilsTestCase[m
[[1;34mINFO[m] Running org.apache.commons.io.[1mIOExceptionWithCauseTestCase[m
[[1;34mINFO[m] [1;32mTests run: [0;1;32m2[m, Failures: 0, Errors: 0, Skipped: 0, Time elapsed: 0.05 s - in org.apache.commons.io.[1mIOExceptionWithCauseTestCase[m
[[1;34mINFO[m] Running org.apache.commons.io.[1mFileCleanerTestCase[m
[[1;34mINFO[m] [1;32mTests run: [0;1;32m9[m, Failures: 0, Errors: 0, Skipped: 0, Time elapsed: 4.207 s - in org.apache.commons.io.[1mFileCleanerTestCase[m
[[1;34mINFO[m] Running org.apache.commons.io.comparator.[1mLastModifiedFileComparatorTest[m
[[1;34mINFO[m] [1;32mTests run: [0;1;32m7[m, Failures: 0, Errors: 0, Skipped: 0, Time elapsed: 4.338 s - in org.apache.commons.io.comparator.[1mLastModifiedFileComparatorTest[m
[[1;34mINFO[m] Running org.apache.commons.io.comparator.[1mCompositeFileComparatorTest[m
[[1;34mINFO[m] [1;32mTests run: [0;1;32m10[m, Failures: 0, Errors: 0, Skipped: 0, Time elapsed: 0.103 s - in org.apache.commons.io.comparator.[1mCompositeFileComparatorTest[m
[[1;34mINFO[m] Running org.apache.commons.io.comparator.[1mSizeFileComparatorTest[m
[[1;34mINFO[m] [1;32mTests run: [0;1;32m9[m, Failures: 0, Errors: 0, Skipped: 0, Time elapsed: 0.107 s - in org.apache.commons.io.comparator.[1mSizeFileComparatorTest[m
[[1;34mINFO[m] Running org.apache.commons.io.comparator.[1mPathFileComparatorTest[m
[[1;34mINFO[m] [1;32mTests run: [0;1;32m8[m, Failures: 0, Errors: 0, Skipped: 0, Time elapsed: 0.081 s - in org.apache.commons.io.comparator.[1mPathFileComparatorTest[m
[[1;34mINFO[m] Running org.apache.commons.io.comparator.[1mDefaultFileComparatorTest[m
[[1;34mINFO[m] [1;32mTests run: [0;1;32m7[m, Failures: 0, Errors: 0, Skipped: 0, Time elapsed: 0.078 s - in org.apache.commons.io.comparator.[1mDefaultFileComparatorTest[m
[[1;34mINFO[m] Running org.apache.commons.io.comparator.[1mDirectoryFileComparatorTest[m
[[1;34mINFO[m] [1;32mTests run: [0;1;32m6[m, Failures: 0, Errors: 0, Skipped: 0, Time elapsed: 0.076 s - in org.apache.commons.io.comparator.[1mDirectoryFileComparatorTest[m
[[1;34mINFO[m] Running org.apache.commons.io.comparator.[1mNameFileComparatorTest[m
[[1;34mINFO[m] [1;32mTests run: [0;1;32m8[m, Failures: 0, Errors: 0, Skipped: 0, Time elapsed: 0.081 s - in org.apache.commons.io.comparator.[1mNameFileComparatorTest[m
[[1;34mINFO[m] Running org.apache.commons.io.comparator.[1mExtensionFileComparatorTest[m
[[1;34mINFO[m] [1;32mTests run: [0;1;32m8[m, Failures: 0, Errors: 0, Skipped: 0, Time elapsed: 0.084 s - in org.apache.commons.io.comparator.[1mExtensionFileComparatorTest[m
[[1;34mINFO[m] Running org.apache.commons.io.[1mFileUtilsCopyToFileTestCase[m
[[1;34mINFO[m] [1;32mTests run: [0;1;32m2[m, Failures: 0, Errors: 0, Skipped: 0, Time elapsed: 0.083 s - in org.apache.commons.io.[1mFileUtilsCopyToFileTestCase[m
[[1;34mINFO[m] Running org.apache.commons.io.[1mFileUtilsListFilesTestCase[m
[[1;34mINFO[m] [1;32mTests run: [0;1;32m3[m, Failures: 0, Errors: 0, Skipped: 0, Time elapsed: 0.088 s - in org.apache.commons.io.[1mFileUtilsListFilesTestCase[m
[[1;34mINFO[m] Running org.apache.commons.io.[1mTaggedIOExceptionTest[m
[[1;34mINFO[m] [1;32mTests run: [0;1;32m1[m, Failures: 0, Errors: 0, Skipped: 0, Time elapsed: 0.062 s - in org.apache.commons.io.[1mTaggedIOExceptionTest[m
[[1;34mINFO[m] Running org.apache.commons.io.input.[1mCharSequenceInputStreamTest[m
[[1;33mWARNING[m] [1;33mTests [0;1mrun: [0;1m30[m, Failures: 0, Errors: 0, [1;33mSkipped: [0;1;33m2[m, Time elapsed: 0.366 s - in org.apache.commons.io.input.[1mCharSequenceInputStreamTest[m
[[1;34mINFO[m] Running org.apache.commons.io.input.[1mXmlStreamReaderTest[m
[[1;34mINFO[m] [1;32mTests run: [0;1;32m20[m, Failures: 0, Errors: 0, Skipped: 0, Time elapsed: 0.445 s - in org.apache.commons.io.input.[1mXmlStreamReaderTest[m
[[1;34mINFO[m] Running org.apache.commons.io.input.[1mCharacterSetFilterReaderTest[m
[[1;34mINFO[m] [1;32mTests run: [0;1;32m10[m, Failures: 0, Errors: 0, Skipped: 0, Time elapsed: 0.076 s - in org.apache.commons.io.input.[1mCharacterSetFilterReaderTest[m
[[1;34mINFO[m] Running org.apache.commons.io.input.[1mCloseShieldReaderTest[m
[[1;34mINFO[m] [1;32mTests run: [0;1;32m1[m, Failures: 0, Errors: 0, Skipped: 0, Time elapsed: 0.445 s - in org.apache.commons.io.input.[1mCloseShieldReaderTest[m
[[1;34mINFO[m] Running org.apache.commons.io.input.[1mInfiniteCircularInputStreamTest[m
[[1;34mINFO[m] [1;32mTests run: [0;1;32m7[m, Failures: 0, Errors: 0, Skipped: 0, Time elapsed: 0.067 s - in org.apache.commons.io.input.[1mInfiniteCircularInputStreamTest[m
[[1;34mINFO[m] Running org.apache.commons.io.input.[1mClosedReaderTest[m
[[1;34mINFO[m] [1;32mTests run: [0;1;32m1[m, Failures: 0, Errors: 0, Skipped: 0, Time elapsed: 0.049 s - in org.apache.commons.io.input.[1mClosedReaderTest[m
[[1;34mINFO[m] Running org.apache.commons.io.input.[1mWindowsLineEndingInputStreamTest[m
[[1;34mINFO[m] [1;32mTests run: [0;1;32m7[m, Failures: 0, Errors: 0, Skipped: 0, Time elapsed: 0.063 s - in org.apache.commons.io.input.[1mWindowsLineEndingInputStreamTest[m
[[1;34mINFO[m] Running org.apache.commons.io.input.[1mBoundedInputStreamTest[m
[[1;34mINFO[m] [1;32mTests run: [0;1;32m2[m, Failures: 0, Errors: 0, Skipped: 0, Time elapsed: 0.059 s - in org.apache.commons.io.input.[1mBoundedInputStreamTest[m
[[1;34mINFO[m] Running org.apache.commons.io.input.[1mTeeInputStreamTest[m
[[1;34mINFO[m] [1;32mTests run: [0;1;32m9[m, Failures: 0, Errors: 0, Skipped: 0, Time elapsed: 0.481 s - in org.apache.commons.io.input.[1mTeeInputStreamTest[m
[[1;34mINFO[m] Running org.apache.commons.io.input.[1mBoundedReaderTest[m
[[1;34mINFO[m] [1;32mTests run: [0;1;32m16[m, Failures: 0, Errors: 0, Skipped: 0, Time elapsed: 0.108 s - in org.apache.commons.io.input.[1mBoundedReaderTest[m
[[1;34mINFO[m] Running org.apache.commons.io.input.[1mAutoCloseInputStreamTest[m
[[1;34mINFO[m] [1;32mTests run: [0;1;32m4[m, Failures: 0, Errors: 0, Skipped: 0, Time elapsed: 0.064 s - in org.apache.commons.io.input.[1mAutoCloseInputStreamTest[m
[[1;34mINFO[m] Running org.apache.commons.io.input.[1mSequenceReaderTest[m
[[1;34mINFO[m] [1;32mTests run: [0;1;32m12[m, Failures: 0, Errors: 0, Skipped: 0, Time elapsed: 0.069 s - in org.apache.commons.io.input.[1mSequenceReaderTest[m
[[1;34mINFO[m] Running org.apache.commons.io.input.[1mSwappedDataInputStreamTest[m
[[1;34mINFO[m] [1;32mTests run: [0;1;32m14[m, Failures: 0, Errors: 0, Skipped: 0, Time elapsed: 0.088 s - in org.apache.commons.io.input.[1mSwappedDataInputStreamTest[m
[[1;34mINFO[m] Running org.apache.commons.io.input.[1mBrokenReaderTest[m
[[1;34mINFO[m] [1;32mTests run: [0;1;32m6[m, Failures: 0, Errors: 0, Skipped: 0, Time elapsed: 0.064 s - in org.apache.commons.io.input.[1mBrokenReaderTest[m
[[1;34mINFO[m] Running org.apache.commons.io.input.[1mTeeReaderTest[m
[[1;34mINFO[m] [1;32mTests run: [0;1;32m10[m, Failures: 0, Errors: 0, Skipped: 0, Time elapsed: 0.463 s - in org.apache.commons.io.input.[1mTeeReaderTest[m
[[1;34mINFO[m] Running org.apache.commons.io.input.[1mBOMInputStreamTest[m
[[1;33mWARNING[m] [1;33mTests [0;1mrun: [0;1m44[m, Failures: 0, Errors: 0, [1;33mSkipped: [0;1;33m1[m, Time elapsed: 0.207 s - in org.apache.commons.io.input.[1mBOMInputStreamTest[m
[[1;34mINFO[m] Running org.apache.commons.io.input.[1mTailerTest[m
[[1;34mINFO[m] [1;32mTests run: [0;1;32m10[m, Failures: 0, Errors: 0, Skipped: 0, Time elapsed: 10.359 s - in org.apache.commons.io.input.[1mTailerTest[m
[[1;34mINFO[m] Running org.apache.commons.io.input.[1mCharSequenceReaderTest[m
[[1;34mINFO[m] [1;32mTests run: [0;1;32m11[m, Failures: 0, Errors: 0, Skipped: 0, Time elapsed: 0.077 s - in org.apache.commons.io.input.[1mCharSequenceReaderTest[m
[[1;34mINFO[m] Running org.apache.commons.io.input.[1mNullReaderTest[m
[[1;34mINFO[m] [1;32mTests run: [0;1;32m6[m, Failures: 0, Errors: 0, Skipped: 0, Time elapsed: 0.064 s - in org.apache.commons.io.input.[1mNullReaderTest[m
[[1;34mINFO[m] Running org.apache.commons.io.input.[1mCountingInputStreamTest[m
[[1;34mINFO[m] [1;32mTests run: [0;1;32m10[m, Failures: 0, Errors: 0, Skipped: 0, Time elapsed: 0.201 s - in org.apache.commons.io.input.[1mCountingInputStreamTest[m
[[1;34mINFO[m] Running org.apache.commons.io.input.[1mNullInputStreamTest[m
[[1;34mINFO[m] [1;32mTests run: [0;1;32m6[m, Failures: 0, Errors: 0, Skipped: 0, Time elapsed: 0.06 s - in org.apache.commons.io.input.[1mNullInputStreamTest[m
[[1;34mINFO[m] Running org.apache.commons.io.input.[1mCharacterFilterReaderTest[m
[[1;34mINFO[m] [1;32mTests run: [0;1;32m7[m, Failures: 0, Errors: 0, Skipped: 0, Time elapsed: 0.065 s - in org.apache.commons.io.input.[1mCharacterFilterReaderTest[m
[[1;34mINFO[m] Running org.apache.commons.io.input.compatibility.[1mXmlStreamReaderUtilitiesCompatibilityTest[m
[[1;34mINFO[m] [1;32mTests run: [0;1;32m11[m, Failures: 0, Errors: 0, Skipped: 0, Time elapsed: 0.094 s - in org.apache.commons.io.input.compatibility.[1mXmlStreamReaderUtilitiesCompatibilityTest[m
[[1;34mINFO[m] Running org.apache.commons.io.input.[1mCircularInputStreamTest[m
[[1;34mINFO[m] [1;32mTests run: [0;1;32m8[m, Failures: 0, Errors: 0, Skipped: 0, Time elapsed: 0.065 s - in org.apache.commons.io.input.[1mCircularInputStreamTest[m
[[1;34mINFO[m] Running org.apache.commons.io.input.[1mReaderInputStreamTest[m
[[1;34mINFO[m] [1;32mTests run: [0;1;32m8[m, Failures: 0, Errors: 0, Skipped: 0, Time elapsed: 0.074 s - in org.apache.commons.io.input.[1mReaderInputStreamTest[m
[[1;34mINFO[m] Running org.apache.commons.io.input.[1mReversedLinesFileReaderTestParamBlockSize[m
[[1;34mINFO[m] [1;32mTests run: [0;1;32m81[m, Failures: 0, Errors: 0, Skipped: 0, Time elapsed: 0.538 s - in org.apache.commons.io.input.[1mReversedLinesFileReaderTestParamBlockSize[m
[[1;34mINFO[m] Running org.apache.commons.io.input.[1mUnsynchronizedByteArrayInputStreamTest[m
[[1;34mINFO[m] [1;32mTests run: [0;1;32m16[m, Failures: 0, Errors: 0, Skipped: 0, Time elapsed: 0.089 s - in org.apache.commons.io.input.[1mUnsynchronizedByteArrayInputStreamTest[m
[[1;34mINFO[m] Running org.apache.commons.io.input.[1mCloseShieldInputStreamTest[m
[[1;34mINFO[m] [1;32mTests run: [0;1;32m1[m, Failures: 0, Errors: 0, Skipped: 0, Time elapsed: 0.064 s - in org.apache.commons.io.input.[1mCloseShieldInputStreamTest[m
[[1;34mINFO[m] Running org.apache.commons.io.input.[1mReversedLinesFileReaderTestSimple[m
[[1;34mINFO[m] [1;32mTests run: [0;1;32m3[m, Failures: 0, Errors: 0, Skipped: 0, Time elapsed: 0.09 s - in org.apache.commons.io.input.[1mReversedLinesFileReaderTestSimple[m
[[1;34mINFO[m] Running org.apache.commons.io.input.[1mClassLoaderObjectInputStreamTest[m
[[1;34mINFO[m] [1;32mTests run: [0;1;32m7[m, Failures: 0, Errors: 0, Skipped: 0, Time elapsed: 0.082 s - in org.apache.commons.io.input.[1mClassLoaderObjectInputStreamTest[m
[[1;34mINFO[m] Running org.apache.commons.io.input.buffer.[1mCircularBufferInputStreamTest[m
[[1;34mINFO[m] [1;32mTests run: [0;1;32m1[m, Failures: 0, Errors: 0, Skipped: 0, Time elapsed: 0.057 s - in org.apache.commons.io.input.buffer.[1mCircularBufferInputStreamTest[m
[[1;34mINFO[m] Running org.apache.commons.io.input.[1mTaggedInputStreamTest[m
[[1;34mINFO[m] [1;32mTests run: [0;1;32m4[m, Failures: 0, Errors: 0, Skipped: 0, Time elapsed: 0.072 s - in org.apache.commons.io.input.[1mTaggedInputStreamTest[m
[[1;34mINFO[m] Running org.apache.commons.io.input.[1mProxyReaderTest[m
[[1;34mINFO[m] [1;32mTests run: [0;1;32m2[m, Failures: 0, Errors: 0, Skipped: 0, Time elapsed: 0.057 s - in org.apache.commons.io.input.[1mProxyReaderTest[m
[[1;34mINFO[m] Running org.apache.commons.io.input.[1mBrokenInputStreamTest[m
[[1;34mINFO[m] [1;32mTests run: [0;1;32m5[m, Failures: 0, Errors: 0, Skipped: 0, Time elapsed: 0.059 s - in org.apache.commons.io.input.[1mBrokenInputStreamTest[m
[[1;34mINFO[m] Running org.apache.commons.io.input.[1mClosedInputStreamTest[m
[[1;34mINFO[m] [1;32mTests run: [0;1;32m1[m, Failures: 0, Errors: 0, Skipped: 0, Time elapsed: 0.049 s - in org.apache.commons.io.input.[1mClosedInputStreamTest[m
[[1;34mINFO[m] Running org.apache.commons.io.input.[1mObservableInputStreamTest[m
[[1;34mINFO[m] [1;32mTests run: [0;1;32m2[m, Failures: 0, Errors: 0, Skipped: 0, Time elapsed: 0.077 s - in org.apache.commons.io.input.[1mObservableInputStreamTest[m
[[1;34mINFO[m] Running org.apache.commons.io.input.[1mMessageDigestCalculatingInputStreamTest[m
[[1;34mINFO[m] [1;32mTests run: [0;1;32m1[m, Failures: 0, Errors: 0, Skipped: 0, Time elapsed: 0.065 s - in org.apache.commons.io.input.[1mMessageDigestCalculatingInputStreamTest[m
[[1;34mINFO[m] Running org.apache.commons.io.input.[1mUnixLineEndingInputStreamTest[m
[[1;34mINFO[m] [1;32mTests run: [0;1;32m8[m, Failures: 0, Errors: 0, Skipped: 0, Time elapsed: 0.063 s - in org.apache.commons.io.input.[1mUnixLineEndingInputStreamTest[m
[[1;34mINFO[m] Running org.apache.commons.io.input.[1mXmlStreamReaderUtilitiesTest[m
[[1;34mINFO[m] [1;32mTests run: [0;1;32m11[m, Failures: 0, Errors: 0, Skipped: 0, Time elapsed: 0.109 s - in org.apache.commons.io.input.[1mXmlStreamReaderUtilitiesTest[m
[[1;34mINFO[m] Running org.apache.commons.io.input.[1mTaggedReaderTest[m
[[1;34mINFO[m] [1;32mTests run: [0;1;32m4[m, Failures: 0, Errors: 0, Skipped: 0, Time elapsed: 0.071 s - in org.apache.commons.io.input.[1mTaggedReaderTest[m
[[1;34mINFO[m] Running org.apache.commons.io.input.[1mReversedLinesFileReaderTestParamFile[m
[[1;34mINFO[m] [1;32mTests run: [0;1;32m18[m, Failures: 0, Errors: 0, Skipped: 0, Time elapsed: 0.373 s - in org.apache.commons.io.input.[1mReversedLinesFileReaderTestParamFile[m
[[1;34mINFO[m] Running org.apache.commons.io.[1mFileUtilsDirectoryContainsTestCase[m
[[1;34mINFO[m] [1;32mTests run: [0;1;32m11[m, Failures: 0, Errors: 0, Skipped: 0, Time elapsed: 0.125 s - in org.apache.commons.io.[1mFileUtilsDirectoryContainsTestCase[m
[[1;34mINFO[m] Running org.apache.commons.io.output.[1mThresholdingOutputStreamTest[m
[[1;34mINFO[m] [1;32mTests run: [0;1;32m1[m, Failures: 0, Errors: 0, Skipped: 0, Time elapsed: 0.05 s - in org.apache.commons.io.output.[1mThresholdingOutputStreamTest[m
[[1;34mINFO[m] Running org.apache.commons.io.output.[1mNullAppendableTest[m
[[1;34mINFO[m] [1;32mTests run: [0;1;32m1[m, Failures: 0, Errors: 0, Skipped: 0, Time elapsed: 0.048 s - in org.apache.commons.io.output.[1mNullAppendableTest[m
[[1;34mINFO[m] Running org.apache.commons.io.output.[1mAppendableWriterTest[m
[[1;34mINFO[m] [1;32mTests run: [0;1;32m6[m, Failures: 0, Errors: 0, Skipped: 0, Time elapsed: 0.062 s - in org.apache.commons.io.output.[1mAppendableWriterTest[m
[[1;34mINFO[m] Running org.apache.commons.io.output.[1mCloseShieldWriterTest[m
[[1;34mINFO[m] [1;32mTests run: [0;1;32m1[m, Failures: 0, Errors: 0, Skipped: 0, Time elapsed: 0.408 s - in org.apache.commons.io.output.[1mCloseShieldWriterTest[m
[[1;34mINFO[m] Running org.apache.commons.io.output.[1mWriterOutputStreamTest[m
[[1;34mINFO[m] [1;32mTests run: [0;1;32m12[m, Failures: 0, Errors: 0, Skipped: 0, Time elapsed: 0.091 s - in org.apache.commons.io.output.[1mWriterOutputStreamTest[m
[[1;34mINFO[m] Running org.apache.commons.io.output.[1mClosedOutputStreamTest[m
[[1;34mINFO[m] [1;32mTests run: [0;1;32m2[m, Failures: 0, Errors: 0, Skipped: 0, Time elapsed: 0.05 s - in org.apache.commons.io.output.[1mClosedOutputStreamTest[m
[[1;34mINFO[m] Running org.apache.commons.io.output.[1mProxyCollectionWriterTest[m
[[1;34mINFO[m] [1;32mTests run: [0;1;32m23[m, Failures: 0, Errors: 0, Skipped: 0, Time elapsed: 0.458 s - in org.apache.commons.io.output.[1mProxyCollectionWriterTest[m
[[1;34mINFO[m] Running org.apache.commons.io.output.[1mClosedWriterTest[m
[[1;34mINFO[m] [1;32mTests run: [0;1;32m2[m, Failures: 0, Errors: 0, Skipped: 0, Time elapsed: 0.049 s - in org.apache.commons.io.output.[1mClosedWriterTest[m
[[1;34mINFO[m] Running org.apache.commons.io.output.[1mTeeWriterTest[m
[[1;34mINFO[m] [1;32mTests run: [0;1;32m23[m, Failures: 0, Errors: 0, Skipped: 0, Time elapsed: 0.458 s - in org.apache.commons.io.output.[1mTeeWriterTest[m
[[1;34mINFO[m] Running org.apache.commons.io.output.[1mByteArrayOutputStreamTestCase[m
[[1;34mINFO[m] [1;32mTests run: [0;1;32m30[m, Failures: 0, Errors: 0, Skipped: 0, Time elapsed: 0.184 s - in org.apache.commons.io.output.[1mByteArrayOutputStreamTestCase[m
[[1;34mINFO[m] Running org.apache.commons.io.output.[1mChunkedOutputStreamTest[m
[[1;34mINFO[m] [1;32mTests run: [0;1;32m3[m, Failures: 0, Errors: 0, Skipped: 0, Time elapsed: 0.057 s - in org.apache.commons.io.output.[1mChunkedOutputStreamTest[m
[[1;34mINFO[m] Running org.apache.commons.io.output.[1mAppendableOutputStreamTest[m
[[1;34mINFO[m] [1;32mTests run: [0;1;32m2[m, Failures: 0, Errors: 0, Skipped: 0, Time elapsed: 0.057 s - in org.apache.commons.io.output.[1mAppendableOutputStreamTest[m
[[1;34mINFO[m] Running org.apache.commons.io.output.[1mCountingOutputStreamTest[m
[[1;34mINFO[m] [1;32mTests run: [0;1;32m2[m, Failures: 0, Errors: 0, Skipped: 0, Time elapsed: 0.176 s - in org.apache.commons.io.output.[1mCountingOutputStreamTest[m
[[1;34mINFO[m] Running org.apache.commons.io.output.[1mNullPrintStreamTest[m
[[1;34mINFO[m] [1;32mTests run: [0;1;32m2[m, Failures: 0, Errors: 0, Skipped: 0, Time elapsed: 0.051 s - in org.apache.commons.io.output.[1mNullPrintStreamTest[m
[[1;34mINFO[m] Running org.apache.commons.io.output.[1mCloseShieldOutputStreamTest[m
[[1;34mINFO[m] [1;32mTests run: [0;1;32m1[m, Failures: 0, Errors: 0, Skipped: 0, Time elapsed: 0.055 s - in org.apache.commons.io.output.[1mCloseShieldOutputStreamTest[m
[[1;34mINFO[m] Running org.apache.commons.io.output.[1mFileWriterWithEncodingTest[m
[[1;34mINFO[m] [1;32mTests run: [0;1;32m12[m, Failures: 0, Errors: 0, Skipped: 0, Time elapsed: 0.124 s - in org.apache.commons.io.output.[1mFileWriterWithEncodingTest[m
[[1;34mINFO[m] Running org.apache.commons.io.output.[1mLockableFileWriterTest[m
[[1;34mINFO[m] [1;32mTests run: [0;1;32m7[m, Failures: 0, Errors: 0, Skipped: 0, Time elapsed: 0.105 s - in org.apache.commons.io.output.[1mLockableFileWriterTest[m
[[1;34mINFO[m] Running org.apache.commons.io.output.[1mTaggedOutputStreamTest[m
[[1;34mINFO[m] [1;32mTests run: [0;1;32m3[m, Failures: 0, Errors: 0, Skipped: 0, Time elapsed: 0.071 s - in org.apache.commons.io.output.[1mTaggedOutputStreamTest[m
[[1;34mINFO[m] Running org.apache.commons.io.output.[1mChunkedWriterTest[m
[[1;34mINFO[m] [1;32mTests run: [0;1;32m3[m, Failures: 0, Errors: 0, Skipped: 0, Time elapsed: 0.057 s - in org.apache.commons.io.output.[1mChunkedWriterTest[m
[[1;34mINFO[m] Running org.apache.commons.io.output.[1mDeferredFileOutputStreamTest[m
[[1;34mINFO[m] [1;32mTests run: [0;1;32m118[m, Failures: 0, Errors: 0, Skipped: 0, Time elapsed: 0.375 s - in org.apache.commons.io.output.[1mDeferredFileOutputStreamTest[m
[[1;34mINFO[m] Running org.apache.commons.io.output.[1mNullOutputStreamTest[m
[[1;34mINFO[m] [1;32mTests run: [0;1;32m2[m, Failures: 0, Errors: 0, Skipped: 0, Time elapsed: 0.052 s - in org.apache.commons.io.output.[1mNullOutputStreamTest[m
[[1;34mINFO[m] Running org.apache.commons.io.output.[1mBrokenWriterTest[m
[[1;34mINFO[m] [1;32mTests run: [0;1;32m3[m, Failures: 0, Errors: 0, Skipped: 0, Time elapsed: 0.056 s - in org.apache.commons.io.output.[1mBrokenWriterTest[m
[[1;34mINFO[m] Running org.apache.commons.io.output.[1mXmlStreamWriterTest[m
[[1;34mINFO[m] [1;32mTests run: [0;1;32m13[m, Failures: 0, Errors: 0, Skipped: 0, Time elapsed: 0.11 s - in org.apache.commons.io.output.[1mXmlStreamWriterTest[m
[[1;34mINFO[m] Running org.apache.commons.io.output.[1mTaggedWriterTest[m
[[1;34mINFO[m] [1;32mTests run: [0;1;32m3[m, Failures: 0, Errors: 0, Skipped: 0, Time elapsed: 0.069 s - in org.apache.commons.io.output.[1mTaggedWriterTest[m
[[1;34mINFO[m] Running org.apache.commons.io.output.[1mStringBuilderWriterTest[m
[[1;34mINFO[m] [1;32mTests run: [0;1;32m12[m, Failures: 0, Errors: 0, Skipped: 0, Time elapsed: 0.068 s - in org.apache.commons.io.output.[1mStringBuilderWriterTest[m
[[1;34mINFO[m] Running org.apache.commons.io.output.[1mNullWriterTest[m
[[1;34mINFO[m] [1;32mTests run: [0;1;32m1[m, Failures: 0, Errors: 0, Skipped: 0, Time elapsed: 0.053 s - in org.apache.commons.io.output.[1mNullWriterTest[m
[[1;34mINFO[m] Running org.apache.commons.io.output.[1mBrokenOutputStreamTest[m
[[1;34mINFO[m] [1;32mTests run: [0;1;32m3[m, Failures: 0, Errors: 0, Skipped: 0, Time elapsed: 0.055 s - in org.apache.commons.io.output.[1mBrokenOutputStreamTest[m
[[1;34mINFO[m] Running org.apache.commons.io.output.[1mProxyWriterTest[m
[[1;34mINFO[m] [1;32mTests run: [0;1;32m21[m, Failures: 0, Errors: 0, Skipped: 0, Time elapsed: 0.102 s - in org.apache.commons.io.output.[1mProxyWriterTest[m
[[1;34mINFO[m] Running org.apache.commons.io.output.[1mProxyOutputStreamTest[m
[[1;34mINFO[m] [1;32mTests run: [0;1;32m2[m, Failures: 0, Errors: 0, Skipped: 0, Time elapsed: 0.067 s - in org.apache.commons.io.output.[1mProxyOutputStreamTest[m
[[1;34mINFO[m] Running org.apache.commons.io.output.[1mTeeOutputStreamTest[m
[[1;34mINFO[m] [1;32mTests run: [0;1;32m3[m, Failures: 0, Errors: 0, Skipped: 0, Time elapsed: 0.415 s - in org.apache.commons.io.output.[1mTeeOutputStreamTest[m
[[1;34mINFO[m] Running org.apache.commons.io.[1mFileSystemTestCase[m
[[1;34mINFO[m] [1;32mTests run: [0;1;32m6[m, Failures: 0, Errors: 0, Skipped: 0, Time elapsed: 0.071 s - in org.apache.commons.io.[1mFileSystemTestCase[m
[[1;34mINFO[m] Running org.apache.commons.io.[1mFileUtilsCopyDirectoryToDirectoryTestCase[m
[[1;34mINFO[m] [1;32mTests run: [0;1;32m5[m, Failures: 0, Errors: 0, Skipped: 0, Time elapsed: 0.092 s - in org.apache.commons.io.[1mFileUtilsCopyDirectoryToDirectoryTestCase[m
[[1;34mINFO[m] 
[[1;34mINFO[m] Results:
[[1;34mINFO[m] 
[[1;33mWARNING[m] [1;33mTests run: 1624, Failures: 0, Errors: 0, Skipped: 5[m
[[1;34mINFO[m] 
[[1;34mINFO[m] [1m------------------------------------------------------------------------[m
[[1;34mINFO[m] [1;32mBUILD SUCCESS[m
[[1;34mINFO[m] [1m------------------------------------------------------------------------[m
[[1;34mINFO[m] Total time:  03:05 min
[[1;34mINFO[m] Finished at: 2020-12-28T11:37:03+01:00
[[1;34mINFO[m] [1m------------------------------------------------------------------------[m
Writing HTML report to '/tmp/v2/target/clover/report'
Done. Processed 12 packages in 3030ms (252ms per package).
[INFO] /tmp/v1/src/main/java/org/apache/commons/io/FileUtils.java
[INFO] /tmp/v2/src/main/java/org/apache/commons/io/FileUtils.java
[INFO] org.apache.commons.io.FileUtils:[1397, 1397, 1397, 1405] are modified.
[INFO] org.apache.commons.io.FileUtils:1397 covered.
[INFO] org.apache.commons.io.FileUtils:1405 covered.
[INFO] org.apache.commons.io.FileUtils:[1404, 1404, 1407, 1405] are modified.
[INFO] org.apache.commons.io.FileUtils:1404 covered.
[INFO] org.apache.commons.io.FileUtils:1407 covered.
[INFO] /tmp/v1/src/main/java/org/apache/commons/io/IOUtils.java
[INFO] /tmp/v2/src/main/java/org/apache/commons/io/IOUtils.java
[INFO] org.apache.commons.io.IOUtils:[375, 375, 375] are modified.
[INFO] org.apache.commons.io.IOUtils:375 covered.
[WARNING] Could not match /tmp/v1/src/test/java/org/apache/commons/io/FileUtilsTestCase.java and /tmp/v2/src/test/java/org/apache/commons/io/FileUtilsTestCase.java
[WARNING] Could not match /tmp/v1/src/test/java/org/apache/commons/io/IOUtilsTestCase.java and /tmp/v2/src/test/java/org/apache/commons/io/IOUtilsTestCase.java
[WARNING] Could not match /tmp/v1/src/test/java/org/apache/commons/io/output/NullAppendableTest.java and /tmp/v2/src/test/java/org/apache/commons/io/output/NullAppendableTest.java
[INFO] Saving result in /tmp/v1/testsThatExecuteTheChange.csv ...
[INFO] org.apache.commons.io.FileUtilsTestCase;testCopyFile2WithoutFileDatePreservation;testCopyDirectoryFiltered;testCopyDirectoryToChild;testCopyFile1;testIncorrectOutputSize;testCopyFile2;testCopyDirectoryPreserveDates;testMoveFile_CopyDelete_Failed;testCopyFile1ToDir;testCopyDirectoryToDirectory_NonExistingDest;testCopyToDirectoryWithIterable;testMoveDirectory_CopyDelete;testCopyDirectoryToNonExistingDest;testCopyDirectoryToGrandChild;testMoveFile_CopyDelete;testCopyToDirectoryWithFile;testCopyToSelf;testCopyToDirectoryWithDirectory;testCopyDirectoryToExistingDest;testCopyFile2ToDir
org.apache.commons.io.file.PathUtilsDeleteTest;testDeleteDirectory1FileSize0;testDeleteDirectory1FileSize1
org.apache.commons.io.FileUtilsCopyDirectoryToDirectoryTestCase;copyFileAndCheckAcl
org.apache.commons.io.IOUtilsTestCase;testCloseMulti;testClose
org.apache.commons.io.output.FileWriterWithEncodingTest;constructor_File_encoding_badEncoding;constructor_File_directory
org.apache.commons.io.LineIteratorTestCase;testNextLineOnlyDefaultEncoding;testCloseEarly;testValidEncoding;testThreeLines;testNextOnly;testTwoLines;testZeroLines;testFilteringBufferedReader;testFilteringFileReader;testNextLineOnlyUtf8Encoding;testNextWithException;testOneLines;testNextLineOnlyNullEncoding
[INFO] Writing Coverage in /tmp/v1/testsThatExecuteTheChange_coverage.csv
[INFO] org.apache.commons.io.FileUtils;4;4

[INFO] org.apache.commons.io.IOUtils;1;1

[INFO] total;5;5

[INFO] ------------------------------------------------------------------------
[INFO] BUILD SUCCESS
[INFO] ------------------------------------------------------------------------
[INFO] Total time:  06:24 min
[INFO] Finished at: 2020-12-28T11:37:09+01:00
[INFO] ------------------------------------------------------------------------
