[INFO] Scanning for projects...
[WARNING] 
[WARNING] Some problems were encountered while building the effective model for com.google.code.gson:gson:jar:2.8.9-SNAPSHOT
[WARNING] 'build.plugins.plugin.version' for org.apache.maven.plugins:maven-jar-plugin is missing. @ com.google.code.gson:gson:[unknown-version], /tmp/v1/gson/pom.xml, line 52, column 15
[WARNING] 'build.plugins.plugin.version' for com.github.wvengen:proguard-maven-plugin is missing. @ com.google.code.gson:gson:[unknown-version], /tmp/v1/gson/pom.xml, line 104, column 15
[WARNING] 
[WARNING] It is highly recommended to fix these problems because they threaten the stability of your build.
[WARNING] 
[WARNING] For this reason, future Maven versions might no longer support building such malformed projects.
[WARNING] 
[INFO] 
[INFO] ---------------------< com.google.code.gson:gson >----------------------
[INFO] Building Gson 2.8.9-SNAPSHOT
[INFO] --------------------------------[ jar ]---------------------------------
[INFO] 
[INFO] --- maven-clean-plugin:2.5:clean (default-clean) @ gson ---
[INFO] Deleting /tmp/v1/gson/target
[INFO] 
[INFO] --- diff-jjoules:0.0.1-SNAPSHOT:diff-jjoules (default-cli) @ gson ---
[INFO] Running on:
[INFO] /tmp/v1/gson
[INFO] /tmp/v2/gson/
[INFO] Enable JUnit4 mode
[WARNING] No path to diff file has been specified.
[WARNING] I'll compute a diff file using the UNIX diff command
[WARNING] You may encounter troubles.
[WARNING] If so, please specify a path to a correct diff file
[WARNING] or implement a new way to compute a diff file.
[INFO] Computing the diff with diff commnd line
[INFO] The diff will be computed between:
[INFO] /tmp/v1/gson/src and 
[INFO] /tmp/v2/gson/src
[INFO] Executing: diff -ru /tmp/v1/gson/src /tmp/v2/gson/src from /tmp/v1/gson/src
[INFO] Run DiffJJoules - Configuration{pathToFirstVersion='/tmp/v1/gson', pathToSecondVersion='/tmp/v2/gson/', pathToTestListAsCSV='/tmp/v1/gson/testsThatExecuteTheChange.csv', junit4=true, iterations=5, output='/tmp/v1/gson/diff-jjoules', pathToJSONDelta='deltas.json', pathToJSONDataV1='data_v1.json', pathToJSONDataV2='data_v2.json', diff='diff -ru /tmp/v1/gson/src/main/java/com/google/gson/internal/bind/JsonTreeReader.java /tmp/v2/gson/src/main/java/com/google/gson/internal/bind/JsonTreeReader.java
--- /tmp/v1/gson/src/main/java/com/google/gson/internal/bind/JsonTreeReader.java	2021-09-24 14:01:31.985446068 +0200
+++ /tmp/v2/gson/src/main/java/com/google/gson/internal/bind/JsonTreeReader.java	2021-09-24 14:01:31.989446057 +0200
@@ -250,8 +250,14 @@
   }
 
   JsonElement nextJsonElement() throws IOException {
-    if (peek() == JsonToken.NAME) {
-      throw new IllegalStateException("Can't turn a name into a JsonElement");
+    final JsonToken peeked = peek();
+    if (
+      peeked == JsonToken.NAME
+      || peeked == JsonToken.END_ARRAY
+      || peeked == JsonToken.END_OBJECT
+      || peeked == JsonToken.END_DOCUMENT
+    ) {
+      throw new IllegalStateException("Unexpected " + peeked + " when reading a JsonElement.");
     }
     final JsonElement element = (JsonElement) peekStack();
     skipValue();
diff -ru /tmp/v1/gson/src/test/java/com/google/gson/internal/bind/JsonElementReaderTest.java /tmp/v2/gson/src/test/java/com/google/gson/internal/bind/JsonElementReaderTest.java
--- /tmp/v1/gson/src/test/java/com/google/gson/internal/bind/JsonElementReaderTest.java	2021-09-24 14:01:31.985446068 +0200
+++ /tmp/v2/gson/src/test/java/com/google/gson/internal/bind/JsonElementReaderTest.java	2021-09-24 13:30:29.009718868 +0200
@@ -18,6 +18,7 @@
 
 import com.google.gson.JsonElement;
 import com.google.gson.JsonParser;
+import com.google.gson.JsonPrimitive;
 import com.google.gson.stream.JsonToken;
 import java.io.IOException;
 import junit.framework.TestCase;
@@ -298,6 +299,41 @@
     reader.endArray();
   }
 
+  public void testNextJsonElement() throws IOException {
+    final JsonElement element = JsonParser.parseString("{\"A\": 1, \"B\" : {}, \"C\" : []}");
+    JsonTreeReader reader = new JsonTreeReader(element);
+    reader.beginObject();
+    try {
+      reader.nextJsonElement();
+      fail();
+    } catch (IllegalStateException expected) {
+    }
+    reader.nextName();
+    assertEquals(reader.nextJsonElement(), new JsonPrimitive(1));
+    reader.nextName();
+    reader.beginObject();
+    try {
+      reader.nextJsonElement();
+      fail();
+    } catch (IllegalStateException expected) {
+    }
+    reader.endObject();
+    reader.nextName();
+    reader.beginArray();
+    try {
+      reader.nextJsonElement();
+      fail();
+    } catch (IllegalStateException expected) {
+    }
+    reader.endArray();
+    reader.endObject();
+    try {
+      reader.nextJsonElement();
+      fail();
+    } catch (IllegalStateException expected) {
+    }
+  }
+
   public void testEarlyClose() throws IOException {
     JsonElement element = JsonParser.parseString("[1, 2, 3]");
     JsonTreeReader reader = new JsonTreeReader(element);
', pathToJSONDeltaOmega='deltaOmega.json', pathToRepositoryV1='/tmp/v1', pathToRepositoryV2='/tmp/v2', pathToJSONConsideredTestMethodNames='consideredTestMethods.json', pathToExecLinesAdditions='exec_additions.json', pathToExecLinesDeletions='exec_deletions.json', pathToJSONSuspiciousV1='suspicious_v1.json', pathToJSONSuspiciousV2='suspicious_v2.json', pathToReport='.github/workflows/template.md', classpathV1=[/home/spino/.m2/repository/junit/junit/4.13.2/junit-4.13.2.jar, /home/spino/.m2/repository/org/hamcrest/hamcrest-core/1.3/hamcrest-core-1.3.jar, /home/spino/.m2/repository/com/github/wvengen/proguard-maven-plugin/2.4.0/proguard-maven-plugin-2.4.0.jar, /home/spino/.m2/repository/org/apache/ant/ant/1.10.9/ant-1.10.9.jar, /home/spino/.m2/repository/org/apache/ant/ant-launcher/1.10.9/ant-launcher-1.10.9.jar, /home/spino/.m2/repository/org/apache/maven/maven-archiver/2.4/maven-archiver-2.4.jar, /home/spino/.m2/repository/org/apache/maven/maven-artifact/2.0/maven-artifact-2.0.jar, /home/spino/.m2/repository/org/apache/maven/maven-model/2.0/maven-model-2.0.jar, /home/spino/.m2/repository/org/apache/maven/maven-project/2.0/maven-project-2.0.jar, /home/spino/.m2/repository/org/apache/maven/maven-profile/2.0/maven-profile-2.0.jar, /home/spino/.m2/repository/org/apache/maven/maven-artifact-manager/2.0/maven-artifact-manager-2.0.jar, /home/spino/.m2/repository/org/apache/maven/maven-repository-metadata/2.0/maven-repository-metadata-2.0.jar, /home/spino/.m2/repository/org/apache/maven/wagon/wagon-provider-api/1.0-alpha-5/wagon-provider-api-1.0-alpha-5.jar, /home/spino/.m2/repository/org/codehaus/plexus/plexus-container-default/1.0-alpha-8/plexus-container-default-1.0-alpha-8.jar, /home/spino/.m2/repository/classworlds/classworlds/1.1-alpha-2/classworlds-1.1-alpha-2.jar, /home/spino/.m2/repository/org/codehaus/plexus/plexus-archiver/1.0-alpha-11/plexus-archiver-1.0-alpha-11.jar, /home/spino/.m2/repository/org/codehaus/plexus/plexus-component-api/1.0-alpha-15/plexus-component-api-1.0-alpha-15.jar, /home/spino/.m2/repository/org/codehaus/plexus/plexus-io/1.0-alpha-3/plexus-io-1.0-alpha-3.jar, /home/spino/.m2/repository/org/codehaus/plexus/plexus-utils/1.4.9/plexus-utils-1.4.9.jar, /home/spino/.m2/repository/org/codehaus/plexus/plexus-interpolation/1.6/plexus-interpolation-1.6.jar, /home/spino/.m2/repository/commons-io/commons-io/2.7/commons-io-2.7.jar, /home/spino/.m2/repository/org/apache/maven/maven-plugin-api/3.1.1/maven-plugin-api-3.1.1.jar, /home/spino/.m2/repository/org/eclipse/sisu/org.eclipse.sisu.plexus/0.0.0.M5/org.eclipse.sisu.plexus-0.0.0.M5.jar, /home/spino/.m2/repository/javax/enterprise/cdi-api/1.0/cdi-api-1.0.jar, /home/spino/.m2/repository/javax/annotation/jsr250-api/1.0/jsr250-api-1.0.jar, /home/spino/.m2/repository/javax/inject/javax.inject/1/javax.inject-1.jar, /home/spino/.m2/repository/com/google/guava/guava/10.0.1/guava-10.0.1.jar, /home/spino/.m2/repository/com/google/code/findbugs/jsr305/1.3.9/jsr305-1.3.9.jar, /home/spino/.m2/repository/org/sonatype/sisu/sisu-guice/3.1.0/sisu-guice-3.1.0-no_aop.jar, /home/spino/.m2/repository/aopalliance/aopalliance/1.0/aopalliance-1.0.jar, /home/spino/.m2/repository/org/eclipse/sisu/org.eclipse.sisu.inject/0.0.0.M5/org.eclipse.sisu.inject-0.0.0.M5.jar, /home/spino/.m2/repository/org/codehaus/plexus/plexus-component-annotations/1.5.5/plexus-component-annotations-1.5.5.jar, /home/spino/.m2/repository/org/codehaus/plexus/plexus-classworlds/2.4/plexus-classworlds-2.4.jar], classpathV2=[/home/spino/.m2/repository/junit/junit/4.13.2/junit-4.13.2.jar, /home/spino/.m2/repository/org/hamcrest/hamcrest-core/1.3/hamcrest-core-1.3.jar, /home/spino/.m2/repository/com/github/wvengen/proguard-maven-plugin/2.4.0/proguard-maven-plugin-2.4.0.jar, /home/spino/.m2/repository/org/apache/ant/ant/1.10.9/ant-1.10.9.jar, /home/spino/.m2/repository/org/apache/ant/ant-launcher/1.10.9/ant-launcher-1.10.9.jar, /home/spino/.m2/repository/org/apache/maven/maven-archiver/2.4/maven-archiver-2.4.jar, /home/spino/.m2/repository/org/apache/maven/maven-artifact/2.0/maven-artifact-2.0.jar, /home/spino/.m2/repository/org/apache/maven/maven-model/2.0/maven-model-2.0.jar, /home/spino/.m2/repository/org/apache/maven/maven-project/2.0/maven-project-2.0.jar, /home/spino/.m2/repository/org/apache/maven/maven-profile/2.0/maven-profile-2.0.jar, /home/spino/.m2/repository/org/apache/maven/maven-artifact-manager/2.0/maven-artifact-manager-2.0.jar, /home/spino/.m2/repository/org/apache/maven/maven-repository-metadata/2.0/maven-repository-metadata-2.0.jar, /home/spino/.m2/repository/org/apache/maven/wagon/wagon-provider-api/1.0-alpha-5/wagon-provider-api-1.0-alpha-5.jar, /home/spino/.m2/repository/org/codehaus/plexus/plexus-container-default/1.0-alpha-8/plexus-container-default-1.0-alpha-8.jar, /home/spino/.m2/repository/classworlds/classworlds/1.1-alpha-2/classworlds-1.1-alpha-2.jar, /home/spino/.m2/repository/org/codehaus/plexus/plexus-archiver/1.0-alpha-11/plexus-archiver-1.0-alpha-11.jar, /home/spino/.m2/repository/org/codehaus/plexus/plexus-component-api/1.0-alpha-15/plexus-component-api-1.0-alpha-15.jar, /home/spino/.m2/repository/org/codehaus/plexus/plexus-io/1.0-alpha-3/plexus-io-1.0-alpha-3.jar, /home/spino/.m2/repository/org/codehaus/plexus/plexus-utils/1.4.9/plexus-utils-1.4.9.jar, /home/spino/.m2/repository/org/codehaus/plexus/plexus-interpolation/1.6/plexus-interpolation-1.6.jar, /home/spino/.m2/repository/commons-io/commons-io/2.7/commons-io-2.7.jar, /home/spino/.m2/repository/org/apache/maven/maven-plugin-api/3.1.1/maven-plugin-api-3.1.1.jar, /home/spino/.m2/repository/org/eclipse/sisu/org.eclipse.sisu.plexus/0.0.0.M5/org.eclipse.sisu.plexus-0.0.0.M5.jar, /home/spino/.m2/repository/javax/enterprise/cdi-api/1.0/cdi-api-1.0.jar, /home/spino/.m2/repository/javax/annotation/jsr250-api/1.0/jsr250-api-1.0.jar, /home/spino/.m2/repository/javax/inject/javax.inject/1/javax.inject-1.jar, /home/spino/.m2/repository/com/google/guava/guava/10.0.1/guava-10.0.1.jar, /home/spino/.m2/repository/com/google/code/findbugs/jsr305/1.3.9/jsr305-1.3.9.jar, /home/spino/.m2/repository/org/sonatype/sisu/sisu-guice/3.1.0/sisu-guice-3.1.0-no_aop.jar, /home/spino/.m2/repository/aopalliance/aopalliance/1.0/aopalliance-1.0.jar, /home/spino/.m2/repository/org/eclipse/sisu/org.eclipse.sisu.inject/0.0.0.M5/org.eclipse.sisu.inject-0.0.0.M5.jar, /home/spino/.m2/repository/org/codehaus/plexus/plexus-component-annotations/1.5.5/plexus-component-annotations-1.5.5.jar, /home/spino/.m2/repository/org/codehaus/plexus/plexus-classworlds/2.4/plexus-classworlds-2.4.jar], classpathV1AsString='/home/spino/.m2/repository/junit/junit/4.13.2/junit-4.13.2.jar:/home/spino/.m2/repository/org/hamcrest/hamcrest-core/1.3/hamcrest-core-1.3.jar:/home/spino/.m2/repository/com/github/wvengen/proguard-maven-plugin/2.4.0/proguard-maven-plugin-2.4.0.jar:/home/spino/.m2/repository/org/apache/ant/ant/1.10.9/ant-1.10.9.jar:/home/spino/.m2/repository/org/apache/ant/ant-launcher/1.10.9/ant-launcher-1.10.9.jar:/home/spino/.m2/repository/org/apache/maven/maven-archiver/2.4/maven-archiver-2.4.jar:/home/spino/.m2/repository/org/apache/maven/maven-artifact/2.0/maven-artifact-2.0.jar:/home/spino/.m2/repository/org/apache/maven/maven-model/2.0/maven-model-2.0.jar:/home/spino/.m2/repository/org/apache/maven/maven-project/2.0/maven-project-2.0.jar:/home/spino/.m2/repository/org/apache/maven/maven-profile/2.0/maven-profile-2.0.jar:/home/spino/.m2/repository/org/apache/maven/maven-artifact-manager/2.0/maven-artifact-manager-2.0.jar:/home/spino/.m2/repository/org/apache/maven/maven-repository-metadata/2.0/maven-repository-metadata-2.0.jar:/home/spino/.m2/repository/org/apache/maven/wagon/wagon-provider-api/1.0-alpha-5/wagon-provider-api-1.0-alpha-5.jar:/home/spino/.m2/repository/org/codehaus/plexus/plexus-container-default/1.0-alpha-8/plexus-container-default-1.0-alpha-8.jar:/home/spino/.m2/repository/classworlds/classworlds/1.1-alpha-2/classworlds-1.1-alpha-2.jar:/home/spino/.m2/repository/org/codehaus/plexus/plexus-archiver/1.0-alpha-11/plexus-archiver-1.0-alpha-11.jar:/home/spino/.m2/repository/org/codehaus/plexus/plexus-component-api/1.0-alpha-15/plexus-component-api-1.0-alpha-15.jar:/home/spino/.m2/repository/org/codehaus/plexus/plexus-io/1.0-alpha-3/plexus-io-1.0-alpha-3.jar:/home/spino/.m2/repository/org/codehaus/plexus/plexus-utils/1.4.9/plexus-utils-1.4.9.jar:/home/spino/.m2/repository/org/codehaus/plexus/plexus-interpolation/1.6/plexus-interpolation-1.6.jar:/home/spino/.m2/repository/commons-io/commons-io/2.7/commons-io-2.7.jar:/home/spino/.m2/repository/org/apache/maven/maven-plugin-api/3.1.1/maven-plugin-api-3.1.1.jar:/home/spino/.m2/repository/org/eclipse/sisu/org.eclipse.sisu.plexus/0.0.0.M5/org.eclipse.sisu.plexus-0.0.0.M5.jar:/home/spino/.m2/repository/javax/enterprise/cdi-api/1.0/cdi-api-1.0.jar:/home/spino/.m2/repository/javax/annotation/jsr250-api/1.0/jsr250-api-1.0.jar:/home/spino/.m2/repository/javax/inject/javax.inject/1/javax.inject-1.jar:/home/spino/.m2/repository/com/google/guava/guava/10.0.1/guava-10.0.1.jar:/home/spino/.m2/repository/com/google/code/findbugs/jsr305/1.3.9/jsr305-1.3.9.jar:/home/spino/.m2/repository/org/sonatype/sisu/sisu-guice/3.1.0/sisu-guice-3.1.0-no_aop.jar:/home/spino/.m2/repository/aopalliance/aopalliance/1.0/aopalliance-1.0.jar:/home/spino/.m2/repository/org/eclipse/sisu/org.eclipse.sisu.inject/0.0.0.M5/org.eclipse.sisu.inject-0.0.0.M5.jar:/home/spino/.m2/repository/org/codehaus/plexus/plexus-component-annotations/1.5.5/plexus-component-annotations-1.5.5.jar:/home/spino/.m2/repository/org/codehaus/plexus/plexus-classworlds/2.4/plexus-classworlds-2.4.jar', classpathV2AsString='/home/spino/.m2/repository/junit/junit/4.13.2/junit-4.13.2.jar:/home/spino/.m2/repository/org/hamcrest/hamcrest-core/1.3/hamcrest-core-1.3.jar:/home/spino/.m2/repository/com/github/wvengen/proguard-maven-plugin/2.4.0/proguard-maven-plugin-2.4.0.jar:/home/spino/.m2/repository/org/apache/ant/ant/1.10.9/ant-1.10.9.jar:/home/spino/.m2/repository/org/apache/ant/ant-launcher/1.10.9/ant-launcher-1.10.9.jar:/home/spino/.m2/repository/org/apache/maven/maven-archiver/2.4/maven-archiver-2.4.jar:/home/spino/.m2/repository/org/apache/maven/maven-artifact/2.0/maven-artifact-2.0.jar:/home/spino/.m2/repository/org/apache/maven/maven-model/2.0/maven-model-2.0.jar:/home/spino/.m2/repository/org/apache/maven/maven-project/2.0/maven-project-2.0.jar:/home/spino/.m2/repository/org/apache/maven/maven-profile/2.0/maven-profile-2.0.jar:/home/spino/.m2/repository/org/apache/maven/maven-artifact-manager/2.0/maven-artifact-manager-2.0.jar:/home/spino/.m2/repository/org/apache/maven/maven-repository-metadata/2.0/maven-repository-metadata-2.0.jar:/home/spino/.m2/repository/org/apache/maven/wagon/wagon-provider-api/1.0-alpha-5/wagon-provider-api-1.0-alpha-5.jar:/home/spino/.m2/repository/org/codehaus/plexus/plexus-container-default/1.0-alpha-8/plexus-container-default-1.0-alpha-8.jar:/home/spino/.m2/repository/classworlds/classworlds/1.1-alpha-2/classworlds-1.1-alpha-2.jar:/home/spino/.m2/repository/org/codehaus/plexus/plexus-archiver/1.0-alpha-11/plexus-archiver-1.0-alpha-11.jar:/home/spino/.m2/repository/org/codehaus/plexus/plexus-component-api/1.0-alpha-15/plexus-component-api-1.0-alpha-15.jar:/home/spino/.m2/repository/org/codehaus/plexus/plexus-io/1.0-alpha-3/plexus-io-1.0-alpha-3.jar:/home/spino/.m2/repository/org/codehaus/plexus/plexus-utils/1.4.9/plexus-utils-1.4.9.jar:/home/spino/.m2/repository/org/codehaus/plexus/plexus-interpolation/1.6/plexus-interpolation-1.6.jar:/home/spino/.m2/repository/commons-io/commons-io/2.7/commons-io-2.7.jar:/home/spino/.m2/repository/org/apache/maven/maven-plugin-api/3.1.1/maven-plugin-api-3.1.1.jar:/home/spino/.m2/repository/org/eclipse/sisu/org.eclipse.sisu.plexus/0.0.0.M5/org.eclipse.sisu.plexus-0.0.0.M5.jar:/home/spino/.m2/repository/javax/enterprise/cdi-api/1.0/cdi-api-1.0.jar:/home/spino/.m2/repository/javax/annotation/jsr250-api/1.0/jsr250-api-1.0.jar:/home/spino/.m2/repository/javax/inject/javax.inject/1/javax.inject-1.jar:/home/spino/.m2/repository/com/google/guava/guava/10.0.1/guava-10.0.1.jar:/home/spino/.m2/repository/com/google/code/findbugs/jsr305/1.3.9/jsr305-1.3.9.jar:/home/spino/.m2/repository/org/sonatype/sisu/sisu-guice/3.1.0/sisu-guice-3.1.0-no_aop.jar:/home/spino/.m2/repository/aopalliance/aopalliance/1.0/aopalliance-1.0.jar:/home/spino/.m2/repository/org/eclipse/sisu/org.eclipse.sisu.inject/0.0.0.M5/org.eclipse.sisu.inject-0.0.0.M5.jar:/home/spino/.m2/repository/org/codehaus/plexus/plexus-component-annotations/1.5.5/plexus-component-annotations-1.5.5.jar:/home/spino/.m2/repository/org/codehaus/plexus/plexus-classworlds/2.4/plexus-classworlds-2.4.jar', testsList=null, dataV1=null, dataV2=null, deltas=null, consideredTestsNames=null, execLinesAdditions=null, execLinesDeletions=null, deltaOmega=null, scorePerLineV1=null, scorePerLineV2=null, ownConsumptionReports={}, reportEnum=NONE}
[INFO] mvn -f /tmp/v1/gson clean test -DskipTests dependency:build-classpath --quiet -Dcobertura.skip=true -Dlicense.skip=true -Dfindbugs.skip=true -Danimal.sniffer.skip=true -Djacoco.skip=true -Dcheckstyle.skip=true -Dproguard.skip=true -Dmdep.outputFile=classpath -DskipITs=true -Drat.skip=true -Denforcer.skip=true -Dgpg.skip=true
[WARN] Maven will be executed in interactive mode, but no input stream has been configured for this MavenInvoker instance.
WARNING: An illegal reflective access operation has occurred
WARNING: Illegal reflective access by com.google.inject.internal.cglib.core.$ReflectUtils$1 (file:/usr/share/maven/lib/guice.jar) to method java.lang.ClassLoader.defineClass(java.lang.String,byte[],int,int,java.security.ProtectionDomain)
WARNING: Please consider reporting this to the maintainers of com.google.inject.internal.cglib.core.$ReflectUtils$1
WARNING: Use --illegal-access=warn to enable warnings of further illegal reflective access operations
WARNING: All illegal access operations will be denied in a future release
[INFO] mvn -f /tmp/v2/gson/ clean test -DskipTests dependency:build-classpath --quiet -Dcobertura.skip=true -Dlicense.skip=true -Dfindbugs.skip=true -Danimal.sniffer.skip=true -Djacoco.skip=true -Dcheckstyle.skip=true -Dproguard.skip=true -Dmdep.outputFile=classpath -DskipITs=true -Drat.skip=true -Denforcer.skip=true -Dgpg.skip=true
[WARN] Maven will be executed in interactive mode, but no input stream has been configured for this MavenInvoker instance.
WARNING: An illegal reflective access operation has occurred
WARNING: Illegal reflective access by com.google.inject.internal.cglib.core.$ReflectUtils$1 (file:/usr/share/maven/lib/guice.jar) to method java.lang.ClassLoader.defineClass(java.lang.String,byte[],int,int,java.security.ProtectionDomain)
WARNING: Please consider reporting this to the maintainers of com.google.inject.internal.cglib.core.$ReflectUtils$1
WARNING: Use --illegal-access=warn to enable warnings of further illegal reflective access operations
WARNING: All illegal access operations will be denied in a future release
[INFO] mvn -f /tmp/v1/gson clean eu.stamp-project:dspot-diff-test-selection:3.1.1-SNAPSHOT:list -Dcobertura.skip=true -Dlicense.skip=true -Dfindbugs.skip=true -Danimal.sniffer.skip=true -Djacoco.skip=true -Dcheckstyle.skip=true -Dproguard.skip=true -Dpath-dir-second-version=/tmp/v2/gson/ -DskipITs=true -Drat.skip=true -Denforcer.skip=true -Dgpg.skip=true
[WARN] Maven will be executed in interactive mode, but no input stream has been configured for this MavenInvoker instance.
WARNING: An illegal reflective access operation has occurred
WARNING: Illegal reflective access by com.google.inject.internal.cglib.core.$ReflectUtils$1 (file:/usr/share/maven/lib/guice.jar) to method java.lang.ClassLoader.defineClass(java.lang.String,byte[],int,int,java.security.ProtectionDomain)
WARNING: Please consider reporting this to the maintainers of com.google.inject.internal.cglib.core.$ReflectUtils$1
WARNING: Use --illegal-access=warn to enable warnings of further illegal reflective access operations
WARNING: All illegal access operations will be denied in a future release
[[1;34mINFO[m] Scanning for projects...
[[1;33mWARNING[m] 
[[1;33mWARNING[m] Some problems were encountered while building the effective model for com.google.code.gson:gson:jar:2.8.9-SNAPSHOT
[[1;33mWARNING[m] 'build.plugins.plugin.version' for org.apache.maven.plugins:maven-jar-plugin is missing. @ com.google.code.gson:gson:[unknown-version], /tmp/v1/gson/pom.xml, line 52, column 15
[[1;33mWARNING[m] 'build.plugins.plugin.version' for com.github.wvengen:proguard-maven-plugin is missing. @ com.google.code.gson:gson:[unknown-version], /tmp/v1/gson/pom.xml, line 104, column 15
[[1;33mWARNING[m] 
[[1;33mWARNING[m] It is highly recommended to fix these problems because they threaten the stability of your build.
[[1;33mWARNING[m] 
[[1;33mWARNING[m] For this reason, future Maven versions might no longer support building such malformed projects.
[[1;33mWARNING[m] 
[[1;34mINFO[m] 
[[1;34mINFO[m] [1m---------------------< [0;36mcom.google.code.gson:gson[0;1m >----------------------[m
[[1;34mINFO[m] [1mBuilding Gson 2.8.9-SNAPSHOT[m
[[1;34mINFO[m] [1m--------------------------------[ jar ]---------------------------------[m
[[1;34mINFO[m] 
[[1;34mINFO[m] [1m--- [0;32mmaven-clean-plugin:2.5:clean[m [1m(default-clean)[m @ [36mgson[0;1m ---[m
[[1;34mINFO[m] Deleting /tmp/v1/gson/target
[[1;34mINFO[m] 
[[1;34mINFO[m] [1m--- [0;32mdspot-diff-test-selection:3.1.1-SNAPSHOT:list[m [1m(default-cli)[m @ [36mgson[0;1m ---[m
[[1;34mINFO[m] Running on:
[[1;34mINFO[m] /tmp/v1/gson
[[1;33mWARNING[m] No path to diff file has been specified.
[[1;33mWARNING[m] I'll compute a diff file using the UNIX diff command
[[1;33mWARNING[m] You may encounter troubles.
[[1;33mWARNING[m] If so, please specify a path to a correct diff file
[[1;33mWARNING[m] or implement a new way to compute a diff file.
[[1;34mINFO[m] Computing the diff with diff commnd line
[[1;34mINFO[m] The diff will be computed between:
[[1;34mINFO[m] /tmp/v1/gson/src and 
[[1;34mINFO[m] /tmp/v2/gson/src
[[1;34mINFO[m] Executing: diff -ru /tmp/v1/gson/src /tmp/v2/gson/src from /tmp/v1/gson/src
[[1;34mINFO[m] Running in enhanced mode...
[[1;34mINFO[m] Computing coverage for /tmp/v1/gson
[WARN] Maven will be executed in interactive mode, but no input stream has been configured for this MavenInvoker instance.
WARNING: An illegal reflective access operation has occurred
WARNING: Illegal reflective access by com.google.inject.internal.cglib.core.$ReflectUtils$1 (file:/usr/share/maven/lib/guice.jar) to method java.lang.ClassLoader.defineClass(java.lang.String,byte[],int,int,java.security.ProtectionDomain)
WARNING: Please consider reporting this to the maintainers of com.google.inject.internal.cglib.core.$ReflectUtils$1
WARNING: Use --illegal-access=warn to enable warnings of further illegal reflective access operations
WARNING: All illegal access operations will be denied in a future release
[[1;34mINFO[m] Scanning for projects...
[[1;33mWARNING[m] 
[[1;33mWARNING[m] Some problems were encountered while building the effective model for com.google.code.gson:gson:jar:2.8.9-SNAPSHOT
[[1;33mWARNING[m] 'build.plugins.plugin.version' for org.apache.maven.plugins:maven-jar-plugin is missing. @ com.google.code.gson:gson:[unknown-version], /tmp/v1/gson/pom.xml, line 52, column 15
[[1;33mWARNING[m] 'build.plugins.plugin.version' for com.github.wvengen:proguard-maven-plugin is missing. @ com.google.code.gson:gson:[unknown-version], /tmp/v1/gson/pom.xml, line 104, column 15
[[1;33mWARNING[m] 
[[1;33mWARNING[m] It is highly recommended to fix these problems because they threaten the stability of your build.
[[1;33mWARNING[m] 
[[1;33mWARNING[m] For this reason, future Maven versions might no longer support building such malformed projects.
[[1;33mWARNING[m] 
[[1;34mINFO[m] 
[[1;34mINFO[m] [1m---------------------< [0;36mcom.google.code.gson:gson[0;1m >----------------------[m
[[1;34mINFO[m] [1mBuilding Gson 2.8.9-SNAPSHOT[m
[[1;34mINFO[m] [1m--------------------------------[ jar ]---------------------------------[m
[[1;34mINFO[m] 
[[1;34mINFO[m] [1m--- [0;32mmaven-clean-plugin:2.5:clean[m [1m(default-clean)[m @ [36mgson[0;1m ---[m
[[1;34mINFO[m] 
[[1;34mINFO[m] [1m--- [0;32mclover-maven-plugin:4.4.1:setup[m [1m(default-cli)[m @ [36mgson[0;1m ---[m
[[1;34mINFO[m] OpenClover Version 4.4.1, built on October 11 2019 (build-1020)
[[1;34mINFO[m] Creating new database at '/tmp/v1/gson/target/clover/clover.db'.
[[1;34mINFO[m] Processing files at 1.9 source level.
[[1;34mINFO[m] Clover all over. Instrumented 74 files (9 packages).
[[1;34mINFO[m] OpenClover Version 4.4.1, built on October 11 2019 (build-1020)
[[1;34mINFO[m] Updating existing database at '/tmp/v1/gson/target/clover/clover.db'.
[[1;34mINFO[m] Processing files at 1.9 source level.
[[1;34mINFO[m] Clover all over. Instrumented 106 files (12 packages).
[[1;34mINFO[m] 1059 test methods detected.
[[1;34mINFO[m] 
[[1;34mINFO[m] [1m--- [0;32mmaven-enforcer-plugin:1.0:enforce[m [1m(enforce-maven)[m @ [36mgson[0;1m ---[m
[[1;34mINFO[m] Skipping Rule Enforcement.
[[1;34mINFO[m] 
[[1;34mINFO[m] [1m--- [0;32mtemplating-maven-plugin:1.0.0:filter-sources[m [1m(filtering-java-templates)[m @ [36mgson[0;1m ---[m
[[1;34mINFO[m] Coping files with filtering to temporary directory.
[[1;34mINFO[m] Using 'UTF-8' encoding to copy filtered resources.
[[1;34mINFO[m] Copying 1 resource
[[1;34mINFO[m] Copied 1 files to output directory: /tmp/v1/gson/target/generated-sources/java-templates
[[1;34mINFO[m] Source directory: /tmp/v1/gson/target/generated-sources/java-templates added.
[[1;34mINFO[m] 
[[1;34mINFO[m] [1m--- [0;32mmaven-resources-plugin:3.2.0:resources[m [1m(default-resources)[m @ [36mgson[0;1m ---[m
[[1;34mINFO[m] Using 'UTF-8' encoding to copy filtered resources.
[[1;34mINFO[m] Using 'UTF-8' encoding to copy filtered properties files.
[[1;34mINFO[m] skip non existing resourceDirectory /tmp/v1/gson/src/main/resources
[[1;34mINFO[m] Copying 1 resource
[[1;34mINFO[m] 
[[1;34mINFO[m] [1m--- [0;32mmaven-compiler-plugin:3.8.1:compile[m [1m(default-compile)[m @ [36mgson[0;1m ---[m
[[1;34mINFO[m] Changes detected - recompiling the module!
[[1;34mINFO[m] Compiling 75 source files to /tmp/v1/gson/target/classes
[[1;34mINFO[m] /tmp/v1/gson/target/clover/src-instrumented/com/google/gson/JsonPrimitive.java: Some input files use or override a deprecated API.
[[1;34mINFO[m] /tmp/v1/gson/target/clover/src-instrumented/com/google/gson/JsonPrimitive.java: Recompile with -Xlint:deprecation for details.
[[1;34mINFO[m] 
[[1;34mINFO[m] [1m--- [0;32mmaven-compiler-plugin:3.8.1:compile[m [1m(base-compile)[m @ [36mgson[0;1m ---[m
[[1;34mINFO[m] Changes detected - recompiling the module!
[[1;34mINFO[m] Compiling 75 source files to /tmp/v1/gson/target/classes
[[1;34mINFO[m] /tmp/v1/gson/target/clover/src-instrumented/com/google/gson/JsonPrimitive.java: Some input files use or override a deprecated API.
[[1;34mINFO[m] /tmp/v1/gson/target/clover/src-instrumented/com/google/gson/JsonPrimitive.java: Recompile with -Xlint:deprecation for details.
[[1;34mINFO[m] 
[[1;34mINFO[m] [1m--- [0;32mbnd-maven-plugin:5.3.0:bnd-process[m [1m(default)[m @ [36mgson[0;1m ---[m
[[1;33mWARNING[m] /tmp/v1/gson/bnd.bnd [0:0]: Export com.google.gson,  has 1,  private references [com.google.gson.internal]
[[1;34mINFO[m] 
[[1;34mINFO[m] [1m--- [0;32mmaven-resources-plugin:3.2.0:testResources[m [1m(default-testResources)[m @ [36mgson[0;1m ---[m
[[1;34mINFO[m] Using 'UTF-8' encoding to copy filtered resources.
[[1;34mINFO[m] Using 'UTF-8' encoding to copy filtered properties files.
[[1;34mINFO[m] Copying 1 resource
[[1;34mINFO[m] 
[[1;34mINFO[m] [1m--- [0;32mmaven-compiler-plugin:3.8.1:testCompile[m [1m(default-testCompile)[m @ [36mgson[0;1m ---[m
[[1;34mINFO[m] Changes detected - recompiling the module!
[[1;34mINFO[m] Compiling 106 source files to /tmp/v1/gson/target/test-classes
[[1;34mINFO[m] /tmp/v1/gson/target/clover/src-test-instrumented/com/google/gson/functional/DefaultTypeAdaptersTest.java: Some input files use or override a deprecated API.
[[1;34mINFO[m] /tmp/v1/gson/target/clover/src-test-instrumented/com/google/gson/functional/DefaultTypeAdaptersTest.java: Recompile with -Xlint:deprecation for details.
[[1;34mINFO[m] /tmp/v1/gson/target/clover/src-test-instrumented/com/google/gson/functional/MapTest.java: Some input files use unchecked or unsafe operations.
[[1;34mINFO[m] /tmp/v1/gson/target/clover/src-test-instrumented/com/google/gson/functional/MapTest.java: Recompile with -Xlint:unchecked for details.
[[1;34mINFO[m] 
[[1;34mINFO[m] [1m--- [0;32mcopy-rename-maven-plugin:1.0.1:rename[m [1m(pre-obfuscate-class)[m @ [36mgson[0;1m ---[m
[[1;34mINFO[m] Renamed /tmp/v1/gson/target/test-classes/com/google/gson/functional/EnumWithObfuscatedTest.class to /tmp/v1/gson/target/test-classes-obfuscated-injar/com/google/gson/functional/EnumWithObfuscatedTest.class
[[1;34mINFO[m] Renamed /tmp/v1/gson/target/test-classes/com/google/gson/functional/EnumWithObfuscatedTest$Gender.class to /tmp/v1/gson/target/test-classes-obfuscated-injar/com/google/gson/functional/EnumWithObfuscatedTest$Gender.class
[[1;34mINFO[m] 
[[1;34mINFO[m] [1m--- [0;32mproguard-maven-plugin:2.4.0:proguard[m [1m(default)[m @ [36mgson[0;1m ---[m
[[1;34mINFO[m] Bypass ProGuard processing because "proguard.skip=true"
[[1;34mINFO[m] 
[[1;34mINFO[m] [1m--- [0;32mmaven-resources-plugin:3.2.0:copy-resources[m [1m(post-obfuscate-class)[m @ [36mgson[0;1m ---[m
[[1;34mINFO[m] Using 'UTF-8' encoding to copy filtered resources.
[[1;34mINFO[m] Using 'UTF-8' encoding to copy filtered properties files.
[[1;34mINFO[m] skip non existing resourceDirectory /tmp/v1/gson/target/test-classes-obfuscated-outjar/com/google/gson/functional
[[1;34mINFO[m] 
[[1;34mINFO[m] [1m--- [0;32mmaven-surefire-plugin:2.12.4:test[m [1m(default-test)[m @ [36mgson[0;1m ---[m
[[1;34mINFO[m] Surefire report directory: /tmp/v1/gson/target/surefire-reports

-------------------------------------------------------
 T E S T S
-------------------------------------------------------
Running com.google.gson.InnerClassExclusionStrategyTest
Tests run: 4, Failures: 0, Errors: 0, Skipped: 0, Time elapsed: 0.224 sec
Running com.google.gson.GsonTypeAdapterTest
Tests run: 5, Failures: 0, Errors: 0, Skipped: 0, Time elapsed: 0.24 sec
Running com.google.gson.internal.sql.SqlTypesSupportTest
Tests run: 1, Failures: 0, Errors: 0, Skipped: 0, Time elapsed: 0.012 sec
Running com.google.gson.internal.sql.SqlTypesGsonTest
Tests run: 9, Failures: 0, Errors: 0, Skipped: 0, Time elapsed: 0.189 sec
Running com.google.gson.internal.LinkedHashTreeMapTest
Tests run: 15, Failures: 0, Errors: 0, Skipped: 0, Time elapsed: 0.154 sec
Running com.google.gson.internal.GsonBuildConfigTest
Tests run: 1, Failures: 0, Errors: 0, Skipped: 0, Time elapsed: 0.082 sec
Running com.google.gson.internal.LazilyParsedNumberTest
Tests run: 2, Failures: 0, Errors: 0, Skipped: 0, Time elapsed: 0.01 sec
Running com.google.gson.internal.reflect.UnsafeReflectionAccessorTest
Tests run: 2, Failures: 0, Errors: 0, Skipped: 0, Time elapsed: 0.091 sec
Running com.google.gson.internal.UnsafeAllocatorInstantiationTest
Tests run: 3, Failures: 0, Errors: 0, Skipped: 0, Time elapsed: 0.016 sec
Running com.google.gson.internal.GsonTypesTest
Tests run: 2, Failures: 0, Errors: 0, Skipped: 0, Time elapsed: 0.015 sec
Running com.google.gson.internal.JavaVersionTest
Tests run: 7, Failures: 0, Errors: 0, Skipped: 0, Time elapsed: 0.032 sec
Running com.google.gson.internal.bind.DefaultDateTypeAdapterTest
Tests run: 11, Failures: 0, Errors: 0, Skipped: 0, Time elapsed: 0.392 sec
Running com.google.gson.internal.bind.util.ISO8601UtilsTest
Tests run: 7, Failures: 0, Errors: 0, Skipped: 0, Time elapsed: 0.051 sec
Running com.google.gson.internal.bind.RecursiveTypesResolveTest
Tests run: 9, Failures: 0, Errors: 0, Skipped: 0, Time elapsed: 0.11 sec
Running com.google.gson.internal.bind.JsonTreeWriterTest
Tests run: 17, Failures: 0, Errors: 0, Skipped: 0, Time elapsed: 0.094 sec
Running com.google.gson.internal.bind.JsonElementReaderTest
Tests run: 17, Failures: 0, Errors: 0, Skipped: 0, Time elapsed: 0.082 sec
Running com.google.gson.internal.bind.JsonTreeReaderTest
Tests run: 2, Failures: 0, Errors: 0, Skipped: 0, Time elapsed: 0.009 sec
Running com.google.gson.internal.LinkedTreeMapTest
Tests run: 11, Failures: 0, Errors: 0, Skipped: 0, Time elapsed: 0.078 sec
Running com.google.gson.ParameterizedTypeTest
Tests run: 2, Failures: 0, Errors: 0, Skipped: 0, Time elapsed: 0.012 sec
Running com.google.gson.GsonBuilderTest
Tests run: 4, Failures: 0, Errors: 0, Skipped: 0, Time elapsed: 0.028 sec
Running com.google.gson.reflect.TypeTokenTest
Tests run: 6, Failures: 0, Errors: 0, Skipped: 0, Time elapsed: 0.031 sec
Running com.google.gson.DefaultInetAddressTypeAdapterTest
Tests run: 1, Failures: 0, Errors: 0, Skipped: 0, Time elapsed: 0.016 sec
Running com.google.gson.ExposeAnnotationExclusionStrategyTest
Tests run: 6, Failures: 0, Errors: 0, Skipped: 0, Time elapsed: 0.025 sec
Running com.google.gson.FieldAttributesTest
Tests run: 6, Failures: 0, Errors: 0, Skipped: 0, Time elapsed: 0.027 sec
Running com.google.gson.CommentsTest
Tests run: 1, Failures: 0, Errors: 0, Skipped: 0, Time elapsed: 0.003 sec
Running com.google.gson.regression.JsonAdapterNullSafeTest
Tests run: 2, Failures: 0, Errors: 0, Skipped: 0, Time elapsed: 0.021 sec
Running com.google.gson.JsonNullTest
Tests run: 2, Failures: 0, Errors: 0, Skipped: 0, Time elapsed: 0.009 sec
Running com.google.gson.JsonObjectTest
Tests run: 14, Failures: 0, Errors: 0, Skipped: 0, Time elapsed: 0.04 sec
Running com.google.gson.stream.JsonReaderPathTest
Tests run: 20, Failures: 0, Errors: 0, Skipped: 1, Time elapsed: 0.09 sec
Running com.google.gson.stream.JsonWriterTest
Tests run: 39, Failures: 0, Errors: 0, Skipped: 0, Time elapsed: 0.093 sec
Running com.google.gson.stream.JsonReaderTest
Tests run: 120, Failures: 0, Errors: 0, Skipped: 0, Time elapsed: 0.327 sec
Running com.google.gson.metrics.PerformanceTest
Tests run: 1, Failures: 0, Errors: 0, Skipped: 0, Time elapsed: 0.012 sec
Running com.google.gson.MixedStreamTest
Tests run: 12, Failures: 0, Errors: 0, Skipped: 0, Time elapsed: 0.037 sec
Running com.google.gson.DefaultMapJsonSerializerTest
Tests run: 3, Failures: 0, Errors: 0, Skipped: 0, Time elapsed: 0.011 sec
Running com.google.gson.VersionExclusionStrategyTest
Tests run: 3, Failures: 0, Errors: 0, Skipped: 0, Time elapsed: 0.009 sec
Running com.google.gson.functional.InternationalizationTest
Tests run: 4, Failures: 0, Errors: 0, Skipped: 0, Time elapsed: 0.018 sec
Running com.google.gson.functional.JsonAdapterAnnotationOnFieldsTest
Tests run: 10, Failures: 0, Errors: 0, Skipped: 0, Time elapsed: 0.044 sec
Running com.google.gson.functional.SecurityTest
Tests run: 5, Failures: 0, Errors: 0, Skipped: 0, Time elapsed: 0.02 sec
Running com.google.gson.functional.EnumTest
Tests run: 12, Failures: 0, Errors: 0, Skipped: 0, Time elapsed: 0.042 sec
Running com.google.gson.functional.ObjectTest
Tests run: 44, Failures: 0, Errors: 0, Skipped: 0, Time elapsed: 0.138 sec
Running com.google.gson.functional.RuntimeTypeAdapterFactoryFunctionalTest
Tests run: 1, Failures: 0, Errors: 0, Skipped: 0, Time elapsed: 0.016 sec
Running com.google.gson.functional.FieldExclusionTest
Tests run: 3, Failures: 0, Errors: 0, Skipped: 0, Time elapsed: 0.009 sec
Running com.google.gson.functional.ExposeFieldsTest
Tests run: 8, Failures: 0, Errors: 0, Skipped: 0, Time elapsed: 0.02 sec
Running com.google.gson.functional.SerializedNameTest
Tests run: 3, Failures: 0, Errors: 0, Skipped: 0, Time elapsed: 0.01 sec
Running com.google.gson.functional.GsonVersionDiagnosticsTest
Tests run: 3, Failures: 0, Errors: 0, Skipped: 0, Time elapsed: 0.009 sec
Running com.google.gson.functional.ThrowableFunctionalTest
Tests run: 5, Failures: 0, Errors: 0, Skipped: 0, Time elapsed: 0.023 sec
Running com.google.gson.functional.ParameterizedTypesTest
Tests run: 17, Failures: 0, Errors: 0, Skipped: 0, Time elapsed: 0.086 sec
Running com.google.gson.functional.PrettyPrintingTest
Tests run: 8, Failures: 0, Errors: 0, Skipped: 0, Time elapsed: 0.024 sec
Running com.google.gson.functional.CustomTypeAdaptersTest
Tests run: 19, Failures: 0, Errors: 0, Skipped: 0, Time elapsed: 0.053 sec
Running com.google.gson.functional.ReadersWritersTest
Tests run: 10, Failures: 0, Errors: 0, Skipped: 0, Time elapsed: 0.037 sec
Running com.google.gson.functional.CircularReferenceTest
Tests run: 6, Failures: 0, Errors: 0, Skipped: 0, Time elapsed: 0.082 sec
Running com.google.gson.functional.JsonAdapterSerializerDeserializerTest
Tests run: 3, Failures: 0, Errors: 0, Skipped: 0, Time elapsed: 0.015 sec
Running com.google.gson.functional.LeniencyTest
Tests run: 1, Failures: 0, Errors: 0, Skipped: 0, Time elapsed: 0.003 sec
Running com.google.gson.functional.RawSerializationTest
Tests run: 5, Failures: 0, Errors: 0, Skipped: 0, Time elapsed: 0.016 sec
Running com.google.gson.functional.CustomDeserializerTest
Tests run: 7, Failures: 0, Errors: 0, Skipped: 0, Time elapsed: 0.023 sec
Running com.google.gson.functional.TypeAdapterPrecedenceTest
Tests run: 8, Failures: 0, Errors: 0, Skipped: 0, Time elapsed: 0.016 sec
Running com.google.gson.functional.MoreSpecificTypeSerializationTest
Tests run: 6, Failures: 0, Errors: 0, Skipped: 0, Time elapsed: 0.023 sec
Running com.google.gson.functional.InterfaceTest
Tests run: 2, Failures: 0, Errors: 0, Skipped: 0, Time elapsed: 0.007 sec
Running com.google.gson.functional.TypeVariableTest
Tests run: 3, Failures: 0, Errors: 0, Skipped: 0, Time elapsed: 0.011 sec
Running com.google.gson.functional.ExclusionStrategyFunctionalTest
Tests run: 9, Failures: 0, Errors: 0, Skipped: 0, Time elapsed: 0.023 sec
Running com.google.gson.functional.DefaultTypeAdaptersTest
Tests run: 57, Failures: 0, Errors: 0, Skipped: 0, Time elapsed: 0.128 sec
Running com.google.gson.functional.NullObjectAndFieldTest
Tests run: 16, Failures: 0, Errors: 0, Skipped: 0, Time elapsed: 0.034 sec
Running com.google.gson.functional.MapAsArrayTypeAdapterTest
Tests run: 5, Failures: 0, Errors: 0, Skipped: 0, Time elapsed: 0.018 sec
Running com.google.gson.functional.InstanceCreatorTest
Tests run: 5, Failures: 0, Errors: 0, Skipped: 0, Time elapsed: 0.018 sec
Running com.google.gson.functional.PrimitiveCharacterTest
Tests run: 2, Failures: 0, Errors: 0, Skipped: 0, Time elapsed: 0.006 sec
Running com.google.gson.functional.MapTest
Tests run: 48, Failures: 0, Errors: 0, Skipped: 0, Time elapsed: 0.12 sec
Running com.google.gson.functional.FieldNamingTest
Tests run: 5, Failures: 0, Errors: 0, Skipped: 0, Time elapsed: 0.015 sec
Running com.google.gson.functional.VersioningTest
Tests run: 10, Failures: 0, Errors: 0, Skipped: 0, Time elapsed: 0.045 sec
Running com.google.gson.functional.DelegateTypeAdapterTest
Tests run: 2, Failures: 0, Errors: 0, Skipped: 0, Time elapsed: 0.01 sec
Running com.google.gson.functional.InheritanceTest
Tests run: 13, Failures: 0, Errors: 0, Skipped: 0, Time elapsed: 0.052 sec
Running com.google.gson.functional.TypeHierarchyAdapterTest
Tests run: 3, Failures: 0, Errors: 0, Skipped: 0, Time elapsed: 0.024 sec
Running com.google.gson.functional.CustomSerializerTest
Tests run: 5, Failures: 0, Errors: 0, Skipped: 0, Time elapsed: 0.012 sec
Running com.google.gson.functional.StreamingTypeAdaptersTest
Tests run: 17, Failures: 0, Errors: 0, Skipped: 0, Time elapsed: 0.065 sec
Running com.google.gson.functional.EscapingTest
Tests run: 5, Failures: 0, Errors: 0, Skipped: 0, Time elapsed: 0.014 sec
Running com.google.gson.functional.CollectionTest
Tests run: 29, Failures: 0, Errors: 0, Skipped: 0, Time elapsed: 0.1 sec
Running com.google.gson.functional.JsonTreeTest
Tests run: 4, Failures: 0, Errors: 0, Skipped: 0, Time elapsed: 0.021 sec
Running com.google.gson.functional.ArrayTest
Tests run: 26, Failures: 0, Errors: 0, Skipped: 0, Time elapsed: 0.061 sec
Running com.google.gson.functional.PrintFormattingTest
Tests run: 3, Failures: 0, Errors: 0, Skipped: 0, Time elapsed: 0.012 sec
Running com.google.gson.functional.StringTest
Tests run: 18, Failures: 0, Errors: 0, Skipped: 0, Time elapsed: 0.036 sec
Running com.google.gson.functional.JavaUtilConcurrentAtomicTest
Tests run: 7, Failures: 0, Errors: 0, Skipped: 0, Time elapsed: 0.03 sec
Running com.google.gson.functional.UncategorizedTest
Tests run: 6, Failures: 0, Errors: 0, Skipped: 0, Time elapsed: 0.017 sec
Running com.google.gson.functional.ReusedTypeVariablesFullyResolveTest
Tests run: 1, Failures: 0, Errors: 0, Skipped: 0, Time elapsed: 0.009 sec
Running com.google.gson.functional.JsonArrayTest
Tests run: 8, Failures: 0, Errors: 0, Skipped: 0, Time elapsed: 0.013 sec
Running com.google.gson.functional.JsonParserTest
Tests run: 8, Failures: 0, Errors: 0, Skipped: 0, Time elapsed: 0.014 sec
Running com.google.gson.functional.JsonAdapterAnnotationOnClassesTest
Tests run: 9, Failures: 0, Errors: 0, Skipped: 0, Time elapsed: 0.028 sec
Running com.google.gson.functional.NamingPolicyTest
Tests run: 16, Failures: 0, Errors: 0, Skipped: 0, Time elapsed: 0.031 sec
Running com.google.gson.functional.ConcurrencyTest
Tests run: 4, Failures: 0, Errors: 0, Skipped: 0, Time elapsed: 0.092 sec
Running com.google.gson.functional.PrimitiveTest
Tests run: 99, Failures: 0, Errors: 0, Skipped: 0, Time elapsed: 0.132 sec
Running com.google.gson.functional.TreeTypeAdaptersTest
Tests run: 2, Failures: 0, Errors: 0, Skipped: 0, Time elapsed: 0.016 sec
Running com.google.gson.functional.JavaUtilTest
Tests run: 2, Failures: 0, Errors: 0, Skipped: 0, Time elapsed: 0.012 sec
Running com.google.gson.ObjectTypeAdapterTest
Tests run: 5, Failures: 0, Errors: 0, Skipped: 0, Time elapsed: 0.013 sec
Running com.google.gson.JsonStreamParserTest
Tests run: 4, Failures: 0, Errors: 0, Skipped: 0, Time elapsed: 0.011 sec
Running com.google.gson.JavaSerializationTest
Tests run: 3, Failures: 0, Errors: 0, Skipped: 0, Time elapsed: 0.071 sec
Running com.google.gson.GenericArrayTypeTest
Tests run: 2, Failures: 0, Errors: 0, Skipped: 0, Time elapsed: 0.012 sec
Running com.google.gson.GsonTest
Tests run: 2, Failures: 0, Errors: 0, Skipped: 0, Time elapsed: 0.004 sec
Running com.google.gson.JsonArrayTest
Tests run: 6, Failures: 0, Errors: 0, Skipped: 0, Time elapsed: 0.019 sec
Running com.google.gson.JsonParserTest
Tests run: 10, Failures: 0, Errors: 0, Skipped: 0, Time elapsed: 0.024 sec
Running com.google.gson.JsonPrimitiveTest
Tests run: 25, Failures: 0, Errors: 0, Skipped: 0, Time elapsed: 0.038 sec
Running com.google.gson.LongSerializationPolicyTest
Tests run: 4, Failures: 0, Errors: 0, Skipped: 0, Time elapsed: 0.011 sec
Running com.google.gson.OverrideCoreTypeAdaptersTest
Tests run: 3, Failures: 0, Errors: 0, Skipped: 0, Time elapsed: 0.012 sec

Results :

Tests run: 1068, Failures: 0, Errors: 0, Skipped: 1

[[1;34mINFO[m] [1m------------------------------------------------------------------------[m
[[1;34mINFO[m] [1;32mBUILD SUCCESS[m
[[1;34mINFO[m] [1m------------------------------------------------------------------------[m
[[1;34mINFO[m] Total time:  32.091 s
[[1;34mINFO[m] Finished at: 2021-09-24T14:03:35+02:00
[[1;34mINFO[m] [1m------------------------------------------------------------------------[m
Reading Clover data /tmp/v1/gson/target/clover
Writing HTML report to '/tmp/v1/gson/target/clover/report'
ERROR: Invalid Java source found or Clover failed to parse it: /tmp/v1/gson/src/main/java/com/google/gson/internal/$Gson$Types.java
ERROR: Invalid Java source found or Clover failed to parse it: /tmp/v1/gson/src/main/java/com/google/gson/internal/LinkedHashTreeMap.java
ERROR: Invalid Java source found or Clover failed to parse it: /tmp/v1/gson/src/main/java/com/google/gson/internal/LinkedTreeMap.java
ERROR: Invalid Java source found or Clover failed to parse it: /tmp/v1/gson/src/main/java/com/google/gson/internal/bind/CollectionTypeAdapterFactory.java
ERROR: Invalid Java source found or Clover failed to parse it: /tmp/v1/gson/src/main/java/com/google/gson/internal/bind/DefaultDateTypeAdapter.java
ERROR: Invalid Java source found or Clover failed to parse it: /tmp/v1/gson/src/main/java/com/google/gson/internal/bind/MapTypeAdapterFactory.java
ERROR: Invalid Java source found or Clover failed to parse it: /tmp/v1/gson/src/main/java/com/google/gson/internal/bind/ReflectiveTypeAdapterFactory.java
ERROR: Invalid Java source found or Clover failed to parse it: /tmp/v1/gson/src/main/java/com/google/gson/internal/bind/TreeTypeAdapter.java
ERROR: Invalid Java source found or Clover failed to parse it: /tmp/v1/gson/src/main/java/com/google/gson/internal/bind/TypeAdapters.java
ERROR: Invalid Java source found or Clover failed to parse it: /tmp/v1/gson/src/test/java/com/google/gson/stream/JsonReaderPathTest.java
ERROR: Invalid Java source found or Clover failed to parse it: /tmp/v1/gson/src/main/java/com/google/gson/Gson.java
ERROR: Invalid Java source found or Clover failed to parse it: /tmp/v1/gson/src/test/java/com/google/gson/GsonTypeAdapterTest.java
ERROR: Invalid Java source found or Clover failed to parse it: /tmp/v1/gson/src/test/java/com/google/gson/MixedStreamTest.java
ERROR: Invalid Java source found or Clover failed to parse it: /tmp/v1/gson/src/test/java/com/google/gson/ParameterizedTypeFixtures.java
ERROR: Invalid Java source found or Clover failed to parse it: /tmp/v1/gson/src/test/java/com/google/gson/regression/JsonAdapterNullSafeTest.java
ERROR: Invalid Java source found or Clover failed to parse it: /tmp/v1/gson/src/test/java/com/google/gson/functional/CollectionTest.java
ERROR: Invalid Java source found or Clover failed to parse it: /tmp/v1/gson/src/test/java/com/google/gson/functional/ConcurrencyTest.java
ERROR: Invalid Java source found or Clover failed to parse it: /tmp/v1/gson/src/test/java/com/google/gson/functional/CustomDeserializerTest.java
ERROR: Invalid Java source found or Clover failed to parse it: /tmp/v1/gson/src/test/java/com/google/gson/functional/CustomTypeAdaptersTest.java
ERROR: Invalid Java source found or Clover failed to parse it: /tmp/v1/gson/src/test/java/com/google/gson/functional/DefaultTypeAdaptersTest.java
ERROR: Invalid Java source found or Clover failed to parse it: /tmp/v1/gson/src/test/java/com/google/gson/functional/DelegateTypeAdapterTest.java
ERROR: Invalid Java source found or Clover failed to parse it: /tmp/v1/gson/src/test/java/com/google/gson/functional/EnumTest.java
ERROR: Invalid Java source found or Clover failed to parse it: /tmp/v1/gson/src/test/java/com/google/gson/functional/ExclusionStrategyFunctionalTest.java
ERROR: Invalid Java source found or Clover failed to parse it: /tmp/v1/gson/src/test/java/com/google/gson/functional/ExposeFieldsTest.java
ERROR: Invalid Java source found or Clover failed to parse it: /tmp/v1/gson/src/test/java/com/google/gson/functional/FieldExclusionTest.java
ERROR: Invalid Java source found or Clover failed to parse it: /tmp/v1/gson/src/test/java/com/google/gson/functional/InheritanceTest.java
ERROR: Invalid Java source found or Clover failed to parse it: /tmp/v1/gson/src/test/java/com/google/gson/functional/InterfaceTest.java
ERROR: Invalid Java source found or Clover failed to parse it: /tmp/v1/gson/src/test/java/com/google/gson/functional/JsonAdapterAnnotationOnClassesTest.java
ERROR: Invalid Java source found or Clover failed to parse it: /tmp/v1/gson/src/test/java/com/google/gson/functional/JsonAdapterAnnotationOnFieldsTest.java
ERROR: Invalid Java source found or Clover failed to parse it: /tmp/v1/gson/src/test/java/com/google/gson/functional/JsonAdapterSerializerDeserializerTest.java
ERROR: Invalid Java source found or Clover failed to parse it: /tmp/v1/gson/src/test/java/com/google/gson/functional/JsonTreeTest.java
ERROR: Invalid Java source found or Clover failed to parse it: /tmp/v1/gson/src/test/java/com/google/gson/functional/MapAsArrayTypeAdapterTest.java
ERROR: Invalid Java source found or Clover failed to parse it: /tmp/v1/gson/src/test/java/com/google/gson/functional/MapTest.java
ERROR: Invalid Java source found or Clover failed to parse it: /tmp/v1/gson/src/test/java/com/google/gson/functional/MoreSpecificTypeSerializationTest.java
ERROR: Invalid Java source found or Clover failed to parse it: /tmp/v1/gson/src/test/java/com/google/gson/functional/NamingPolicyTest.java
ERROR: Invalid Java source found or Clover failed to parse it: /tmp/v1/gson/src/test/java/com/google/gson/functional/NullObjectAndFieldTest.java
ERROR: Invalid Java source found or Clover failed to parse it: /tmp/v1/gson/src/test/java/com/google/gson/functional/ObjectTest.java
ERROR: Invalid Java source found or Clover failed to parse it: /tmp/v1/gson/src/test/java/com/google/gson/functional/ParameterizedTypesTest.java
ERROR: Invalid Java source found or Clover failed to parse it: /tmp/v1/gson/src/test/java/com/google/gson/functional/RawSerializationTest.java
ERROR: Invalid Java source found or Clover failed to parse it: /tmp/v1/gson/src/test/java/com/google/gson/functional/RuntimeTypeAdapterFactoryFunctionalTest.java
ERROR: Invalid Java source found or Clover failed to parse it: /tmp/v1/gson/src/test/java/com/google/gson/functional/SerializedNameTest.java
ERROR: Invalid Java source found or Clover failed to parse it: /tmp/v1/gson/src/test/java/com/google/gson/functional/StreamingTypeAdaptersTest.java
ERROR: Invalid Java source found or Clover failed to parse it: /tmp/v1/gson/src/test/java/com/google/gson/functional/TreeTypeAdaptersTest.java
ERROR: Invalid Java source found or Clover failed to parse it: /tmp/v1/gson/src/test/java/com/google/gson/functional/TypeAdapterPrecedenceTest.java
ERROR: Invalid Java source found or Clover failed to parse it: /tmp/v1/gson/src/test/java/com/google/gson/functional/TypeHierarchyAdapterTest.java
ERROR: Invalid Java source found or Clover failed to parse it: /tmp/v1/gson/src/test/java/com/google/gson/functional/TypeVariableTest.java
ERROR: Invalid Java source found or Clover failed to parse it: /tmp/v1/gson/src/test/java/com/google/gson/functional/UncategorizedTest.java
ERROR: Invalid Java source found or Clover failed to parse it: /tmp/v1/gson/src/test/java/com/google/gson/common/TestTypes.java
Done. Processed 13 packages in 14402ms (1107ms per package).
[[1;34mINFO[m] Computing coverage for /tmp/v2/gson/
[WARN] Maven will be executed in interactive mode, but no input stream has been configured for this MavenInvoker instance.
WARNING: An illegal reflective access operation has occurred
WARNING: Illegal reflective access by com.google.inject.internal.cglib.core.$ReflectUtils$1 (file:/usr/share/maven/lib/guice.jar) to method java.lang.ClassLoader.defineClass(java.lang.String,byte[],int,int,java.security.ProtectionDomain)
WARNING: Please consider reporting this to the maintainers of com.google.inject.internal.cglib.core.$ReflectUtils$1
WARNING: Use --illegal-access=warn to enable warnings of further illegal reflective access operations
WARNING: All illegal access operations will be denied in a future release
[[1;34mINFO[m] Scanning for projects...
[[1;33mWARNING[m] 
[[1;33mWARNING[m] Some problems were encountered while building the effective model for com.google.code.gson:gson:jar:2.8.9-SNAPSHOT
[[1;33mWARNING[m] 'build.plugins.plugin.version' for org.apache.maven.plugins:maven-jar-plugin is missing. @ com.google.code.gson:gson:[unknown-version], /tmp/v2/gson/pom.xml, line 52, column 15
[[1;33mWARNING[m] 'build.plugins.plugin.version' for com.github.wvengen:proguard-maven-plugin is missing. @ com.google.code.gson:gson:[unknown-version], /tmp/v2/gson/pom.xml, line 104, column 15
[[1;33mWARNING[m] 
[[1;33mWARNING[m] It is highly recommended to fix these problems because they threaten the stability of your build.
[[1;33mWARNING[m] 
[[1;33mWARNING[m] For this reason, future Maven versions might no longer support building such malformed projects.
[[1;33mWARNING[m] 
[[1;34mINFO[m] 
[[1;34mINFO[m] [1m---------------------< [0;36mcom.google.code.gson:gson[0;1m >----------------------[m
[[1;34mINFO[m] [1mBuilding Gson 2.8.9-SNAPSHOT[m
[[1;34mINFO[m] [1m--------------------------------[ jar ]---------------------------------[m
[[1;34mINFO[m] 
[[1;34mINFO[m] [1m--- [0;32mmaven-clean-plugin:2.5:clean[m [1m(default-clean)[m @ [36mgson[0;1m ---[m
[[1;34mINFO[m] Deleting /tmp/v2/gson/target
[[1;34mINFO[m] 
[[1;34mINFO[m] [1m--- [0;32mclover-maven-plugin:4.4.1:setup[m [1m(default-cli)[m @ [36mgson[0;1m ---[m
[[1;34mINFO[m] OpenClover Version 4.4.1, built on October 11 2019 (build-1020)
[[1;34mINFO[m] Creating new database at '/tmp/v2/gson/target/clover/clover.db'.
[[1;34mINFO[m] Processing files at 1.9 source level.
[[1;34mINFO[m] Clover all over. Instrumented 74 files (9 packages).
[[1;34mINFO[m] OpenClover Version 4.4.1, built on October 11 2019 (build-1020)
[[1;34mINFO[m] Updating existing database at '/tmp/v2/gson/target/clover/clover.db'.
[[1;34mINFO[m] Processing files at 1.9 source level.
[[1;34mINFO[m] Clover all over. Instrumented 106 files (12 packages).
[[1;34mINFO[m] 1060 test methods detected.
[[1;34mINFO[m] 
[[1;34mINFO[m] [1m--- [0;32mmaven-enforcer-plugin:1.0:enforce[m [1m(enforce-maven)[m @ [36mgson[0;1m ---[m
[[1;34mINFO[m] Skipping Rule Enforcement.
[[1;34mINFO[m] 
[[1;34mINFO[m] [1m--- [0;32mtemplating-maven-plugin:1.0.0:filter-sources[m [1m(filtering-java-templates)[m @ [36mgson[0;1m ---[m
[[1;34mINFO[m] Coping files with filtering to temporary directory.
[[1;34mINFO[m] Using 'UTF-8' encoding to copy filtered resources.
[[1;34mINFO[m] Copying 1 resource
[[1;34mINFO[m] Copied 1 files to output directory: /tmp/v2/gson/target/generated-sources/java-templates
[[1;34mINFO[m] Source directory: /tmp/v2/gson/target/generated-sources/java-templates added.
[[1;34mINFO[m] 
[[1;34mINFO[m] [1m--- [0;32mmaven-resources-plugin:3.2.0:resources[m [1m(default-resources)[m @ [36mgson[0;1m ---[m
[[1;34mINFO[m] Using 'UTF-8' encoding to copy filtered resources.
[[1;34mINFO[m] Using 'UTF-8' encoding to copy filtered properties files.
[[1;34mINFO[m] skip non existing resourceDirectory /tmp/v2/gson/src/main/resources
[[1;34mINFO[m] Copying 1 resource
[[1;34mINFO[m] 
[[1;34mINFO[m] [1m--- [0;32mmaven-compiler-plugin:3.8.1:compile[m [1m(default-compile)[m @ [36mgson[0;1m ---[m
[[1;34mINFO[m] Changes detected - recompiling the module!
[[1;34mINFO[m] Compiling 75 source files to /tmp/v2/gson/target/classes
[[1;34mINFO[m] /tmp/v2/gson/target/clover/src-instrumented/com/google/gson/internal/ConstructorConstructor.java: Some input files use or override a deprecated API.
[[1;34mINFO[m] /tmp/v2/gson/target/clover/src-instrumented/com/google/gson/internal/ConstructorConstructor.java: Recompile with -Xlint:deprecation for details.
[[1;34mINFO[m] 
[[1;34mINFO[m] [1m--- [0;32mmaven-compiler-plugin:3.8.1:compile[m [1m(base-compile)[m @ [36mgson[0;1m ---[m
[[1;34mINFO[m] Changes detected - recompiling the module!
[[1;34mINFO[m] Compiling 75 source files to /tmp/v2/gson/target/classes
[[1;34mINFO[m] /tmp/v2/gson/target/clover/src-instrumented/com/google/gson/internal/ConstructorConstructor.java: Some input files use or override a deprecated API.
[[1;34mINFO[m] /tmp/v2/gson/target/clover/src-instrumented/com/google/gson/internal/ConstructorConstructor.java: Recompile with -Xlint:deprecation for details.
[[1;34mINFO[m] 
[[1;34mINFO[m] [1m--- [0;32mbnd-maven-plugin:5.3.0:bnd-process[m [1m(default)[m @ [36mgson[0;1m ---[m
[[1;33mWARNING[m] /tmp/v2/gson/bnd.bnd [0:0]: Export com.google.gson,  has 1,  private references [com.google.gson.internal]
[[1;34mINFO[m] 
[[1;34mINFO[m] [1m--- [0;32mmaven-resources-plugin:3.2.0:testResources[m [1m(default-testResources)[m @ [36mgson[0;1m ---[m
[[1;34mINFO[m] Using 'UTF-8' encoding to copy filtered resources.
[[1;34mINFO[m] Using 'UTF-8' encoding to copy filtered properties files.
[[1;34mINFO[m] Copying 1 resource
[[1;34mINFO[m] 
[[1;34mINFO[m] [1m--- [0;32mmaven-compiler-plugin:3.8.1:testCompile[m [1m(default-testCompile)[m @ [36mgson[0;1m ---[m
[[1;34mINFO[m] Changes detected - recompiling the module!
[[1;34mINFO[m] Compiling 106 source files to /tmp/v2/gson/target/test-classes
[[1;34mINFO[m] /tmp/v2/gson/target/clover/src-test-instrumented/com/google/gson/internal/bind/util/ISO8601UtilsTest.java: Some input files use or override a deprecated API.
[[1;34mINFO[m] /tmp/v2/gson/target/clover/src-test-instrumented/com/google/gson/internal/bind/util/ISO8601UtilsTest.java: Recompile with -Xlint:deprecation for details.
[[1;34mINFO[m] /tmp/v2/gson/target/clover/src-test-instrumented/com/google/gson/functional/ParameterizedTypesTest.java: Some input files use unchecked or unsafe operations.
[[1;34mINFO[m] /tmp/v2/gson/target/clover/src-test-instrumented/com/google/gson/functional/ParameterizedTypesTest.java: Recompile with -Xlint:unchecked for details.
[[1;34mINFO[m] 
[[1;34mINFO[m] [1m--- [0;32mcopy-rename-maven-plugin:1.0.1:rename[m [1m(pre-obfuscate-class)[m @ [36mgson[0;1m ---[m
[[1;34mINFO[m] Renamed /tmp/v2/gson/target/test-classes/com/google/gson/functional/EnumWithObfuscatedTest.class to /tmp/v2/gson/target/test-classes-obfuscated-injar/com/google/gson/functional/EnumWithObfuscatedTest.class
[[1;34mINFO[m] Renamed /tmp/v2/gson/target/test-classes/com/google/gson/functional/EnumWithObfuscatedTest$Gender.class to /tmp/v2/gson/target/test-classes-obfuscated-injar/com/google/gson/functional/EnumWithObfuscatedTest$Gender.class
[[1;34mINFO[m] 
[[1;34mINFO[m] [1m--- [0;32mproguard-maven-plugin:2.4.0:proguard[m [1m(default)[m @ [36mgson[0;1m ---[m
[[1;34mINFO[m] Bypass ProGuard processing because "proguard.skip=true"
[[1;34mINFO[m] 
[[1;34mINFO[m] [1m--- [0;32mmaven-resources-plugin:3.2.0:copy-resources[m [1m(post-obfuscate-class)[m @ [36mgson[0;1m ---[m
[[1;34mINFO[m] Using 'UTF-8' encoding to copy filtered resources.
[[1;34mINFO[m] Using 'UTF-8' encoding to copy filtered properties files.
[[1;34mINFO[m] skip non existing resourceDirectory /tmp/v2/gson/target/test-classes-obfuscated-outjar/com/google/gson/functional
[[1;34mINFO[m] 
[[1;34mINFO[m] [1m--- [0;32mmaven-surefire-plugin:2.12.4:test[m [1m(default-test)[m @ [36mgson[0;1m ---[m
[[1;34mINFO[m] Surefire report directory: /tmp/v2/gson/target/surefire-reports

-------------------------------------------------------
 T E S T S
-------------------------------------------------------
Running com.google.gson.InnerClassExclusionStrategyTest
Tests run: 4, Failures: 0, Errors: 0, Skipped: 0, Time elapsed: 0.162 sec
Running com.google.gson.GsonTypeAdapterTest
Tests run: 5, Failures: 0, Errors: 0, Skipped: 0, Time elapsed: 0.161 sec
Running com.google.gson.internal.sql.SqlTypesSupportTest
Tests run: 1, Failures: 0, Errors: 0, Skipped: 0, Time elapsed: 0.008 sec
Running com.google.gson.internal.sql.SqlTypesGsonTest
Tests run: 9, Failures: 0, Errors: 0, Skipped: 0, Time elapsed: 0.141 sec
Running com.google.gson.internal.LinkedHashTreeMapTest
Tests run: 15, Failures: 0, Errors: 0, Skipped: 0, Time elapsed: 0.139 sec
Running com.google.gson.internal.GsonBuildConfigTest
Tests run: 1, Failures: 0, Errors: 0, Skipped: 0, Time elapsed: 0.054 sec
Running com.google.gson.internal.LazilyParsedNumberTest
Tests run: 2, Failures: 0, Errors: 0, Skipped: 0, Time elapsed: 0.008 sec
Running com.google.gson.internal.reflect.UnsafeReflectionAccessorTest
Tests run: 2, Failures: 0, Errors: 0, Skipped: 0, Time elapsed: 0.096 sec
Running com.google.gson.internal.UnsafeAllocatorInstantiationTest
Tests run: 3, Failures: 0, Errors: 0, Skipped: 0, Time elapsed: 0.02 sec
Running com.google.gson.internal.GsonTypesTest
Tests run: 2, Failures: 0, Errors: 0, Skipped: 0, Time elapsed: 0.017 sec
Running com.google.gson.internal.JavaVersionTest
Tests run: 7, Failures: 0, Errors: 0, Skipped: 0, Time elapsed: 0.032 sec
Running com.google.gson.internal.bind.DefaultDateTypeAdapterTest
Tests run: 11, Failures: 0, Errors: 0, Skipped: 0, Time elapsed: 0.341 sec
Running com.google.gson.internal.bind.util.ISO8601UtilsTest
Tests run: 7, Failures: 0, Errors: 0, Skipped: 0, Time elapsed: 0.052 sec
Running com.google.gson.internal.bind.RecursiveTypesResolveTest
Tests run: 9, Failures: 0, Errors: 0, Skipped: 0, Time elapsed: 0.107 sec
Running com.google.gson.internal.bind.JsonTreeWriterTest
Tests run: 17, Failures: 0, Errors: 0, Skipped: 0, Time elapsed: 0.081 sec
Running com.google.gson.internal.bind.JsonElementReaderTest
Tests run: 18, Failures: 0, Errors: 0, Skipped: 0, Time elapsed: 0.072 sec
Running com.google.gson.internal.bind.JsonTreeReaderTest
Tests run: 2, Failures: 0, Errors: 0, Skipped: 0, Time elapsed: 0.003 sec
Running com.google.gson.internal.LinkedTreeMapTest
Tests run: 11, Failures: 0, Errors: 0, Skipped: 0, Time elapsed: 0.077 sec
Running com.google.gson.ParameterizedTypeTest
Tests run: 2, Failures: 0, Errors: 0, Skipped: 0, Time elapsed: 0.011 sec
Running com.google.gson.GsonBuilderTest
Tests run: 4, Failures: 0, Errors: 0, Skipped: 0, Time elapsed: 0.022 sec
Running com.google.gson.reflect.TypeTokenTest
Tests run: 6, Failures: 0, Errors: 0, Skipped: 0, Time elapsed: 0.03 sec
Running com.google.gson.DefaultInetAddressTypeAdapterTest
Tests run: 1, Failures: 0, Errors: 0, Skipped: 0, Time elapsed: 0.018 sec
Running com.google.gson.ExposeAnnotationExclusionStrategyTest
Tests run: 6, Failures: 0, Errors: 0, Skipped: 0, Time elapsed: 0.034 sec
Running com.google.gson.FieldAttributesTest
Tests run: 6, Failures: 0, Errors: 0, Skipped: 0, Time elapsed: 0.025 sec
Running com.google.gson.CommentsTest
Tests run: 1, Failures: 0, Errors: 0, Skipped: 0, Time elapsed: 0.008 sec
Running com.google.gson.regression.JsonAdapterNullSafeTest
Tests run: 2, Failures: 0, Errors: 0, Skipped: 0, Time elapsed: 0.016 sec
Running com.google.gson.JsonNullTest
Tests run: 2, Failures: 0, Errors: 0, Skipped: 0, Time elapsed: 0.007 sec
Running com.google.gson.JsonObjectTest
Tests run: 14, Failures: 0, Errors: 0, Skipped: 0, Time elapsed: 0.037 sec
Running com.google.gson.stream.JsonReaderPathTest
Tests run: 20, Failures: 0, Errors: 0, Skipped: 1, Time elapsed: 0.102 sec
Running com.google.gson.stream.JsonWriterTest
Tests run: 39, Failures: 0, Errors: 0, Skipped: 0, Time elapsed: 0.086 sec
Running com.google.gson.stream.JsonReaderTest
Tests run: 120, Failures: 0, Errors: 0, Skipped: 0, Time elapsed: 0.297 sec
Running com.google.gson.metrics.PerformanceTest
Tests run: 1, Failures: 0, Errors: 0, Skipped: 0, Time elapsed: 0.009 sec
Running com.google.gson.MixedStreamTest
Tests run: 12, Failures: 0, Errors: 0, Skipped: 0, Time elapsed: 0.045 sec
Running com.google.gson.DefaultMapJsonSerializerTest
Tests run: 3, Failures: 0, Errors: 0, Skipped: 0, Time elapsed: 0.011 sec
Running com.google.gson.VersionExclusionStrategyTest
Tests run: 3, Failures: 0, Errors: 0, Skipped: 0, Time elapsed: 0.01 sec
Running com.google.gson.functional.InternationalizationTest
Tests run: 4, Failures: 0, Errors: 0, Skipped: 0, Time elapsed: 0.016 sec
Running com.google.gson.functional.JsonAdapterAnnotationOnFieldsTest
Tests run: 10, Failures: 0, Errors: 0, Skipped: 0, Time elapsed: 0.055 sec
Running com.google.gson.functional.SecurityTest
Tests run: 5, Failures: 0, Errors: 0, Skipped: 0, Time elapsed: 0.024 sec
Running com.google.gson.functional.EnumTest
Tests run: 12, Failures: 0, Errors: 0, Skipped: 0, Time elapsed: 0.042 sec
Running com.google.gson.functional.ObjectTest
Tests run: 44, Failures: 0, Errors: 0, Skipped: 0, Time elapsed: 0.146 sec
Running com.google.gson.functional.RuntimeTypeAdapterFactoryFunctionalTest
Tests run: 1, Failures: 0, Errors: 0, Skipped: 0, Time elapsed: 0.012 sec
Running com.google.gson.functional.FieldExclusionTest
Tests run: 3, Failures: 0, Errors: 0, Skipped: 0, Time elapsed: 0.009 sec
Running com.google.gson.functional.ExposeFieldsTest
Tests run: 8, Failures: 0, Errors: 0, Skipped: 0, Time elapsed: 0.027 sec
Running com.google.gson.functional.SerializedNameTest
Tests run: 3, Failures: 0, Errors: 0, Skipped: 0, Time elapsed: 0.009 sec
Running com.google.gson.functional.GsonVersionDiagnosticsTest
Tests run: 3, Failures: 0, Errors: 0, Skipped: 0, Time elapsed: 0.007 sec
Running com.google.gson.functional.ThrowableFunctionalTest
Tests run: 5, Failures: 0, Errors: 0, Skipped: 0, Time elapsed: 0.035 sec
Running com.google.gson.functional.ParameterizedTypesTest
Tests run: 17, Failures: 0, Errors: 0, Skipped: 0, Time elapsed: 0.083 sec
Running com.google.gson.functional.PrettyPrintingTest
Tests run: 8, Failures: 0, Errors: 0, Skipped: 0, Time elapsed: 0.024 sec
Running com.google.gson.functional.CustomTypeAdaptersTest
Tests run: 19, Failures: 0, Errors: 0, Skipped: 0, Time elapsed: 0.051 sec
Running com.google.gson.functional.ReadersWritersTest
Tests run: 10, Failures: 0, Errors: 0, Skipped: 0, Time elapsed: 0.032 sec
Running com.google.gson.functional.CircularReferenceTest
Tests run: 6, Failures: 0, Errors: 0, Skipped: 0, Time elapsed: 0.065 sec
Running com.google.gson.functional.JsonAdapterSerializerDeserializerTest
Tests run: 3, Failures: 0, Errors: 0, Skipped: 0, Time elapsed: 0.014 sec
Running com.google.gson.functional.LeniencyTest
Tests run: 1, Failures: 0, Errors: 0, Skipped: 0, Time elapsed: 0.005 sec
Running com.google.gson.functional.RawSerializationTest
Tests run: 5, Failures: 0, Errors: 0, Skipped: 0, Time elapsed: 0.019 sec
Running com.google.gson.functional.CustomDeserializerTest
Tests run: 7, Failures: 0, Errors: 0, Skipped: 0, Time elapsed: 0.02 sec
Running com.google.gson.functional.TypeAdapterPrecedenceTest
Tests run: 8, Failures: 0, Errors: 0, Skipped: 0, Time elapsed: 0.018 sec
Running com.google.gson.functional.MoreSpecificTypeSerializationTest
Tests run: 6, Failures: 0, Errors: 0, Skipped: 0, Time elapsed: 0.032 sec
Running com.google.gson.functional.InterfaceTest
Tests run: 2, Failures: 0, Errors: 0, Skipped: 0, Time elapsed: 0.011 sec
Running com.google.gson.functional.TypeVariableTest
Tests run: 3, Failures: 0, Errors: 0, Skipped: 0, Time elapsed: 0.016 sec
Running com.google.gson.functional.ExclusionStrategyFunctionalTest
Tests run: 9, Failures: 0, Errors: 0, Skipped: 0, Time elapsed: 0.041 sec
Running com.google.gson.functional.DefaultTypeAdaptersTest
Tests run: 57, Failures: 0, Errors: 0, Skipped: 0, Time elapsed: 0.176 sec
Running com.google.gson.functional.NullObjectAndFieldTest
Tests run: 16, Failures: 0, Errors: 0, Skipped: 0, Time elapsed: 0.051 sec
Running com.google.gson.functional.MapAsArrayTypeAdapterTest
Tests run: 5, Failures: 0, Errors: 0, Skipped: 0, Time elapsed: 0.028 sec
Running com.google.gson.functional.InstanceCreatorTest
Tests run: 5, Failures: 0, Errors: 0, Skipped: 0, Time elapsed: 0.03 sec
Running com.google.gson.functional.PrimitiveCharacterTest
Tests run: 2, Failures: 0, Errors: 0, Skipped: 0, Time elapsed: 0.009 sec
Running com.google.gson.functional.MapTest
Tests run: 48, Failures: 0, Errors: 0, Skipped: 0, Time elapsed: 0.182 sec
Running com.google.gson.functional.FieldNamingTest
Tests run: 5, Failures: 0, Errors: 0, Skipped: 0, Time elapsed: 0.02 sec
Running com.google.gson.functional.VersioningTest
Tests run: 10, Failures: 0, Errors: 0, Skipped: 0, Time elapsed: 0.037 sec
Running com.google.gson.functional.DelegateTypeAdapterTest
Tests run: 2, Failures: 0, Errors: 0, Skipped: 0, Time elapsed: 0.014 sec
Running com.google.gson.functional.InheritanceTest
Tests run: 13, Failures: 0, Errors: 0, Skipped: 0, Time elapsed: 0.047 sec
Running com.google.gson.functional.TypeHierarchyAdapterTest
Tests run: 3, Failures: 0, Errors: 0, Skipped: 0, Time elapsed: 0.023 sec
Running com.google.gson.functional.CustomSerializerTest
Tests run: 5, Failures: 0, Errors: 0, Skipped: 0, Time elapsed: 0.014 sec
Running com.google.gson.functional.StreamingTypeAdaptersTest
Tests run: 17, Failures: 0, Errors: 0, Skipped: 0, Time elapsed: 0.077 sec
Running com.google.gson.functional.EscapingTest
Tests run: 5, Failures: 0, Errors: 0, Skipped: 0, Time elapsed: 0.02 sec
Running com.google.gson.functional.CollectionTest
Tests run: 29, Failures: 0, Errors: 0, Skipped: 0, Time elapsed: 0.103 sec
Running com.google.gson.functional.JsonTreeTest
Tests run: 4, Failures: 0, Errors: 0, Skipped: 0, Time elapsed: 0.019 sec
Running com.google.gson.functional.ArrayTest
Tests run: 26, Failures: 0, Errors: 0, Skipped: 0, Time elapsed: 0.067 sec
Running com.google.gson.functional.PrintFormattingTest
Tests run: 3, Failures: 0, Errors: 0, Skipped: 0, Time elapsed: 0.01 sec
Running com.google.gson.functional.StringTest
Tests run: 18, Failures: 0, Errors: 0, Skipped: 0, Time elapsed: 0.036 sec
Running com.google.gson.functional.JavaUtilConcurrentAtomicTest
Tests run: 7, Failures: 0, Errors: 0, Skipped: 0, Time elapsed: 0.031 sec
Running com.google.gson.functional.UncategorizedTest
Tests run: 6, Failures: 0, Errors: 0, Skipped: 0, Time elapsed: 0.023 sec
Running com.google.gson.functional.ReusedTypeVariablesFullyResolveTest
Tests run: 1, Failures: 0, Errors: 0, Skipped: 0, Time elapsed: 0.011 sec
Running com.google.gson.functional.JsonArrayTest
Tests run: 8, Failures: 0, Errors: 0, Skipped: 0, Time elapsed: 0.022 sec
Running com.google.gson.functional.JsonParserTest
Tests run: 8, Failures: 0, Errors: 0, Skipped: 0, Time elapsed: 0.025 sec
Running com.google.gson.functional.JsonAdapterAnnotationOnClassesTest
Tests run: 9, Failures: 0, Errors: 0, Skipped: 0, Time elapsed: 0.04 sec
Running com.google.gson.functional.NamingPolicyTest
Tests run: 16, Failures: 0, Errors: 0, Skipped: 0, Time elapsed: 0.041 sec
Running com.google.gson.functional.ConcurrencyTest
Tests run: 4, Failures: 0, Errors: 0, Skipped: 0, Time elapsed: 0.126 sec
Running com.google.gson.functional.PrimitiveTest
Tests run: 99, Failures: 0, Errors: 0, Skipped: 0, Time elapsed: 0.169 sec
Running com.google.gson.functional.TreeTypeAdaptersTest
Tests run: 2, Failures: 0, Errors: 0, Skipped: 0, Time elapsed: 0.015 sec
Running com.google.gson.functional.JavaUtilTest
Tests run: 2, Failures: 0, Errors: 0, Skipped: 0, Time elapsed: 0.011 sec
Running com.google.gson.ObjectTypeAdapterTest
Tests run: 5, Failures: 0, Errors: 0, Skipped: 0, Time elapsed: 0.01 sec
Running com.google.gson.JsonStreamParserTest
Tests run: 4, Failures: 0, Errors: 0, Skipped: 0, Time elapsed: 0.007 sec
Running com.google.gson.JavaSerializationTest
Tests run: 3, Failures: 0, Errors: 0, Skipped: 0, Time elapsed: 0.051 sec
Running com.google.gson.GenericArrayTypeTest
Tests run: 2, Failures: 0, Errors: 0, Skipped: 0, Time elapsed: 0.007 sec
Running com.google.gson.GsonTest
Tests run: 2, Failures: 0, Errors: 0, Skipped: 0, Time elapsed: 0.01 sec
Running com.google.gson.JsonArrayTest
Tests run: 6, Failures: 0, Errors: 0, Skipped: 0, Time elapsed: 0.018 sec
Running com.google.gson.JsonParserTest
Tests run: 10, Failures: 0, Errors: 0, Skipped: 0, Time elapsed: 0.021 sec
Running com.google.gson.JsonPrimitiveTest
Tests run: 25, Failures: 0, Errors: 0, Skipped: 0, Time elapsed: 0.042 sec
Running com.google.gson.LongSerializationPolicyTest
Tests run: 4, Failures: 0, Errors: 0, Skipped: 0, Time elapsed: 0.011 sec
Running com.google.gson.OverrideCoreTypeAdaptersTest
Tests run: 3, Failures: 0, Errors: 0, Skipped: 0, Time elapsed: 0.012 sec

Results :

Tests run: 1069, Failures: 0, Errors: 0, Skipped: 1

[[1;34mINFO[m] [1m------------------------------------------------------------------------[m
[[1;34mINFO[m] [1;32mBUILD SUCCESS[m
[[1;34mINFO[m] [1m------------------------------------------------------------------------[m
[[1;34mINFO[m] Total time:  32.651 s
[[1;34mINFO[m] Finished at: 2021-09-24T14:04:27+02:00
[[1;34mINFO[m] [1m------------------------------------------------------------------------[m
Reading Clover data /tmp/v2/gson/target/clover
Writing HTML report to '/tmp/v2/gson/target/clover/report'
ERROR: Invalid Java source found or Clover failed to parse it: /tmp/v2/gson/src/main/java/com/google/gson/internal/$Gson$Types.java
ERROR: Invalid Java source found or Clover failed to parse it: /tmp/v2/gson/src/main/java/com/google/gson/internal/LinkedHashTreeMap.java
ERROR: Invalid Java source found or Clover failed to parse it: /tmp/v2/gson/src/main/java/com/google/gson/internal/LinkedTreeMap.java
ERROR: Invalid Java source found or Clover failed to parse it: /tmp/v2/gson/src/main/java/com/google/gson/internal/bind/CollectionTypeAdapterFactory.java
ERROR: Invalid Java source found or Clover failed to parse it: /tmp/v2/gson/src/main/java/com/google/gson/internal/bind/DefaultDateTypeAdapter.java
ERROR: Invalid Java source found or Clover failed to parse it: /tmp/v2/gson/src/main/java/com/google/gson/internal/bind/JsonTreeReader.java
ERROR: Invalid Java source found or Clover failed to parse it: /tmp/v2/gson/src/main/java/com/google/gson/internal/bind/MapTypeAdapterFactory.java
ERROR: Invalid Java source found or Clover failed to parse it: /tmp/v2/gson/src/main/java/com/google/gson/internal/bind/ReflectiveTypeAdapterFactory.java
ERROR: Invalid Java source found or Clover failed to parse it: /tmp/v2/gson/src/main/java/com/google/gson/internal/bind/TreeTypeAdapter.java
ERROR: Invalid Java source found or Clover failed to parse it: /tmp/v2/gson/src/main/java/com/google/gson/internal/bind/TypeAdapters.java
ERROR: Invalid Java source found or Clover failed to parse it: /tmp/v2/gson/src/test/java/com/google/gson/stream/JsonReaderPathTest.java
ERROR: Invalid Java source found or Clover failed to parse it: /tmp/v2/gson/src/main/java/com/google/gson/Gson.java
ERROR: Invalid Java source found or Clover failed to parse it: /tmp/v2/gson/src/test/java/com/google/gson/GsonTypeAdapterTest.java
ERROR: Invalid Java source found or Clover failed to parse it: /tmp/v2/gson/src/test/java/com/google/gson/MixedStreamTest.java
ERROR: Invalid Java source found or Clover failed to parse it: /tmp/v2/gson/src/test/java/com/google/gson/ParameterizedTypeFixtures.java
ERROR: Invalid Java source found or Clover failed to parse it: /tmp/v2/gson/src/test/java/com/google/gson/regression/JsonAdapterNullSafeTest.java
ERROR: Invalid Java source found or Clover failed to parse it: /tmp/v2/gson/src/test/java/com/google/gson/functional/CollectionTest.java
ERROR: Invalid Java source found or Clover failed to parse it: /tmp/v2/gson/src/test/java/com/google/gson/functional/ConcurrencyTest.java
ERROR: Invalid Java source found or Clover failed to parse it: /tmp/v2/gson/src/test/java/com/google/gson/functional/CustomDeserializerTest.java
ERROR: Invalid Java source found or Clover failed to parse it: /tmp/v2/gson/src/test/java/com/google/gson/functional/CustomTypeAdaptersTest.java
ERROR: Invalid Java source found or Clover failed to parse it: /tmp/v2/gson/src/test/java/com/google/gson/functional/DefaultTypeAdaptersTest.java
ERROR: Invalid Java source found or Clover failed to parse it: /tmp/v2/gson/src/test/java/com/google/gson/functional/DelegateTypeAdapterTest.java
ERROR: Invalid Java source found or Clover failed to parse it: /tmp/v2/gson/src/test/java/com/google/gson/functional/EnumTest.java
ERROR: Invalid Java source found or Clover failed to parse it: /tmp/v2/gson/src/test/java/com/google/gson/functional/ExclusionStrategyFunctionalTest.java
ERROR: Invalid Java source found or Clover failed to parse it: /tmp/v2/gson/src/test/java/com/google/gson/functional/ExposeFieldsTest.java
ERROR: Invalid Java source found or Clover failed to parse it: /tmp/v2/gson/src/test/java/com/google/gson/functional/FieldExclusionTest.java
ERROR: Invalid Java source found or Clover failed to parse it: /tmp/v2/gson/src/test/java/com/google/gson/functional/InheritanceTest.java
ERROR: Invalid Java source found or Clover failed to parse it: /tmp/v2/gson/src/test/java/com/google/gson/functional/InterfaceTest.java
ERROR: Invalid Java source found or Clover failed to parse it: /tmp/v2/gson/src/test/java/com/google/gson/functional/JsonAdapterAnnotationOnClassesTest.java
ERROR: Invalid Java source found or Clover failed to parse it: /tmp/v2/gson/src/test/java/com/google/gson/functional/JsonAdapterAnnotationOnFieldsTest.java
ERROR: Invalid Java source found or Clover failed to parse it: /tmp/v2/gson/src/test/java/com/google/gson/functional/JsonAdapterSerializerDeserializerTest.java
ERROR: Invalid Java source found or Clover failed to parse it: /tmp/v2/gson/src/test/java/com/google/gson/functional/JsonTreeTest.java
ERROR: Invalid Java source found or Clover failed to parse it: /tmp/v2/gson/src/test/java/com/google/gson/functional/MapAsArrayTypeAdapterTest.java
ERROR: Invalid Java source found or Clover failed to parse it: /tmp/v2/gson/src/test/java/com/google/gson/functional/MapTest.java
ERROR: Invalid Java source found or Clover failed to parse it: /tmp/v2/gson/src/test/java/com/google/gson/functional/MoreSpecificTypeSerializationTest.java
ERROR: Invalid Java source found or Clover failed to parse it: /tmp/v2/gson/src/test/java/com/google/gson/functional/NamingPolicyTest.java
ERROR: Invalid Java source found or Clover failed to parse it: /tmp/v2/gson/src/test/java/com/google/gson/functional/NullObjectAndFieldTest.java
ERROR: Invalid Java source found or Clover failed to parse it: /tmp/v2/gson/src/test/java/com/google/gson/functional/ObjectTest.java
ERROR: Invalid Java source found or Clover failed to parse it: /tmp/v2/gson/src/test/java/com/google/gson/functional/ParameterizedTypesTest.java
ERROR: Invalid Java source found or Clover failed to parse it: /tmp/v2/gson/src/test/java/com/google/gson/functional/RawSerializationTest.java
ERROR: Invalid Java source found or Clover failed to parse it: /tmp/v2/gson/src/test/java/com/google/gson/functional/RuntimeTypeAdapterFactoryFunctionalTest.java
ERROR: Invalid Java source found or Clover failed to parse it: /tmp/v2/gson/src/test/java/com/google/gson/functional/SerializedNameTest.java
ERROR: Invalid Java source found or Clover failed to parse it: /tmp/v2/gson/src/test/java/com/google/gson/functional/StreamingTypeAdaptersTest.java
ERROR: Invalid Java source found or Clover failed to parse it: /tmp/v2/gson/src/test/java/com/google/gson/functional/TreeTypeAdaptersTest.java
ERROR: Invalid Java source found or Clover failed to parse it: /tmp/v2/gson/src/test/java/com/google/gson/functional/TypeAdapterPrecedenceTest.java
ERROR: Invalid Java source found or Clover failed to parse it: /tmp/v2/gson/src/test/java/com/google/gson/functional/TypeHierarchyAdapterTest.java
ERROR: Invalid Java source found or Clover failed to parse it: /tmp/v2/gson/src/test/java/com/google/gson/functional/TypeVariableTest.java
ERROR: Invalid Java source found or Clover failed to parse it: /tmp/v2/gson/src/test/java/com/google/gson/functional/UncategorizedTest.java
ERROR: Invalid Java source found or Clover failed to parse it: /tmp/v2/gson/src/test/java/com/google/gson/common/TestTypes.java
Done. Processed 13 packages in 9092ms (699ms per package).
[[1;34mINFO[m] /tmp/v1/gson/src/main/java/com/google/gson/internal/bind/JsonTreeReader.java
[[1;34mINFO[m] /tmp/v2/gson/src/main/java/com/google/gson/internal/bind/JsonTreeReader.java
[[1;34mINFO[m] com.google.gson.internal.bind.JsonTreeReader:[254] are modified.
[[1;34mINFO[m] com.google.gson.internal.bind.JsonTreeReader:[253, 253, 254, 255, 260] are modified.
[[1;34mINFO[m] com.google.gson.internal.bind.JsonTreeReader:253 covered.
[[1;34mINFO[m] com.google.gson.internal.bind.JsonTreeReader:254 covered.
[[1;34mINFO[m] /tmp/v1/gson/src/test/java/com/google/gson/internal/bind/JsonElementReaderTest.java
[[1;34mINFO[m] /tmp/v2/gson/src/test/java/com/google/gson/internal/bind/JsonElementReaderTest.java
[[1;34mINFO[m] Build modified Tests /tmp/v2/gson/src/test/java/com/google/gson/internal/bind/JsonElementReaderTest.java
[[1;34mINFO[m] Saving result in /tmp/v1/gson/testsThatExecuteTheChange.csv ...
[[1;34mINFO[m] com.google.gson.functional.TypeHierarchyAdapterTest;testTypeHierarchy
[[1;34mINFO[m] Writing Coverage in /tmp/v1/gson/testsThatExecuteTheChange_coverage.csv
[[1;34mINFO[m] com.google.gson.internal.bind.JsonTreeReader;2;4

[[1;34mINFO[m] total;2;4

[[1;34mINFO[m] [1m------------------------------------------------------------------------[m
[[1;34mINFO[m] [1;32mBUILD SUCCESS[m
[[1;34mINFO[m] [1m------------------------------------------------------------------------[m
[[1;34mINFO[m] Total time:  01:43 min
[[1;34mINFO[m] Finished at: 2021-09-24T14:04:42+02:00
[[1;34mINFO[m] [1m------------------------------------------------------------------------[m
[INFO] mvn -f /tmp/v1/gson clean test -DskipTests dependency:build-classpath --quiet -Dcobertura.skip=true -Dlicense.skip=true -Dfindbugs.skip=true -Danimal.sniffer.skip=true -Djacoco.skip=true -Dcheckstyle.skip=true -Dproguard.skip=true -Dmdep.outputFile=classpath -DskipITs=true -Drat.skip=true -Denforcer.skip=true -Dgpg.skip=true
[WARN] Maven will be executed in interactive mode, but no input stream has been configured for this MavenInvoker instance.
WARNING: An illegal reflective access operation has occurred
WARNING: Illegal reflective access by com.google.inject.internal.cglib.core.$ReflectUtils$1 (file:/usr/share/maven/lib/guice.jar) to method java.lang.ClassLoader.defineClass(java.lang.String,byte[],int,int,java.security.ProtectionDomain)
WARNING: Please consider reporting this to the maintainers of com.google.inject.internal.cglib.core.$ReflectUtils$1
WARNING: Use --illegal-access=warn to enable warnings of further illegal reflective access operations
WARNING: All illegal access operations will be denied in a future release
[INFO] mvn -f /tmp/v2/gson/ clean test -DskipTests dependency:build-classpath --quiet -Dcobertura.skip=true -Dlicense.skip=true -Dfindbugs.skip=true -Danimal.sniffer.skip=true -Djacoco.skip=true -Dcheckstyle.skip=true -Dproguard.skip=true -Dmdep.outputFile=classpath -DskipITs=true -Drat.skip=true -Denforcer.skip=true -Dgpg.skip=true
[WARN] Maven will be executed in interactive mode, but no input stream has been configured for this MavenInvoker instance.
WARNING: An illegal reflective access operation has occurred
WARNING: Illegal reflective access by com.google.inject.internal.cglib.core.$ReflectUtils$1 (file:/usr/share/maven/lib/guice.jar) to method java.lang.ClassLoader.defineClass(java.lang.String,byte[],int,int,java.security.ProtectionDomain)
WARNING: Please consider reporting this to the maintainers of com.google.inject.internal.cglib.core.$ReflectUtils$1
WARNING: Use --illegal-access=warn to enable warnings of further illegal reflective access operations
WARNING: All illegal access operations will be denied in a future release
[info] Run Instrumentation - Configuration{pathToFirstVersion='/tmp/v1/gson', pathToSecondVersion='/tmp/v2/gson/', pathToTestListAsCSV='/tmp/v1/gson/testsThatExecuteTheChange.csv', junit4=true, iterations=5, output='/tmp/v1/gson/diff-jjoules', pathToJSONDelta='deltas.json', pathToJSONDataV1='data_v1.json', pathToJSONDataV2='data_v2.json', diff='diff -ru /tmp/v1/gson/src/main/java/com/google/gson/internal/bind/JsonTreeReader.java /tmp/v2/gson/src/main/java/com/google/gson/internal/bind/JsonTreeReader.java
--- /tmp/v1/gson/src/main/java/com/google/gson/internal/bind/JsonTreeReader.java	2021-09-24 14:01:31.985446068 +0200
+++ /tmp/v2/gson/src/main/java/com/google/gson/internal/bind/JsonTreeReader.java	2021-09-24 14:01:31.989446057 +0200
@@ -250,8 +250,14 @@
   }
 
   JsonElement nextJsonElement() throws IOException {
-    if (peek() == JsonToken.NAME) {
-      throw new IllegalStateException("Can't turn a name into a JsonElement");
+    final JsonToken peeked = peek();
+    if (
+      peeked == JsonToken.NAME
+      || peeked == JsonToken.END_ARRAY
+      || peeked == JsonToken.END_OBJECT
+      || peeked == JsonToken.END_DOCUMENT
+    ) {
+      throw new IllegalStateException("Unexpected " + peeked + " when reading a JsonElement.");
     }
     final JsonElement element = (JsonElement) peekStack();
     skipValue();
diff -ru /tmp/v1/gson/src/test/java/com/google/gson/internal/bind/JsonElementReaderTest.java /tmp/v2/gson/src/test/java/com/google/gson/internal/bind/JsonElementReaderTest.java
--- /tmp/v1/gson/src/test/java/com/google/gson/internal/bind/JsonElementReaderTest.java	2021-09-24 14:01:31.985446068 +0200
+++ /tmp/v2/gson/src/test/java/com/google/gson/internal/bind/JsonElementReaderTest.java	2021-09-24 13:30:29.009718868 +0200
@@ -18,6 +18,7 @@
 
 import com.google.gson.JsonElement;
 import com.google.gson.JsonParser;
+import com.google.gson.JsonPrimitive;
 import com.google.gson.stream.JsonToken;
 import java.io.IOException;
 import junit.framework.TestCase;
@@ -298,6 +299,41 @@
     reader.endArray();
   }
 
+  public void testNextJsonElement() throws IOException {
+    final JsonElement element = JsonParser.parseString("{\"A\": 1, \"B\" : {}, \"C\" : []}");
+    JsonTreeReader reader = new JsonTreeReader(element);
+    reader.beginObject();
+    try {
+      reader.nextJsonElement();
+      fail();
+    } catch (IllegalStateException expected) {
+    }
+    reader.nextName();
+    assertEquals(reader.nextJsonElement(), new JsonPrimitive(1));
+    reader.nextName();
+    reader.beginObject();
+    try {
+      reader.nextJsonElement();
+      fail();
+    } catch (IllegalStateException expected) {
+    }
+    reader.endObject();
+    reader.nextName();
+    reader.beginArray();
+    try {
+      reader.nextJsonElement();
+      fail();
+    } catch (IllegalStateException expected) {
+    }
+    reader.endArray();
+    reader.endObject();
+    try {
+      reader.nextJsonElement();
+      fail();
+    } catch (IllegalStateException expected) {
+    }
+  }
+
   public void testEarlyClose() throws IOException {
     JsonElement element = JsonParser.parseString("[1, 2, 3]");
     JsonTreeReader reader = new JsonTreeReader(element);
', pathToJSONDeltaOmega='deltaOmega.json', pathToRepositoryV1='/tmp/v1', pathToRepositoryV2='/tmp/v2', pathToJSONConsideredTestMethodNames='consideredTestMethods.json', pathToExecLinesAdditions='exec_additions.json', pathToExecLinesDeletions='exec_deletions.json', pathToJSONSuspiciousV1='suspicious_v1.json', pathToJSONSuspiciousV2='suspicious_v2.json', pathToReport='.github/workflows/template.md', classpathV1=[/home/spino/.m2/repository/junit/junit/4.13.2/junit-4.13.2.jar, /home/spino/.m2/repository/org/hamcrest/hamcrest-core/1.3/hamcrest-core-1.3.jar, /home/spino/.m2/repository/com/github/wvengen/proguard-maven-plugin/2.4.0/proguard-maven-plugin-2.4.0.jar, /home/spino/.m2/repository/org/apache/ant/ant/1.10.9/ant-1.10.9.jar, /home/spino/.m2/repository/org/apache/ant/ant-launcher/1.10.9/ant-launcher-1.10.9.jar, /home/spino/.m2/repository/org/apache/maven/maven-archiver/2.4/maven-archiver-2.4.jar, /home/spino/.m2/repository/org/apache/maven/maven-artifact/2.0/maven-artifact-2.0.jar, /home/spino/.m2/repository/org/apache/maven/maven-model/2.0/maven-model-2.0.jar, /home/spino/.m2/repository/org/apache/maven/maven-project/2.0/maven-project-2.0.jar, /home/spino/.m2/repository/org/apache/maven/maven-profile/2.0/maven-profile-2.0.jar, /home/spino/.m2/repository/org/apache/maven/maven-artifact-manager/2.0/maven-artifact-manager-2.0.jar, /home/spino/.m2/repository/org/apache/maven/maven-repository-metadata/2.0/maven-repository-metadata-2.0.jar, /home/spino/.m2/repository/org/apache/maven/wagon/wagon-provider-api/1.0-alpha-5/wagon-provider-api-1.0-alpha-5.jar, /home/spino/.m2/repository/org/codehaus/plexus/plexus-container-default/1.0-alpha-8/plexus-container-default-1.0-alpha-8.jar, /home/spino/.m2/repository/classworlds/classworlds/1.1-alpha-2/classworlds-1.1-alpha-2.jar, /home/spino/.m2/repository/org/codehaus/plexus/plexus-archiver/1.0-alpha-11/plexus-archiver-1.0-alpha-11.jar, /home/spino/.m2/repository/org/codehaus/plexus/plexus-component-api/1.0-alpha-15/plexus-component-api-1.0-alpha-15.jar, /home/spino/.m2/repository/org/codehaus/plexus/plexus-io/1.0-alpha-3/plexus-io-1.0-alpha-3.jar, /home/spino/.m2/repository/org/codehaus/plexus/plexus-utils/1.4.9/plexus-utils-1.4.9.jar, /home/spino/.m2/repository/org/codehaus/plexus/plexus-interpolation/1.6/plexus-interpolation-1.6.jar, /home/spino/.m2/repository/commons-io/commons-io/2.7/commons-io-2.7.jar, /home/spino/.m2/repository/org/apache/maven/maven-plugin-api/3.1.1/maven-plugin-api-3.1.1.jar, /home/spino/.m2/repository/org/eclipse/sisu/org.eclipse.sisu.plexus/0.0.0.M5/org.eclipse.sisu.plexus-0.0.0.M5.jar, /home/spino/.m2/repository/javax/enterprise/cdi-api/1.0/cdi-api-1.0.jar, /home/spino/.m2/repository/javax/annotation/jsr250-api/1.0/jsr250-api-1.0.jar, /home/spino/.m2/repository/javax/inject/javax.inject/1/javax.inject-1.jar, /home/spino/.m2/repository/com/google/guava/guava/10.0.1/guava-10.0.1.jar, /home/spino/.m2/repository/com/google/code/findbugs/jsr305/1.3.9/jsr305-1.3.9.jar, /home/spino/.m2/repository/org/sonatype/sisu/sisu-guice/3.1.0/sisu-guice-3.1.0-no_aop.jar, /home/spino/.m2/repository/aopalliance/aopalliance/1.0/aopalliance-1.0.jar, /home/spino/.m2/repository/org/eclipse/sisu/org.eclipse.sisu.inject/0.0.0.M5/org.eclipse.sisu.inject-0.0.0.M5.jar, /home/spino/.m2/repository/org/codehaus/plexus/plexus-component-annotations/1.5.5/plexus-component-annotations-1.5.5.jar, /home/spino/.m2/repository/org/codehaus/plexus/plexus-classworlds/2.4/plexus-classworlds-2.4.jar], classpathV2=[/home/spino/.m2/repository/junit/junit/4.13.2/junit-4.13.2.jar, /home/spino/.m2/repository/org/hamcrest/hamcrest-core/1.3/hamcrest-core-1.3.jar, /home/spino/.m2/repository/com/github/wvengen/proguard-maven-plugin/2.4.0/proguard-maven-plugin-2.4.0.jar, /home/spino/.m2/repository/org/apache/ant/ant/1.10.9/ant-1.10.9.jar, /home/spino/.m2/repository/org/apache/ant/ant-launcher/1.10.9/ant-launcher-1.10.9.jar, /home/spino/.m2/repository/org/apache/maven/maven-archiver/2.4/maven-archiver-2.4.jar, /home/spino/.m2/repository/org/apache/maven/maven-artifact/2.0/maven-artifact-2.0.jar, /home/spino/.m2/repository/org/apache/maven/maven-model/2.0/maven-model-2.0.jar, /home/spino/.m2/repository/org/apache/maven/maven-project/2.0/maven-project-2.0.jar, /home/spino/.m2/repository/org/apache/maven/maven-profile/2.0/maven-profile-2.0.jar, /home/spino/.m2/repository/org/apache/maven/maven-artifact-manager/2.0/maven-artifact-manager-2.0.jar, /home/spino/.m2/repository/org/apache/maven/maven-repository-metadata/2.0/maven-repository-metadata-2.0.jar, /home/spino/.m2/repository/org/apache/maven/wagon/wagon-provider-api/1.0-alpha-5/wagon-provider-api-1.0-alpha-5.jar, /home/spino/.m2/repository/org/codehaus/plexus/plexus-container-default/1.0-alpha-8/plexus-container-default-1.0-alpha-8.jar, /home/spino/.m2/repository/classworlds/classworlds/1.1-alpha-2/classworlds-1.1-alpha-2.jar, /home/spino/.m2/repository/org/codehaus/plexus/plexus-archiver/1.0-alpha-11/plexus-archiver-1.0-alpha-11.jar, /home/spino/.m2/repository/org/codehaus/plexus/plexus-component-api/1.0-alpha-15/plexus-component-api-1.0-alpha-15.jar, /home/spino/.m2/repository/org/codehaus/plexus/plexus-io/1.0-alpha-3/plexus-io-1.0-alpha-3.jar, /home/spino/.m2/repository/org/codehaus/plexus/plexus-utils/1.4.9/plexus-utils-1.4.9.jar, /home/spino/.m2/repository/org/codehaus/plexus/plexus-interpolation/1.6/plexus-interpolation-1.6.jar, /home/spino/.m2/repository/commons-io/commons-io/2.7/commons-io-2.7.jar, /home/spino/.m2/repository/org/apache/maven/maven-plugin-api/3.1.1/maven-plugin-api-3.1.1.jar, /home/spino/.m2/repository/org/eclipse/sisu/org.eclipse.sisu.plexus/0.0.0.M5/org.eclipse.sisu.plexus-0.0.0.M5.jar, /home/spino/.m2/repository/javax/enterprise/cdi-api/1.0/cdi-api-1.0.jar, /home/spino/.m2/repository/javax/annotation/jsr250-api/1.0/jsr250-api-1.0.jar, /home/spino/.m2/repository/javax/inject/javax.inject/1/javax.inject-1.jar, /home/spino/.m2/repository/com/google/guava/guava/10.0.1/guava-10.0.1.jar, /home/spino/.m2/repository/com/google/code/findbugs/jsr305/1.3.9/jsr305-1.3.9.jar, /home/spino/.m2/repository/org/sonatype/sisu/sisu-guice/3.1.0/sisu-guice-3.1.0-no_aop.jar, /home/spino/.m2/repository/aopalliance/aopalliance/1.0/aopalliance-1.0.jar, /home/spino/.m2/repository/org/eclipse/sisu/org.eclipse.sisu.inject/0.0.0.M5/org.eclipse.sisu.inject-0.0.0.M5.jar, /home/spino/.m2/repository/org/codehaus/plexus/plexus-component-annotations/1.5.5/plexus-component-annotations-1.5.5.jar, /home/spino/.m2/repository/org/codehaus/plexus/plexus-classworlds/2.4/plexus-classworlds-2.4.jar], classpathV1AsString='/home/spino/.m2/repository/junit/junit/4.13.2/junit-4.13.2.jar:/home/spino/.m2/repository/org/hamcrest/hamcrest-core/1.3/hamcrest-core-1.3.jar:/home/spino/.m2/repository/com/github/wvengen/proguard-maven-plugin/2.4.0/proguard-maven-plugin-2.4.0.jar:/home/spino/.m2/repository/org/apache/ant/ant/1.10.9/ant-1.10.9.jar:/home/spino/.m2/repository/org/apache/ant/ant-launcher/1.10.9/ant-launcher-1.10.9.jar:/home/spino/.m2/repository/org/apache/maven/maven-archiver/2.4/maven-archiver-2.4.jar:/home/spino/.m2/repository/org/apache/maven/maven-artifact/2.0/maven-artifact-2.0.jar:/home/spino/.m2/repository/org/apache/maven/maven-model/2.0/maven-model-2.0.jar:/home/spino/.m2/repository/org/apache/maven/maven-project/2.0/maven-project-2.0.jar:/home/spino/.m2/repository/org/apache/maven/maven-profile/2.0/maven-profile-2.0.jar:/home/spino/.m2/repository/org/apache/maven/maven-artifact-manager/2.0/maven-artifact-manager-2.0.jar:/home/spino/.m2/repository/org/apache/maven/maven-repository-metadata/2.0/maven-repository-metadata-2.0.jar:/home/spino/.m2/repository/org/apache/maven/wagon/wagon-provider-api/1.0-alpha-5/wagon-provider-api-1.0-alpha-5.jar:/home/spino/.m2/repository/org/codehaus/plexus/plexus-container-default/1.0-alpha-8/plexus-container-default-1.0-alpha-8.jar:/home/spino/.m2/repository/classworlds/classworlds/1.1-alpha-2/classworlds-1.1-alpha-2.jar:/home/spino/.m2/repository/org/codehaus/plexus/plexus-archiver/1.0-alpha-11/plexus-archiver-1.0-alpha-11.jar:/home/spino/.m2/repository/org/codehaus/plexus/plexus-component-api/1.0-alpha-15/plexus-component-api-1.0-alpha-15.jar:/home/spino/.m2/repository/org/codehaus/plexus/plexus-io/1.0-alpha-3/plexus-io-1.0-alpha-3.jar:/home/spino/.m2/repository/org/codehaus/plexus/plexus-utils/1.4.9/plexus-utils-1.4.9.jar:/home/spino/.m2/repository/org/codehaus/plexus/plexus-interpolation/1.6/plexus-interpolation-1.6.jar:/home/spino/.m2/repository/commons-io/commons-io/2.7/commons-io-2.7.jar:/home/spino/.m2/repository/org/apache/maven/maven-plugin-api/3.1.1/maven-plugin-api-3.1.1.jar:/home/spino/.m2/repository/org/eclipse/sisu/org.eclipse.sisu.plexus/0.0.0.M5/org.eclipse.sisu.plexus-0.0.0.M5.jar:/home/spino/.m2/repository/javax/enterprise/cdi-api/1.0/cdi-api-1.0.jar:/home/spino/.m2/repository/javax/annotation/jsr250-api/1.0/jsr250-api-1.0.jar:/home/spino/.m2/repository/javax/inject/javax.inject/1/javax.inject-1.jar:/home/spino/.m2/repository/com/google/guava/guava/10.0.1/guava-10.0.1.jar:/home/spino/.m2/repository/com/google/code/findbugs/jsr305/1.3.9/jsr305-1.3.9.jar:/home/spino/.m2/repository/org/sonatype/sisu/sisu-guice/3.1.0/sisu-guice-3.1.0-no_aop.jar:/home/spino/.m2/repository/aopalliance/aopalliance/1.0/aopalliance-1.0.jar:/home/spino/.m2/repository/org/eclipse/sisu/org.eclipse.sisu.inject/0.0.0.M5/org.eclipse.sisu.inject-0.0.0.M5.jar:/home/spino/.m2/repository/org/codehaus/plexus/plexus-component-annotations/1.5.5/plexus-component-annotations-1.5.5.jar:/home/spino/.m2/repository/org/codehaus/plexus/plexus-classworlds/2.4/plexus-classworlds-2.4.jar', classpathV2AsString='/home/spino/.m2/repository/junit/junit/4.13.2/junit-4.13.2.jar:/home/spino/.m2/repository/org/hamcrest/hamcrest-core/1.3/hamcrest-core-1.3.jar:/home/spino/.m2/repository/com/github/wvengen/proguard-maven-plugin/2.4.0/proguard-maven-plugin-2.4.0.jar:/home/spino/.m2/repository/org/apache/ant/ant/1.10.9/ant-1.10.9.jar:/home/spino/.m2/repository/org/apache/ant/ant-launcher/1.10.9/ant-launcher-1.10.9.jar:/home/spino/.m2/repository/org/apache/maven/maven-archiver/2.4/maven-archiver-2.4.jar:/home/spino/.m2/repository/org/apache/maven/maven-artifact/2.0/maven-artifact-2.0.jar:/home/spino/.m2/repository/org/apache/maven/maven-model/2.0/maven-model-2.0.jar:/home/spino/.m2/repository/org/apache/maven/maven-project/2.0/maven-project-2.0.jar:/home/spino/.m2/repository/org/apache/maven/maven-profile/2.0/maven-profile-2.0.jar:/home/spino/.m2/repository/org/apache/maven/maven-artifact-manager/2.0/maven-artifact-manager-2.0.jar:/home/spino/.m2/repository/org/apache/maven/maven-repository-metadata/2.0/maven-repository-metadata-2.0.jar:/home/spino/.m2/repository/org/apache/maven/wagon/wagon-provider-api/1.0-alpha-5/wagon-provider-api-1.0-alpha-5.jar:/home/spino/.m2/repository/org/codehaus/plexus/plexus-container-default/1.0-alpha-8/plexus-container-default-1.0-alpha-8.jar:/home/spino/.m2/repository/classworlds/classworlds/1.1-alpha-2/classworlds-1.1-alpha-2.jar:/home/spino/.m2/repository/org/codehaus/plexus/plexus-archiver/1.0-alpha-11/plexus-archiver-1.0-alpha-11.jar:/home/spino/.m2/repository/org/codehaus/plexus/plexus-component-api/1.0-alpha-15/plexus-component-api-1.0-alpha-15.jar:/home/spino/.m2/repository/org/codehaus/plexus/plexus-io/1.0-alpha-3/plexus-io-1.0-alpha-3.jar:/home/spino/.m2/repository/org/codehaus/plexus/plexus-utils/1.4.9/plexus-utils-1.4.9.jar:/home/spino/.m2/repository/org/codehaus/plexus/plexus-interpolation/1.6/plexus-interpolation-1.6.jar:/home/spino/.m2/repository/commons-io/commons-io/2.7/commons-io-2.7.jar:/home/spino/.m2/repository/org/apache/maven/maven-plugin-api/3.1.1/maven-plugin-api-3.1.1.jar:/home/spino/.m2/repository/org/eclipse/sisu/org.eclipse.sisu.plexus/0.0.0.M5/org.eclipse.sisu.plexus-0.0.0.M5.jar:/home/spino/.m2/repository/javax/enterprise/cdi-api/1.0/cdi-api-1.0.jar:/home/spino/.m2/repository/javax/annotation/jsr250-api/1.0/jsr250-api-1.0.jar:/home/spino/.m2/repository/javax/inject/javax.inject/1/javax.inject-1.jar:/home/spino/.m2/repository/com/google/guava/guava/10.0.1/guava-10.0.1.jar:/home/spino/.m2/repository/com/google/code/findbugs/jsr305/1.3.9/jsr305-1.3.9.jar:/home/spino/.m2/repository/org/sonatype/sisu/sisu-guice/3.1.0/sisu-guice-3.1.0-no_aop.jar:/home/spino/.m2/repository/aopalliance/aopalliance/1.0/aopalliance-1.0.jar:/home/spino/.m2/repository/org/eclipse/sisu/org.eclipse.sisu.inject/0.0.0.M5/org.eclipse.sisu.inject-0.0.0.M5.jar:/home/spino/.m2/repository/org/codehaus/plexus/plexus-component-annotations/1.5.5/plexus-component-annotations-1.5.5.jar:/home/spino/.m2/repository/org/codehaus/plexus/plexus-classworlds/2.4/plexus-classworlds-2.4.jar', testsList={com.google.gson.functional.TypeHierarchyAdapterTest=[testTypeHierarchy]}, dataV1=null, dataV2=null, deltas=null, consideredTestsNames=null, execLinesAdditions=null, execLinesDeletions=null, deltaOmega=null, scorePerLineV1=null, scorePerLineV2=null, ownConsumptionReports={selection={instructions=2206030, package-0/dram|uJ=154598238, package-0|uJ=2199845137, cycles=3885358, duration|ns=106797976028, branches=410151, dram|mW=1447, cache-misses=19183, device|mW=22045, package|uJ=2199845137, branch-misses=30552, package-0/dram|mW=1447, dram|uJ=154598238, cache-reference=102070, device|uJ=2354443375, package-0|mW=20598, package|mW=20598}}, reportEnum=NONE}
[info] Instrument version before commit...
[info] Run on /tmp/v1/gson
[WARNING] warning: @SafeVarargs annotation cannot be applied to non-final instance method assertIterationOrder at /tmp/v1/gson/src/test/java/com/google/gson/internal/LinkedHashTreeMapTest.java:284
[WARNING] warning: @SafeVarargs annotation cannot be applied to non-final instance method assertIterationOrder at /tmp/v1/gson/src/test/java/com/google/gson/internal/LinkedTreeMapTest.java:144
[INFO] fr.davidson.diff.jjoules.instrumentation.process.junit4.JJoulesProcessor
[INFO] 1 instrumented test classes have been printed!
[INFO] Injecting JUnit-Jjoules in /tmp/v1/gson/pom.xml
[INFO] Output new POM file in /tmp/v1/gson/pom.xml
[info] Instrument version after commit...
[info] Run on /tmp/v2/gson/
[WARNING] warning: @SafeVarargs annotation cannot be applied to non-final instance method assertIterationOrder at /tmp/v2/gson/src/test/java/com/google/gson/internal/LinkedTreeMapTest.java:144
[WARNING] warning: @SafeVarargs annotation cannot be applied to non-final instance method assertIterationOrder at /tmp/v2/gson/src/test/java/com/google/gson/internal/LinkedHashTreeMapTest.java:284
[INFO] fr.davidson.diff.jjoules.instrumentation.process.junit4.JJoulesProcessor
[INFO] 1 instrumented test classes have been printed!
[INFO] Injecting JUnit-Jjoules in /tmp/v2/gson//pom.xml
[INFO] Output new POM file in /tmp/v2/gson//pom.xml
[INFO] mvn -f /tmp/v2/gson/ clean test -DskipTests dependency:build-classpath --quiet -Dcobertura.skip=true -Dlicense.skip=true -Dfindbugs.skip=true -Danimal.sniffer.skip=true -Djacoco.skip=true -Dcheckstyle.skip=true -Dproguard.skip=true -Dmdep.outputFile=classpath -DskipITs=true -Drat.skip=true -Denforcer.skip=true -Dgpg.skip=true
[WARN] Maven will be executed in interactive mode, but no input stream has been configured for this MavenInvoker instance.
WARNING: An illegal reflective access operation has occurred
WARNING: Illegal reflective access by com.google.inject.internal.cglib.core.$ReflectUtils$1 (file:/usr/share/maven/lib/guice.jar) to method java.lang.ClassLoader.defineClass(java.lang.String,byte[],int,int,java.security.ProtectionDomain)
WARNING: Please consider reporting this to the maintainers of com.google.inject.internal.cglib.core.$ReflectUtils$1
WARNING: Use --illegal-access=warn to enable warnings of further illegal reflective access operations
WARNING: All illegal access operations will be denied in a future release
[INFO] mvn -f /tmp/v1/gson/pom.xml clean test -DskipTests dependency:build-classpath --quiet -Dcobertura.skip=true -Dlicense.skip=true -Dfindbugs.skip=true -Danimal.sniffer.skip=true -Djacoco.skip=true -Dcheckstyle.skip=true -Dproguard.skip=true -Dmdep.outputFile=classpath -DskipITs=true -Drat.skip=true -Denforcer.skip=true -Dgpg.skip=true
[WARN] Specified base directory (/tmp/v1/gson/pom.xml) is a file. Using its parent directory...
[WARN] Maven will be executed in interactive mode, but no input stream has been configured for this MavenInvoker instance.
WARNING: An illegal reflective access operation has occurred
WARNING: Illegal reflective access by com.google.inject.internal.cglib.core.$ReflectUtils$1 (file:/usr/share/maven/lib/guice.jar) to method java.lang.ClassLoader.defineClass(java.lang.String,byte[],int,int,java.security.ProtectionDomain)
WARNING: Please consider reporting this to the maintainers of com.google.inject.internal.cglib.core.$ReflectUtils$1
WARNING: Use --illegal-access=warn to enable warnings of further illegal reflective access operations
WARNING: All illegal access operations will be denied in a future release
[info] Run Delta - Configuration{pathToFirstVersion='/tmp/v1/gson', pathToSecondVersion='/tmp/v2/gson/', pathToTestListAsCSV='/tmp/v1/gson/testsThatExecuteTheChange.csv', junit4=true, iterations=5, output='/tmp/v1/gson/diff-jjoules', pathToJSONDelta='deltas.json', pathToJSONDataV1='data_v1.json', pathToJSONDataV2='data_v2.json', diff='diff -ru /tmp/v1/gson/src/main/java/com/google/gson/internal/bind/JsonTreeReader.java /tmp/v2/gson/src/main/java/com/google/gson/internal/bind/JsonTreeReader.java
--- /tmp/v1/gson/src/main/java/com/google/gson/internal/bind/JsonTreeReader.java	2021-09-24 14:01:31.985446068 +0200
+++ /tmp/v2/gson/src/main/java/com/google/gson/internal/bind/JsonTreeReader.java	2021-09-24 14:01:31.989446057 +0200
@@ -250,8 +250,14 @@
   }
 
   JsonElement nextJsonElement() throws IOException {
-    if (peek() == JsonToken.NAME) {
-      throw new IllegalStateException("Can't turn a name into a JsonElement");
+    final JsonToken peeked = peek();
+    if (
+      peeked == JsonToken.NAME
+      || peeked == JsonToken.END_ARRAY
+      || peeked == JsonToken.END_OBJECT
+      || peeked == JsonToken.END_DOCUMENT
+    ) {
+      throw new IllegalStateException("Unexpected " + peeked + " when reading a JsonElement.");
     }
     final JsonElement element = (JsonElement) peekStack();
     skipValue();
diff -ru /tmp/v1/gson/src/test/java/com/google/gson/internal/bind/JsonElementReaderTest.java /tmp/v2/gson/src/test/java/com/google/gson/internal/bind/JsonElementReaderTest.java
--- /tmp/v1/gson/src/test/java/com/google/gson/internal/bind/JsonElementReaderTest.java	2021-09-24 14:01:31.985446068 +0200
+++ /tmp/v2/gson/src/test/java/com/google/gson/internal/bind/JsonElementReaderTest.java	2021-09-24 13:30:29.009718868 +0200
@@ -18,6 +18,7 @@
 
 import com.google.gson.JsonElement;
 import com.google.gson.JsonParser;
+import com.google.gson.JsonPrimitive;
 import com.google.gson.stream.JsonToken;
 import java.io.IOException;
 import junit.framework.TestCase;
@@ -298,6 +299,41 @@
     reader.endArray();
   }
 
+  public void testNextJsonElement() throws IOException {
+    final JsonElement element = JsonParser.parseString("{\"A\": 1, \"B\" : {}, \"C\" : []}");
+    JsonTreeReader reader = new JsonTreeReader(element);
+    reader.beginObject();
+    try {
+      reader.nextJsonElement();
+      fail();
+    } catch (IllegalStateException expected) {
+    }
+    reader.nextName();
+    assertEquals(reader.nextJsonElement(), new JsonPrimitive(1));
+    reader.nextName();
+    reader.beginObject();
+    try {
+      reader.nextJsonElement();
+      fail();
+    } catch (IllegalStateException expected) {
+    }
+    reader.endObject();
+    reader.nextName();
+    reader.beginArray();
+    try {
+      reader.nextJsonElement();
+      fail();
+    } catch (IllegalStateException expected) {
+    }
+    reader.endArray();
+    reader.endObject();
+    try {
+      reader.nextJsonElement();
+      fail();
+    } catch (IllegalStateException expected) {
+    }
+  }
+
   public void testEarlyClose() throws IOException {
     JsonElement element = JsonParser.parseString("[1, 2, 3]");
     JsonTreeReader reader = new JsonTreeReader(element);
', pathToJSONDeltaOmega='deltaOmega.json', pathToRepositoryV1='/tmp/v1', pathToRepositoryV2='/tmp/v2', pathToJSONConsideredTestMethodNames='consideredTestMethods.json', pathToExecLinesAdditions='exec_additions.json', pathToExecLinesDeletions='exec_deletions.json', pathToJSONSuspiciousV1='suspicious_v1.json', pathToJSONSuspiciousV2='suspicious_v2.json', pathToReport='.github/workflows/template.md', classpathV1=[/home/spino/.m2/repository/junit/junit/4.13.2/junit-4.13.2.jar, /home/spino/.m2/repository/org/hamcrest/hamcrest-core/1.3/hamcrest-core-1.3.jar, /home/spino/.m2/repository/com/github/wvengen/proguard-maven-plugin/2.4.0/proguard-maven-plugin-2.4.0.jar, /home/spino/.m2/repository/org/apache/ant/ant/1.10.9/ant-1.10.9.jar, /home/spino/.m2/repository/org/apache/ant/ant-launcher/1.10.9/ant-launcher-1.10.9.jar, /home/spino/.m2/repository/org/apache/maven/maven-archiver/2.4/maven-archiver-2.4.jar, /home/spino/.m2/repository/org/apache/maven/maven-artifact/2.0/maven-artifact-2.0.jar, /home/spino/.m2/repository/org/apache/maven/maven-model/2.0/maven-model-2.0.jar, /home/spino/.m2/repository/org/apache/maven/maven-project/2.0/maven-project-2.0.jar, /home/spino/.m2/repository/org/apache/maven/maven-profile/2.0/maven-profile-2.0.jar, /home/spino/.m2/repository/org/apache/maven/maven-artifact-manager/2.0/maven-artifact-manager-2.0.jar, /home/spino/.m2/repository/org/apache/maven/maven-repository-metadata/2.0/maven-repository-metadata-2.0.jar, /home/spino/.m2/repository/org/apache/maven/wagon/wagon-provider-api/1.0-alpha-5/wagon-provider-api-1.0-alpha-5.jar, /home/spino/.m2/repository/org/codehaus/plexus/plexus-container-default/1.0-alpha-8/plexus-container-default-1.0-alpha-8.jar, /home/spino/.m2/repository/classworlds/classworlds/1.1-alpha-2/classworlds-1.1-alpha-2.jar, /home/spino/.m2/repository/org/codehaus/plexus/plexus-archiver/1.0-alpha-11/plexus-archiver-1.0-alpha-11.jar, /home/spino/.m2/repository/org/codehaus/plexus/plexus-component-api/1.0-alpha-15/plexus-component-api-1.0-alpha-15.jar, /home/spino/.m2/repository/org/codehaus/plexus/plexus-io/1.0-alpha-3/plexus-io-1.0-alpha-3.jar, /home/spino/.m2/repository/org/codehaus/plexus/plexus-utils/1.4.9/plexus-utils-1.4.9.jar, /home/spino/.m2/repository/org/codehaus/plexus/plexus-interpolation/1.6/plexus-interpolation-1.6.jar, /home/spino/.m2/repository/commons-io/commons-io/2.7/commons-io-2.7.jar, /home/spino/.m2/repository/org/apache/maven/maven-plugin-api/3.1.1/maven-plugin-api-3.1.1.jar, /home/spino/.m2/repository/org/eclipse/sisu/org.eclipse.sisu.plexus/0.0.0.M5/org.eclipse.sisu.plexus-0.0.0.M5.jar, /home/spino/.m2/repository/javax/enterprise/cdi-api/1.0/cdi-api-1.0.jar, /home/spino/.m2/repository/javax/annotation/jsr250-api/1.0/jsr250-api-1.0.jar, /home/spino/.m2/repository/javax/inject/javax.inject/1/javax.inject-1.jar, /home/spino/.m2/repository/com/google/guava/guava/10.0.1/guava-10.0.1.jar, /home/spino/.m2/repository/com/google/code/findbugs/jsr305/1.3.9/jsr305-1.3.9.jar, /home/spino/.m2/repository/org/sonatype/sisu/sisu-guice/3.1.0/sisu-guice-3.1.0-no_aop.jar, /home/spino/.m2/repository/aopalliance/aopalliance/1.0/aopalliance-1.0.jar, /home/spino/.m2/repository/org/eclipse/sisu/org.eclipse.sisu.inject/0.0.0.M5/org.eclipse.sisu.inject-0.0.0.M5.jar, /home/spino/.m2/repository/org/codehaus/plexus/plexus-component-annotations/1.5.5/plexus-component-annotations-1.5.5.jar, /home/spino/.m2/repository/org/codehaus/plexus/plexus-classworlds/2.4/plexus-classworlds-2.4.jar, /home/spino/.m2/repository/org/powerapi/jjoules/junit-jjoules/1.0-SNAPSHOT/junit-jjoules-1.0-SNAPSHOT.jar, /home/spino/.m2/repository/org/junit/jupiter/junit-jupiter-api/5.6.2/junit-jupiter-api-5.6.2.jar, /home/spino/.m2/repository/org/apiguardian/apiguardian-api/1.1.0/apiguardian-api-1.1.0.jar, /home/spino/.m2/repository/org/opentest4j/opentest4j/1.2.0/opentest4j-1.2.0.jar, /home/spino/.m2/repository/org/junit/platform/junit-platform-commons/1.6.2/junit-platform-commons-1.6.2.jar, /home/spino/.m2/repository/org/powerapi/jjoules/j-joules/1.0-SNAPSHOT/j-joules-1.0-SNAPSHOT.jar], classpathV2=[/home/spino/.m2/repository/junit/junit/4.13.2/junit-4.13.2.jar, /home/spino/.m2/repository/org/hamcrest/hamcrest-core/1.3/hamcrest-core-1.3.jar, /home/spino/.m2/repository/com/github/wvengen/proguard-maven-plugin/2.4.0/proguard-maven-plugin-2.4.0.jar, /home/spino/.m2/repository/org/apache/ant/ant/1.10.9/ant-1.10.9.jar, /home/spino/.m2/repository/org/apache/ant/ant-launcher/1.10.9/ant-launcher-1.10.9.jar, /home/spino/.m2/repository/org/apache/maven/maven-archiver/2.4/maven-archiver-2.4.jar, /home/spino/.m2/repository/org/apache/maven/maven-artifact/2.0/maven-artifact-2.0.jar, /home/spino/.m2/repository/org/apache/maven/maven-model/2.0/maven-model-2.0.jar, /home/spino/.m2/repository/org/apache/maven/maven-project/2.0/maven-project-2.0.jar, /home/spino/.m2/repository/org/apache/maven/maven-profile/2.0/maven-profile-2.0.jar, /home/spino/.m2/repository/org/apache/maven/maven-artifact-manager/2.0/maven-artifact-manager-2.0.jar, /home/spino/.m2/repository/org/apache/maven/maven-repository-metadata/2.0/maven-repository-metadata-2.0.jar, /home/spino/.m2/repository/org/apache/maven/wagon/wagon-provider-api/1.0-alpha-5/wagon-provider-api-1.0-alpha-5.jar, /home/spino/.m2/repository/org/codehaus/plexus/plexus-container-default/1.0-alpha-8/plexus-container-default-1.0-alpha-8.jar, /home/spino/.m2/repository/classworlds/classworlds/1.1-alpha-2/classworlds-1.1-alpha-2.jar, /home/spino/.m2/repository/org/codehaus/plexus/plexus-archiver/1.0-alpha-11/plexus-archiver-1.0-alpha-11.jar, /home/spino/.m2/repository/org/codehaus/plexus/plexus-component-api/1.0-alpha-15/plexus-component-api-1.0-alpha-15.jar, /home/spino/.m2/repository/org/codehaus/plexus/plexus-io/1.0-alpha-3/plexus-io-1.0-alpha-3.jar, /home/spino/.m2/repository/org/codehaus/plexus/plexus-utils/1.4.9/plexus-utils-1.4.9.jar, /home/spino/.m2/repository/org/codehaus/plexus/plexus-interpolation/1.6/plexus-interpolation-1.6.jar, /home/spino/.m2/repository/commons-io/commons-io/2.7/commons-io-2.7.jar, /home/spino/.m2/repository/org/apache/maven/maven-plugin-api/3.1.1/maven-plugin-api-3.1.1.jar, /home/spino/.m2/repository/org/eclipse/sisu/org.eclipse.sisu.plexus/0.0.0.M5/org.eclipse.sisu.plexus-0.0.0.M5.jar, /home/spino/.m2/repository/javax/enterprise/cdi-api/1.0/cdi-api-1.0.jar, /home/spino/.m2/repository/javax/annotation/jsr250-api/1.0/jsr250-api-1.0.jar, /home/spino/.m2/repository/javax/inject/javax.inject/1/javax.inject-1.jar, /home/spino/.m2/repository/com/google/guava/guava/10.0.1/guava-10.0.1.jar, /home/spino/.m2/repository/com/google/code/findbugs/jsr305/1.3.9/jsr305-1.3.9.jar, /home/spino/.m2/repository/org/sonatype/sisu/sisu-guice/3.1.0/sisu-guice-3.1.0-no_aop.jar, /home/spino/.m2/repository/aopalliance/aopalliance/1.0/aopalliance-1.0.jar, /home/spino/.m2/repository/org/eclipse/sisu/org.eclipse.sisu.inject/0.0.0.M5/org.eclipse.sisu.inject-0.0.0.M5.jar, /home/spino/.m2/repository/org/codehaus/plexus/plexus-component-annotations/1.5.5/plexus-component-annotations-1.5.5.jar, /home/spino/.m2/repository/org/codehaus/plexus/plexus-classworlds/2.4/plexus-classworlds-2.4.jar, /home/spino/.m2/repository/org/powerapi/jjoules/junit-jjoules/1.0-SNAPSHOT/junit-jjoules-1.0-SNAPSHOT.jar, /home/spino/.m2/repository/org/junit/jupiter/junit-jupiter-api/5.6.2/junit-jupiter-api-5.6.2.jar, /home/spino/.m2/repository/org/apiguardian/apiguardian-api/1.1.0/apiguardian-api-1.1.0.jar, /home/spino/.m2/repository/org/opentest4j/opentest4j/1.2.0/opentest4j-1.2.0.jar, /home/spino/.m2/repository/org/junit/platform/junit-platform-commons/1.6.2/junit-platform-commons-1.6.2.jar, /home/spino/.m2/repository/org/powerapi/jjoules/j-joules/1.0-SNAPSHOT/j-joules-1.0-SNAPSHOT.jar], classpathV1AsString='/home/spino/.m2/repository/junit/junit/4.13.2/junit-4.13.2.jar:/home/spino/.m2/repository/org/hamcrest/hamcrest-core/1.3/hamcrest-core-1.3.jar:/home/spino/.m2/repository/com/github/wvengen/proguard-maven-plugin/2.4.0/proguard-maven-plugin-2.4.0.jar:/home/spino/.m2/repository/org/apache/ant/ant/1.10.9/ant-1.10.9.jar:/home/spino/.m2/repository/org/apache/ant/ant-launcher/1.10.9/ant-launcher-1.10.9.jar:/home/spino/.m2/repository/org/apache/maven/maven-archiver/2.4/maven-archiver-2.4.jar:/home/spino/.m2/repository/org/apache/maven/maven-artifact/2.0/maven-artifact-2.0.jar:/home/spino/.m2/repository/org/apache/maven/maven-model/2.0/maven-model-2.0.jar:/home/spino/.m2/repository/org/apache/maven/maven-project/2.0/maven-project-2.0.jar:/home/spino/.m2/repository/org/apache/maven/maven-profile/2.0/maven-profile-2.0.jar:/home/spino/.m2/repository/org/apache/maven/maven-artifact-manager/2.0/maven-artifact-manager-2.0.jar:/home/spino/.m2/repository/org/apache/maven/maven-repository-metadata/2.0/maven-repository-metadata-2.0.jar:/home/spino/.m2/repository/org/apache/maven/wagon/wagon-provider-api/1.0-alpha-5/wagon-provider-api-1.0-alpha-5.jar:/home/spino/.m2/repository/org/codehaus/plexus/plexus-container-default/1.0-alpha-8/plexus-container-default-1.0-alpha-8.jar:/home/spino/.m2/repository/classworlds/classworlds/1.1-alpha-2/classworlds-1.1-alpha-2.jar:/home/spino/.m2/repository/org/codehaus/plexus/plexus-archiver/1.0-alpha-11/plexus-archiver-1.0-alpha-11.jar:/home/spino/.m2/repository/org/codehaus/plexus/plexus-component-api/1.0-alpha-15/plexus-component-api-1.0-alpha-15.jar:/home/spino/.m2/repository/org/codehaus/plexus/plexus-io/1.0-alpha-3/plexus-io-1.0-alpha-3.jar:/home/spino/.m2/repository/org/codehaus/plexus/plexus-utils/1.4.9/plexus-utils-1.4.9.jar:/home/spino/.m2/repository/org/codehaus/plexus/plexus-interpolation/1.6/plexus-interpolation-1.6.jar:/home/spino/.m2/repository/commons-io/commons-io/2.7/commons-io-2.7.jar:/home/spino/.m2/repository/org/apache/maven/maven-plugin-api/3.1.1/maven-plugin-api-3.1.1.jar:/home/spino/.m2/repository/org/eclipse/sisu/org.eclipse.sisu.plexus/0.0.0.M5/org.eclipse.sisu.plexus-0.0.0.M5.jar:/home/spino/.m2/repository/javax/enterprise/cdi-api/1.0/cdi-api-1.0.jar:/home/spino/.m2/repository/javax/annotation/jsr250-api/1.0/jsr250-api-1.0.jar:/home/spino/.m2/repository/javax/inject/javax.inject/1/javax.inject-1.jar:/home/spino/.m2/repository/com/google/guava/guava/10.0.1/guava-10.0.1.jar:/home/spino/.m2/repository/com/google/code/findbugs/jsr305/1.3.9/jsr305-1.3.9.jar:/home/spino/.m2/repository/org/sonatype/sisu/sisu-guice/3.1.0/sisu-guice-3.1.0-no_aop.jar:/home/spino/.m2/repository/aopalliance/aopalliance/1.0/aopalliance-1.0.jar:/home/spino/.m2/repository/org/eclipse/sisu/org.eclipse.sisu.inject/0.0.0.M5/org.eclipse.sisu.inject-0.0.0.M5.jar:/home/spino/.m2/repository/org/codehaus/plexus/plexus-component-annotations/1.5.5/plexus-component-annotations-1.5.5.jar:/home/spino/.m2/repository/org/codehaus/plexus/plexus-classworlds/2.4/plexus-classworlds-2.4.jar:/home/spino/.m2/repository/org/powerapi/jjoules/junit-jjoules/1.0-SNAPSHOT/junit-jjoules-1.0-SNAPSHOT.jar:/home/spino/.m2/repository/org/junit/jupiter/junit-jupiter-api/5.6.2/junit-jupiter-api-5.6.2.jar:/home/spino/.m2/repository/org/apiguardian/apiguardian-api/1.1.0/apiguardian-api-1.1.0.jar:/home/spino/.m2/repository/org/opentest4j/opentest4j/1.2.0/opentest4j-1.2.0.jar:/home/spino/.m2/repository/org/junit/platform/junit-platform-commons/1.6.2/junit-platform-commons-1.6.2.jar:/home/spino/.m2/repository/org/powerapi/jjoules/j-joules/1.0-SNAPSHOT/j-joules-1.0-SNAPSHOT.jar', classpathV2AsString='/home/spino/.m2/repository/junit/junit/4.13.2/junit-4.13.2.jar:/home/spino/.m2/repository/org/hamcrest/hamcrest-core/1.3/hamcrest-core-1.3.jar:/home/spino/.m2/repository/com/github/wvengen/proguard-maven-plugin/2.4.0/proguard-maven-plugin-2.4.0.jar:/home/spino/.m2/repository/org/apache/ant/ant/1.10.9/ant-1.10.9.jar:/home/spino/.m2/repository/org/apache/ant/ant-launcher/1.10.9/ant-launcher-1.10.9.jar:/home/spino/.m2/repository/org/apache/maven/maven-archiver/2.4/maven-archiver-2.4.jar:/home/spino/.m2/repository/org/apache/maven/maven-artifact/2.0/maven-artifact-2.0.jar:/home/spino/.m2/repository/org/apache/maven/maven-model/2.0/maven-model-2.0.jar:/home/spino/.m2/repository/org/apache/maven/maven-project/2.0/maven-project-2.0.jar:/home/spino/.m2/repository/org/apache/maven/maven-profile/2.0/maven-profile-2.0.jar:/home/spino/.m2/repository/org/apache/maven/maven-artifact-manager/2.0/maven-artifact-manager-2.0.jar:/home/spino/.m2/repository/org/apache/maven/maven-repository-metadata/2.0/maven-repository-metadata-2.0.jar:/home/spino/.m2/repository/org/apache/maven/wagon/wagon-provider-api/1.0-alpha-5/wagon-provider-api-1.0-alpha-5.jar:/home/spino/.m2/repository/org/codehaus/plexus/plexus-container-default/1.0-alpha-8/plexus-container-default-1.0-alpha-8.jar:/home/spino/.m2/repository/classworlds/classworlds/1.1-alpha-2/classworlds-1.1-alpha-2.jar:/home/spino/.m2/repository/org/codehaus/plexus/plexus-archiver/1.0-alpha-11/plexus-archiver-1.0-alpha-11.jar:/home/spino/.m2/repository/org/codehaus/plexus/plexus-component-api/1.0-alpha-15/plexus-component-api-1.0-alpha-15.jar:/home/spino/.m2/repository/org/codehaus/plexus/plexus-io/1.0-alpha-3/plexus-io-1.0-alpha-3.jar:/home/spino/.m2/repository/org/codehaus/plexus/plexus-utils/1.4.9/plexus-utils-1.4.9.jar:/home/spino/.m2/repository/org/codehaus/plexus/plexus-interpolation/1.6/plexus-interpolation-1.6.jar:/home/spino/.m2/repository/commons-io/commons-io/2.7/commons-io-2.7.jar:/home/spino/.m2/repository/org/apache/maven/maven-plugin-api/3.1.1/maven-plugin-api-3.1.1.jar:/home/spino/.m2/repository/org/eclipse/sisu/org.eclipse.sisu.plexus/0.0.0.M5/org.eclipse.sisu.plexus-0.0.0.M5.jar:/home/spino/.m2/repository/javax/enterprise/cdi-api/1.0/cdi-api-1.0.jar:/home/spino/.m2/repository/javax/annotation/jsr250-api/1.0/jsr250-api-1.0.jar:/home/spino/.m2/repository/javax/inject/javax.inject/1/javax.inject-1.jar:/home/spino/.m2/repository/com/google/guava/guava/10.0.1/guava-10.0.1.jar:/home/spino/.m2/repository/com/google/code/findbugs/jsr305/1.3.9/jsr305-1.3.9.jar:/home/spino/.m2/repository/org/sonatype/sisu/sisu-guice/3.1.0/sisu-guice-3.1.0-no_aop.jar:/home/spino/.m2/repository/aopalliance/aopalliance/1.0/aopalliance-1.0.jar:/home/spino/.m2/repository/org/eclipse/sisu/org.eclipse.sisu.inject/0.0.0.M5/org.eclipse.sisu.inject-0.0.0.M5.jar:/home/spino/.m2/repository/org/codehaus/plexus/plexus-component-annotations/1.5.5/plexus-component-annotations-1.5.5.jar:/home/spino/.m2/repository/org/codehaus/plexus/plexus-classworlds/2.4/plexus-classworlds-2.4.jar:/home/spino/.m2/repository/org/powerapi/jjoules/junit-jjoules/1.0-SNAPSHOT/junit-jjoules-1.0-SNAPSHOT.jar:/home/spino/.m2/repository/org/junit/jupiter/junit-jupiter-api/5.6.2/junit-jupiter-api-5.6.2.jar:/home/spino/.m2/repository/org/apiguardian/apiguardian-api/1.1.0/apiguardian-api-1.1.0.jar:/home/spino/.m2/repository/org/opentest4j/opentest4j/1.2.0/opentest4j-1.2.0.jar:/home/spino/.m2/repository/org/junit/platform/junit-platform-commons/1.6.2/junit-platform-commons-1.6.2.jar:/home/spino/.m2/repository/org/powerapi/jjoules/j-joules/1.0-SNAPSHOT/j-joules-1.0-SNAPSHOT.jar', testsList={com.google.gson.functional.TypeHierarchyAdapterTest=[testTypeHierarchy]}, dataV1=null, dataV2=null, deltas=null, consideredTestsNames=null, execLinesAdditions=null, execLinesDeletions=null, deltaOmega=null, scorePerLineV1=null, scorePerLineV2=null, ownConsumptionReports={selection={instructions=2206030, package-0/dram|uJ=154598238, package-0|uJ=2199845137, cycles=3885358, duration|ns=106797976028, branches=410151, dram|mW=1447, cache-misses=19183, device|mW=22045, package|uJ=2199845137, branch-misses=30552, package-0/dram|mW=1447, dram|uJ=154598238, cache-reference=102070, device|uJ=2354443375, package-0|mW=20598, package|mW=20598}, instrumentation={instructions=15639487838, package-0/dram|uJ=19093604, package-0|uJ=282076183, cycles=12601302110, duration|ns=13734659900, branches=2850880055, dram|mW=1390, cache-misses=13036506, device|mW=21927, package|uJ=282076183, branch-misses=81818777, package-0/dram|mW=1390, dram|uJ=19093604, cache-reference=266201681, device|uJ=301169787, package-0|mW=20537, package|mW=20537}}, reportEnum=NONE}
[INFO] Path to runner Classes: /home/spino/.m2/repository/com/github/spoonlabs/flacoco/1.0.0/flacoco-1.0.0-jar-with-dependencies.jar
[INFO] /home/spino/.m2/repository/com/github/spoonlabs/flacoco/1.0.0/flacoco-1.0.0-jar-with-dependencies.jar
[INFO] /home/spino/.m2/repository/com/github/spoonlabs/flacoco/1.0.0/flacoco-1.0.0-jar-with-dependencies.jar
[INFO] /home/spino/.m2/repository/commons-io/commons-io/2.11.0/commons-io-2.11.0.jar
[INFO] /home/spino/.m2/repository/com/github/spoonlabs/flacoco/1.0.0/flacoco-1.0.0-jar-with-dependencies.jar
[INFO] /home/spino/.m2/repository/com/github/spoonlabs/flacoco/1.0.0/flacoco-1.0.0-jar-with-dependencies.jar
[INFO] /home/spino/.m2/repository/com/github/spoonlabs/flacoco/1.0.0/flacoco-1.0.0-jar-with-dependencies.jar
[INFO] /home/spino/.m2/repository/com/github/spoonlabs/flacoco/1.0.0/flacoco-1.0.0-jar-with-dependencies.jar
[INFO] /home/spino/.m2/repository/com/github/spoonlabs/flacoco/1.0.0/flacoco-1.0.0-jar-with-dependencies.jar
[INFO] /home/spino/.m2/repository/com/github/spoonlabs/flacoco/1.0.0/flacoco-1.0.0-jar-with-dependencies.jar
[INFO] /home/spino/.m2/repository/org/junit/jupiter/junit-jupiter-api/5.5.2/junit-jupiter-api-5.5.2.jar
[INFO] /home/spino/.m2/repository/org/opentest4j/opentest4j/1.2.0/opentest4j-1.2.0.jar
[INFO] /tmp/v1/gson
[INFO] Run: [java, -classpath, /home/spino/.m2/repository/junit/junit/4.13.2/junit-4.13.2.jar:/home/spino/.m2/repository/org/hamcrest/hamcrest-core/1.3/hamcrest-core-1.3.jar:/home/spino/.m2/repository/com/github/wvengen/proguard-maven-plugin/2.4.0/proguard-maven-plugin-2.4.0.jar:/home/spino/.m2/repository/org/apache/ant/ant/1.10.9/ant-1.10.9.jar:/home/spino/.m2/repository/org/apache/ant/ant-launcher/1.10.9/ant-launcher-1.10.9.jar:/home/spino/.m2/repository/org/apache/maven/maven-archiver/2.4/maven-archiver-2.4.jar:/home/spino/.m2/repository/org/apache/maven/maven-artifact/2.0/maven-artifact-2.0.jar:/home/spino/.m2/repository/org/apache/maven/maven-model/2.0/maven-model-2.0.jar:/home/spino/.m2/repository/org/apache/maven/maven-project/2.0/maven-project-2.0.jar:/home/spino/.m2/repository/org/apache/maven/maven-profile/2.0/maven-profile-2.0.jar:/home/spino/.m2/repository/org/apache/maven/maven-artifact-manager/2.0/maven-artifact-manager-2.0.jar:/home/spino/.m2/repository/org/apache/maven/maven-repository-metadata/2.0/maven-repository-metadata-2.0.jar:/home/spino/.m2/repository/org/apache/maven/wagon/wagon-provider-api/1.0-alpha-5/wagon-provider-api-1.0-alpha-5.jar:/home/spino/.m2/repository/org/codehaus/plexus/plexus-container-default/1.0-alpha-8/plexus-container-default-1.0-alpha-8.jar:/home/spino/.m2/repository/classworlds/classworlds/1.1-alpha-2/classworlds-1.1-alpha-2.jar:/home/spino/.m2/repository/org/codehaus/plexus/plexus-archiver/1.0-alpha-11/plexus-archiver-1.0-alpha-11.jar:/home/spino/.m2/repository/org/codehaus/plexus/plexus-component-api/1.0-alpha-15/plexus-component-api-1.0-alpha-15.jar:/home/spino/.m2/repository/org/codehaus/plexus/plexus-io/1.0-alpha-3/plexus-io-1.0-alpha-3.jar:/home/spino/.m2/repository/org/codehaus/plexus/plexus-utils/1.4.9/plexus-utils-1.4.9.jar:/home/spino/.m2/repository/org/codehaus/plexus/plexus-interpolation/1.6/plexus-interpolation-1.6.jar:/home/spino/.m2/repository/commons-io/commons-io/2.7/commons-io-2.7.jar:/home/spino/.m2/repository/org/apache/maven/maven-plugin-api/3.1.1/maven-plugin-api-3.1.1.jar:/home/spino/.m2/repository/org/eclipse/sisu/org.eclipse.sisu.plexus/0.0.0.M5/org.eclipse.sisu.plexus-0.0.0.M5.jar:/home/spino/.m2/repository/javax/enterprise/cdi-api/1.0/cdi-api-1.0.jar:/home/spino/.m2/repository/javax/annotation/jsr250-api/1.0/jsr250-api-1.0.jar:/home/spino/.m2/repository/javax/inject/javax.inject/1/javax.inject-1.jar:/home/spino/.m2/repository/com/google/guava/guava/10.0.1/guava-10.0.1.jar:/home/spino/.m2/repository/com/google/code/findbugs/jsr305/1.3.9/jsr305-1.3.9.jar:/home/spino/.m2/repository/org/sonatype/sisu/sisu-guice/3.1.0/sisu-guice-3.1.0-no_aop.jar:/home/spino/.m2/repository/aopalliance/aopalliance/1.0/aopalliance-1.0.jar:/home/spino/.m2/repository/org/eclipse/sisu/org.eclipse.sisu.inject/0.0.0.M5/org.eclipse.sisu.inject-0.0.0.M5.jar:/home/spino/.m2/repository/org/codehaus/plexus/plexus-component-annotations/1.5.5/plexus-component-annotations-1.5.5.jar:/home/spino/.m2/repository/org/codehaus/plexus/plexus-classworlds/2.4/plexus-classworlds-2.4.jar:/home/spino/.m2/repository/org/powerapi/jjoules/junit-jjoules/1.0-SNAPSHOT/junit-jjoules-1.0-SNAPSHOT.jar:/home/spino/.m2/repository/org/junit/jupiter/junit-jupiter-api/5.6.2/junit-jupiter-api-5.6.2.jar:/home/spino/.m2/repository/org/apiguardian/apiguardian-api/1.1.0/apiguardian-api-1.1.0.jar:/home/spino/.m2/repository/org/opentest4j/opentest4j/1.2.0/opentest4j-1.2.0.jar:/home/spino/.m2/repository/org/junit/platform/junit-platform-commons/1.6.2/junit-platform-commons-1.6.2.jar:/home/spino/.m2/repository/org/powerapi/jjoules/j-joules/1.0-SNAPSHOT/j-joules-1.0-SNAPSHOT.jar:/tmp/v1/gson/target/classes:/tmp/v1/gson/target/test-classes:/home/spino/.m2/repository/com/github/spoonlabs/flacoco/1.0.0/flacoco-1.0.0-jar-with-dependencies.jar, eu.stamp_project.testrunner.runner.JUnit4Runner, --class, com.google.gson.functional.TypeHierarchyAdapterTest, --tests, testTypeHierarchy]
[INFO] Test has been run: com.google.gson.functional.TypeHierarchyAdapterTest#testTypeHierarchy
[INFO] Reading json file from /tmp/v1/gson/target/jjoules-reports(/tmp/v1/gson/target/jjoules-reports/com.google.gson.functional.TypeHierarchyAdapterTest-testTypeHierarchy.json)
[INFO] /tmp/v2/gson
[INFO] Run: [java, -classpath, /home/spino/.m2/repository/junit/junit/4.13.2/junit-4.13.2.jar:/home/spino/.m2/repository/org/hamcrest/hamcrest-core/1.3/hamcrest-core-1.3.jar:/home/spino/.m2/repository/com/github/wvengen/proguard-maven-plugin/2.4.0/proguard-maven-plugin-2.4.0.jar:/home/spino/.m2/repository/org/apache/ant/ant/1.10.9/ant-1.10.9.jar:/home/spino/.m2/repository/org/apache/ant/ant-launcher/1.10.9/ant-launcher-1.10.9.jar:/home/spino/.m2/repository/org/apache/maven/maven-archiver/2.4/maven-archiver-2.4.jar:/home/spino/.m2/repository/org/apache/maven/maven-artifact/2.0/maven-artifact-2.0.jar:/home/spino/.m2/repository/org/apache/maven/maven-model/2.0/maven-model-2.0.jar:/home/spino/.m2/repository/org/apache/maven/maven-project/2.0/maven-project-2.0.jar:/home/spino/.m2/repository/org/apache/maven/maven-profile/2.0/maven-profile-2.0.jar:/home/spino/.m2/repository/org/apache/maven/maven-artifact-manager/2.0/maven-artifact-manager-2.0.jar:/home/spino/.m2/repository/org/apache/maven/maven-repository-metadata/2.0/maven-repository-metadata-2.0.jar:/home/spino/.m2/repository/org/apache/maven/wagon/wagon-provider-api/1.0-alpha-5/wagon-provider-api-1.0-alpha-5.jar:/home/spino/.m2/repository/org/codehaus/plexus/plexus-container-default/1.0-alpha-8/plexus-container-default-1.0-alpha-8.jar:/home/spino/.m2/repository/classworlds/classworlds/1.1-alpha-2/classworlds-1.1-alpha-2.jar:/home/spino/.m2/repository/org/codehaus/plexus/plexus-archiver/1.0-alpha-11/plexus-archiver-1.0-alpha-11.jar:/home/spino/.m2/repository/org/codehaus/plexus/plexus-component-api/1.0-alpha-15/plexus-component-api-1.0-alpha-15.jar:/home/spino/.m2/repository/org/codehaus/plexus/plexus-io/1.0-alpha-3/plexus-io-1.0-alpha-3.jar:/home/spino/.m2/repository/org/codehaus/plexus/plexus-utils/1.4.9/plexus-utils-1.4.9.jar:/home/spino/.m2/repository/org/codehaus/plexus/plexus-interpolation/1.6/plexus-interpolation-1.6.jar:/home/spino/.m2/repository/commons-io/commons-io/2.7/commons-io-2.7.jar:/home/spino/.m2/repository/org/apache/maven/maven-plugin-api/3.1.1/maven-plugin-api-3.1.1.jar:/home/spino/.m2/repository/org/eclipse/sisu/org.eclipse.sisu.plexus/0.0.0.M5/org.eclipse.sisu.plexus-0.0.0.M5.jar:/home/spino/.m2/repository/javax/enterprise/cdi-api/1.0/cdi-api-1.0.jar:/home/spino/.m2/repository/javax/annotation/jsr250-api/1.0/jsr250-api-1.0.jar:/home/spino/.m2/repository/javax/inject/javax.inject/1/javax.inject-1.jar:/home/spino/.m2/repository/com/google/guava/guava/10.0.1/guava-10.0.1.jar:/home/spino/.m2/repository/com/google/code/findbugs/jsr305/1.3.9/jsr305-1.3.9.jar:/home/spino/.m2/repository/org/sonatype/sisu/sisu-guice/3.1.0/sisu-guice-3.1.0-no_aop.jar:/home/spino/.m2/repository/aopalliance/aopalliance/1.0/aopalliance-1.0.jar:/home/spino/.m2/repository/org/eclipse/sisu/org.eclipse.sisu.inject/0.0.0.M5/org.eclipse.sisu.inject-0.0.0.M5.jar:/home/spino/.m2/repository/org/codehaus/plexus/plexus-component-annotations/1.5.5/plexus-component-annotations-1.5.5.jar:/home/spino/.m2/repository/org/codehaus/plexus/plexus-classworlds/2.4/plexus-classworlds-2.4.jar:/home/spino/.m2/repository/org/powerapi/jjoules/junit-jjoules/1.0-SNAPSHOT/junit-jjoules-1.0-SNAPSHOT.jar:/home/spino/.m2/repository/org/junit/jupiter/junit-jupiter-api/5.6.2/junit-jupiter-api-5.6.2.jar:/home/spino/.m2/repository/org/apiguardian/apiguardian-api/1.1.0/apiguardian-api-1.1.0.jar:/home/spino/.m2/repository/org/opentest4j/opentest4j/1.2.0/opentest4j-1.2.0.jar:/home/spino/.m2/repository/org/junit/platform/junit-platform-commons/1.6.2/junit-platform-commons-1.6.2.jar:/home/spino/.m2/repository/org/powerapi/jjoules/j-joules/1.0-SNAPSHOT/j-joules-1.0-SNAPSHOT.jar:/tmp/v2/gson//target/classes:/tmp/v2/gson//target/test-classes:/home/spino/.m2/repository/com/github/spoonlabs/flacoco/1.0.0/flacoco-1.0.0-jar-with-dependencies.jar, eu.stamp_project.testrunner.runner.JUnit4Runner, --class, com.google.gson.functional.TypeHierarchyAdapterTest, --tests, testTypeHierarchy]
[INFO] Test has been run: com.google.gson.functional.TypeHierarchyAdapterTest#testTypeHierarchy
[INFO] Reading json file from /tmp/v2/gson/target/jjoules-reports(/tmp/v2/gson/target/jjoules-reports/com.google.gson.functional.TypeHierarchyAdapterTest-testTypeHierarchy.json)
[INFO] /tmp/v1/gson
[INFO] Run: [java, -classpath, /home/spino/.m2/repository/junit/junit/4.13.2/junit-4.13.2.jar:/home/spino/.m2/repository/org/hamcrest/hamcrest-core/1.3/hamcrest-core-1.3.jar:/home/spino/.m2/repository/com/github/wvengen/proguard-maven-plugin/2.4.0/proguard-maven-plugin-2.4.0.jar:/home/spino/.m2/repository/org/apache/ant/ant/1.10.9/ant-1.10.9.jar:/home/spino/.m2/repository/org/apache/ant/ant-launcher/1.10.9/ant-launcher-1.10.9.jar:/home/spino/.m2/repository/org/apache/maven/maven-archiver/2.4/maven-archiver-2.4.jar:/home/spino/.m2/repository/org/apache/maven/maven-artifact/2.0/maven-artifact-2.0.jar:/home/spino/.m2/repository/org/apache/maven/maven-model/2.0/maven-model-2.0.jar:/home/spino/.m2/repository/org/apache/maven/maven-project/2.0/maven-project-2.0.jar:/home/spino/.m2/repository/org/apache/maven/maven-profile/2.0/maven-profile-2.0.jar:/home/spino/.m2/repository/org/apache/maven/maven-artifact-manager/2.0/maven-artifact-manager-2.0.jar:/home/spino/.m2/repository/org/apache/maven/maven-repository-metadata/2.0/maven-repository-metadata-2.0.jar:/home/spino/.m2/repository/org/apache/maven/wagon/wagon-provider-api/1.0-alpha-5/wagon-provider-api-1.0-alpha-5.jar:/home/spino/.m2/repository/org/codehaus/plexus/plexus-container-default/1.0-alpha-8/plexus-container-default-1.0-alpha-8.jar:/home/spino/.m2/repository/classworlds/classworlds/1.1-alpha-2/classworlds-1.1-alpha-2.jar:/home/spino/.m2/repository/org/codehaus/plexus/plexus-archiver/1.0-alpha-11/plexus-archiver-1.0-alpha-11.jar:/home/spino/.m2/repository/org/codehaus/plexus/plexus-component-api/1.0-alpha-15/plexus-component-api-1.0-alpha-15.jar:/home/spino/.m2/repository/org/codehaus/plexus/plexus-io/1.0-alpha-3/plexus-io-1.0-alpha-3.jar:/home/spino/.m2/repository/org/codehaus/plexus/plexus-utils/1.4.9/plexus-utils-1.4.9.jar:/home/spino/.m2/repository/org/codehaus/plexus/plexus-interpolation/1.6/plexus-interpolation-1.6.jar:/home/spino/.m2/repository/commons-io/commons-io/2.7/commons-io-2.7.jar:/home/spino/.m2/repository/org/apache/maven/maven-plugin-api/3.1.1/maven-plugin-api-3.1.1.jar:/home/spino/.m2/repository/org/eclipse/sisu/org.eclipse.sisu.plexus/0.0.0.M5/org.eclipse.sisu.plexus-0.0.0.M5.jar:/home/spino/.m2/repository/javax/enterprise/cdi-api/1.0/cdi-api-1.0.jar:/home/spino/.m2/repository/javax/annotation/jsr250-api/1.0/jsr250-api-1.0.jar:/home/spino/.m2/repository/javax/inject/javax.inject/1/javax.inject-1.jar:/home/spino/.m2/repository/com/google/guava/guava/10.0.1/guava-10.0.1.jar:/home/spino/.m2/repository/com/google/code/findbugs/jsr305/1.3.9/jsr305-1.3.9.jar:/home/spino/.m2/repository/org/sonatype/sisu/sisu-guice/3.1.0/sisu-guice-3.1.0-no_aop.jar:/home/spino/.m2/repository/aopalliance/aopalliance/1.0/aopalliance-1.0.jar:/home/spino/.m2/repository/org/eclipse/sisu/org.eclipse.sisu.inject/0.0.0.M5/org.eclipse.sisu.inject-0.0.0.M5.jar:/home/spino/.m2/repository/org/codehaus/plexus/plexus-component-annotations/1.5.5/plexus-component-annotations-1.5.5.jar:/home/spino/.m2/repository/org/codehaus/plexus/plexus-classworlds/2.4/plexus-classworlds-2.4.jar:/home/spino/.m2/repository/org/powerapi/jjoules/junit-jjoules/1.0-SNAPSHOT/junit-jjoules-1.0-SNAPSHOT.jar:/home/spino/.m2/repository/org/junit/jupiter/junit-jupiter-api/5.6.2/junit-jupiter-api-5.6.2.jar:/home/spino/.m2/repository/org/apiguardian/apiguardian-api/1.1.0/apiguardian-api-1.1.0.jar:/home/spino/.m2/repository/org/opentest4j/opentest4j/1.2.0/opentest4j-1.2.0.jar:/home/spino/.m2/repository/org/junit/platform/junit-platform-commons/1.6.2/junit-platform-commons-1.6.2.jar:/home/spino/.m2/repository/org/powerapi/jjoules/j-joules/1.0-SNAPSHOT/j-joules-1.0-SNAPSHOT.jar:/tmp/v1/gson/target/classes:/tmp/v1/gson/target/test-classes:/home/spino/.m2/repository/com/github/spoonlabs/flacoco/1.0.0/flacoco-1.0.0-jar-with-dependencies.jar, eu.stamp_project.testrunner.runner.JUnit4Runner, --class, com.google.gson.functional.TypeHierarchyAdapterTest, --tests, testTypeHierarchy]
[INFO] Test has been run: com.google.gson.functional.TypeHierarchyAdapterTest#testTypeHierarchy
[INFO] Reading json file from /tmp/v1/gson/target/jjoules-reports(/tmp/v1/gson/target/jjoules-reports/com.google.gson.functional.TypeHierarchyAdapterTest-testTypeHierarchy.json)
[INFO] /tmp/v2/gson
[INFO] Run: [java, -classpath, /home/spino/.m2/repository/junit/junit/4.13.2/junit-4.13.2.jar:/home/spino/.m2/repository/org/hamcrest/hamcrest-core/1.3/hamcrest-core-1.3.jar:/home/spino/.m2/repository/com/github/wvengen/proguard-maven-plugin/2.4.0/proguard-maven-plugin-2.4.0.jar:/home/spino/.m2/repository/org/apache/ant/ant/1.10.9/ant-1.10.9.jar:/home/spino/.m2/repository/org/apache/ant/ant-launcher/1.10.9/ant-launcher-1.10.9.jar:/home/spino/.m2/repository/org/apache/maven/maven-archiver/2.4/maven-archiver-2.4.jar:/home/spino/.m2/repository/org/apache/maven/maven-artifact/2.0/maven-artifact-2.0.jar:/home/spino/.m2/repository/org/apache/maven/maven-model/2.0/maven-model-2.0.jar:/home/spino/.m2/repository/org/apache/maven/maven-project/2.0/maven-project-2.0.jar:/home/spino/.m2/repository/org/apache/maven/maven-profile/2.0/maven-profile-2.0.jar:/home/spino/.m2/repository/org/apache/maven/maven-artifact-manager/2.0/maven-artifact-manager-2.0.jar:/home/spino/.m2/repository/org/apache/maven/maven-repository-metadata/2.0/maven-repository-metadata-2.0.jar:/home/spino/.m2/repository/org/apache/maven/wagon/wagon-provider-api/1.0-alpha-5/wagon-provider-api-1.0-alpha-5.jar:/home/spino/.m2/repository/org/codehaus/plexus/plexus-container-default/1.0-alpha-8/plexus-container-default-1.0-alpha-8.jar:/home/spino/.m2/repository/classworlds/classworlds/1.1-alpha-2/classworlds-1.1-alpha-2.jar:/home/spino/.m2/repository/org/codehaus/plexus/plexus-archiver/1.0-alpha-11/plexus-archiver-1.0-alpha-11.jar:/home/spino/.m2/repository/org/codehaus/plexus/plexus-component-api/1.0-alpha-15/plexus-component-api-1.0-alpha-15.jar:/home/spino/.m2/repository/org/codehaus/plexus/plexus-io/1.0-alpha-3/plexus-io-1.0-alpha-3.jar:/home/spino/.m2/repository/org/codehaus/plexus/plexus-utils/1.4.9/plexus-utils-1.4.9.jar:/home/spino/.m2/repository/org/codehaus/plexus/plexus-interpolation/1.6/plexus-interpolation-1.6.jar:/home/spino/.m2/repository/commons-io/commons-io/2.7/commons-io-2.7.jar:/home/spino/.m2/repository/org/apache/maven/maven-plugin-api/3.1.1/maven-plugin-api-3.1.1.jar:/home/spino/.m2/repository/org/eclipse/sisu/org.eclipse.sisu.plexus/0.0.0.M5/org.eclipse.sisu.plexus-0.0.0.M5.jar:/home/spino/.m2/repository/javax/enterprise/cdi-api/1.0/cdi-api-1.0.jar:/home/spino/.m2/repository/javax/annotation/jsr250-api/1.0/jsr250-api-1.0.jar:/home/spino/.m2/repository/javax/inject/javax.inject/1/javax.inject-1.jar:/home/spino/.m2/repository/com/google/guava/guava/10.0.1/guava-10.0.1.jar:/home/spino/.m2/repository/com/google/code/findbugs/jsr305/1.3.9/jsr305-1.3.9.jar:/home/spino/.m2/repository/org/sonatype/sisu/sisu-guice/3.1.0/sisu-guice-3.1.0-no_aop.jar:/home/spino/.m2/repository/aopalliance/aopalliance/1.0/aopalliance-1.0.jar:/home/spino/.m2/repository/org/eclipse/sisu/org.eclipse.sisu.inject/0.0.0.M5/org.eclipse.sisu.inject-0.0.0.M5.jar:/home/spino/.m2/repository/org/codehaus/plexus/plexus-component-annotations/1.5.5/plexus-component-annotations-1.5.5.jar:/home/spino/.m2/repository/org/codehaus/plexus/plexus-classworlds/2.4/plexus-classworlds-2.4.jar:/home/spino/.m2/repository/org/powerapi/jjoules/junit-jjoules/1.0-SNAPSHOT/junit-jjoules-1.0-SNAPSHOT.jar:/home/spino/.m2/repository/org/junit/jupiter/junit-jupiter-api/5.6.2/junit-jupiter-api-5.6.2.jar:/home/spino/.m2/repository/org/apiguardian/apiguardian-api/1.1.0/apiguardian-api-1.1.0.jar:/home/spino/.m2/repository/org/opentest4j/opentest4j/1.2.0/opentest4j-1.2.0.jar:/home/spino/.m2/repository/org/junit/platform/junit-platform-commons/1.6.2/junit-platform-commons-1.6.2.jar:/home/spino/.m2/repository/org/powerapi/jjoules/j-joules/1.0-SNAPSHOT/j-joules-1.0-SNAPSHOT.jar:/tmp/v2/gson//target/classes:/tmp/v2/gson//target/test-classes:/home/spino/.m2/repository/com/github/spoonlabs/flacoco/1.0.0/flacoco-1.0.0-jar-with-dependencies.jar, eu.stamp_project.testrunner.runner.JUnit4Runner, --class, com.google.gson.functional.TypeHierarchyAdapterTest, --tests, testTypeHierarchy]
[INFO] Test has been run: com.google.gson.functional.TypeHierarchyAdapterTest#testTypeHierarchy
[INFO] Reading json file from /tmp/v2/gson/target/jjoules-reports(/tmp/v2/gson/target/jjoules-reports/com.google.gson.functional.TypeHierarchyAdapterTest-testTypeHierarchy.json)
[INFO] /tmp/v1/gson
[INFO] Run: [java, -classpath, /home/spino/.m2/repository/junit/junit/4.13.2/junit-4.13.2.jar:/home/spino/.m2/repository/org/hamcrest/hamcrest-core/1.3/hamcrest-core-1.3.jar:/home/spino/.m2/repository/com/github/wvengen/proguard-maven-plugin/2.4.0/proguard-maven-plugin-2.4.0.jar:/home/spino/.m2/repository/org/apache/ant/ant/1.10.9/ant-1.10.9.jar:/home/spino/.m2/repository/org/apache/ant/ant-launcher/1.10.9/ant-launcher-1.10.9.jar:/home/spino/.m2/repository/org/apache/maven/maven-archiver/2.4/maven-archiver-2.4.jar:/home/spino/.m2/repository/org/apache/maven/maven-artifact/2.0/maven-artifact-2.0.jar:/home/spino/.m2/repository/org/apache/maven/maven-model/2.0/maven-model-2.0.jar:/home/spino/.m2/repository/org/apache/maven/maven-project/2.0/maven-project-2.0.jar:/home/spino/.m2/repository/org/apache/maven/maven-profile/2.0/maven-profile-2.0.jar:/home/spino/.m2/repository/org/apache/maven/maven-artifact-manager/2.0/maven-artifact-manager-2.0.jar:/home/spino/.m2/repository/org/apache/maven/maven-repository-metadata/2.0/maven-repository-metadata-2.0.jar:/home/spino/.m2/repository/org/apache/maven/wagon/wagon-provider-api/1.0-alpha-5/wagon-provider-api-1.0-alpha-5.jar:/home/spino/.m2/repository/org/codehaus/plexus/plexus-container-default/1.0-alpha-8/plexus-container-default-1.0-alpha-8.jar:/home/spino/.m2/repository/classworlds/classworlds/1.1-alpha-2/classworlds-1.1-alpha-2.jar:/home/spino/.m2/repository/org/codehaus/plexus/plexus-archiver/1.0-alpha-11/plexus-archiver-1.0-alpha-11.jar:/home/spino/.m2/repository/org/codehaus/plexus/plexus-component-api/1.0-alpha-15/plexus-component-api-1.0-alpha-15.jar:/home/spino/.m2/repository/org/codehaus/plexus/plexus-io/1.0-alpha-3/plexus-io-1.0-alpha-3.jar:/home/spino/.m2/repository/org/codehaus/plexus/plexus-utils/1.4.9/plexus-utils-1.4.9.jar:/home/spino/.m2/repository/org/codehaus/plexus/plexus-interpolation/1.6/plexus-interpolation-1.6.jar:/home/spino/.m2/repository/commons-io/commons-io/2.7/commons-io-2.7.jar:/home/spino/.m2/repository/org/apache/maven/maven-plugin-api/3.1.1/maven-plugin-api-3.1.1.jar:/home/spino/.m2/repository/org/eclipse/sisu/org.eclipse.sisu.plexus/0.0.0.M5/org.eclipse.sisu.plexus-0.0.0.M5.jar:/home/spino/.m2/repository/javax/enterprise/cdi-api/1.0/cdi-api-1.0.jar:/home/spino/.m2/repository/javax/annotation/jsr250-api/1.0/jsr250-api-1.0.jar:/home/spino/.m2/repository/javax/inject/javax.inject/1/javax.inject-1.jar:/home/spino/.m2/repository/com/google/guava/guava/10.0.1/guava-10.0.1.jar:/home/spino/.m2/repository/com/google/code/findbugs/jsr305/1.3.9/jsr305-1.3.9.jar:/home/spino/.m2/repository/org/sonatype/sisu/sisu-guice/3.1.0/sisu-guice-3.1.0-no_aop.jar:/home/spino/.m2/repository/aopalliance/aopalliance/1.0/aopalliance-1.0.jar:/home/spino/.m2/repository/org/eclipse/sisu/org.eclipse.sisu.inject/0.0.0.M5/org.eclipse.sisu.inject-0.0.0.M5.jar:/home/spino/.m2/repository/org/codehaus/plexus/plexus-component-annotations/1.5.5/plexus-component-annotations-1.5.5.jar:/home/spino/.m2/repository/org/codehaus/plexus/plexus-classworlds/2.4/plexus-classworlds-2.4.jar:/home/spino/.m2/repository/org/powerapi/jjoules/junit-jjoules/1.0-SNAPSHOT/junit-jjoules-1.0-SNAPSHOT.jar:/home/spino/.m2/repository/org/junit/jupiter/junit-jupiter-api/5.6.2/junit-jupiter-api-5.6.2.jar:/home/spino/.m2/repository/org/apiguardian/apiguardian-api/1.1.0/apiguardian-api-1.1.0.jar:/home/spino/.m2/repository/org/opentest4j/opentest4j/1.2.0/opentest4j-1.2.0.jar:/home/spino/.m2/repository/org/junit/platform/junit-platform-commons/1.6.2/junit-platform-commons-1.6.2.jar:/home/spino/.m2/repository/org/powerapi/jjoules/j-joules/1.0-SNAPSHOT/j-joules-1.0-SNAPSHOT.jar:/tmp/v1/gson/target/classes:/tmp/v1/gson/target/test-classes:/home/spino/.m2/repository/com/github/spoonlabs/flacoco/1.0.0/flacoco-1.0.0-jar-with-dependencies.jar, eu.stamp_project.testrunner.runner.JUnit4Runner, --class, com.google.gson.functional.TypeHierarchyAdapterTest, --tests, testTypeHierarchy]
[INFO] Test has been run: com.google.gson.functional.TypeHierarchyAdapterTest#testTypeHierarchy
[INFO] Reading json file from /tmp/v1/gson/target/jjoules-reports(/tmp/v1/gson/target/jjoules-reports/com.google.gson.functional.TypeHierarchyAdapterTest-testTypeHierarchy.json)
[INFO] /tmp/v2/gson
[INFO] Run: [java, -classpath, /home/spino/.m2/repository/junit/junit/4.13.2/junit-4.13.2.jar:/home/spino/.m2/repository/org/hamcrest/hamcrest-core/1.3/hamcrest-core-1.3.jar:/home/spino/.m2/repository/com/github/wvengen/proguard-maven-plugin/2.4.0/proguard-maven-plugin-2.4.0.jar:/home/spino/.m2/repository/org/apache/ant/ant/1.10.9/ant-1.10.9.jar:/home/spino/.m2/repository/org/apache/ant/ant-launcher/1.10.9/ant-launcher-1.10.9.jar:/home/spino/.m2/repository/org/apache/maven/maven-archiver/2.4/maven-archiver-2.4.jar:/home/spino/.m2/repository/org/apache/maven/maven-artifact/2.0/maven-artifact-2.0.jar:/home/spino/.m2/repository/org/apache/maven/maven-model/2.0/maven-model-2.0.jar:/home/spino/.m2/repository/org/apache/maven/maven-project/2.0/maven-project-2.0.jar:/home/spino/.m2/repository/org/apache/maven/maven-profile/2.0/maven-profile-2.0.jar:/home/spino/.m2/repository/org/apache/maven/maven-artifact-manager/2.0/maven-artifact-manager-2.0.jar:/home/spino/.m2/repository/org/apache/maven/maven-repository-metadata/2.0/maven-repository-metadata-2.0.jar:/home/spino/.m2/repository/org/apache/maven/wagon/wagon-provider-api/1.0-alpha-5/wagon-provider-api-1.0-alpha-5.jar:/home/spino/.m2/repository/org/codehaus/plexus/plexus-container-default/1.0-alpha-8/plexus-container-default-1.0-alpha-8.jar:/home/spino/.m2/repository/classworlds/classworlds/1.1-alpha-2/classworlds-1.1-alpha-2.jar:/home/spino/.m2/repository/org/codehaus/plexus/plexus-archiver/1.0-alpha-11/plexus-archiver-1.0-alpha-11.jar:/home/spino/.m2/repository/org/codehaus/plexus/plexus-component-api/1.0-alpha-15/plexus-component-api-1.0-alpha-15.jar:/home/spino/.m2/repository/org/codehaus/plexus/plexus-io/1.0-alpha-3/plexus-io-1.0-alpha-3.jar:/home/spino/.m2/repository/org/codehaus/plexus/plexus-utils/1.4.9/plexus-utils-1.4.9.jar:/home/spino/.m2/repository/org/codehaus/plexus/plexus-interpolation/1.6/plexus-interpolation-1.6.jar:/home/spino/.m2/repository/commons-io/commons-io/2.7/commons-io-2.7.jar:/home/spino/.m2/repository/org/apache/maven/maven-plugin-api/3.1.1/maven-plugin-api-3.1.1.jar:/home/spino/.m2/repository/org/eclipse/sisu/org.eclipse.sisu.plexus/0.0.0.M5/org.eclipse.sisu.plexus-0.0.0.M5.jar:/home/spino/.m2/repository/javax/enterprise/cdi-api/1.0/cdi-api-1.0.jar:/home/spino/.m2/repository/javax/annotation/jsr250-api/1.0/jsr250-api-1.0.jar:/home/spino/.m2/repository/javax/inject/javax.inject/1/javax.inject-1.jar:/home/spino/.m2/repository/com/google/guava/guava/10.0.1/guava-10.0.1.jar:/home/spino/.m2/repository/com/google/code/findbugs/jsr305/1.3.9/jsr305-1.3.9.jar:/home/spino/.m2/repository/org/sonatype/sisu/sisu-guice/3.1.0/sisu-guice-3.1.0-no_aop.jar:/home/spino/.m2/repository/aopalliance/aopalliance/1.0/aopalliance-1.0.jar:/home/spino/.m2/repository/org/eclipse/sisu/org.eclipse.sisu.inject/0.0.0.M5/org.eclipse.sisu.inject-0.0.0.M5.jar:/home/spino/.m2/repository/org/codehaus/plexus/plexus-component-annotations/1.5.5/plexus-component-annotations-1.5.5.jar:/home/spino/.m2/repository/org/codehaus/plexus/plexus-classworlds/2.4/plexus-classworlds-2.4.jar:/home/spino/.m2/repository/org/powerapi/jjoules/junit-jjoules/1.0-SNAPSHOT/junit-jjoules-1.0-SNAPSHOT.jar:/home/spino/.m2/repository/org/junit/jupiter/junit-jupiter-api/5.6.2/junit-jupiter-api-5.6.2.jar:/home/spino/.m2/repository/org/apiguardian/apiguardian-api/1.1.0/apiguardian-api-1.1.0.jar:/home/spino/.m2/repository/org/opentest4j/opentest4j/1.2.0/opentest4j-1.2.0.jar:/home/spino/.m2/repository/org/junit/platform/junit-platform-commons/1.6.2/junit-platform-commons-1.6.2.jar:/home/spino/.m2/repository/org/powerapi/jjoules/j-joules/1.0-SNAPSHOT/j-joules-1.0-SNAPSHOT.jar:/tmp/v2/gson//target/classes:/tmp/v2/gson//target/test-classes:/home/spino/.m2/repository/com/github/spoonlabs/flacoco/1.0.0/flacoco-1.0.0-jar-with-dependencies.jar, eu.stamp_project.testrunner.runner.JUnit4Runner, --class, com.google.gson.functional.TypeHierarchyAdapterTest, --tests, testTypeHierarchy]
[INFO] Test has been run: com.google.gson.functional.TypeHierarchyAdapterTest#testTypeHierarchy
[INFO] Reading json file from /tmp/v2/gson/target/jjoules-reports(/tmp/v2/gson/target/jjoules-reports/com.google.gson.functional.TypeHierarchyAdapterTest-testTypeHierarchy.json)
[INFO] /tmp/v1/gson
[INFO] Run: [java, -classpath, /home/spino/.m2/repository/junit/junit/4.13.2/junit-4.13.2.jar:/home/spino/.m2/repository/org/hamcrest/hamcrest-core/1.3/hamcrest-core-1.3.jar:/home/spino/.m2/repository/com/github/wvengen/proguard-maven-plugin/2.4.0/proguard-maven-plugin-2.4.0.jar:/home/spino/.m2/repository/org/apache/ant/ant/1.10.9/ant-1.10.9.jar:/home/spino/.m2/repository/org/apache/ant/ant-launcher/1.10.9/ant-launcher-1.10.9.jar:/home/spino/.m2/repository/org/apache/maven/maven-archiver/2.4/maven-archiver-2.4.jar:/home/spino/.m2/repository/org/apache/maven/maven-artifact/2.0/maven-artifact-2.0.jar:/home/spino/.m2/repository/org/apache/maven/maven-model/2.0/maven-model-2.0.jar:/home/spino/.m2/repository/org/apache/maven/maven-project/2.0/maven-project-2.0.jar:/home/spino/.m2/repository/org/apache/maven/maven-profile/2.0/maven-profile-2.0.jar:/home/spino/.m2/repository/org/apache/maven/maven-artifact-manager/2.0/maven-artifact-manager-2.0.jar:/home/spino/.m2/repository/org/apache/maven/maven-repository-metadata/2.0/maven-repository-metadata-2.0.jar:/home/spino/.m2/repository/org/apache/maven/wagon/wagon-provider-api/1.0-alpha-5/wagon-provider-api-1.0-alpha-5.jar:/home/spino/.m2/repository/org/codehaus/plexus/plexus-container-default/1.0-alpha-8/plexus-container-default-1.0-alpha-8.jar:/home/spino/.m2/repository/classworlds/classworlds/1.1-alpha-2/classworlds-1.1-alpha-2.jar:/home/spino/.m2/repository/org/codehaus/plexus/plexus-archiver/1.0-alpha-11/plexus-archiver-1.0-alpha-11.jar:/home/spino/.m2/repository/org/codehaus/plexus/plexus-component-api/1.0-alpha-15/plexus-component-api-1.0-alpha-15.jar:/home/spino/.m2/repository/org/codehaus/plexus/plexus-io/1.0-alpha-3/plexus-io-1.0-alpha-3.jar:/home/spino/.m2/repository/org/codehaus/plexus/plexus-utils/1.4.9/plexus-utils-1.4.9.jar:/home/spino/.m2/repository/org/codehaus/plexus/plexus-interpolation/1.6/plexus-interpolation-1.6.jar:/home/spino/.m2/repository/commons-io/commons-io/2.7/commons-io-2.7.jar:/home/spino/.m2/repository/org/apache/maven/maven-plugin-api/3.1.1/maven-plugin-api-3.1.1.jar:/home/spino/.m2/repository/org/eclipse/sisu/org.eclipse.sisu.plexus/0.0.0.M5/org.eclipse.sisu.plexus-0.0.0.M5.jar:/home/spino/.m2/repository/javax/enterprise/cdi-api/1.0/cdi-api-1.0.jar:/home/spino/.m2/repository/javax/annotation/jsr250-api/1.0/jsr250-api-1.0.jar:/home/spino/.m2/repository/javax/inject/javax.inject/1/javax.inject-1.jar:/home/spino/.m2/repository/com/google/guava/guava/10.0.1/guava-10.0.1.jar:/home/spino/.m2/repository/com/google/code/findbugs/jsr305/1.3.9/jsr305-1.3.9.jar:/home/spino/.m2/repository/org/sonatype/sisu/sisu-guice/3.1.0/sisu-guice-3.1.0-no_aop.jar:/home/spino/.m2/repository/aopalliance/aopalliance/1.0/aopalliance-1.0.jar:/home/spino/.m2/repository/org/eclipse/sisu/org.eclipse.sisu.inject/0.0.0.M5/org.eclipse.sisu.inject-0.0.0.M5.jar:/home/spino/.m2/repository/org/codehaus/plexus/plexus-component-annotations/1.5.5/plexus-component-annotations-1.5.5.jar:/home/spino/.m2/repository/org/codehaus/plexus/plexus-classworlds/2.4/plexus-classworlds-2.4.jar:/home/spino/.m2/repository/org/powerapi/jjoules/junit-jjoules/1.0-SNAPSHOT/junit-jjoules-1.0-SNAPSHOT.jar:/home/spino/.m2/repository/org/junit/jupiter/junit-jupiter-api/5.6.2/junit-jupiter-api-5.6.2.jar:/home/spino/.m2/repository/org/apiguardian/apiguardian-api/1.1.0/apiguardian-api-1.1.0.jar:/home/spino/.m2/repository/org/opentest4j/opentest4j/1.2.0/opentest4j-1.2.0.jar:/home/spino/.m2/repository/org/junit/platform/junit-platform-commons/1.6.2/junit-platform-commons-1.6.2.jar:/home/spino/.m2/repository/org/powerapi/jjoules/j-joules/1.0-SNAPSHOT/j-joules-1.0-SNAPSHOT.jar:/tmp/v1/gson/target/classes:/tmp/v1/gson/target/test-classes:/home/spino/.m2/repository/com/github/spoonlabs/flacoco/1.0.0/flacoco-1.0.0-jar-with-dependencies.jar, eu.stamp_project.testrunner.runner.JUnit4Runner, --class, com.google.gson.functional.TypeHierarchyAdapterTest, --tests, testTypeHierarchy]
[INFO] Test has been run: com.google.gson.functional.TypeHierarchyAdapterTest#testTypeHierarchy
[INFO] Reading json file from /tmp/v1/gson/target/jjoules-reports(/tmp/v1/gson/target/jjoules-reports/com.google.gson.functional.TypeHierarchyAdapterTest-testTypeHierarchy.json)
[INFO] /tmp/v2/gson
[INFO] Run: [java, -classpath, /home/spino/.m2/repository/junit/junit/4.13.2/junit-4.13.2.jar:/home/spino/.m2/repository/org/hamcrest/hamcrest-core/1.3/hamcrest-core-1.3.jar:/home/spino/.m2/repository/com/github/wvengen/proguard-maven-plugin/2.4.0/proguard-maven-plugin-2.4.0.jar:/home/spino/.m2/repository/org/apache/ant/ant/1.10.9/ant-1.10.9.jar:/home/spino/.m2/repository/org/apache/ant/ant-launcher/1.10.9/ant-launcher-1.10.9.jar:/home/spino/.m2/repository/org/apache/maven/maven-archiver/2.4/maven-archiver-2.4.jar:/home/spino/.m2/repository/org/apache/maven/maven-artifact/2.0/maven-artifact-2.0.jar:/home/spino/.m2/repository/org/apache/maven/maven-model/2.0/maven-model-2.0.jar:/home/spino/.m2/repository/org/apache/maven/maven-project/2.0/maven-project-2.0.jar:/home/spino/.m2/repository/org/apache/maven/maven-profile/2.0/maven-profile-2.0.jar:/home/spino/.m2/repository/org/apache/maven/maven-artifact-manager/2.0/maven-artifact-manager-2.0.jar:/home/spino/.m2/repository/org/apache/maven/maven-repository-metadata/2.0/maven-repository-metadata-2.0.jar:/home/spino/.m2/repository/org/apache/maven/wagon/wagon-provider-api/1.0-alpha-5/wagon-provider-api-1.0-alpha-5.jar:/home/spino/.m2/repository/org/codehaus/plexus/plexus-container-default/1.0-alpha-8/plexus-container-default-1.0-alpha-8.jar:/home/spino/.m2/repository/classworlds/classworlds/1.1-alpha-2/classworlds-1.1-alpha-2.jar:/home/spino/.m2/repository/org/codehaus/plexus/plexus-archiver/1.0-alpha-11/plexus-archiver-1.0-alpha-11.jar:/home/spino/.m2/repository/org/codehaus/plexus/plexus-component-api/1.0-alpha-15/plexus-component-api-1.0-alpha-15.jar:/home/spino/.m2/repository/org/codehaus/plexus/plexus-io/1.0-alpha-3/plexus-io-1.0-alpha-3.jar:/home/spino/.m2/repository/org/codehaus/plexus/plexus-utils/1.4.9/plexus-utils-1.4.9.jar:/home/spino/.m2/repository/org/codehaus/plexus/plexus-interpolation/1.6/plexus-interpolation-1.6.jar:/home/spino/.m2/repository/commons-io/commons-io/2.7/commons-io-2.7.jar:/home/spino/.m2/repository/org/apache/maven/maven-plugin-api/3.1.1/maven-plugin-api-3.1.1.jar:/home/spino/.m2/repository/org/eclipse/sisu/org.eclipse.sisu.plexus/0.0.0.M5/org.eclipse.sisu.plexus-0.0.0.M5.jar:/home/spino/.m2/repository/javax/enterprise/cdi-api/1.0/cdi-api-1.0.jar:/home/spino/.m2/repository/javax/annotation/jsr250-api/1.0/jsr250-api-1.0.jar:/home/spino/.m2/repository/javax/inject/javax.inject/1/javax.inject-1.jar:/home/spino/.m2/repository/com/google/guava/guava/10.0.1/guava-10.0.1.jar:/home/spino/.m2/repository/com/google/code/findbugs/jsr305/1.3.9/jsr305-1.3.9.jar:/home/spino/.m2/repository/org/sonatype/sisu/sisu-guice/3.1.0/sisu-guice-3.1.0-no_aop.jar:/home/spino/.m2/repository/aopalliance/aopalliance/1.0/aopalliance-1.0.jar:/home/spino/.m2/repository/org/eclipse/sisu/org.eclipse.sisu.inject/0.0.0.M5/org.eclipse.sisu.inject-0.0.0.M5.jar:/home/spino/.m2/repository/org/codehaus/plexus/plexus-component-annotations/1.5.5/plexus-component-annotations-1.5.5.jar:/home/spino/.m2/repository/org/codehaus/plexus/plexus-classworlds/2.4/plexus-classworlds-2.4.jar:/home/spino/.m2/repository/org/powerapi/jjoules/junit-jjoules/1.0-SNAPSHOT/junit-jjoules-1.0-SNAPSHOT.jar:/home/spino/.m2/repository/org/junit/jupiter/junit-jupiter-api/5.6.2/junit-jupiter-api-5.6.2.jar:/home/spino/.m2/repository/org/apiguardian/apiguardian-api/1.1.0/apiguardian-api-1.1.0.jar:/home/spino/.m2/repository/org/opentest4j/opentest4j/1.2.0/opentest4j-1.2.0.jar:/home/spino/.m2/repository/org/junit/platform/junit-platform-commons/1.6.2/junit-platform-commons-1.6.2.jar:/home/spino/.m2/repository/org/powerapi/jjoules/j-joules/1.0-SNAPSHOT/j-joules-1.0-SNAPSHOT.jar:/tmp/v2/gson//target/classes:/tmp/v2/gson//target/test-classes:/home/spino/.m2/repository/com/github/spoonlabs/flacoco/1.0.0/flacoco-1.0.0-jar-with-dependencies.jar, eu.stamp_project.testrunner.runner.JUnit4Runner, --class, com.google.gson.functional.TypeHierarchyAdapterTest, --tests, testTypeHierarchy]
[INFO] Test has been run: com.google.gson.functional.TypeHierarchyAdapterTest#testTypeHierarchy
[INFO] Reading json file from /tmp/v2/gson/target/jjoules-reports(/tmp/v2/gson/target/jjoules-reports/com.google.gson.functional.TypeHierarchyAdapterTest-testTypeHierarchy.json)
[INFO] /tmp/v1/gson
[INFO] Run: [java, -classpath, /home/spino/.m2/repository/junit/junit/4.13.2/junit-4.13.2.jar:/home/spino/.m2/repository/org/hamcrest/hamcrest-core/1.3/hamcrest-core-1.3.jar:/home/spino/.m2/repository/com/github/wvengen/proguard-maven-plugin/2.4.0/proguard-maven-plugin-2.4.0.jar:/home/spino/.m2/repository/org/apache/ant/ant/1.10.9/ant-1.10.9.jar:/home/spino/.m2/repository/org/apache/ant/ant-launcher/1.10.9/ant-launcher-1.10.9.jar:/home/spino/.m2/repository/org/apache/maven/maven-archiver/2.4/maven-archiver-2.4.jar:/home/spino/.m2/repository/org/apache/maven/maven-artifact/2.0/maven-artifact-2.0.jar:/home/spino/.m2/repository/org/apache/maven/maven-model/2.0/maven-model-2.0.jar:/home/spino/.m2/repository/org/apache/maven/maven-project/2.0/maven-project-2.0.jar:/home/spino/.m2/repository/org/apache/maven/maven-profile/2.0/maven-profile-2.0.jar:/home/spino/.m2/repository/org/apache/maven/maven-artifact-manager/2.0/maven-artifact-manager-2.0.jar:/home/spino/.m2/repository/org/apache/maven/maven-repository-metadata/2.0/maven-repository-metadata-2.0.jar:/home/spino/.m2/repository/org/apache/maven/wagon/wagon-provider-api/1.0-alpha-5/wagon-provider-api-1.0-alpha-5.jar:/home/spino/.m2/repository/org/codehaus/plexus/plexus-container-default/1.0-alpha-8/plexus-container-default-1.0-alpha-8.jar:/home/spino/.m2/repository/classworlds/classworlds/1.1-alpha-2/classworlds-1.1-alpha-2.jar:/home/spino/.m2/repository/org/codehaus/plexus/plexus-archiver/1.0-alpha-11/plexus-archiver-1.0-alpha-11.jar:/home/spino/.m2/repository/org/codehaus/plexus/plexus-component-api/1.0-alpha-15/plexus-component-api-1.0-alpha-15.jar:/home/spino/.m2/repository/org/codehaus/plexus/plexus-io/1.0-alpha-3/plexus-io-1.0-alpha-3.jar:/home/spino/.m2/repository/org/codehaus/plexus/plexus-utils/1.4.9/plexus-utils-1.4.9.jar:/home/spino/.m2/repository/org/codehaus/plexus/plexus-interpolation/1.6/plexus-interpolation-1.6.jar:/home/spino/.m2/repository/commons-io/commons-io/2.7/commons-io-2.7.jar:/home/spino/.m2/repository/org/apache/maven/maven-plugin-api/3.1.1/maven-plugin-api-3.1.1.jar:/home/spino/.m2/repository/org/eclipse/sisu/org.eclipse.sisu.plexus/0.0.0.M5/org.eclipse.sisu.plexus-0.0.0.M5.jar:/home/spino/.m2/repository/javax/enterprise/cdi-api/1.0/cdi-api-1.0.jar:/home/spino/.m2/repository/javax/annotation/jsr250-api/1.0/jsr250-api-1.0.jar:/home/spino/.m2/repository/javax/inject/javax.inject/1/javax.inject-1.jar:/home/spino/.m2/repository/com/google/guava/guava/10.0.1/guava-10.0.1.jar:/home/spino/.m2/repository/com/google/code/findbugs/jsr305/1.3.9/jsr305-1.3.9.jar:/home/spino/.m2/repository/org/sonatype/sisu/sisu-guice/3.1.0/sisu-guice-3.1.0-no_aop.jar:/home/spino/.m2/repository/aopalliance/aopalliance/1.0/aopalliance-1.0.jar:/home/spino/.m2/repository/org/eclipse/sisu/org.eclipse.sisu.inject/0.0.0.M5/org.eclipse.sisu.inject-0.0.0.M5.jar:/home/spino/.m2/repository/org/codehaus/plexus/plexus-component-annotations/1.5.5/plexus-component-annotations-1.5.5.jar:/home/spino/.m2/repository/org/codehaus/plexus/plexus-classworlds/2.4/plexus-classworlds-2.4.jar:/home/spino/.m2/repository/org/powerapi/jjoules/junit-jjoules/1.0-SNAPSHOT/junit-jjoules-1.0-SNAPSHOT.jar:/home/spino/.m2/repository/org/junit/jupiter/junit-jupiter-api/5.6.2/junit-jupiter-api-5.6.2.jar:/home/spino/.m2/repository/org/apiguardian/apiguardian-api/1.1.0/apiguardian-api-1.1.0.jar:/home/spino/.m2/repository/org/opentest4j/opentest4j/1.2.0/opentest4j-1.2.0.jar:/home/spino/.m2/repository/org/junit/platform/junit-platform-commons/1.6.2/junit-platform-commons-1.6.2.jar:/home/spino/.m2/repository/org/powerapi/jjoules/j-joules/1.0-SNAPSHOT/j-joules-1.0-SNAPSHOT.jar:/tmp/v1/gson/target/classes:/tmp/v1/gson/target/test-classes:/home/spino/.m2/repository/com/github/spoonlabs/flacoco/1.0.0/flacoco-1.0.0-jar-with-dependencies.jar, eu.stamp_project.testrunner.runner.JUnit4Runner, --class, com.google.gson.functional.TypeHierarchyAdapterTest, --tests, testTypeHierarchy]
[INFO] Test has been run: com.google.gson.functional.TypeHierarchyAdapterTest#testTypeHierarchy
[INFO] Reading json file from /tmp/v1/gson/target/jjoules-reports(/tmp/v1/gson/target/jjoules-reports/com.google.gson.functional.TypeHierarchyAdapterTest-testTypeHierarchy.json)
[INFO] /tmp/v2/gson
[INFO] Run: [java, -classpath, /home/spino/.m2/repository/junit/junit/4.13.2/junit-4.13.2.jar:/home/spino/.m2/repository/org/hamcrest/hamcrest-core/1.3/hamcrest-core-1.3.jar:/home/spino/.m2/repository/com/github/wvengen/proguard-maven-plugin/2.4.0/proguard-maven-plugin-2.4.0.jar:/home/spino/.m2/repository/org/apache/ant/ant/1.10.9/ant-1.10.9.jar:/home/spino/.m2/repository/org/apache/ant/ant-launcher/1.10.9/ant-launcher-1.10.9.jar:/home/spino/.m2/repository/org/apache/maven/maven-archiver/2.4/maven-archiver-2.4.jar:/home/spino/.m2/repository/org/apache/maven/maven-artifact/2.0/maven-artifact-2.0.jar:/home/spino/.m2/repository/org/apache/maven/maven-model/2.0/maven-model-2.0.jar:/home/spino/.m2/repository/org/apache/maven/maven-project/2.0/maven-project-2.0.jar:/home/spino/.m2/repository/org/apache/maven/maven-profile/2.0/maven-profile-2.0.jar:/home/spino/.m2/repository/org/apache/maven/maven-artifact-manager/2.0/maven-artifact-manager-2.0.jar:/home/spino/.m2/repository/org/apache/maven/maven-repository-metadata/2.0/maven-repository-metadata-2.0.jar:/home/spino/.m2/repository/org/apache/maven/wagon/wagon-provider-api/1.0-alpha-5/wagon-provider-api-1.0-alpha-5.jar:/home/spino/.m2/repository/org/codehaus/plexus/plexus-container-default/1.0-alpha-8/plexus-container-default-1.0-alpha-8.jar:/home/spino/.m2/repository/classworlds/classworlds/1.1-alpha-2/classworlds-1.1-alpha-2.jar:/home/spino/.m2/repository/org/codehaus/plexus/plexus-archiver/1.0-alpha-11/plexus-archiver-1.0-alpha-11.jar:/home/spino/.m2/repository/org/codehaus/plexus/plexus-component-api/1.0-alpha-15/plexus-component-api-1.0-alpha-15.jar:/home/spino/.m2/repository/org/codehaus/plexus/plexus-io/1.0-alpha-3/plexus-io-1.0-alpha-3.jar:/home/spino/.m2/repository/org/codehaus/plexus/plexus-utils/1.4.9/plexus-utils-1.4.9.jar:/home/spino/.m2/repository/org/codehaus/plexus/plexus-interpolation/1.6/plexus-interpolation-1.6.jar:/home/spino/.m2/repository/commons-io/commons-io/2.7/commons-io-2.7.jar:/home/spino/.m2/repository/org/apache/maven/maven-plugin-api/3.1.1/maven-plugin-api-3.1.1.jar:/home/spino/.m2/repository/org/eclipse/sisu/org.eclipse.sisu.plexus/0.0.0.M5/org.eclipse.sisu.plexus-0.0.0.M5.jar:/home/spino/.m2/repository/javax/enterprise/cdi-api/1.0/cdi-api-1.0.jar:/home/spino/.m2/repository/javax/annotation/jsr250-api/1.0/jsr250-api-1.0.jar:/home/spino/.m2/repository/javax/inject/javax.inject/1/javax.inject-1.jar:/home/spino/.m2/repository/com/google/guava/guava/10.0.1/guava-10.0.1.jar:/home/spino/.m2/repository/com/google/code/findbugs/jsr305/1.3.9/jsr305-1.3.9.jar:/home/spino/.m2/repository/org/sonatype/sisu/sisu-guice/3.1.0/sisu-guice-3.1.0-no_aop.jar:/home/spino/.m2/repository/aopalliance/aopalliance/1.0/aopalliance-1.0.jar:/home/spino/.m2/repository/org/eclipse/sisu/org.eclipse.sisu.inject/0.0.0.M5/org.eclipse.sisu.inject-0.0.0.M5.jar:/home/spino/.m2/repository/org/codehaus/plexus/plexus-component-annotations/1.5.5/plexus-component-annotations-1.5.5.jar:/home/spino/.m2/repository/org/codehaus/plexus/plexus-classworlds/2.4/plexus-classworlds-2.4.jar:/home/spino/.m2/repository/org/powerapi/jjoules/junit-jjoules/1.0-SNAPSHOT/junit-jjoules-1.0-SNAPSHOT.jar:/home/spino/.m2/repository/org/junit/jupiter/junit-jupiter-api/5.6.2/junit-jupiter-api-5.6.2.jar:/home/spino/.m2/repository/org/apiguardian/apiguardian-api/1.1.0/apiguardian-api-1.1.0.jar:/home/spino/.m2/repository/org/opentest4j/opentest4j/1.2.0/opentest4j-1.2.0.jar:/home/spino/.m2/repository/org/junit/platform/junit-platform-commons/1.6.2/junit-platform-commons-1.6.2.jar:/home/spino/.m2/repository/org/powerapi/jjoules/j-joules/1.0-SNAPSHOT/j-joules-1.0-SNAPSHOT.jar:/tmp/v2/gson//target/classes:/tmp/v2/gson//target/test-classes:/home/spino/.m2/repository/com/github/spoonlabs/flacoco/1.0.0/flacoco-1.0.0-jar-with-dependencies.jar, eu.stamp_project.testrunner.runner.JUnit4Runner, --class, com.google.gson.functional.TypeHierarchyAdapterTest, --tests, testTypeHierarchy]
[INFO] Test has been run: com.google.gson.functional.TypeHierarchyAdapterTest#testTypeHierarchy
[INFO] Reading json file from /tmp/v2/gson/target/jjoules-reports(/tmp/v2/gson/target/jjoules-reports/com.google.gson.functional.TypeHierarchyAdapterTest-testTypeHierarchy.json)
[INFO] mvn -f /tmp/v1/gson clean test -DskipTests dependency:build-classpath --quiet -Dcobertura.skip=true -Dlicense.skip=true -Dfindbugs.skip=true -Danimal.sniffer.skip=true -Djacoco.skip=true -Dcheckstyle.skip=true -Dproguard.skip=true -Dmdep.outputFile=classpath -DskipITs=true -Drat.skip=true -Denforcer.skip=true -Dgpg.skip=true
[WARN] Maven will be executed in interactive mode, but no input stream has been configured for this MavenInvoker instance.
WARNING: An illegal reflective access operation has occurred
WARNING: Illegal reflective access by com.google.inject.internal.cglib.core.$ReflectUtils$1 (file:/usr/share/maven/lib/guice.jar) to method java.lang.ClassLoader.defineClass(java.lang.String,byte[],int,int,java.security.ProtectionDomain)
WARNING: Please consider reporting this to the maintainers of com.google.inject.internal.cglib.core.$ReflectUtils$1
WARNING: Use --illegal-access=warn to enable warnings of further illegal reflective access operations
WARNING: All illegal access operations will be denied in a future release
[INFO] mvn -f /tmp/v2/gson/ clean test -DskipTests dependency:build-classpath --quiet -Dcobertura.skip=true -Dlicense.skip=true -Dfindbugs.skip=true -Danimal.sniffer.skip=true -Djacoco.skip=true -Dcheckstyle.skip=true -Dproguard.skip=true -Dmdep.outputFile=classpath -DskipITs=true -Drat.skip=true -Denforcer.skip=true -Dgpg.skip=true
[WARN] Maven will be executed in interactive mode, but no input stream has been configured for this MavenInvoker instance.
WARNING: An illegal reflective access operation has occurred
WARNING: Illegal reflective access by com.google.inject.internal.cglib.core.$ReflectUtils$1 (file:/usr/share/maven/lib/guice.jar) to method java.lang.ClassLoader.defineClass(java.lang.String,byte[],int,int,java.security.ProtectionDomain)
WARNING: Please consider reporting this to the maintainers of com.google.inject.internal.cglib.core.$ReflectUtils$1
WARNING: Use --illegal-access=warn to enable warnings of further illegal reflective access operations
WARNING: All illegal access operations will be denied in a future release
[info] Run Mark - Configuration{pathToFirstVersion='/tmp/v1/gson', pathToSecondVersion='/tmp/v2/gson/', pathToTestListAsCSV='/tmp/v1/gson/testsThatExecuteTheChange.csv', junit4=true, iterations=5, output='/tmp/v1/gson/diff-jjoules', pathToJSONDelta='deltas.json', pathToJSONDataV1='data_v1.json', pathToJSONDataV2='data_v2.json', diff='diff -ru /tmp/v1/gson/src/main/java/com/google/gson/internal/bind/JsonTreeReader.java /tmp/v2/gson/src/main/java/com/google/gson/internal/bind/JsonTreeReader.java
--- /tmp/v1/gson/src/main/java/com/google/gson/internal/bind/JsonTreeReader.java	2021-09-24 14:01:31.985446068 +0200
+++ /tmp/v2/gson/src/main/java/com/google/gson/internal/bind/JsonTreeReader.java	2021-09-24 14:01:31.989446057 +0200
@@ -250,8 +250,14 @@
   }
 
   JsonElement nextJsonElement() throws IOException {
-    if (peek() == JsonToken.NAME) {
-      throw new IllegalStateException("Can't turn a name into a JsonElement");
+    final JsonToken peeked = peek();
+    if (
+      peeked == JsonToken.NAME
+      || peeked == JsonToken.END_ARRAY
+      || peeked == JsonToken.END_OBJECT
+      || peeked == JsonToken.END_DOCUMENT
+    ) {
+      throw new IllegalStateException("Unexpected " + peeked + " when reading a JsonElement.");
     }
     final JsonElement element = (JsonElement) peekStack();
     skipValue();
diff -ru /tmp/v1/gson/src/test/java/com/google/gson/internal/bind/JsonElementReaderTest.java /tmp/v2/gson/src/test/java/com/google/gson/internal/bind/JsonElementReaderTest.java
--- /tmp/v1/gson/src/test/java/com/google/gson/internal/bind/JsonElementReaderTest.java	2021-09-24 14:01:31.985446068 +0200
+++ /tmp/v2/gson/src/test/java/com/google/gson/internal/bind/JsonElementReaderTest.java	2021-09-24 13:30:29.009718868 +0200
@@ -18,6 +18,7 @@
 
 import com.google.gson.JsonElement;
 import com.google.gson.JsonParser;
+import com.google.gson.JsonPrimitive;
 import com.google.gson.stream.JsonToken;
 import java.io.IOException;
 import junit.framework.TestCase;
@@ -298,6 +299,41 @@
     reader.endArray();
   }
 
+  public void testNextJsonElement() throws IOException {
+    final JsonElement element = JsonParser.parseString("{\"A\": 1, \"B\" : {}, \"C\" : []}");
+    JsonTreeReader reader = new JsonTreeReader(element);
+    reader.beginObject();
+    try {
+      reader.nextJsonElement();
+      fail();
+    } catch (IllegalStateException expected) {
+    }
+    reader.nextName();
+    assertEquals(reader.nextJsonElement(), new JsonPrimitive(1));
+    reader.nextName();
+    reader.beginObject();
+    try {
+      reader.nextJsonElement();
+      fail();
+    } catch (IllegalStateException expected) {
+    }
+    reader.endObject();
+    reader.nextName();
+    reader.beginArray();
+    try {
+      reader.nextJsonElement();
+      fail();
+    } catch (IllegalStateException expected) {
+    }
+    reader.endArray();
+    reader.endObject();
+    try {
+      reader.nextJsonElement();
+      fail();
+    } catch (IllegalStateException expected) {
+    }
+  }
+
   public void testEarlyClose() throws IOException {
     JsonElement element = JsonParser.parseString("[1, 2, 3]");
     JsonTreeReader reader = new JsonTreeReader(element);
', pathToJSONDeltaOmega='deltaOmega.json', pathToRepositoryV1='/tmp/v1', pathToRepositoryV2='/tmp/v2', pathToJSONConsideredTestMethodNames='consideredTestMethods.json', pathToExecLinesAdditions='exec_additions.json', pathToExecLinesDeletions='exec_deletions.json', pathToJSONSuspiciousV1='suspicious_v1.json', pathToJSONSuspiciousV2='suspicious_v2.json', pathToReport='.github/workflows/template.md', classpathV1=[/home/spino/.m2/repository/junit/junit/4.13.2/junit-4.13.2.jar, /home/spino/.m2/repository/org/hamcrest/hamcrest-core/1.3/hamcrest-core-1.3.jar, /home/spino/.m2/repository/com/github/wvengen/proguard-maven-plugin/2.4.0/proguard-maven-plugin-2.4.0.jar, /home/spino/.m2/repository/org/apache/ant/ant/1.10.9/ant-1.10.9.jar, /home/spino/.m2/repository/org/apache/ant/ant-launcher/1.10.9/ant-launcher-1.10.9.jar, /home/spino/.m2/repository/org/apache/maven/maven-archiver/2.4/maven-archiver-2.4.jar, /home/spino/.m2/repository/org/apache/maven/maven-artifact/2.0/maven-artifact-2.0.jar, /home/spino/.m2/repository/org/apache/maven/maven-model/2.0/maven-model-2.0.jar, /home/spino/.m2/repository/org/apache/maven/maven-project/2.0/maven-project-2.0.jar, /home/spino/.m2/repository/org/apache/maven/maven-profile/2.0/maven-profile-2.0.jar, /home/spino/.m2/repository/org/apache/maven/maven-artifact-manager/2.0/maven-artifact-manager-2.0.jar, /home/spino/.m2/repository/org/apache/maven/maven-repository-metadata/2.0/maven-repository-metadata-2.0.jar, /home/spino/.m2/repository/org/apache/maven/wagon/wagon-provider-api/1.0-alpha-5/wagon-provider-api-1.0-alpha-5.jar, /home/spino/.m2/repository/org/codehaus/plexus/plexus-container-default/1.0-alpha-8/plexus-container-default-1.0-alpha-8.jar, /home/spino/.m2/repository/classworlds/classworlds/1.1-alpha-2/classworlds-1.1-alpha-2.jar, /home/spino/.m2/repository/org/codehaus/plexus/plexus-archiver/1.0-alpha-11/plexus-archiver-1.0-alpha-11.jar, /home/spino/.m2/repository/org/codehaus/plexus/plexus-component-api/1.0-alpha-15/plexus-component-api-1.0-alpha-15.jar, /home/spino/.m2/repository/org/codehaus/plexus/plexus-io/1.0-alpha-3/plexus-io-1.0-alpha-3.jar, /home/spino/.m2/repository/org/codehaus/plexus/plexus-utils/1.4.9/plexus-utils-1.4.9.jar, /home/spino/.m2/repository/org/codehaus/plexus/plexus-interpolation/1.6/plexus-interpolation-1.6.jar, /home/spino/.m2/repository/commons-io/commons-io/2.7/commons-io-2.7.jar, /home/spino/.m2/repository/org/apache/maven/maven-plugin-api/3.1.1/maven-plugin-api-3.1.1.jar, /home/spino/.m2/repository/org/eclipse/sisu/org.eclipse.sisu.plexus/0.0.0.M5/org.eclipse.sisu.plexus-0.0.0.M5.jar, /home/spino/.m2/repository/javax/enterprise/cdi-api/1.0/cdi-api-1.0.jar, /home/spino/.m2/repository/javax/annotation/jsr250-api/1.0/jsr250-api-1.0.jar, /home/spino/.m2/repository/javax/inject/javax.inject/1/javax.inject-1.jar, /home/spino/.m2/repository/com/google/guava/guava/10.0.1/guava-10.0.1.jar, /home/spino/.m2/repository/com/google/code/findbugs/jsr305/1.3.9/jsr305-1.3.9.jar, /home/spino/.m2/repository/org/sonatype/sisu/sisu-guice/3.1.0/sisu-guice-3.1.0-no_aop.jar, /home/spino/.m2/repository/aopalliance/aopalliance/1.0/aopalliance-1.0.jar, /home/spino/.m2/repository/org/eclipse/sisu/org.eclipse.sisu.inject/0.0.0.M5/org.eclipse.sisu.inject-0.0.0.M5.jar, /home/spino/.m2/repository/org/codehaus/plexus/plexus-component-annotations/1.5.5/plexus-component-annotations-1.5.5.jar, /home/spino/.m2/repository/org/codehaus/plexus/plexus-classworlds/2.4/plexus-classworlds-2.4.jar], classpathV2=[/home/spino/.m2/repository/junit/junit/4.13.2/junit-4.13.2.jar, /home/spino/.m2/repository/org/hamcrest/hamcrest-core/1.3/hamcrest-core-1.3.jar, /home/spino/.m2/repository/com/github/wvengen/proguard-maven-plugin/2.4.0/proguard-maven-plugin-2.4.0.jar, /home/spino/.m2/repository/org/apache/ant/ant/1.10.9/ant-1.10.9.jar, /home/spino/.m2/repository/org/apache/ant/ant-launcher/1.10.9/ant-launcher-1.10.9.jar, /home/spino/.m2/repository/org/apache/maven/maven-archiver/2.4/maven-archiver-2.4.jar, /home/spino/.m2/repository/org/apache/maven/maven-artifact/2.0/maven-artifact-2.0.jar, /home/spino/.m2/repository/org/apache/maven/maven-model/2.0/maven-model-2.0.jar, /home/spino/.m2/repository/org/apache/maven/maven-project/2.0/maven-project-2.0.jar, /home/spino/.m2/repository/org/apache/maven/maven-profile/2.0/maven-profile-2.0.jar, /home/spino/.m2/repository/org/apache/maven/maven-artifact-manager/2.0/maven-artifact-manager-2.0.jar, /home/spino/.m2/repository/org/apache/maven/maven-repository-metadata/2.0/maven-repository-metadata-2.0.jar, /home/spino/.m2/repository/org/apache/maven/wagon/wagon-provider-api/1.0-alpha-5/wagon-provider-api-1.0-alpha-5.jar, /home/spino/.m2/repository/org/codehaus/plexus/plexus-container-default/1.0-alpha-8/plexus-container-default-1.0-alpha-8.jar, /home/spino/.m2/repository/classworlds/classworlds/1.1-alpha-2/classworlds-1.1-alpha-2.jar, /home/spino/.m2/repository/org/codehaus/plexus/plexus-archiver/1.0-alpha-11/plexus-archiver-1.0-alpha-11.jar, /home/spino/.m2/repository/org/codehaus/plexus/plexus-component-api/1.0-alpha-15/plexus-component-api-1.0-alpha-15.jar, /home/spino/.m2/repository/org/codehaus/plexus/plexus-io/1.0-alpha-3/plexus-io-1.0-alpha-3.jar, /home/spino/.m2/repository/org/codehaus/plexus/plexus-utils/1.4.9/plexus-utils-1.4.9.jar, /home/spino/.m2/repository/org/codehaus/plexus/plexus-interpolation/1.6/plexus-interpolation-1.6.jar, /home/spino/.m2/repository/commons-io/commons-io/2.7/commons-io-2.7.jar, /home/spino/.m2/repository/org/apache/maven/maven-plugin-api/3.1.1/maven-plugin-api-3.1.1.jar, /home/spino/.m2/repository/org/eclipse/sisu/org.eclipse.sisu.plexus/0.0.0.M5/org.eclipse.sisu.plexus-0.0.0.M5.jar, /home/spino/.m2/repository/javax/enterprise/cdi-api/1.0/cdi-api-1.0.jar, /home/spino/.m2/repository/javax/annotation/jsr250-api/1.0/jsr250-api-1.0.jar, /home/spino/.m2/repository/javax/inject/javax.inject/1/javax.inject-1.jar, /home/spino/.m2/repository/com/google/guava/guava/10.0.1/guava-10.0.1.jar, /home/spino/.m2/repository/com/google/code/findbugs/jsr305/1.3.9/jsr305-1.3.9.jar, /home/spino/.m2/repository/org/sonatype/sisu/sisu-guice/3.1.0/sisu-guice-3.1.0-no_aop.jar, /home/spino/.m2/repository/aopalliance/aopalliance/1.0/aopalliance-1.0.jar, /home/spino/.m2/repository/org/eclipse/sisu/org.eclipse.sisu.inject/0.0.0.M5/org.eclipse.sisu.inject-0.0.0.M5.jar, /home/spino/.m2/repository/org/codehaus/plexus/plexus-component-annotations/1.5.5/plexus-component-annotations-1.5.5.jar, /home/spino/.m2/repository/org/codehaus/plexus/plexus-classworlds/2.4/plexus-classworlds-2.4.jar], classpathV1AsString='/home/spino/.m2/repository/junit/junit/4.13.2/junit-4.13.2.jar:/home/spino/.m2/repository/org/hamcrest/hamcrest-core/1.3/hamcrest-core-1.3.jar:/home/spino/.m2/repository/com/github/wvengen/proguard-maven-plugin/2.4.0/proguard-maven-plugin-2.4.0.jar:/home/spino/.m2/repository/org/apache/ant/ant/1.10.9/ant-1.10.9.jar:/home/spino/.m2/repository/org/apache/ant/ant-launcher/1.10.9/ant-launcher-1.10.9.jar:/home/spino/.m2/repository/org/apache/maven/maven-archiver/2.4/maven-archiver-2.4.jar:/home/spino/.m2/repository/org/apache/maven/maven-artifact/2.0/maven-artifact-2.0.jar:/home/spino/.m2/repository/org/apache/maven/maven-model/2.0/maven-model-2.0.jar:/home/spino/.m2/repository/org/apache/maven/maven-project/2.0/maven-project-2.0.jar:/home/spino/.m2/repository/org/apache/maven/maven-profile/2.0/maven-profile-2.0.jar:/home/spino/.m2/repository/org/apache/maven/maven-artifact-manager/2.0/maven-artifact-manager-2.0.jar:/home/spino/.m2/repository/org/apache/maven/maven-repository-metadata/2.0/maven-repository-metadata-2.0.jar:/home/spino/.m2/repository/org/apache/maven/wagon/wagon-provider-api/1.0-alpha-5/wagon-provider-api-1.0-alpha-5.jar:/home/spino/.m2/repository/org/codehaus/plexus/plexus-container-default/1.0-alpha-8/plexus-container-default-1.0-alpha-8.jar:/home/spino/.m2/repository/classworlds/classworlds/1.1-alpha-2/classworlds-1.1-alpha-2.jar:/home/spino/.m2/repository/org/codehaus/plexus/plexus-archiver/1.0-alpha-11/plexus-archiver-1.0-alpha-11.jar:/home/spino/.m2/repository/org/codehaus/plexus/plexus-component-api/1.0-alpha-15/plexus-component-api-1.0-alpha-15.jar:/home/spino/.m2/repository/org/codehaus/plexus/plexus-io/1.0-alpha-3/plexus-io-1.0-alpha-3.jar:/home/spino/.m2/repository/org/codehaus/plexus/plexus-utils/1.4.9/plexus-utils-1.4.9.jar:/home/spino/.m2/repository/org/codehaus/plexus/plexus-interpolation/1.6/plexus-interpolation-1.6.jar:/home/spino/.m2/repository/commons-io/commons-io/2.7/commons-io-2.7.jar:/home/spino/.m2/repository/org/apache/maven/maven-plugin-api/3.1.1/maven-plugin-api-3.1.1.jar:/home/spino/.m2/repository/org/eclipse/sisu/org.eclipse.sisu.plexus/0.0.0.M5/org.eclipse.sisu.plexus-0.0.0.M5.jar:/home/spino/.m2/repository/javax/enterprise/cdi-api/1.0/cdi-api-1.0.jar:/home/spino/.m2/repository/javax/annotation/jsr250-api/1.0/jsr250-api-1.0.jar:/home/spino/.m2/repository/javax/inject/javax.inject/1/javax.inject-1.jar:/home/spino/.m2/repository/com/google/guava/guava/10.0.1/guava-10.0.1.jar:/home/spino/.m2/repository/com/google/code/findbugs/jsr305/1.3.9/jsr305-1.3.9.jar:/home/spino/.m2/repository/org/sonatype/sisu/sisu-guice/3.1.0/sisu-guice-3.1.0-no_aop.jar:/home/spino/.m2/repository/aopalliance/aopalliance/1.0/aopalliance-1.0.jar:/home/spino/.m2/repository/org/eclipse/sisu/org.eclipse.sisu.inject/0.0.0.M5/org.eclipse.sisu.inject-0.0.0.M5.jar:/home/spino/.m2/repository/org/codehaus/plexus/plexus-component-annotations/1.5.5/plexus-component-annotations-1.5.5.jar:/home/spino/.m2/repository/org/codehaus/plexus/plexus-classworlds/2.4/plexus-classworlds-2.4.jar', classpathV2AsString='/home/spino/.m2/repository/junit/junit/4.13.2/junit-4.13.2.jar:/home/spino/.m2/repository/org/hamcrest/hamcrest-core/1.3/hamcrest-core-1.3.jar:/home/spino/.m2/repository/com/github/wvengen/proguard-maven-plugin/2.4.0/proguard-maven-plugin-2.4.0.jar:/home/spino/.m2/repository/org/apache/ant/ant/1.10.9/ant-1.10.9.jar:/home/spino/.m2/repository/org/apache/ant/ant-launcher/1.10.9/ant-launcher-1.10.9.jar:/home/spino/.m2/repository/org/apache/maven/maven-archiver/2.4/maven-archiver-2.4.jar:/home/spino/.m2/repository/org/apache/maven/maven-artifact/2.0/maven-artifact-2.0.jar:/home/spino/.m2/repository/org/apache/maven/maven-model/2.0/maven-model-2.0.jar:/home/spino/.m2/repository/org/apache/maven/maven-project/2.0/maven-project-2.0.jar:/home/spino/.m2/repository/org/apache/maven/maven-profile/2.0/maven-profile-2.0.jar:/home/spino/.m2/repository/org/apache/maven/maven-artifact-manager/2.0/maven-artifact-manager-2.0.jar:/home/spino/.m2/repository/org/apache/maven/maven-repository-metadata/2.0/maven-repository-metadata-2.0.jar:/home/spino/.m2/repository/org/apache/maven/wagon/wagon-provider-api/1.0-alpha-5/wagon-provider-api-1.0-alpha-5.jar:/home/spino/.m2/repository/org/codehaus/plexus/plexus-container-default/1.0-alpha-8/plexus-container-default-1.0-alpha-8.jar:/home/spino/.m2/repository/classworlds/classworlds/1.1-alpha-2/classworlds-1.1-alpha-2.jar:/home/spino/.m2/repository/org/codehaus/plexus/plexus-archiver/1.0-alpha-11/plexus-archiver-1.0-alpha-11.jar:/home/spino/.m2/repository/org/codehaus/plexus/plexus-component-api/1.0-alpha-15/plexus-component-api-1.0-alpha-15.jar:/home/spino/.m2/repository/org/codehaus/plexus/plexus-io/1.0-alpha-3/plexus-io-1.0-alpha-3.jar:/home/spino/.m2/repository/org/codehaus/plexus/plexus-utils/1.4.9/plexus-utils-1.4.9.jar:/home/spino/.m2/repository/org/codehaus/plexus/plexus-interpolation/1.6/plexus-interpolation-1.6.jar:/home/spino/.m2/repository/commons-io/commons-io/2.7/commons-io-2.7.jar:/home/spino/.m2/repository/org/apache/maven/maven-plugin-api/3.1.1/maven-plugin-api-3.1.1.jar:/home/spino/.m2/repository/org/eclipse/sisu/org.eclipse.sisu.plexus/0.0.0.M5/org.eclipse.sisu.plexus-0.0.0.M5.jar:/home/spino/.m2/repository/javax/enterprise/cdi-api/1.0/cdi-api-1.0.jar:/home/spino/.m2/repository/javax/annotation/jsr250-api/1.0/jsr250-api-1.0.jar:/home/spino/.m2/repository/javax/inject/javax.inject/1/javax.inject-1.jar:/home/spino/.m2/repository/com/google/guava/guava/10.0.1/guava-10.0.1.jar:/home/spino/.m2/repository/com/google/code/findbugs/jsr305/1.3.9/jsr305-1.3.9.jar:/home/spino/.m2/repository/org/sonatype/sisu/sisu-guice/3.1.0/sisu-guice-3.1.0-no_aop.jar:/home/spino/.m2/repository/aopalliance/aopalliance/1.0/aopalliance-1.0.jar:/home/spino/.m2/repository/org/eclipse/sisu/org.eclipse.sisu.inject/0.0.0.M5/org.eclipse.sisu.inject-0.0.0.M5.jar:/home/spino/.m2/repository/org/codehaus/plexus/plexus-component-annotations/1.5.5/plexus-component-annotations-1.5.5.jar:/home/spino/.m2/repository/org/codehaus/plexus/plexus-classworlds/2.4/plexus-classworlds-2.4.jar', testsList={com.google.gson.functional.TypeHierarchyAdapterTest=[testTypeHierarchy]}, dataV1={com.google.gson.functional.TypeHierarchyAdapterTest#testTypeHierarchy=[Data{energy=3032768.0, instructions=1.12235228E8, durations=1.48986013E8, cycles=1.27309801E8, caches=3558088.0, cacheMisses=45768.0, branches=2.2213412E7, branchMisses=1273871.0}, Data{energy=2920647.0, instructions=1.10934821E8, durations=1.44013037E8, cycles=1.27388377E8, caches=3627616.0, cacheMisses=38946.0, branches=2.1981082E7, branchMisses=1286357.0}, Data{energy=2842888.0, instructions=1.1179268E8, durations=1.39805135E8, cycles=1.26772034E8, caches=3616174.0, cacheMisses=38091.0, branches=2.2133512E7, branchMisses=1270790.0}, Data{energy=2760002.0, instructions=1.1144499E8, durations=1.36310869E8, cycles=1.27016968E8, caches=3633498.0, cacheMisses=38409.0, branches=2.2049005E7, branchMisses=1265007.0}, Data{energy=2883477.0, instructions=1.11898364E8, durations=1.47226676E8, cycles=1.28100866E8, caches=3657976.0, cacheMisses=38616.0, branches=2.216546E7, branchMisses=1302190.0}]}, dataV2={com.google.gson.functional.TypeHierarchyAdapterTest#testTypeHierarchy=[Data{energy=2781426.0, instructions=1.11846025E8, durations=1.37909045E8, cycles=1.28002975E8, caches=3636738.0, cacheMisses=38887.0, branches=2.2172606E7, branchMisses=1278502.0}, Data{energy=2925896.0, instructions=1.11384815E8, durations=1.44049011E8, cycles=1.27578926E8, caches=3681262.0, cacheMisses=39530.0, branches=2.2079786E7, branchMisses=1270991.0}, Data{energy=2843926.0, instructions=1.11506731E8, durations=1.40105149E8, cycles=1.26846419E8, caches=3614444.0, cacheMisses=37455.0, branches=2.2069687E7, branchMisses=1270842.0}, Data{energy=2812981.0, instructions=1.11671658E8, durations=1.40139721E8, cycles=1.26965538E8, caches=3588974.0, cacheMisses=37425.0, branches=2.2138855E7, branchMisses=1272783.0}, Data{energy=2885125.0, instructions=1.1134438E8, durations=1.42660557E8, cycles=1.26737383E8, caches=3591137.0, cacheMisses=41831.0, branches=2.208631E7, branchMisses=1276276.0}]}, deltas={com.google.gson.functional.TypeHierarchyAdapterTest#testTypeHierarchy=Data{energy=-39551.0, instructions=-285949.0, durations=-3873316.0, cycles=-344263.0, caches=-13172.0, cacheMisses=271.0, branches=-47202.0, branchMisses=-1088.0}}, consideredTestsNames={}, execLinesAdditions=null, execLinesDeletions=null, deltaOmega=null, scorePerLineV1=null, scorePerLineV2=null, ownConsumptionReports={selection={instructions=2206030, package-0/dram|uJ=154598238, package-0|uJ=2199845137, cycles=3885358, duration|ns=106797976028, branches=410151, dram|mW=1447, cache-misses=19183, device|mW=22045, package|uJ=2199845137, branch-misses=30552, package-0/dram|mW=1447, dram|uJ=154598238, cache-reference=102070, device|uJ=2354443375, package-0|mW=20598, package|mW=20598}, instrumentation={instructions=15639487838, package-0/dram|uJ=19093604, package-0|uJ=282076183, cycles=12601302110, duration|ns=13734659900, branches=2850880055, dram|mW=1390, cache-misses=13036506, device|mW=21927, package|uJ=282076183, branch-misses=81818777, package-0/dram|mW=1390, dram|uJ=19093604, cache-reference=266201681, device|uJ=301169787, package-0|mW=20537, package|mW=20537}, delta={instructions=89636673, package-0/dram|uJ=6438270, package-0|uJ=105261816, cycles=117009620, duration|ns=5193494887, branches=17385640, dram|mW=1239, cache-misses=374892, device|mW=21507, package|uJ=105261816, branch-misses=971958, package-0/dram|mW=1239, dram|uJ=6438270, cache-reference=2917709, device|uJ=111700086, package-0|mW=20268, package|mW=20268}}, reportEnum=NONE}
[INFO] /tmp/v1/gson/src/main/java/com/google/gson/internal/bind/JsonTreeReader.java
[INFO] /tmp/v2/gson/src/main/java/com/google/gson/internal/bind/JsonTreeReader.java
{com.google.gson.internal.bind.JsonTreeReader=[254]}
{com.google.gson.internal.bind.JsonTreeReader=[253, 253, 254, 255, 260]}
[INFO] /tmp/v1/gson/src/test/java/com/google/gson/internal/bind/JsonElementReaderTest.java
[INFO] /tmp/v2/gson/src/test/java/com/google/gson/internal/bind/JsonElementReaderTest.java
[INFO] Build modified Tests /tmp/v2/gson/src/test/java/com/google/gson/internal/bind/JsonElementReaderTest.java
[info] DeltaOmega Data{energy=0.0, instructions=0.0, durations=0.0, cycles=0.0, caches=0.0, cacheMisses=0.0, branches=0.0, branchMisses=0.0}
java.lang.NullPointerException
	at org.powerapi.jjoules.EnergySample.buildReport(EnergySample.java:103)
	at org.powerapi.jjoules.EnergySample.stop(EnergySample.java:135)
	at fr.davidson.diff.jjoules.DiffJJoulesMojo.stopMonitoring(DiffJJoulesMojo.java:246)
	at fr.davidson.diff.jjoules.DiffJJoulesMojo.stopMonitoring(DiffJJoulesMojo.java:242)
	at fr.davidson.diff.jjoules.DiffJJoulesMojo.end(DiffJJoulesMojo.java:363)
	at fr.davidson.diff.jjoules.DiffJJoulesMojo.end(DiffJJoulesMojo.java:359)
	at fr.davidson.diff.jjoules.DiffJJoulesMojo.commitMarking(DiffJJoulesMojo.java:313)
	at fr.davidson.diff.jjoules.DiffJJoulesMojo._run(DiffJJoulesMojo.java:263)
	at fr.davidson.diff.jjoules.DiffJJoulesMojo.execute(DiffJJoulesMojo.java:224)
	at org.apache.maven.plugin.DefaultBuildPluginManager.executeMojo(DefaultBuildPluginManager.java:137)
	at org.apache.maven.lifecycle.internal.MojoExecutor.execute(MojoExecutor.java:210)
	at org.apache.maven.lifecycle.internal.MojoExecutor.execute(MojoExecutor.java:156)
	at org.apache.maven.lifecycle.internal.MojoExecutor.execute(MojoExecutor.java:148)
	at org.apache.maven.lifecycle.internal.LifecycleModuleBuilder.buildProject(LifecycleModuleBuilder.java:117)
	at org.apache.maven.lifecycle.internal.LifecycleModuleBuilder.buildProject(LifecycleModuleBuilder.java:81)
	at org.apache.maven.lifecycle.internal.builder.singlethreaded.SingleThreadedBuilder.build(SingleThreadedBuilder.java:56)
	at org.apache.maven.lifecycle.internal.LifecycleStarter.execute(LifecycleStarter.java:128)
	at org.apache.maven.DefaultMaven.doExecute(DefaultMaven.java:305)
	at org.apache.maven.DefaultMaven.doExecute(DefaultMaven.java:192)
	at org.apache.maven.DefaultMaven.execute(DefaultMaven.java:105)
	at org.apache.maven.cli.MavenCli.execute(MavenCli.java:956)
	at org.apache.maven.cli.MavenCli.doMain(MavenCli.java:288)
	at org.apache.maven.cli.MavenCli.main(MavenCli.java:192)
	at java.base/jdk.internal.reflect.NativeMethodAccessorImpl.invoke0(Native Method)
	at java.base/jdk.internal.reflect.NativeMethodAccessorImpl.invoke(NativeMethodAccessorImpl.java:62)
	at java.base/jdk.internal.reflect.DelegatingMethodAccessorImpl.invoke(DelegatingMethodAccessorImpl.java:43)
	at java.base/java.lang.reflect.Method.invoke(Method.java:566)
	at org.codehaus.plexus.classworlds.launcher.Launcher.launchEnhanced(Launcher.java:289)
	at org.codehaus.plexus.classworlds.launcher.Launcher.launch(Launcher.java:229)
	at org.codehaus.plexus.classworlds.launcher.Launcher.mainWithExitCode(Launcher.java:415)
	at org.codehaus.plexus.classworlds.launcher.Launcher.main(Launcher.java:356)
[INFO] ------------------------------------------------------------------------
[INFO] BUILD SUCCESS
[INFO] ------------------------------------------------------------------------
[INFO] Total time:  04:43 min
[INFO] Finished at: 2021-09-24T14:06:57+02:00
[INFO] ------------------------------------------------------------------------
